[2024-11-10T03:09:38.342+0000] {processor.py:161} INFO - Started process (PID=593) to work on /opt/airflow/dags/check_empty_table.py
[2024-11-10T03:09:38.344+0000] {processor.py:830} INFO - Processing file /opt/airflow/dags/check_empty_table.py for tasks to queue
[2024-11-10T03:09:38.346+0000] {logging_mixin.py:188} INFO - [2024-11-10T03:09:38.346+0000] {dagbag.py:545} INFO - Filling up the DagBag from /opt/airflow/dags/check_empty_table.py
[2024-11-10T03:09:38.430+0000] {processor.py:840} INFO - DAG(s) 'check_empty_table' retrieved from /opt/airflow/dags/check_empty_table.py
[2024-11-10T03:09:38.526+0000] {logging_mixin.py:188} INFO - [2024-11-10T03:09:38.526+0000] {override.py:1858} INFO - Created Permission View: can read on DAG:check_empty_table
[2024-11-10T03:09:38.535+0000] {logging_mixin.py:188} INFO - [2024-11-10T03:09:38.535+0000] {override.py:1858} INFO - Created Permission View: can delete on DAG:check_empty_table
[2024-11-10T03:09:38.541+0000] {logging_mixin.py:188} INFO - [2024-11-10T03:09:38.541+0000] {override.py:1858} INFO - Created Permission View: can edit on DAG:check_empty_table
[2024-11-10T03:09:38.542+0000] {logging_mixin.py:188} INFO - [2024-11-10T03:09:38.542+0000] {dag.py:3089} INFO - Sync 1 DAGs
[2024-11-10T03:09:38.549+0000] {logging_mixin.py:188} INFO - [2024-11-10T03:09:38.549+0000] {dag.py:3111} INFO - Creating ORM DAG for check_empty_table
[2024-11-10T03:09:38.557+0000] {logging_mixin.py:188} INFO - [2024-11-10T03:09:38.557+0000] {dag.py:3947} INFO - Setting next_dagrun for check_empty_table to 2024-11-09 18:58:00+00:00, run_after=2024-11-09 18:59:00+00:00
[2024-11-10T03:09:38.578+0000] {processor.py:183} INFO - Processing /opt/airflow/dags/check_empty_table.py took 0.240 seconds
[2024-11-10T03:10:08.692+0000] {processor.py:161} INFO - Started process (PID=1002) to work on /opt/airflow/dags/check_empty_table.py
[2024-11-10T03:10:08.693+0000] {processor.py:830} INFO - Processing file /opt/airflow/dags/check_empty_table.py for tasks to queue
[2024-11-10T03:10:08.694+0000] {logging_mixin.py:188} INFO - [2024-11-10T03:10:08.694+0000] {dagbag.py:545} INFO - Filling up the DagBag from /opt/airflow/dags/check_empty_table.py
[2024-11-10T03:10:08.738+0000] {processor.py:840} INFO - DAG(s) 'check_empty_table' retrieved from /opt/airflow/dags/check_empty_table.py
[2024-11-10T03:10:08.766+0000] {logging_mixin.py:188} INFO - [2024-11-10T03:10:08.766+0000] {dag.py:3089} INFO - Sync 1 DAGs
[2024-11-10T03:10:08.785+0000] {logging_mixin.py:188} INFO - [2024-11-10T03:10:08.784+0000] {dag.py:3947} INFO - Setting next_dagrun for check_empty_table to 2024-11-09 18:58:00+00:00, run_after=2024-11-09 18:59:00+00:00
[2024-11-10T03:10:08.802+0000] {processor.py:183} INFO - Processing /opt/airflow/dags/check_empty_table.py took 0.116 seconds
[2024-11-10T03:10:40.138+0000] {processor.py:161} INFO - Started process (PID=1415) to work on /opt/airflow/dags/check_empty_table.py
[2024-11-10T03:10:40.139+0000] {processor.py:830} INFO - Processing file /opt/airflow/dags/check_empty_table.py for tasks to queue
[2024-11-10T03:10:40.141+0000] {logging_mixin.py:188} INFO - [2024-11-10T03:10:40.141+0000] {dagbag.py:545} INFO - Filling up the DagBag from /opt/airflow/dags/check_empty_table.py
[2024-11-10T03:10:40.183+0000] {processor.py:840} INFO - DAG(s) 'check_empty_table' retrieved from /opt/airflow/dags/check_empty_table.py
[2024-11-10T03:10:40.207+0000] {logging_mixin.py:188} INFO - [2024-11-10T03:10:40.207+0000] {dag.py:3089} INFO - Sync 1 DAGs
[2024-11-10T03:10:40.224+0000] {logging_mixin.py:188} INFO - [2024-11-10T03:10:40.224+0000] {dag.py:3947} INFO - Setting next_dagrun for check_empty_table to 2024-11-09 18:58:00+00:00, run_after=2024-11-09 18:59:00+00:00
[2024-11-10T03:10:40.252+0000] {processor.py:183} INFO - Processing /opt/airflow/dags/check_empty_table.py took 0.118 seconds
[2024-11-10T03:11:10.533+0000] {processor.py:161} INFO - Started process (PID=1826) to work on /opt/airflow/dags/check_empty_table.py
[2024-11-10T03:11:10.534+0000] {processor.py:830} INFO - Processing file /opt/airflow/dags/check_empty_table.py for tasks to queue
[2024-11-10T03:11:10.536+0000] {logging_mixin.py:188} INFO - [2024-11-10T03:11:10.536+0000] {dagbag.py:545} INFO - Filling up the DagBag from /opt/airflow/dags/check_empty_table.py
[2024-11-10T03:11:10.561+0000] {processor.py:840} INFO - DAG(s) 'check_empty_table' retrieved from /opt/airflow/dags/check_empty_table.py
[2024-11-10T03:11:10.587+0000] {logging_mixin.py:188} INFO - [2024-11-10T03:11:10.587+0000] {dag.py:3089} INFO - Sync 1 DAGs
[2024-11-10T03:11:10.607+0000] {logging_mixin.py:188} INFO - [2024-11-10T03:11:10.607+0000] {dag.py:3947} INFO - Setting next_dagrun for check_empty_table to 2024-11-09 18:58:00+00:00, run_after=2024-11-09 18:59:00+00:00
[2024-11-10T03:11:10.627+0000] {processor.py:183} INFO - Processing /opt/airflow/dags/check_empty_table.py took 0.099 seconds
[2024-11-10T03:11:41.128+0000] {processor.py:161} INFO - Started process (PID=2237) to work on /opt/airflow/dags/check_empty_table.py
[2024-11-10T03:11:41.129+0000] {processor.py:830} INFO - Processing file /opt/airflow/dags/check_empty_table.py for tasks to queue
[2024-11-10T03:11:41.131+0000] {logging_mixin.py:188} INFO - [2024-11-10T03:11:41.131+0000] {dagbag.py:545} INFO - Filling up the DagBag from /opt/airflow/dags/check_empty_table.py
[2024-11-10T03:11:41.152+0000] {processor.py:840} INFO - DAG(s) 'check_empty_table' retrieved from /opt/airflow/dags/check_empty_table.py
[2024-11-10T03:11:41.172+0000] {logging_mixin.py:188} INFO - [2024-11-10T03:11:41.171+0000] {dag.py:3089} INFO - Sync 1 DAGs
[2024-11-10T03:11:41.191+0000] {logging_mixin.py:188} INFO - [2024-11-10T03:11:41.191+0000] {dag.py:3947} INFO - Setting next_dagrun for check_empty_table to 2024-11-09 18:58:00+00:00, run_after=2024-11-09 18:59:00+00:00
[2024-11-10T03:11:41.215+0000] {processor.py:183} INFO - Processing /opt/airflow/dags/check_empty_table.py took 0.091 seconds
[2024-11-10T03:12:11.861+0000] {processor.py:161} INFO - Started process (PID=2648) to work on /opt/airflow/dags/check_empty_table.py
[2024-11-10T03:12:11.862+0000] {processor.py:830} INFO - Processing file /opt/airflow/dags/check_empty_table.py for tasks to queue
[2024-11-10T03:12:11.864+0000] {logging_mixin.py:188} INFO - [2024-11-10T03:12:11.864+0000] {dagbag.py:545} INFO - Filling up the DagBag from /opt/airflow/dags/check_empty_table.py
[2024-11-10T03:12:11.893+0000] {processor.py:840} INFO - DAG(s) 'check_empty_table' retrieved from /opt/airflow/dags/check_empty_table.py
[2024-11-10T03:12:11.915+0000] {logging_mixin.py:188} INFO - [2024-11-10T03:12:11.915+0000] {dag.py:3089} INFO - Sync 1 DAGs
[2024-11-10T03:12:11.932+0000] {logging_mixin.py:188} INFO - [2024-11-10T03:12:11.932+0000] {dag.py:3947} INFO - Setting next_dagrun for check_empty_table to 2024-11-09 18:58:00+00:00, run_after=2024-11-09 18:59:00+00:00
[2024-11-10T03:12:11.955+0000] {processor.py:183} INFO - Processing /opt/airflow/dags/check_empty_table.py took 0.099 seconds
[2024-11-10T03:12:42.336+0000] {processor.py:161} INFO - Started process (PID=3059) to work on /opt/airflow/dags/check_empty_table.py
[2024-11-10T03:12:42.338+0000] {processor.py:830} INFO - Processing file /opt/airflow/dags/check_empty_table.py for tasks to queue
[2024-11-10T03:12:42.340+0000] {logging_mixin.py:188} INFO - [2024-11-10T03:12:42.339+0000] {dagbag.py:545} INFO - Filling up the DagBag from /opt/airflow/dags/check_empty_table.py
[2024-11-10T03:12:42.369+0000] {processor.py:840} INFO - DAG(s) 'check_empty_table' retrieved from /opt/airflow/dags/check_empty_table.py
[2024-11-10T03:12:42.389+0000] {logging_mixin.py:188} INFO - [2024-11-10T03:12:42.388+0000] {dag.py:3089} INFO - Sync 1 DAGs
[2024-11-10T03:12:42.403+0000] {logging_mixin.py:188} INFO - [2024-11-10T03:12:42.403+0000] {dag.py:3947} INFO - Setting next_dagrun for check_empty_table to 2024-11-09 18:58:00+00:00, run_after=2024-11-09 18:59:00+00:00
[2024-11-10T03:12:42.429+0000] {processor.py:183} INFO - Processing /opt/airflow/dags/check_empty_table.py took 0.096 seconds
[2024-11-10T03:13:12.957+0000] {processor.py:161} INFO - Started process (PID=3468) to work on /opt/airflow/dags/check_empty_table.py
[2024-11-10T03:13:12.958+0000] {processor.py:830} INFO - Processing file /opt/airflow/dags/check_empty_table.py for tasks to queue
[2024-11-10T03:13:12.960+0000] {logging_mixin.py:188} INFO - [2024-11-10T03:13:12.960+0000] {dagbag.py:545} INFO - Filling up the DagBag from /opt/airflow/dags/check_empty_table.py
[2024-11-10T03:13:12.979+0000] {processor.py:840} INFO - DAG(s) 'check_empty_table' retrieved from /opt/airflow/dags/check_empty_table.py
[2024-11-10T03:13:12.998+0000] {logging_mixin.py:188} INFO - [2024-11-10T03:13:12.998+0000] {dag.py:3089} INFO - Sync 1 DAGs
[2024-11-10T03:13:13.018+0000] {logging_mixin.py:188} INFO - [2024-11-10T03:13:13.018+0000] {dag.py:3947} INFO - Setting next_dagrun for check_empty_table to 2024-11-09 18:58:00+00:00, run_after=2024-11-09 18:59:00+00:00
[2024-11-10T03:13:13.035+0000] {processor.py:183} INFO - Processing /opt/airflow/dags/check_empty_table.py took 0.082 seconds
[2024-11-10T03:13:43.580+0000] {processor.py:161} INFO - Started process (PID=3879) to work on /opt/airflow/dags/check_empty_table.py
[2024-11-10T03:13:43.581+0000] {processor.py:830} INFO - Processing file /opt/airflow/dags/check_empty_table.py for tasks to queue
[2024-11-10T03:13:43.583+0000] {logging_mixin.py:188} INFO - [2024-11-10T03:13:43.583+0000] {dagbag.py:545} INFO - Filling up the DagBag from /opt/airflow/dags/check_empty_table.py
[2024-11-10T03:13:43.604+0000] {processor.py:840} INFO - DAG(s) 'check_empty_table' retrieved from /opt/airflow/dags/check_empty_table.py
[2024-11-10T03:13:43.627+0000] {logging_mixin.py:188} INFO - [2024-11-10T03:13:43.627+0000] {dag.py:3089} INFO - Sync 1 DAGs
[2024-11-10T03:13:43.644+0000] {logging_mixin.py:188} INFO - [2024-11-10T03:13:43.643+0000] {dag.py:3947} INFO - Setting next_dagrun for check_empty_table to 2024-11-09 18:58:00+00:00, run_after=2024-11-09 18:59:00+00:00
[2024-11-10T03:13:43.657+0000] {processor.py:183} INFO - Processing /opt/airflow/dags/check_empty_table.py took 0.083 seconds
[2024-11-10T03:14:14.506+0000] {processor.py:161} INFO - Started process (PID=4290) to work on /opt/airflow/dags/check_empty_table.py
[2024-11-10T03:14:14.507+0000] {processor.py:830} INFO - Processing file /opt/airflow/dags/check_empty_table.py for tasks to queue
[2024-11-10T03:14:14.510+0000] {logging_mixin.py:188} INFO - [2024-11-10T03:14:14.509+0000] {dagbag.py:545} INFO - Filling up the DagBag from /opt/airflow/dags/check_empty_table.py
[2024-11-10T03:14:14.549+0000] {processor.py:840} INFO - DAG(s) 'check_empty_table' retrieved from /opt/airflow/dags/check_empty_table.py
[2024-11-10T03:14:14.575+0000] {logging_mixin.py:188} INFO - [2024-11-10T03:14:14.574+0000] {dag.py:3089} INFO - Sync 1 DAGs
[2024-11-10T03:14:14.606+0000] {logging_mixin.py:188} INFO - [2024-11-10T03:14:14.606+0000] {dag.py:3947} INFO - Setting next_dagrun for check_empty_table to 2024-11-09 18:58:00+00:00, run_after=2024-11-09 18:59:00+00:00
[2024-11-10T03:14:14.655+0000] {processor.py:183} INFO - Processing /opt/airflow/dags/check_empty_table.py took 0.155 seconds
