[2024-11-10T03:09:38.094+0000] {processor.py:161} INFO - Started process (PID=588) to work on /opt/airflow/dags/check_data_types.py
[2024-11-10T03:09:38.095+0000] {processor.py:830} INFO - Processing file /opt/airflow/dags/check_data_types.py for tasks to queue
[2024-11-10T03:09:38.097+0000] {logging_mixin.py:188} INFO - [2024-11-10T03:09:38.096+0000] {dagbag.py:545} INFO - Filling up the DagBag from /opt/airflow/dags/check_data_types.py
[2024-11-10T03:09:38.149+0000] {processor.py:840} INFO - DAG(s) 'check_data_types' retrieved from /opt/airflow/dags/check_data_types.py
[2024-11-10T03:09:38.229+0000] {logging_mixin.py:188} INFO - [2024-11-10T03:09:38.229+0000] {override.py:1858} INFO - Created Permission View: can read on DAG:check_data_types
[2024-11-10T03:09:38.239+0000] {logging_mixin.py:188} INFO - [2024-11-10T03:09:38.239+0000] {override.py:1858} INFO - Created Permission View: can delete on DAG:check_data_types
[2024-11-10T03:09:38.247+0000] {logging_mixin.py:188} INFO - [2024-11-10T03:09:38.247+0000] {override.py:1858} INFO - Created Permission View: can edit on DAG:check_data_types
[2024-11-10T03:09:38.248+0000] {logging_mixin.py:188} INFO - [2024-11-10T03:09:38.247+0000] {dag.py:3089} INFO - Sync 1 DAGs
[2024-11-10T03:09:38.256+0000] {logging_mixin.py:188} INFO - [2024-11-10T03:09:38.256+0000] {dag.py:3111} INFO - Creating ORM DAG for check_data_types
[2024-11-10T03:09:38.263+0000] {logging_mixin.py:188} INFO - [2024-11-10T03:09:38.263+0000] {dag.py:3947} INFO - Setting next_dagrun for check_data_types to 2024-11-09 18:58:00+00:00, run_after=2024-11-09 18:59:00+00:00
[2024-11-10T03:09:38.285+0000] {processor.py:183} INFO - Processing /opt/airflow/dags/check_data_types.py took 0.196 seconds
[2024-11-10T03:10:08.683+0000] {processor.py:161} INFO - Started process (PID=999) to work on /opt/airflow/dags/check_data_types.py
[2024-11-10T03:10:08.684+0000] {processor.py:830} INFO - Processing file /opt/airflow/dags/check_data_types.py for tasks to queue
[2024-11-10T03:10:08.686+0000] {logging_mixin.py:188} INFO - [2024-11-10T03:10:08.686+0000] {dagbag.py:545} INFO - Filling up the DagBag from /opt/airflow/dags/check_data_types.py
[2024-11-10T03:10:08.715+0000] {processor.py:840} INFO - DAG(s) 'check_data_types' retrieved from /opt/airflow/dags/check_data_types.py
[2024-11-10T03:10:08.749+0000] {logging_mixin.py:188} INFO - [2024-11-10T03:10:08.749+0000] {dag.py:3089} INFO - Sync 1 DAGs
[2024-11-10T03:10:08.769+0000] {logging_mixin.py:188} INFO - [2024-11-10T03:10:08.769+0000] {dag.py:3947} INFO - Setting next_dagrun for check_data_types to 2024-11-09 18:58:00+00:00, run_after=2024-11-09 18:59:00+00:00
[2024-11-10T03:10:08.790+0000] {processor.py:183} INFO - Processing /opt/airflow/dags/check_data_types.py took 0.112 seconds
[2024-11-10T03:10:39.945+0000] {processor.py:161} INFO - Started process (PID=1408) to work on /opt/airflow/dags/check_data_types.py
[2024-11-10T03:10:39.946+0000] {processor.py:830} INFO - Processing file /opt/airflow/dags/check_data_types.py for tasks to queue
[2024-11-10T03:10:39.949+0000] {logging_mixin.py:188} INFO - [2024-11-10T03:10:39.948+0000] {dagbag.py:545} INFO - Filling up the DagBag from /opt/airflow/dags/check_data_types.py
[2024-11-10T03:10:39.993+0000] {processor.py:840} INFO - DAG(s) 'check_data_types' retrieved from /opt/airflow/dags/check_data_types.py
[2024-11-10T03:10:40.012+0000] {logging_mixin.py:188} INFO - [2024-11-10T03:10:40.012+0000] {dag.py:3089} INFO - Sync 1 DAGs
[2024-11-10T03:10:40.032+0000] {logging_mixin.py:188} INFO - [2024-11-10T03:10:40.032+0000] {dag.py:3947} INFO - Setting next_dagrun for check_data_types to 2024-11-09 18:58:00+00:00, run_after=2024-11-09 18:59:00+00:00
[2024-11-10T03:10:40.062+0000] {processor.py:183} INFO - Processing /opt/airflow/dags/check_data_types.py took 0.121 seconds
[2024-11-10T03:11:10.408+0000] {processor.py:161} INFO - Started process (PID=1819) to work on /opt/airflow/dags/check_data_types.py
[2024-11-10T03:11:10.409+0000] {processor.py:830} INFO - Processing file /opt/airflow/dags/check_data_types.py for tasks to queue
[2024-11-10T03:11:10.411+0000] {logging_mixin.py:188} INFO - [2024-11-10T03:11:10.410+0000] {dagbag.py:545} INFO - Filling up the DagBag from /opt/airflow/dags/check_data_types.py
[2024-11-10T03:11:10.435+0000] {processor.py:840} INFO - DAG(s) 'check_data_types' retrieved from /opt/airflow/dags/check_data_types.py
[2024-11-10T03:11:10.455+0000] {logging_mixin.py:188} INFO - [2024-11-10T03:11:10.455+0000] {dag.py:3089} INFO - Sync 1 DAGs
[2024-11-10T03:11:10.473+0000] {logging_mixin.py:188} INFO - [2024-11-10T03:11:10.473+0000] {dag.py:3947} INFO - Setting next_dagrun for check_data_types to 2024-11-09 18:58:00+00:00, run_after=2024-11-09 18:59:00+00:00
[2024-11-10T03:11:10.491+0000] {processor.py:183} INFO - Processing /opt/airflow/dags/check_data_types.py took 0.089 seconds
[2024-11-10T03:11:41.009+0000] {processor.py:161} INFO - Started process (PID=2230) to work on /opt/airflow/dags/check_data_types.py
[2024-11-10T03:11:41.011+0000] {processor.py:830} INFO - Processing file /opt/airflow/dags/check_data_types.py for tasks to queue
[2024-11-10T03:11:41.013+0000] {logging_mixin.py:188} INFO - [2024-11-10T03:11:41.012+0000] {dagbag.py:545} INFO - Filling up the DagBag from /opt/airflow/dags/check_data_types.py
[2024-11-10T03:11:41.037+0000] {processor.py:840} INFO - DAG(s) 'check_data_types' retrieved from /opt/airflow/dags/check_data_types.py
[2024-11-10T03:11:41.052+0000] {logging_mixin.py:188} INFO - [2024-11-10T03:11:41.052+0000] {dag.py:3089} INFO - Sync 1 DAGs
[2024-11-10T03:11:41.070+0000] {logging_mixin.py:188} INFO - [2024-11-10T03:11:41.070+0000] {dag.py:3947} INFO - Setting next_dagrun for check_data_types to 2024-11-09 18:58:00+00:00, run_after=2024-11-09 18:59:00+00:00
[2024-11-10T03:11:41.088+0000] {processor.py:183} INFO - Processing /opt/airflow/dags/check_data_types.py took 0.085 seconds
[2024-11-10T03:12:11.711+0000] {processor.py:161} INFO - Started process (PID=2643) to work on /opt/airflow/dags/check_data_types.py
[2024-11-10T03:12:11.712+0000] {processor.py:830} INFO - Processing file /opt/airflow/dags/check_data_types.py for tasks to queue
[2024-11-10T03:12:11.714+0000] {logging_mixin.py:188} INFO - [2024-11-10T03:12:11.714+0000] {dagbag.py:545} INFO - Filling up the DagBag from /opt/airflow/dags/check_data_types.py
[2024-11-10T03:12:11.757+0000] {processor.py:840} INFO - DAG(s) 'check_data_types' retrieved from /opt/airflow/dags/check_data_types.py
[2024-11-10T03:12:11.775+0000] {logging_mixin.py:188} INFO - [2024-11-10T03:12:11.774+0000] {dag.py:3089} INFO - Sync 1 DAGs
[2024-11-10T03:12:11.792+0000] {logging_mixin.py:188} INFO - [2024-11-10T03:12:11.792+0000] {dag.py:3947} INFO - Setting next_dagrun for check_data_types to 2024-11-09 18:58:00+00:00, run_after=2024-11-09 18:59:00+00:00
[2024-11-10T03:12:11.812+0000] {processor.py:183} INFO - Processing /opt/airflow/dags/check_data_types.py took 0.105 seconds
[2024-11-10T03:12:42.213+0000] {processor.py:161} INFO - Started process (PID=3054) to work on /opt/airflow/dags/check_data_types.py
[2024-11-10T03:12:42.215+0000] {processor.py:830} INFO - Processing file /opt/airflow/dags/check_data_types.py for tasks to queue
[2024-11-10T03:12:42.216+0000] {logging_mixin.py:188} INFO - [2024-11-10T03:12:42.216+0000] {dagbag.py:545} INFO - Filling up the DagBag from /opt/airflow/dags/check_data_types.py
[2024-11-10T03:12:42.242+0000] {processor.py:840} INFO - DAG(s) 'check_data_types' retrieved from /opt/airflow/dags/check_data_types.py
[2024-11-10T03:12:42.258+0000] {logging_mixin.py:188} INFO - [2024-11-10T03:12:42.257+0000] {dag.py:3089} INFO - Sync 1 DAGs
[2024-11-10T03:12:42.273+0000] {logging_mixin.py:188} INFO - [2024-11-10T03:12:42.272+0000] {dag.py:3947} INFO - Setting next_dagrun for check_data_types to 2024-11-09 18:58:00+00:00, run_after=2024-11-09 18:59:00+00:00
[2024-11-10T03:12:42.289+0000] {processor.py:183} INFO - Processing /opt/airflow/dags/check_data_types.py took 0.079 seconds
[2024-11-10T03:13:12.951+0000] {processor.py:161} INFO - Started process (PID=3465) to work on /opt/airflow/dags/check_data_types.py
[2024-11-10T03:13:12.952+0000] {processor.py:830} INFO - Processing file /opt/airflow/dags/check_data_types.py for tasks to queue
[2024-11-10T03:13:12.954+0000] {logging_mixin.py:188} INFO - [2024-11-10T03:13:12.953+0000] {dagbag.py:545} INFO - Filling up the DagBag from /opt/airflow/dags/check_data_types.py
[2024-11-10T03:13:12.972+0000] {processor.py:840} INFO - DAG(s) 'check_data_types' retrieved from /opt/airflow/dags/check_data_types.py
[2024-11-10T03:13:12.990+0000] {logging_mixin.py:188} INFO - [2024-11-10T03:13:12.990+0000] {dag.py:3089} INFO - Sync 1 DAGs
[2024-11-10T03:13:13.007+0000] {logging_mixin.py:188} INFO - [2024-11-10T03:13:13.007+0000] {dag.py:3947} INFO - Setting next_dagrun for check_data_types to 2024-11-09 18:58:00+00:00, run_after=2024-11-09 18:59:00+00:00
[2024-11-10T03:13:13.024+0000] {processor.py:183} INFO - Processing /opt/airflow/dags/check_data_types.py took 0.077 seconds
[2024-11-10T03:13:43.572+0000] {processor.py:161} INFO - Started process (PID=3876) to work on /opt/airflow/dags/check_data_types.py
[2024-11-10T03:13:43.573+0000] {processor.py:830} INFO - Processing file /opt/airflow/dags/check_data_types.py for tasks to queue
[2024-11-10T03:13:43.575+0000] {logging_mixin.py:188} INFO - [2024-11-10T03:13:43.575+0000] {dagbag.py:545} INFO - Filling up the DagBag from /opt/airflow/dags/check_data_types.py
[2024-11-10T03:13:43.598+0000] {processor.py:840} INFO - DAG(s) 'check_data_types' retrieved from /opt/airflow/dags/check_data_types.py
[2024-11-10T03:13:43.619+0000] {logging_mixin.py:188} INFO - [2024-11-10T03:13:43.619+0000] {dag.py:3089} INFO - Sync 1 DAGs
[2024-11-10T03:13:43.640+0000] {logging_mixin.py:188} INFO - [2024-11-10T03:13:43.640+0000] {dag.py:3947} INFO - Setting next_dagrun for check_data_types to 2024-11-09 18:58:00+00:00, run_after=2024-11-09 18:59:00+00:00
[2024-11-10T03:13:43.654+0000] {processor.py:183} INFO - Processing /opt/airflow/dags/check_data_types.py took 0.088 seconds
[2024-11-10T03:14:14.490+0000] {processor.py:161} INFO - Started process (PID=4287) to work on /opt/airflow/dags/check_data_types.py
[2024-11-10T03:14:14.491+0000] {processor.py:830} INFO - Processing file /opt/airflow/dags/check_data_types.py for tasks to queue
[2024-11-10T03:14:14.493+0000] {logging_mixin.py:188} INFO - [2024-11-10T03:14:14.493+0000] {dagbag.py:545} INFO - Filling up the DagBag from /opt/airflow/dags/check_data_types.py
[2024-11-10T03:14:14.533+0000] {processor.py:840} INFO - DAG(s) 'check_data_types' retrieved from /opt/airflow/dags/check_data_types.py
[2024-11-10T03:14:14.553+0000] {logging_mixin.py:188} INFO - [2024-11-10T03:14:14.553+0000] {dag.py:3089} INFO - Sync 1 DAGs
[2024-11-10T03:14:14.582+0000] {logging_mixin.py:188} INFO - [2024-11-10T03:14:14.581+0000] {dag.py:3947} INFO - Setting next_dagrun for check_data_types to 2024-11-09 18:58:00+00:00, run_after=2024-11-09 18:59:00+00:00
[2024-11-10T03:14:14.655+0000] {processor.py:183} INFO - Processing /opt/airflow/dags/check_data_types.py took 0.171 seconds
