[2024-11-10T03:09:27.291+0000] {processor.py:161} INFO - Started process (PID=361) to work on /opt/airflow/dags/kai_logistik-silver-dashboard_investasi-ztb_dashb_ps0006.py
[2024-11-10T03:09:27.293+0000] {processor.py:830} INFO - Processing file /opt/airflow/dags/kai_logistik-silver-dashboard_investasi-ztb_dashb_ps0006.py for tasks to queue
[2024-11-10T03:09:27.295+0000] {logging_mixin.py:188} INFO - [2024-11-10T03:09:27.295+0000] {dagbag.py:545} INFO - Filling up the DagBag from /opt/airflow/dags/kai_logistik-silver-dashboard_investasi-ztb_dashb_ps0006.py
[2024-11-10T03:09:27.356+0000] {processor.py:840} INFO - DAG(s) 'dashboard_investasi-ztb_dashb_ps0006' retrieved from /opt/airflow/dags/kai_logistik-silver-dashboard_investasi-ztb_dashb_ps0006.py
[2024-11-10T03:09:27.501+0000] {logging_mixin.py:188} INFO - [2024-11-10T03:09:27.500+0000] {override.py:1858} INFO - Created Permission View: can read on DAG:dashboard_investasi-ztb_dashb_ps0006
[2024-11-10T03:09:27.516+0000] {logging_mixin.py:188} INFO - [2024-11-10T03:09:27.516+0000] {override.py:1858} INFO - Created Permission View: can delete on DAG:dashboard_investasi-ztb_dashb_ps0006
[2024-11-10T03:09:27.524+0000] {logging_mixin.py:188} INFO - [2024-11-10T03:09:27.524+0000] {override.py:1858} INFO - Created Permission View: can edit on DAG:dashboard_investasi-ztb_dashb_ps0006
[2024-11-10T03:09:27.525+0000] {logging_mixin.py:188} INFO - [2024-11-10T03:09:27.525+0000] {dag.py:3089} INFO - Sync 1 DAGs
[2024-11-10T03:09:27.535+0000] {logging_mixin.py:188} INFO - [2024-11-10T03:09:27.535+0000] {dag.py:3111} INFO - Creating ORM DAG for dashboard_investasi-ztb_dashb_ps0006
[2024-11-10T03:09:27.548+0000] {logging_mixin.py:188} INFO - [2024-11-10T03:09:27.547+0000] {dag.py:3947} INFO - Setting next_dagrun for dashboard_investasi-ztb_dashb_ps0006 to 2024-11-09 18:58:00+00:00, run_after=2024-11-09 18:59:00+00:00
[2024-11-10T03:09:27.573+0000] {processor.py:183} INFO - Processing /opt/airflow/dags/kai_logistik-silver-dashboard_investasi-ztb_dashb_ps0006.py took 0.289 seconds
[2024-11-10T03:09:57.873+0000] {processor.py:161} INFO - Started process (PID=772) to work on /opt/airflow/dags/kai_logistik-silver-dashboard_investasi-ztb_dashb_ps0006.py
[2024-11-10T03:09:57.875+0000] {processor.py:830} INFO - Processing file /opt/airflow/dags/kai_logistik-silver-dashboard_investasi-ztb_dashb_ps0006.py for tasks to queue
[2024-11-10T03:09:57.877+0000] {logging_mixin.py:188} INFO - [2024-11-10T03:09:57.877+0000] {dagbag.py:545} INFO - Filling up the DagBag from /opt/airflow/dags/kai_logistik-silver-dashboard_investasi-ztb_dashb_ps0006.py
[2024-11-10T03:09:57.917+0000] {processor.py:840} INFO - DAG(s) 'dashboard_investasi-ztb_dashb_ps0006' retrieved from /opt/airflow/dags/kai_logistik-silver-dashboard_investasi-ztb_dashb_ps0006.py
[2024-11-10T03:09:57.941+0000] {logging_mixin.py:188} INFO - [2024-11-10T03:09:57.941+0000] {dag.py:3089} INFO - Sync 1 DAGs
[2024-11-10T03:09:57.961+0000] {logging_mixin.py:188} INFO - [2024-11-10T03:09:57.960+0000] {dag.py:3947} INFO - Setting next_dagrun for dashboard_investasi-ztb_dashb_ps0006 to 2024-11-09 18:58:00+00:00, run_after=2024-11-09 18:59:00+00:00
[2024-11-10T03:09:57.980+0000] {processor.py:183} INFO - Processing /opt/airflow/dags/kai_logistik-silver-dashboard_investasi-ztb_dashb_ps0006.py took 0.112 seconds
[2024-11-10T03:10:28.632+0000] {processor.py:161} INFO - Started process (PID=1183) to work on /opt/airflow/dags/kai_logistik-silver-dashboard_investasi-ztb_dashb_ps0006.py
[2024-11-10T03:10:28.643+0000] {processor.py:830} INFO - Processing file /opt/airflow/dags/kai_logistik-silver-dashboard_investasi-ztb_dashb_ps0006.py for tasks to queue
[2024-11-10T03:10:28.646+0000] {logging_mixin.py:188} INFO - [2024-11-10T03:10:28.646+0000] {dagbag.py:545} INFO - Filling up the DagBag from /opt/airflow/dags/kai_logistik-silver-dashboard_investasi-ztb_dashb_ps0006.py
[2024-11-10T03:10:28.712+0000] {processor.py:840} INFO - DAG(s) 'dashboard_investasi-ztb_dashb_ps0006' retrieved from /opt/airflow/dags/kai_logistik-silver-dashboard_investasi-ztb_dashb_ps0006.py
[2024-11-10T03:10:28.732+0000] {logging_mixin.py:188} INFO - [2024-11-10T03:10:28.732+0000] {dag.py:3089} INFO - Sync 1 DAGs
[2024-11-10T03:10:28.752+0000] {logging_mixin.py:188} INFO - [2024-11-10T03:10:28.752+0000] {dag.py:3947} INFO - Setting next_dagrun for dashboard_investasi-ztb_dashb_ps0006 to 2024-11-09 18:58:00+00:00, run_after=2024-11-09 18:59:00+00:00
[2024-11-10T03:10:28.772+0000] {processor.py:183} INFO - Processing /opt/airflow/dags/kai_logistik-silver-dashboard_investasi-ztb_dashb_ps0006.py took 0.145 seconds
[2024-11-10T03:10:58.972+0000] {processor.py:161} INFO - Started process (PID=1594) to work on /opt/airflow/dags/kai_logistik-silver-dashboard_investasi-ztb_dashb_ps0006.py
[2024-11-10T03:10:58.973+0000] {processor.py:830} INFO - Processing file /opt/airflow/dags/kai_logistik-silver-dashboard_investasi-ztb_dashb_ps0006.py for tasks to queue
[2024-11-10T03:10:58.975+0000] {logging_mixin.py:188} INFO - [2024-11-10T03:10:58.974+0000] {dagbag.py:545} INFO - Filling up the DagBag from /opt/airflow/dags/kai_logistik-silver-dashboard_investasi-ztb_dashb_ps0006.py
[2024-11-10T03:10:58.999+0000] {processor.py:840} INFO - DAG(s) 'dashboard_investasi-ztb_dashb_ps0006' retrieved from /opt/airflow/dags/kai_logistik-silver-dashboard_investasi-ztb_dashb_ps0006.py
[2024-11-10T03:10:59.021+0000] {logging_mixin.py:188} INFO - [2024-11-10T03:10:59.021+0000] {dag.py:3089} INFO - Sync 1 DAGs
[2024-11-10T03:10:59.038+0000] {logging_mixin.py:188} INFO - [2024-11-10T03:10:59.038+0000] {dag.py:3947} INFO - Setting next_dagrun for dashboard_investasi-ztb_dashb_ps0006 to 2024-11-09 18:58:00+00:00, run_after=2024-11-09 18:59:00+00:00
[2024-11-10T03:10:59.052+0000] {processor.py:183} INFO - Processing /opt/airflow/dags/kai_logistik-silver-dashboard_investasi-ztb_dashb_ps0006.py took 0.084 seconds
[2024-11-10T03:11:29.872+0000] {processor.py:161} INFO - Started process (PID=2005) to work on /opt/airflow/dags/kai_logistik-silver-dashboard_investasi-ztb_dashb_ps0006.py
[2024-11-10T03:11:29.873+0000] {processor.py:830} INFO - Processing file /opt/airflow/dags/kai_logistik-silver-dashboard_investasi-ztb_dashb_ps0006.py for tasks to queue
[2024-11-10T03:11:29.876+0000] {logging_mixin.py:188} INFO - [2024-11-10T03:11:29.875+0000] {dagbag.py:545} INFO - Filling up the DagBag from /opt/airflow/dags/kai_logistik-silver-dashboard_investasi-ztb_dashb_ps0006.py
[2024-11-10T03:11:29.902+0000] {processor.py:840} INFO - DAG(s) 'dashboard_investasi-ztb_dashb_ps0006' retrieved from /opt/airflow/dags/kai_logistik-silver-dashboard_investasi-ztb_dashb_ps0006.py
[2024-11-10T03:11:29.923+0000] {logging_mixin.py:188} INFO - [2024-11-10T03:11:29.922+0000] {dag.py:3089} INFO - Sync 1 DAGs
[2024-11-10T03:11:29.941+0000] {logging_mixin.py:188} INFO - [2024-11-10T03:11:29.940+0000] {dag.py:3947} INFO - Setting next_dagrun for dashboard_investasi-ztb_dashb_ps0006 to 2024-11-09 18:58:00+00:00, run_after=2024-11-09 18:59:00+00:00
[2024-11-10T03:11:29.975+0000] {processor.py:183} INFO - Processing /opt/airflow/dags/kai_logistik-silver-dashboard_investasi-ztb_dashb_ps0006.py took 0.110 seconds
[2024-11-10T03:12:00.478+0000] {processor.py:161} INFO - Started process (PID=2418) to work on /opt/airflow/dags/kai_logistik-silver-dashboard_investasi-ztb_dashb_ps0006.py
[2024-11-10T03:12:00.479+0000] {processor.py:830} INFO - Processing file /opt/airflow/dags/kai_logistik-silver-dashboard_investasi-ztb_dashb_ps0006.py for tasks to queue
[2024-11-10T03:12:00.481+0000] {logging_mixin.py:188} INFO - [2024-11-10T03:12:00.481+0000] {dagbag.py:545} INFO - Filling up the DagBag from /opt/airflow/dags/kai_logistik-silver-dashboard_investasi-ztb_dashb_ps0006.py
[2024-11-10T03:12:00.514+0000] {processor.py:840} INFO - DAG(s) 'dashboard_investasi-ztb_dashb_ps0006' retrieved from /opt/airflow/dags/kai_logistik-silver-dashboard_investasi-ztb_dashb_ps0006.py
[2024-11-10T03:12:00.532+0000] {logging_mixin.py:188} INFO - [2024-11-10T03:12:00.532+0000] {dag.py:3089} INFO - Sync 1 DAGs
[2024-11-10T03:12:00.552+0000] {logging_mixin.py:188} INFO - [2024-11-10T03:12:00.552+0000] {dag.py:3947} INFO - Setting next_dagrun for dashboard_investasi-ztb_dashb_ps0006 to 2024-11-09 18:58:00+00:00, run_after=2024-11-09 18:59:00+00:00
[2024-11-10T03:12:00.579+0000] {processor.py:183} INFO - Processing /opt/airflow/dags/kai_logistik-silver-dashboard_investasi-ztb_dashb_ps0006.py took 0.108 seconds
[2024-11-10T03:12:31.539+0000] {processor.py:161} INFO - Started process (PID=2829) to work on /opt/airflow/dags/kai_logistik-silver-dashboard_investasi-ztb_dashb_ps0006.py
[2024-11-10T03:12:31.541+0000] {processor.py:830} INFO - Processing file /opt/airflow/dags/kai_logistik-silver-dashboard_investasi-ztb_dashb_ps0006.py for tasks to queue
[2024-11-10T03:12:31.543+0000] {logging_mixin.py:188} INFO - [2024-11-10T03:12:31.543+0000] {dagbag.py:545} INFO - Filling up the DagBag from /opt/airflow/dags/kai_logistik-silver-dashboard_investasi-ztb_dashb_ps0006.py
[2024-11-10T03:12:31.585+0000] {processor.py:840} INFO - DAG(s) 'dashboard_investasi-ztb_dashb_ps0006' retrieved from /opt/airflow/dags/kai_logistik-silver-dashboard_investasi-ztb_dashb_ps0006.py
[2024-11-10T03:12:31.607+0000] {logging_mixin.py:188} INFO - [2024-11-10T03:12:31.607+0000] {dag.py:3089} INFO - Sync 1 DAGs
[2024-11-10T03:12:31.628+0000] {logging_mixin.py:188} INFO - [2024-11-10T03:12:31.628+0000] {dag.py:3947} INFO - Setting next_dagrun for dashboard_investasi-ztb_dashb_ps0006 to 2024-11-09 18:58:00+00:00, run_after=2024-11-09 18:59:00+00:00
[2024-11-10T03:12:31.658+0000] {processor.py:183} INFO - Processing /opt/airflow/dags/kai_logistik-silver-dashboard_investasi-ztb_dashb_ps0006.py took 0.123 seconds
[2024-11-10T03:13:02.225+0000] {processor.py:161} INFO - Started process (PID=3240) to work on /opt/airflow/dags/kai_logistik-silver-dashboard_investasi-ztb_dashb_ps0006.py
[2024-11-10T03:13:02.226+0000] {processor.py:830} INFO - Processing file /opt/airflow/dags/kai_logistik-silver-dashboard_investasi-ztb_dashb_ps0006.py for tasks to queue
[2024-11-10T03:13:02.228+0000] {logging_mixin.py:188} INFO - [2024-11-10T03:13:02.228+0000] {dagbag.py:545} INFO - Filling up the DagBag from /opt/airflow/dags/kai_logistik-silver-dashboard_investasi-ztb_dashb_ps0006.py
[2024-11-10T03:13:02.259+0000] {processor.py:840} INFO - DAG(s) 'dashboard_investasi-ztb_dashb_ps0006' retrieved from /opt/airflow/dags/kai_logistik-silver-dashboard_investasi-ztb_dashb_ps0006.py
[2024-11-10T03:13:02.280+0000] {logging_mixin.py:188} INFO - [2024-11-10T03:13:02.280+0000] {dag.py:3089} INFO - Sync 1 DAGs
[2024-11-10T03:13:02.296+0000] {logging_mixin.py:188} INFO - [2024-11-10T03:13:02.296+0000] {dag.py:3947} INFO - Setting next_dagrun for dashboard_investasi-ztb_dashb_ps0006 to 2024-11-09 18:58:00+00:00, run_after=2024-11-09 18:59:00+00:00
[2024-11-10T03:13:02.319+0000] {processor.py:183} INFO - Processing /opt/airflow/dags/kai_logistik-silver-dashboard_investasi-ztb_dashb_ps0006.py took 0.100 seconds
[2024-11-10T03:13:32.683+0000] {processor.py:161} INFO - Started process (PID=3651) to work on /opt/airflow/dags/kai_logistik-silver-dashboard_investasi-ztb_dashb_ps0006.py
[2024-11-10T03:13:32.684+0000] {processor.py:830} INFO - Processing file /opt/airflow/dags/kai_logistik-silver-dashboard_investasi-ztb_dashb_ps0006.py for tasks to queue
[2024-11-10T03:13:32.685+0000] {logging_mixin.py:188} INFO - [2024-11-10T03:13:32.685+0000] {dagbag.py:545} INFO - Filling up the DagBag from /opt/airflow/dags/kai_logistik-silver-dashboard_investasi-ztb_dashb_ps0006.py
[2024-11-10T03:13:32.707+0000] {processor.py:840} INFO - DAG(s) 'dashboard_investasi-ztb_dashb_ps0006' retrieved from /opt/airflow/dags/kai_logistik-silver-dashboard_investasi-ztb_dashb_ps0006.py
[2024-11-10T03:13:32.726+0000] {logging_mixin.py:188} INFO - [2024-11-10T03:13:32.726+0000] {dag.py:3089} INFO - Sync 1 DAGs
[2024-11-10T03:13:32.743+0000] {logging_mixin.py:188} INFO - [2024-11-10T03:13:32.743+0000] {dag.py:3947} INFO - Setting next_dagrun for dashboard_investasi-ztb_dashb_ps0006 to 2024-11-09 18:58:00+00:00, run_after=2024-11-09 18:59:00+00:00
[2024-11-10T03:13:32.771+0000] {processor.py:183} INFO - Processing /opt/airflow/dags/kai_logistik-silver-dashboard_investasi-ztb_dashb_ps0006.py took 0.092 seconds
[2024-11-10T03:14:03.584+0000] {processor.py:161} INFO - Started process (PID=4060) to work on /opt/airflow/dags/kai_logistik-silver-dashboard_investasi-ztb_dashb_ps0006.py
[2024-11-10T03:14:03.585+0000] {processor.py:830} INFO - Processing file /opt/airflow/dags/kai_logistik-silver-dashboard_investasi-ztb_dashb_ps0006.py for tasks to queue
[2024-11-10T03:14:03.587+0000] {logging_mixin.py:188} INFO - [2024-11-10T03:14:03.587+0000] {dagbag.py:545} INFO - Filling up the DagBag from /opt/airflow/dags/kai_logistik-silver-dashboard_investasi-ztb_dashb_ps0006.py
[2024-11-10T03:14:03.628+0000] {processor.py:840} INFO - DAG(s) 'dashboard_investasi-ztb_dashb_ps0006' retrieved from /opt/airflow/dags/kai_logistik-silver-dashboard_investasi-ztb_dashb_ps0006.py
[2024-11-10T03:14:03.657+0000] {logging_mixin.py:188} INFO - [2024-11-10T03:14:03.657+0000] {dag.py:3089} INFO - Sync 1 DAGs
[2024-11-10T03:14:03.681+0000] {logging_mixin.py:188} INFO - [2024-11-10T03:14:03.681+0000] {dag.py:3947} INFO - Setting next_dagrun for dashboard_investasi-ztb_dashb_ps0006 to 2024-11-09 18:58:00+00:00, run_after=2024-11-09 18:59:00+00:00
[2024-11-10T03:14:03.702+0000] {processor.py:183} INFO - Processing /opt/airflow/dags/kai_logistik-silver-dashboard_investasi-ztb_dashb_ps0006.py took 0.125 seconds
