[2024-11-10T03:09:22.192+0000] {processor.py:161} INFO - Started process (PID=217) to work on /opt/airflow/dags/kai_logistik-silver-dashboard_investasi-ztb_dashb_mm0003.py
[2024-11-10T03:09:22.193+0000] {processor.py:830} INFO - Processing file /opt/airflow/dags/kai_logistik-silver-dashboard_investasi-ztb_dashb_mm0003.py for tasks to queue
[2024-11-10T03:09:22.195+0000] {logging_mixin.py:188} INFO - [2024-11-10T03:09:22.195+0000] {dagbag.py:545} INFO - Filling up the DagBag from /opt/airflow/dags/kai_logistik-silver-dashboard_investasi-ztb_dashb_mm0003.py
[2024-11-10T03:09:22.238+0000] {processor.py:840} INFO - DAG(s) 'dashboard_investasi-ztb_dashb_mm0003' retrieved from /opt/airflow/dags/kai_logistik-silver-dashboard_investasi-ztb_dashb_mm0003.py
[2024-11-10T03:09:22.334+0000] {logging_mixin.py:188} INFO - [2024-11-10T03:09:22.333+0000] {override.py:1858} INFO - Created Permission View: can read on DAG:dashboard_investasi-ztb_dashb_mm0003
[2024-11-10T03:09:22.343+0000] {logging_mixin.py:188} INFO - [2024-11-10T03:09:22.343+0000] {override.py:1858} INFO - Created Permission View: can delete on DAG:dashboard_investasi-ztb_dashb_mm0003
[2024-11-10T03:09:22.349+0000] {logging_mixin.py:188} INFO - [2024-11-10T03:09:22.349+0000] {override.py:1858} INFO - Created Permission View: can edit on DAG:dashboard_investasi-ztb_dashb_mm0003
[2024-11-10T03:09:22.350+0000] {logging_mixin.py:188} INFO - [2024-11-10T03:09:22.350+0000] {dag.py:3089} INFO - Sync 1 DAGs
[2024-11-10T03:09:22.359+0000] {logging_mixin.py:188} INFO - [2024-11-10T03:09:22.359+0000] {dag.py:3111} INFO - Creating ORM DAG for dashboard_investasi-ztb_dashb_mm0003
[2024-11-10T03:09:22.368+0000] {logging_mixin.py:188} INFO - [2024-11-10T03:09:22.368+0000] {dag.py:3947} INFO - Setting next_dagrun for dashboard_investasi-ztb_dashb_mm0003 to 2024-11-09 18:58:00+00:00, run_after=2024-11-09 18:59:00+00:00
[2024-11-10T03:09:22.390+0000] {processor.py:183} INFO - Processing /opt/airflow/dags/kai_logistik-silver-dashboard_investasi-ztb_dashb_mm0003.py took 0.203 seconds
[2024-11-10T03:09:52.514+0000] {processor.py:161} INFO - Started process (PID=628) to work on /opt/airflow/dags/kai_logistik-silver-dashboard_investasi-ztb_dashb_mm0003.py
[2024-11-10T03:09:52.515+0000] {processor.py:830} INFO - Processing file /opt/airflow/dags/kai_logistik-silver-dashboard_investasi-ztb_dashb_mm0003.py for tasks to queue
[2024-11-10T03:09:52.517+0000] {logging_mixin.py:188} INFO - [2024-11-10T03:09:52.516+0000] {dagbag.py:545} INFO - Filling up the DagBag from /opt/airflow/dags/kai_logistik-silver-dashboard_investasi-ztb_dashb_mm0003.py
[2024-11-10T03:09:52.541+0000] {processor.py:840} INFO - DAG(s) 'dashboard_investasi-ztb_dashb_mm0003' retrieved from /opt/airflow/dags/kai_logistik-silver-dashboard_investasi-ztb_dashb_mm0003.py
[2024-11-10T03:09:52.564+0000] {logging_mixin.py:188} INFO - [2024-11-10T03:09:52.564+0000] {dag.py:3089} INFO - Sync 1 DAGs
[2024-11-10T03:09:52.582+0000] {logging_mixin.py:188} INFO - [2024-11-10T03:09:52.582+0000] {dag.py:3947} INFO - Setting next_dagrun for dashboard_investasi-ztb_dashb_mm0003 to 2024-11-09 18:58:00+00:00, run_after=2024-11-09 18:59:00+00:00
[2024-11-10T03:09:52.608+0000] {processor.py:183} INFO - Processing /opt/airflow/dags/kai_logistik-silver-dashboard_investasi-ztb_dashb_mm0003.py took 0.101 seconds
[2024-11-10T03:10:22.940+0000] {processor.py:161} INFO - Started process (PID=1045) to work on /opt/airflow/dags/kai_logistik-silver-dashboard_investasi-ztb_dashb_mm0003.py
[2024-11-10T03:10:22.941+0000] {processor.py:830} INFO - Processing file /opt/airflow/dags/kai_logistik-silver-dashboard_investasi-ztb_dashb_mm0003.py for tasks to queue
[2024-11-10T03:10:22.942+0000] {logging_mixin.py:188} INFO - [2024-11-10T03:10:22.942+0000] {dagbag.py:545} INFO - Filling up the DagBag from /opt/airflow/dags/kai_logistik-silver-dashboard_investasi-ztb_dashb_mm0003.py
[2024-11-10T03:10:22.978+0000] {processor.py:840} INFO - DAG(s) 'dashboard_investasi-ztb_dashb_mm0003' retrieved from /opt/airflow/dags/kai_logistik-silver-dashboard_investasi-ztb_dashb_mm0003.py
[2024-11-10T03:10:22.998+0000] {logging_mixin.py:188} INFO - [2024-11-10T03:10:22.998+0000] {dag.py:3089} INFO - Sync 1 DAGs
[2024-11-10T03:10:23.013+0000] {logging_mixin.py:188} INFO - [2024-11-10T03:10:23.013+0000] {dag.py:3947} INFO - Setting next_dagrun for dashboard_investasi-ztb_dashb_mm0003 to 2024-11-09 18:58:00+00:00, run_after=2024-11-09 18:59:00+00:00
[2024-11-10T03:10:23.037+0000] {processor.py:183} INFO - Processing /opt/airflow/dags/kai_logistik-silver-dashboard_investasi-ztb_dashb_mm0003.py took 0.102 seconds
[2024-11-10T03:10:54.030+0000] {processor.py:161} INFO - Started process (PID=1456) to work on /opt/airflow/dags/kai_logistik-silver-dashboard_investasi-ztb_dashb_mm0003.py
[2024-11-10T03:10:54.031+0000] {processor.py:830} INFO - Processing file /opt/airflow/dags/kai_logistik-silver-dashboard_investasi-ztb_dashb_mm0003.py for tasks to queue
[2024-11-10T03:10:54.033+0000] {logging_mixin.py:188} INFO - [2024-11-10T03:10:54.033+0000] {dagbag.py:545} INFO - Filling up the DagBag from /opt/airflow/dags/kai_logistik-silver-dashboard_investasi-ztb_dashb_mm0003.py
[2024-11-10T03:10:54.065+0000] {processor.py:840} INFO - DAG(s) 'dashboard_investasi-ztb_dashb_mm0003' retrieved from /opt/airflow/dags/kai_logistik-silver-dashboard_investasi-ztb_dashb_mm0003.py
[2024-11-10T03:10:54.089+0000] {logging_mixin.py:188} INFO - [2024-11-10T03:10:54.089+0000] {dag.py:3089} INFO - Sync 1 DAGs
[2024-11-10T03:10:54.108+0000] {logging_mixin.py:188} INFO - [2024-11-10T03:10:54.108+0000] {dag.py:3947} INFO - Setting next_dagrun for dashboard_investasi-ztb_dashb_mm0003 to 2024-11-09 18:58:00+00:00, run_after=2024-11-09 18:59:00+00:00
[2024-11-10T03:10:54.125+0000] {processor.py:183} INFO - Processing /opt/airflow/dags/kai_logistik-silver-dashboard_investasi-ztb_dashb_mm0003.py took 0.101 seconds
[2024-11-10T03:11:24.736+0000] {processor.py:161} INFO - Started process (PID=1867) to work on /opt/airflow/dags/kai_logistik-silver-dashboard_investasi-ztb_dashb_mm0003.py
[2024-11-10T03:11:24.737+0000] {processor.py:830} INFO - Processing file /opt/airflow/dags/kai_logistik-silver-dashboard_investasi-ztb_dashb_mm0003.py for tasks to queue
[2024-11-10T03:11:24.738+0000] {logging_mixin.py:188} INFO - [2024-11-10T03:11:24.738+0000] {dagbag.py:545} INFO - Filling up the DagBag from /opt/airflow/dags/kai_logistik-silver-dashboard_investasi-ztb_dashb_mm0003.py
[2024-11-10T03:11:24.753+0000] {processor.py:840} INFO - DAG(s) 'dashboard_investasi-ztb_dashb_mm0003' retrieved from /opt/airflow/dags/kai_logistik-silver-dashboard_investasi-ztb_dashb_mm0003.py
[2024-11-10T03:11:24.771+0000] {logging_mixin.py:188} INFO - [2024-11-10T03:11:24.771+0000] {dag.py:3089} INFO - Sync 1 DAGs
[2024-11-10T03:11:24.790+0000] {logging_mixin.py:188} INFO - [2024-11-10T03:11:24.790+0000] {dag.py:3947} INFO - Setting next_dagrun for dashboard_investasi-ztb_dashb_mm0003 to 2024-11-09 18:58:00+00:00, run_after=2024-11-09 18:59:00+00:00
[2024-11-10T03:11:24.808+0000] {processor.py:183} INFO - Processing /opt/airflow/dags/kai_logistik-silver-dashboard_investasi-ztb_dashb_mm0003.py took 0.076 seconds
[2024-11-10T03:11:55.372+0000] {processor.py:161} INFO - Started process (PID=2278) to work on /opt/airflow/dags/kai_logistik-silver-dashboard_investasi-ztb_dashb_mm0003.py
[2024-11-10T03:11:55.373+0000] {processor.py:830} INFO - Processing file /opt/airflow/dags/kai_logistik-silver-dashboard_investasi-ztb_dashb_mm0003.py for tasks to queue
[2024-11-10T03:11:55.374+0000] {logging_mixin.py:188} INFO - [2024-11-10T03:11:55.374+0000] {dagbag.py:545} INFO - Filling up the DagBag from /opt/airflow/dags/kai_logistik-silver-dashboard_investasi-ztb_dashb_mm0003.py
[2024-11-10T03:11:55.395+0000] {processor.py:840} INFO - DAG(s) 'dashboard_investasi-ztb_dashb_mm0003' retrieved from /opt/airflow/dags/kai_logistik-silver-dashboard_investasi-ztb_dashb_mm0003.py
[2024-11-10T03:11:55.415+0000] {logging_mixin.py:188} INFO - [2024-11-10T03:11:55.414+0000] {dag.py:3089} INFO - Sync 1 DAGs
[2024-11-10T03:11:55.430+0000] {logging_mixin.py:188} INFO - [2024-11-10T03:11:55.430+0000] {dag.py:3947} INFO - Setting next_dagrun for dashboard_investasi-ztb_dashb_mm0003 to 2024-11-09 18:58:00+00:00, run_after=2024-11-09 18:59:00+00:00
[2024-11-10T03:11:55.449+0000] {processor.py:183} INFO - Processing /opt/airflow/dags/kai_logistik-silver-dashboard_investasi-ztb_dashb_mm0003.py took 0.082 seconds
[2024-11-10T03:12:25.707+0000] {processor.py:161} INFO - Started process (PID=2689) to work on /opt/airflow/dags/kai_logistik-silver-dashboard_investasi-ztb_dashb_mm0003.py
[2024-11-10T03:12:25.708+0000] {processor.py:830} INFO - Processing file /opt/airflow/dags/kai_logistik-silver-dashboard_investasi-ztb_dashb_mm0003.py for tasks to queue
[2024-11-10T03:12:25.710+0000] {logging_mixin.py:188} INFO - [2024-11-10T03:12:25.709+0000] {dagbag.py:545} INFO - Filling up the DagBag from /opt/airflow/dags/kai_logistik-silver-dashboard_investasi-ztb_dashb_mm0003.py
[2024-11-10T03:12:25.729+0000] {processor.py:840} INFO - DAG(s) 'dashboard_investasi-ztb_dashb_mm0003' retrieved from /opt/airflow/dags/kai_logistik-silver-dashboard_investasi-ztb_dashb_mm0003.py
[2024-11-10T03:12:25.754+0000] {logging_mixin.py:188} INFO - [2024-11-10T03:12:25.753+0000] {dag.py:3089} INFO - Sync 1 DAGs
[2024-11-10T03:12:25.774+0000] {logging_mixin.py:188} INFO - [2024-11-10T03:12:25.774+0000] {dag.py:3947} INFO - Setting next_dagrun for dashboard_investasi-ztb_dashb_mm0003 to 2024-11-09 18:58:00+00:00, run_after=2024-11-09 18:59:00+00:00
[2024-11-10T03:12:25.801+0000] {processor.py:183} INFO - Processing /opt/airflow/dags/kai_logistik-silver-dashboard_investasi-ztb_dashb_mm0003.py took 0.099 seconds
[2024-11-10T03:12:56.407+0000] {processor.py:161} INFO - Started process (PID=3100) to work on /opt/airflow/dags/kai_logistik-silver-dashboard_investasi-ztb_dashb_mm0003.py
[2024-11-10T03:12:56.409+0000] {processor.py:830} INFO - Processing file /opt/airflow/dags/kai_logistik-silver-dashboard_investasi-ztb_dashb_mm0003.py for tasks to queue
[2024-11-10T03:12:56.411+0000] {logging_mixin.py:188} INFO - [2024-11-10T03:12:56.410+0000] {dagbag.py:545} INFO - Filling up the DagBag from /opt/airflow/dags/kai_logistik-silver-dashboard_investasi-ztb_dashb_mm0003.py
[2024-11-10T03:12:56.448+0000] {processor.py:840} INFO - DAG(s) 'dashboard_investasi-ztb_dashb_mm0003' retrieved from /opt/airflow/dags/kai_logistik-silver-dashboard_investasi-ztb_dashb_mm0003.py
[2024-11-10T03:12:56.467+0000] {logging_mixin.py:188} INFO - [2024-11-10T03:12:56.467+0000] {dag.py:3089} INFO - Sync 1 DAGs
[2024-11-10T03:12:56.485+0000] {logging_mixin.py:188} INFO - [2024-11-10T03:12:56.485+0000] {dag.py:3947} INFO - Setting next_dagrun for dashboard_investasi-ztb_dashb_mm0003 to 2024-11-09 18:58:00+00:00, run_after=2024-11-09 18:59:00+00:00
[2024-11-10T03:12:56.499+0000] {processor.py:183} INFO - Processing /opt/airflow/dags/kai_logistik-silver-dashboard_investasi-ztb_dashb_mm0003.py took 0.097 seconds
[2024-11-10T03:13:26.884+0000] {processor.py:161} INFO - Started process (PID=3511) to work on /opt/airflow/dags/kai_logistik-silver-dashboard_investasi-ztb_dashb_mm0003.py
[2024-11-10T03:13:26.885+0000] {processor.py:830} INFO - Processing file /opt/airflow/dags/kai_logistik-silver-dashboard_investasi-ztb_dashb_mm0003.py for tasks to queue
[2024-11-10T03:13:26.887+0000] {logging_mixin.py:188} INFO - [2024-11-10T03:13:26.886+0000] {dagbag.py:545} INFO - Filling up the DagBag from /opt/airflow/dags/kai_logistik-silver-dashboard_investasi-ztb_dashb_mm0003.py
[2024-11-10T03:13:26.907+0000] {processor.py:840} INFO - DAG(s) 'dashboard_investasi-ztb_dashb_mm0003' retrieved from /opt/airflow/dags/kai_logistik-silver-dashboard_investasi-ztb_dashb_mm0003.py
[2024-11-10T03:13:26.928+0000] {logging_mixin.py:188} INFO - [2024-11-10T03:13:26.928+0000] {dag.py:3089} INFO - Sync 1 DAGs
[2024-11-10T03:13:26.945+0000] {logging_mixin.py:188} INFO - [2024-11-10T03:13:26.945+0000] {dag.py:3947} INFO - Setting next_dagrun for dashboard_investasi-ztb_dashb_mm0003 to 2024-11-09 18:58:00+00:00, run_after=2024-11-09 18:59:00+00:00
[2024-11-10T03:13:26.958+0000] {processor.py:183} INFO - Processing /opt/airflow/dags/kai_logistik-silver-dashboard_investasi-ztb_dashb_mm0003.py took 0.078 seconds
[2024-11-10T03:13:57.479+0000] {processor.py:161} INFO - Started process (PID=3922) to work on /opt/airflow/dags/kai_logistik-silver-dashboard_investasi-ztb_dashb_mm0003.py
[2024-11-10T03:13:57.480+0000] {processor.py:830} INFO - Processing file /opt/airflow/dags/kai_logistik-silver-dashboard_investasi-ztb_dashb_mm0003.py for tasks to queue
[2024-11-10T03:13:57.482+0000] {logging_mixin.py:188} INFO - [2024-11-10T03:13:57.482+0000] {dagbag.py:545} INFO - Filling up the DagBag from /opt/airflow/dags/kai_logistik-silver-dashboard_investasi-ztb_dashb_mm0003.py
[2024-11-10T03:13:57.524+0000] {processor.py:840} INFO - DAG(s) 'dashboard_investasi-ztb_dashb_mm0003' retrieved from /opt/airflow/dags/kai_logistik-silver-dashboard_investasi-ztb_dashb_mm0003.py
[2024-11-10T03:13:57.546+0000] {logging_mixin.py:188} INFO - [2024-11-10T03:13:57.546+0000] {dag.py:3089} INFO - Sync 1 DAGs
[2024-11-10T03:13:57.565+0000] {logging_mixin.py:188} INFO - [2024-11-10T03:13:57.565+0000] {dag.py:3947} INFO - Setting next_dagrun for dashboard_investasi-ztb_dashb_mm0003 to 2024-11-09 18:58:00+00:00, run_after=2024-11-09 18:59:00+00:00
[2024-11-10T03:13:57.583+0000] {processor.py:183} INFO - Processing /opt/airflow/dags/kai_logistik-silver-dashboard_investasi-ztb_dashb_mm0003.py took 0.109 seconds
