[2024-11-10T03:09:36.321+0000] {processor.py:161} INFO - Started process (PID=536) to work on /opt/airflow/dags/kai_logistik-silver-dashboard_investasi-highlight (format_input_project_milestone)_highlight.csv.py
[2024-11-10T03:09:36.322+0000] {processor.py:830} INFO - Processing file /opt/airflow/dags/kai_logistik-silver-dashboard_investasi-highlight (format_input_project_milestone)_highlight.csv.py for tasks to queue
[2024-11-10T03:09:36.324+0000] {logging_mixin.py:188} INFO - [2024-11-10T03:09:36.324+0000] {dagbag.py:545} INFO - Filling up the DagBag from /opt/airflow/dags/kai_logistik-silver-dashboard_investasi-highlight (format_input_project_milestone)_highlight.csv.py
[2024-11-10T03:09:36.388+0000] {processor.py:840} INFO - DAG(s) 'dashboard_investasi-highlight_format_input_project_milestone_highlight.csv' retrieved from /opt/airflow/dags/kai_logistik-silver-dashboard_investasi-highlight (format_input_project_milestone)_highlight.csv.py
[2024-11-10T03:09:36.469+0000] {logging_mixin.py:188} INFO - [2024-11-10T03:09:36.468+0000] {override.py:1858} INFO - Created Permission View: can read on DAG:dashboard_investasi-highlight_format_input_project_milestone_highlight.csv
[2024-11-10T03:09:36.492+0000] {logging_mixin.py:188} INFO - [2024-11-10T03:09:36.492+0000] {override.py:1858} INFO - Created Permission View: can delete on DAG:dashboard_investasi-highlight_format_input_project_milestone_highlight.csv
[2024-11-10T03:09:36.499+0000] {logging_mixin.py:188} INFO - [2024-11-10T03:09:36.498+0000] {override.py:1858} INFO - Created Permission View: can edit on DAG:dashboard_investasi-highlight_format_input_project_milestone_highlight.csv
[2024-11-10T03:09:36.501+0000] {logging_mixin.py:188} INFO - [2024-11-10T03:09:36.500+0000] {dag.py:3089} INFO - Sync 1 DAGs
[2024-11-10T03:09:36.516+0000] {logging_mixin.py:188} INFO - [2024-11-10T03:09:36.516+0000] {dag.py:3111} INFO - Creating ORM DAG for dashboard_investasi-highlight_format_input_project_milestone_highlight.csv
[2024-11-10T03:09:36.526+0000] {logging_mixin.py:188} INFO - [2024-11-10T03:09:36.526+0000] {dag.py:3947} INFO - Setting next_dagrun for dashboard_investasi-highlight_format_input_project_milestone_highlight.csv to 2024-11-09 18:58:00+00:00, run_after=2024-11-09 18:59:00+00:00
[2024-11-10T03:09:36.547+0000] {processor.py:183} INFO - Processing /opt/airflow/dags/kai_logistik-silver-dashboard_investasi-highlight (format_input_project_milestone)_highlight.csv.py took 0.232 seconds
[2024-11-10T03:10:06.710+0000] {processor.py:161} INFO - Started process (PID=944) to work on /opt/airflow/dags/kai_logistik-silver-dashboard_investasi-highlight (format_input_project_milestone)_highlight.csv.py
[2024-11-10T03:10:06.711+0000] {processor.py:830} INFO - Processing file /opt/airflow/dags/kai_logistik-silver-dashboard_investasi-highlight (format_input_project_milestone)_highlight.csv.py for tasks to queue
[2024-11-10T03:10:06.713+0000] {logging_mixin.py:188} INFO - [2024-11-10T03:10:06.713+0000] {dagbag.py:545} INFO - Filling up the DagBag from /opt/airflow/dags/kai_logistik-silver-dashboard_investasi-highlight (format_input_project_milestone)_highlight.csv.py
[2024-11-10T03:10:06.757+0000] {processor.py:840} INFO - DAG(s) 'dashboard_investasi-highlight_format_input_project_milestone_highlight.csv' retrieved from /opt/airflow/dags/kai_logistik-silver-dashboard_investasi-highlight (format_input_project_milestone)_highlight.csv.py
[2024-11-10T03:10:06.781+0000] {logging_mixin.py:188} INFO - [2024-11-10T03:10:06.781+0000] {dag.py:3089} INFO - Sync 1 DAGs
[2024-11-10T03:10:06.798+0000] {logging_mixin.py:188} INFO - [2024-11-10T03:10:06.798+0000] {dag.py:3947} INFO - Setting next_dagrun for dashboard_investasi-highlight_format_input_project_milestone_highlight.csv to 2024-11-09 18:58:00+00:00, run_after=2024-11-09 18:59:00+00:00
[2024-11-10T03:10:06.827+0000] {processor.py:183} INFO - Processing /opt/airflow/dags/kai_logistik-silver-dashboard_investasi-highlight (format_input_project_milestone)_highlight.csv.py took 0.122 seconds
[2024-11-10T03:10:37.217+0000] {processor.py:161} INFO - Started process (PID=1355) to work on /opt/airflow/dags/kai_logistik-silver-dashboard_investasi-highlight (format_input_project_milestone)_highlight.csv.py
[2024-11-10T03:10:37.218+0000] {processor.py:830} INFO - Processing file /opt/airflow/dags/kai_logistik-silver-dashboard_investasi-highlight (format_input_project_milestone)_highlight.csv.py for tasks to queue
[2024-11-10T03:10:37.220+0000] {logging_mixin.py:188} INFO - [2024-11-10T03:10:37.220+0000] {dagbag.py:545} INFO - Filling up the DagBag from /opt/airflow/dags/kai_logistik-silver-dashboard_investasi-highlight (format_input_project_milestone)_highlight.csv.py
[2024-11-10T03:10:37.251+0000] {processor.py:840} INFO - DAG(s) 'dashboard_investasi-highlight_format_input_project_milestone_highlight.csv' retrieved from /opt/airflow/dags/kai_logistik-silver-dashboard_investasi-highlight (format_input_project_milestone)_highlight.csv.py
[2024-11-10T03:10:37.271+0000] {logging_mixin.py:188} INFO - [2024-11-10T03:10:37.271+0000] {dag.py:3089} INFO - Sync 1 DAGs
[2024-11-10T03:10:37.289+0000] {logging_mixin.py:188} INFO - [2024-11-10T03:10:37.289+0000] {dag.py:3947} INFO - Setting next_dagrun for dashboard_investasi-highlight_format_input_project_milestone_highlight.csv to 2024-11-09 18:58:00+00:00, run_after=2024-11-09 18:59:00+00:00
[2024-11-10T03:10:37.315+0000] {processor.py:183} INFO - Processing /opt/airflow/dags/kai_logistik-silver-dashboard_investasi-highlight (format_input_project_milestone)_highlight.csv.py took 0.103 seconds
[2024-11-10T03:11:07.747+0000] {processor.py:161} INFO - Started process (PID=1766) to work on /opt/airflow/dags/kai_logistik-silver-dashboard_investasi-highlight (format_input_project_milestone)_highlight.csv.py
[2024-11-10T03:11:07.749+0000] {processor.py:830} INFO - Processing file /opt/airflow/dags/kai_logistik-silver-dashboard_investasi-highlight (format_input_project_milestone)_highlight.csv.py for tasks to queue
[2024-11-10T03:11:07.751+0000] {logging_mixin.py:188} INFO - [2024-11-10T03:11:07.751+0000] {dagbag.py:545} INFO - Filling up the DagBag from /opt/airflow/dags/kai_logistik-silver-dashboard_investasi-highlight (format_input_project_milestone)_highlight.csv.py
[2024-11-10T03:11:07.802+0000] {processor.py:840} INFO - DAG(s) 'dashboard_investasi-highlight_format_input_project_milestone_highlight.csv' retrieved from /opt/airflow/dags/kai_logistik-silver-dashboard_investasi-highlight (format_input_project_milestone)_highlight.csv.py
[2024-11-10T03:11:07.823+0000] {logging_mixin.py:188} INFO - [2024-11-10T03:11:07.823+0000] {dag.py:3089} INFO - Sync 1 DAGs
[2024-11-10T03:11:07.840+0000] {logging_mixin.py:188} INFO - [2024-11-10T03:11:07.840+0000] {dag.py:3947} INFO - Setting next_dagrun for dashboard_investasi-highlight_format_input_project_milestone_highlight.csv to 2024-11-09 18:58:00+00:00, run_after=2024-11-09 18:59:00+00:00
[2024-11-10T03:11:07.866+0000] {processor.py:183} INFO - Processing /opt/airflow/dags/kai_logistik-silver-dashboard_investasi-highlight (format_input_project_milestone)_highlight.csv.py took 0.124 seconds
[2024-11-10T03:11:38.879+0000] {processor.py:161} INFO - Started process (PID=2175) to work on /opt/airflow/dags/kai_logistik-silver-dashboard_investasi-highlight (format_input_project_milestone)_highlight.csv.py
[2024-11-10T03:11:38.880+0000] {processor.py:830} INFO - Processing file /opt/airflow/dags/kai_logistik-silver-dashboard_investasi-highlight (format_input_project_milestone)_highlight.csv.py for tasks to queue
[2024-11-10T03:11:38.883+0000] {logging_mixin.py:188} INFO - [2024-11-10T03:11:38.882+0000] {dagbag.py:545} INFO - Filling up the DagBag from /opt/airflow/dags/kai_logistik-silver-dashboard_investasi-highlight (format_input_project_milestone)_highlight.csv.py
[2024-11-10T03:11:38.909+0000] {processor.py:840} INFO - DAG(s) 'dashboard_investasi-highlight_format_input_project_milestone_highlight.csv' retrieved from /opt/airflow/dags/kai_logistik-silver-dashboard_investasi-highlight (format_input_project_milestone)_highlight.csv.py
[2024-11-10T03:11:38.926+0000] {logging_mixin.py:188} INFO - [2024-11-10T03:11:38.926+0000] {dag.py:3089} INFO - Sync 1 DAGs
[2024-11-10T03:11:38.943+0000] {logging_mixin.py:188} INFO - [2024-11-10T03:11:38.943+0000] {dag.py:3947} INFO - Setting next_dagrun for dashboard_investasi-highlight_format_input_project_milestone_highlight.csv to 2024-11-09 18:58:00+00:00, run_after=2024-11-09 18:59:00+00:00
[2024-11-10T03:11:38.965+0000] {processor.py:183} INFO - Processing /opt/airflow/dags/kai_logistik-silver-dashboard_investasi-highlight (format_input_project_milestone)_highlight.csv.py took 0.090 seconds
[2024-11-10T03:12:09.279+0000] {processor.py:161} INFO - Started process (PID=2591) to work on /opt/airflow/dags/kai_logistik-silver-dashboard_investasi-highlight (format_input_project_milestone)_highlight.csv.py
[2024-11-10T03:12:09.280+0000] {processor.py:830} INFO - Processing file /opt/airflow/dags/kai_logistik-silver-dashboard_investasi-highlight (format_input_project_milestone)_highlight.csv.py for tasks to queue
[2024-11-10T03:12:09.281+0000] {logging_mixin.py:188} INFO - [2024-11-10T03:12:09.281+0000] {dagbag.py:545} INFO - Filling up the DagBag from /opt/airflow/dags/kai_logistik-silver-dashboard_investasi-highlight (format_input_project_milestone)_highlight.csv.py
[2024-11-10T03:12:09.301+0000] {processor.py:840} INFO - DAG(s) 'dashboard_investasi-highlight_format_input_project_milestone_highlight.csv' retrieved from /opt/airflow/dags/kai_logistik-silver-dashboard_investasi-highlight (format_input_project_milestone)_highlight.csv.py
[2024-11-10T03:12:09.319+0000] {logging_mixin.py:188} INFO - [2024-11-10T03:12:09.318+0000] {dag.py:3089} INFO - Sync 1 DAGs
[2024-11-10T03:12:09.335+0000] {logging_mixin.py:188} INFO - [2024-11-10T03:12:09.335+0000] {dag.py:3947} INFO - Setting next_dagrun for dashboard_investasi-highlight_format_input_project_milestone_highlight.csv to 2024-11-09 18:58:00+00:00, run_after=2024-11-09 18:59:00+00:00
[2024-11-10T03:12:09.351+0000] {processor.py:183} INFO - Processing /opt/airflow/dags/kai_logistik-silver-dashboard_investasi-highlight (format_input_project_milestone)_highlight.csv.py took 0.076 seconds
[2024-11-10T03:12:40.161+0000] {processor.py:161} INFO - Started process (PID=3002) to work on /opt/airflow/dags/kai_logistik-silver-dashboard_investasi-highlight (format_input_project_milestone)_highlight.csv.py
[2024-11-10T03:12:40.163+0000] {processor.py:830} INFO - Processing file /opt/airflow/dags/kai_logistik-silver-dashboard_investasi-highlight (format_input_project_milestone)_highlight.csv.py for tasks to queue
[2024-11-10T03:12:40.165+0000] {logging_mixin.py:188} INFO - [2024-11-10T03:12:40.165+0000] {dagbag.py:545} INFO - Filling up the DagBag from /opt/airflow/dags/kai_logistik-silver-dashboard_investasi-highlight (format_input_project_milestone)_highlight.csv.py
[2024-11-10T03:12:40.195+0000] {processor.py:840} INFO - DAG(s) 'dashboard_investasi-highlight_format_input_project_milestone_highlight.csv' retrieved from /opt/airflow/dags/kai_logistik-silver-dashboard_investasi-highlight (format_input_project_milestone)_highlight.csv.py
[2024-11-10T03:12:40.225+0000] {logging_mixin.py:188} INFO - [2024-11-10T03:12:40.224+0000] {dag.py:3089} INFO - Sync 1 DAGs
[2024-11-10T03:12:40.251+0000] {logging_mixin.py:188} INFO - [2024-11-10T03:12:40.251+0000] {dag.py:3947} INFO - Setting next_dagrun for dashboard_investasi-highlight_format_input_project_milestone_highlight.csv to 2024-11-09 18:58:00+00:00, run_after=2024-11-09 18:59:00+00:00
[2024-11-10T03:12:40.272+0000] {processor.py:183} INFO - Processing /opt/airflow/dags/kai_logistik-silver-dashboard_investasi-highlight (format_input_project_milestone)_highlight.csv.py took 0.117 seconds
[2024-11-10T03:13:10.834+0000] {processor.py:161} INFO - Started process (PID=3415) to work on /opt/airflow/dags/kai_logistik-silver-dashboard_investasi-highlight (format_input_project_milestone)_highlight.csv.py
[2024-11-10T03:13:10.835+0000] {processor.py:830} INFO - Processing file /opt/airflow/dags/kai_logistik-silver-dashboard_investasi-highlight (format_input_project_milestone)_highlight.csv.py for tasks to queue
[2024-11-10T03:13:10.837+0000] {logging_mixin.py:188} INFO - [2024-11-10T03:13:10.837+0000] {dagbag.py:545} INFO - Filling up the DagBag from /opt/airflow/dags/kai_logistik-silver-dashboard_investasi-highlight (format_input_project_milestone)_highlight.csv.py
[2024-11-10T03:13:10.871+0000] {processor.py:840} INFO - DAG(s) 'dashboard_investasi-highlight_format_input_project_milestone_highlight.csv' retrieved from /opt/airflow/dags/kai_logistik-silver-dashboard_investasi-highlight (format_input_project_milestone)_highlight.csv.py
[2024-11-10T03:13:10.901+0000] {logging_mixin.py:188} INFO - [2024-11-10T03:13:10.901+0000] {dag.py:3089} INFO - Sync 1 DAGs
[2024-11-10T03:13:10.934+0000] {logging_mixin.py:188} INFO - [2024-11-10T03:13:10.934+0000] {dag.py:3947} INFO - Setting next_dagrun for dashboard_investasi-highlight_format_input_project_milestone_highlight.csv to 2024-11-09 18:58:00+00:00, run_after=2024-11-09 18:59:00+00:00
[2024-11-10T03:13:10.958+0000] {processor.py:183} INFO - Processing /opt/airflow/dags/kai_logistik-silver-dashboard_investasi-highlight (format_input_project_milestone)_highlight.csv.py took 0.130 seconds
[2024-11-10T03:13:41.395+0000] {processor.py:161} INFO - Started process (PID=3824) to work on /opt/airflow/dags/kai_logistik-silver-dashboard_investasi-highlight (format_input_project_milestone)_highlight.csv.py
[2024-11-10T03:13:41.396+0000] {processor.py:830} INFO - Processing file /opt/airflow/dags/kai_logistik-silver-dashboard_investasi-highlight (format_input_project_milestone)_highlight.csv.py for tasks to queue
[2024-11-10T03:13:41.398+0000] {logging_mixin.py:188} INFO - [2024-11-10T03:13:41.398+0000] {dagbag.py:545} INFO - Filling up the DagBag from /opt/airflow/dags/kai_logistik-silver-dashboard_investasi-highlight (format_input_project_milestone)_highlight.csv.py
[2024-11-10T03:13:41.425+0000] {processor.py:840} INFO - DAG(s) 'dashboard_investasi-highlight_format_input_project_milestone_highlight.csv' retrieved from /opt/airflow/dags/kai_logistik-silver-dashboard_investasi-highlight (format_input_project_milestone)_highlight.csv.py
[2024-11-10T03:13:41.450+0000] {logging_mixin.py:188} INFO - [2024-11-10T03:13:41.449+0000] {dag.py:3089} INFO - Sync 1 DAGs
[2024-11-10T03:13:41.470+0000] {logging_mixin.py:188} INFO - [2024-11-10T03:13:41.470+0000] {dag.py:3947} INFO - Setting next_dagrun for dashboard_investasi-highlight_format_input_project_milestone_highlight.csv to 2024-11-09 18:58:00+00:00, run_after=2024-11-09 18:59:00+00:00
[2024-11-10T03:13:41.486+0000] {processor.py:183} INFO - Processing /opt/airflow/dags/kai_logistik-silver-dashboard_investasi-highlight (format_input_project_milestone)_highlight.csv.py took 0.096 seconds
[2024-11-10T03:14:12.351+0000] {processor.py:161} INFO - Started process (PID=4235) to work on /opt/airflow/dags/kai_logistik-silver-dashboard_investasi-highlight (format_input_project_milestone)_highlight.csv.py
[2024-11-10T03:14:12.352+0000] {processor.py:830} INFO - Processing file /opt/airflow/dags/kai_logistik-silver-dashboard_investasi-highlight (format_input_project_milestone)_highlight.csv.py for tasks to queue
[2024-11-10T03:14:12.354+0000] {logging_mixin.py:188} INFO - [2024-11-10T03:14:12.354+0000] {dagbag.py:545} INFO - Filling up the DagBag from /opt/airflow/dags/kai_logistik-silver-dashboard_investasi-highlight (format_input_project_milestone)_highlight.csv.py
[2024-11-10T03:14:12.387+0000] {processor.py:840} INFO - DAG(s) 'dashboard_investasi-highlight_format_input_project_milestone_highlight.csv' retrieved from /opt/airflow/dags/kai_logistik-silver-dashboard_investasi-highlight (format_input_project_milestone)_highlight.csv.py
[2024-11-10T03:14:12.406+0000] {logging_mixin.py:188} INFO - [2024-11-10T03:14:12.406+0000] {dag.py:3089} INFO - Sync 1 DAGs
[2024-11-10T03:14:12.423+0000] {logging_mixin.py:188} INFO - [2024-11-10T03:14:12.423+0000] {dag.py:3947} INFO - Setting next_dagrun for dashboard_investasi-highlight_format_input_project_milestone_highlight.csv to 2024-11-09 18:58:00+00:00, run_after=2024-11-09 18:59:00+00:00
[2024-11-10T03:14:12.445+0000] {processor.py:183} INFO - Processing /opt/airflow/dags/kai_logistik-silver-dashboard_investasi-highlight (format_input_project_milestone)_highlight.csv.py took 0.099 seconds
