[2024-11-10T03:09:29.633+0000] {processor.py:161} INFO - Started process (PID=416) to work on /opt/airflow/dags/kai_logistik-silver-dashboard_investasi-users.py
[2024-11-10T03:09:29.637+0000] {processor.py:830} INFO - Processing file /opt/airflow/dags/kai_logistik-silver-dashboard_investasi-users.py for tasks to queue
[2024-11-10T03:09:29.640+0000] {logging_mixin.py:188} INFO - [2024-11-10T03:09:29.640+0000] {dagbag.py:545} INFO - Filling up the DagBag from /opt/airflow/dags/kai_logistik-silver-dashboard_investasi-users.py
[2024-11-10T03:09:29.704+0000] {processor.py:840} INFO - DAG(s) 'dashboard_investasi-users' retrieved from /opt/airflow/dags/kai_logistik-silver-dashboard_investasi-users.py
[2024-11-10T03:09:29.881+0000] {logging_mixin.py:188} INFO - [2024-11-10T03:09:29.880+0000] {override.py:1858} INFO - Created Permission View: can read on DAG:dashboard_investasi-users
[2024-11-10T03:09:29.898+0000] {logging_mixin.py:188} INFO - [2024-11-10T03:09:29.897+0000] {override.py:1858} INFO - Created Permission View: can delete on DAG:dashboard_investasi-users
[2024-11-10T03:09:29.908+0000] {logging_mixin.py:188} INFO - [2024-11-10T03:09:29.908+0000] {override.py:1858} INFO - Created Permission View: can edit on DAG:dashboard_investasi-users
[2024-11-10T03:09:29.910+0000] {logging_mixin.py:188} INFO - [2024-11-10T03:09:29.909+0000] {dag.py:3089} INFO - Sync 1 DAGs
[2024-11-10T03:09:29.925+0000] {logging_mixin.py:188} INFO - [2024-11-10T03:09:29.924+0000] {dag.py:3111} INFO - Creating ORM DAG for dashboard_investasi-users
[2024-11-10T03:09:29.941+0000] {logging_mixin.py:188} INFO - [2024-11-10T03:09:29.941+0000] {dag.py:3947} INFO - Setting next_dagrun for dashboard_investasi-users to 2024-11-09 18:58:00+00:00, run_after=2024-11-09 18:59:00+00:00
[2024-11-10T03:09:29.967+0000] {processor.py:183} INFO - Processing /opt/airflow/dags/kai_logistik-silver-dashboard_investasi-users.py took 0.341 seconds
[2024-11-10T03:10:00.190+0000] {processor.py:161} INFO - Started process (PID=827) to work on /opt/airflow/dags/kai_logistik-silver-dashboard_investasi-users.py
[2024-11-10T03:10:00.191+0000] {processor.py:830} INFO - Processing file /opt/airflow/dags/kai_logistik-silver-dashboard_investasi-users.py for tasks to queue
[2024-11-10T03:10:00.193+0000] {logging_mixin.py:188} INFO - [2024-11-10T03:10:00.193+0000] {dagbag.py:545} INFO - Filling up the DagBag from /opt/airflow/dags/kai_logistik-silver-dashboard_investasi-users.py
[2024-11-10T03:10:00.229+0000] {processor.py:840} INFO - DAG(s) 'dashboard_investasi-users' retrieved from /opt/airflow/dags/kai_logistik-silver-dashboard_investasi-users.py
[2024-11-10T03:10:00.251+0000] {logging_mixin.py:188} INFO - [2024-11-10T03:10:00.250+0000] {dag.py:3089} INFO - Sync 1 DAGs
[2024-11-10T03:10:00.268+0000] {logging_mixin.py:188} INFO - [2024-11-10T03:10:00.268+0000] {dag.py:3947} INFO - Setting next_dagrun for dashboard_investasi-users to 2024-11-09 18:58:00+00:00, run_after=2024-11-09 18:59:00+00:00
[2024-11-10T03:10:00.296+0000] {processor.py:183} INFO - Processing /opt/airflow/dags/kai_logistik-silver-dashboard_investasi-users.py took 0.112 seconds
[2024-11-10T03:10:31.098+0000] {processor.py:161} INFO - Started process (PID=1240) to work on /opt/airflow/dags/kai_logistik-silver-dashboard_investasi-users.py
[2024-11-10T03:10:31.100+0000] {processor.py:830} INFO - Processing file /opt/airflow/dags/kai_logistik-silver-dashboard_investasi-users.py for tasks to queue
[2024-11-10T03:10:31.102+0000] {logging_mixin.py:188} INFO - [2024-11-10T03:10:31.102+0000] {dagbag.py:545} INFO - Filling up the DagBag from /opt/airflow/dags/kai_logistik-silver-dashboard_investasi-users.py
[2024-11-10T03:10:31.161+0000] {processor.py:840} INFO - DAG(s) 'dashboard_investasi-users' retrieved from /opt/airflow/dags/kai_logistik-silver-dashboard_investasi-users.py
[2024-11-10T03:10:31.181+0000] {logging_mixin.py:188} INFO - [2024-11-10T03:10:31.181+0000] {dag.py:3089} INFO - Sync 1 DAGs
[2024-11-10T03:10:31.201+0000] {logging_mixin.py:188} INFO - [2024-11-10T03:10:31.201+0000] {dag.py:3947} INFO - Setting next_dagrun for dashboard_investasi-users to 2024-11-09 18:58:00+00:00, run_after=2024-11-09 18:59:00+00:00
[2024-11-10T03:10:31.227+0000] {processor.py:183} INFO - Processing /opt/airflow/dags/kai_logistik-silver-dashboard_investasi-users.py took 0.135 seconds
[2024-11-10T03:11:01.540+0000] {processor.py:161} INFO - Started process (PID=1651) to work on /opt/airflow/dags/kai_logistik-silver-dashboard_investasi-users.py
[2024-11-10T03:11:01.542+0000] {processor.py:830} INFO - Processing file /opt/airflow/dags/kai_logistik-silver-dashboard_investasi-users.py for tasks to queue
[2024-11-10T03:11:01.544+0000] {logging_mixin.py:188} INFO - [2024-11-10T03:11:01.544+0000] {dagbag.py:545} INFO - Filling up the DagBag from /opt/airflow/dags/kai_logistik-silver-dashboard_investasi-users.py
[2024-11-10T03:11:01.569+0000] {processor.py:840} INFO - DAG(s) 'dashboard_investasi-users' retrieved from /opt/airflow/dags/kai_logistik-silver-dashboard_investasi-users.py
[2024-11-10T03:11:01.591+0000] {logging_mixin.py:188} INFO - [2024-11-10T03:11:01.591+0000] {dag.py:3089} INFO - Sync 1 DAGs
[2024-11-10T03:11:01.611+0000] {logging_mixin.py:188} INFO - [2024-11-10T03:11:01.610+0000] {dag.py:3947} INFO - Setting next_dagrun for dashboard_investasi-users to 2024-11-09 18:58:00+00:00, run_after=2024-11-09 18:59:00+00:00
[2024-11-10T03:11:01.626+0000] {processor.py:183} INFO - Processing /opt/airflow/dags/kai_logistik-silver-dashboard_investasi-users.py took 0.092 seconds
[2024-11-10T03:11:31.961+0000] {processor.py:161} INFO - Started process (PID=2062) to work on /opt/airflow/dags/kai_logistik-silver-dashboard_investasi-users.py
[2024-11-10T03:11:31.963+0000] {processor.py:830} INFO - Processing file /opt/airflow/dags/kai_logistik-silver-dashboard_investasi-users.py for tasks to queue
[2024-11-10T03:11:31.965+0000] {logging_mixin.py:188} INFO - [2024-11-10T03:11:31.965+0000] {dagbag.py:545} INFO - Filling up the DagBag from /opt/airflow/dags/kai_logistik-silver-dashboard_investasi-users.py
[2024-11-10T03:11:31.997+0000] {processor.py:840} INFO - DAG(s) 'dashboard_investasi-users' retrieved from /opt/airflow/dags/kai_logistik-silver-dashboard_investasi-users.py
[2024-11-10T03:11:32.017+0000] {logging_mixin.py:188} INFO - [2024-11-10T03:11:32.017+0000] {dag.py:3089} INFO - Sync 1 DAGs
[2024-11-10T03:11:32.036+0000] {logging_mixin.py:188} INFO - [2024-11-10T03:11:32.036+0000] {dag.py:3947} INFO - Setting next_dagrun for dashboard_investasi-users to 2024-11-09 18:58:00+00:00, run_after=2024-11-09 18:59:00+00:00
[2024-11-10T03:11:32.053+0000] {processor.py:183} INFO - Processing /opt/airflow/dags/kai_logistik-silver-dashboard_investasi-users.py took 0.097 seconds
[2024-11-10T03:12:02.678+0000] {processor.py:161} INFO - Started process (PID=2473) to work on /opt/airflow/dags/kai_logistik-silver-dashboard_investasi-users.py
[2024-11-10T03:12:02.679+0000] {processor.py:830} INFO - Processing file /opt/airflow/dags/kai_logistik-silver-dashboard_investasi-users.py for tasks to queue
[2024-11-10T03:12:02.681+0000] {logging_mixin.py:188} INFO - [2024-11-10T03:12:02.681+0000] {dagbag.py:545} INFO - Filling up the DagBag from /opt/airflow/dags/kai_logistik-silver-dashboard_investasi-users.py
[2024-11-10T03:12:02.716+0000] {processor.py:840} INFO - DAG(s) 'dashboard_investasi-users' retrieved from /opt/airflow/dags/kai_logistik-silver-dashboard_investasi-users.py
[2024-11-10T03:12:02.736+0000] {logging_mixin.py:188} INFO - [2024-11-10T03:12:02.736+0000] {dag.py:3089} INFO - Sync 1 DAGs
[2024-11-10T03:12:02.755+0000] {logging_mixin.py:188} INFO - [2024-11-10T03:12:02.754+0000] {dag.py:3947} INFO - Setting next_dagrun for dashboard_investasi-users to 2024-11-09 18:58:00+00:00, run_after=2024-11-09 18:59:00+00:00
[2024-11-10T03:12:02.780+0000] {processor.py:183} INFO - Processing /opt/airflow/dags/kai_logistik-silver-dashboard_investasi-users.py took 0.106 seconds
[2024-11-10T03:12:33.348+0000] {processor.py:161} INFO - Started process (PID=2884) to work on /opt/airflow/dags/kai_logistik-silver-dashboard_investasi-users.py
[2024-11-10T03:12:33.349+0000] {processor.py:830} INFO - Processing file /opt/airflow/dags/kai_logistik-silver-dashboard_investasi-users.py for tasks to queue
[2024-11-10T03:12:33.352+0000] {logging_mixin.py:188} INFO - [2024-11-10T03:12:33.352+0000] {dagbag.py:545} INFO - Filling up the DagBag from /opt/airflow/dags/kai_logistik-silver-dashboard_investasi-users.py
[2024-11-10T03:12:33.394+0000] {processor.py:840} INFO - DAG(s) 'dashboard_investasi-users' retrieved from /opt/airflow/dags/kai_logistik-silver-dashboard_investasi-users.py
[2024-11-10T03:12:33.412+0000] {logging_mixin.py:188} INFO - [2024-11-10T03:12:33.412+0000] {dag.py:3089} INFO - Sync 1 DAGs
[2024-11-10T03:12:33.428+0000] {logging_mixin.py:188} INFO - [2024-11-10T03:12:33.427+0000] {dag.py:3947} INFO - Setting next_dagrun for dashboard_investasi-users to 2024-11-09 18:58:00+00:00, run_after=2024-11-09 18:59:00+00:00
[2024-11-10T03:12:33.453+0000] {processor.py:183} INFO - Processing /opt/airflow/dags/kai_logistik-silver-dashboard_investasi-users.py took 0.111 seconds
[2024-11-10T03:13:04.610+0000] {processor.py:161} INFO - Started process (PID=3293) to work on /opt/airflow/dags/kai_logistik-silver-dashboard_investasi-users.py
[2024-11-10T03:13:04.613+0000] {processor.py:830} INFO - Processing file /opt/airflow/dags/kai_logistik-silver-dashboard_investasi-users.py for tasks to queue
[2024-11-10T03:13:04.617+0000] {logging_mixin.py:188} INFO - [2024-11-10T03:13:04.617+0000] {dagbag.py:545} INFO - Filling up the DagBag from /opt/airflow/dags/kai_logistik-silver-dashboard_investasi-users.py
[2024-11-10T03:13:04.656+0000] {processor.py:840} INFO - DAG(s) 'dashboard_investasi-users' retrieved from /opt/airflow/dags/kai_logistik-silver-dashboard_investasi-users.py
[2024-11-10T03:13:04.680+0000] {logging_mixin.py:188} INFO - [2024-11-10T03:13:04.679+0000] {dag.py:3089} INFO - Sync 1 DAGs
[2024-11-10T03:13:04.700+0000] {logging_mixin.py:188} INFO - [2024-11-10T03:13:04.700+0000] {dag.py:3947} INFO - Setting next_dagrun for dashboard_investasi-users to 2024-11-09 18:58:00+00:00, run_after=2024-11-09 18:59:00+00:00
[2024-11-10T03:13:04.720+0000] {processor.py:183} INFO - Processing /opt/airflow/dags/kai_logistik-silver-dashboard_investasi-users.py took 0.115 seconds
[2024-11-10T03:13:35.049+0000] {processor.py:161} INFO - Started process (PID=3706) to work on /opt/airflow/dags/kai_logistik-silver-dashboard_investasi-users.py
[2024-11-10T03:13:35.050+0000] {processor.py:830} INFO - Processing file /opt/airflow/dags/kai_logistik-silver-dashboard_investasi-users.py for tasks to queue
[2024-11-10T03:13:35.052+0000] {logging_mixin.py:188} INFO - [2024-11-10T03:13:35.051+0000] {dagbag.py:545} INFO - Filling up the DagBag from /opt/airflow/dags/kai_logistik-silver-dashboard_investasi-users.py
[2024-11-10T03:13:35.076+0000] {processor.py:840} INFO - DAG(s) 'dashboard_investasi-users' retrieved from /opt/airflow/dags/kai_logistik-silver-dashboard_investasi-users.py
[2024-11-10T03:13:35.095+0000] {logging_mixin.py:188} INFO - [2024-11-10T03:13:35.095+0000] {dag.py:3089} INFO - Sync 1 DAGs
[2024-11-10T03:13:35.111+0000] {logging_mixin.py:188} INFO - [2024-11-10T03:13:35.111+0000] {dag.py:3947} INFO - Setting next_dagrun for dashboard_investasi-users to 2024-11-09 18:58:00+00:00, run_after=2024-11-09 18:59:00+00:00
[2024-11-10T03:13:35.132+0000] {processor.py:183} INFO - Processing /opt/airflow/dags/kai_logistik-silver-dashboard_investasi-users.py took 0.088 seconds
[2024-11-10T03:14:05.687+0000] {processor.py:161} INFO - Started process (PID=4117) to work on /opt/airflow/dags/kai_logistik-silver-dashboard_investasi-users.py
[2024-11-10T03:14:05.689+0000] {processor.py:830} INFO - Processing file /opt/airflow/dags/kai_logistik-silver-dashboard_investasi-users.py for tasks to queue
[2024-11-10T03:14:05.691+0000] {logging_mixin.py:188} INFO - [2024-11-10T03:14:05.691+0000] {dagbag.py:545} INFO - Filling up the DagBag from /opt/airflow/dags/kai_logistik-silver-dashboard_investasi-users.py
[2024-11-10T03:14:05.816+0000] {processor.py:840} INFO - DAG(s) 'dashboard_investasi-users' retrieved from /opt/airflow/dags/kai_logistik-silver-dashboard_investasi-users.py
[2024-11-10T03:14:05.845+0000] {logging_mixin.py:188} INFO - [2024-11-10T03:14:05.844+0000] {dag.py:3089} INFO - Sync 1 DAGs
[2024-11-10T03:14:05.872+0000] {logging_mixin.py:188} INFO - [2024-11-10T03:14:05.872+0000] {dag.py:3947} INFO - Setting next_dagrun for dashboard_investasi-users to 2024-11-09 18:58:00+00:00, run_after=2024-11-09 18:59:00+00:00
[2024-11-10T03:14:05.916+0000] {processor.py:183} INFO - Processing /opt/airflow/dags/kai_logistik-silver-dashboard_investasi-users.py took 0.234 seconds
