[2024-11-10T03:09:22.688+0000] {processor.py:161} INFO - Started process (PID=238) to work on /opt/airflow/dags/kai_logistik-silver-dashboard_material-makt.py
[2024-11-10T03:09:22.689+0000] {processor.py:830} INFO - Processing file /opt/airflow/dags/kai_logistik-silver-dashboard_material-makt.py for tasks to queue
[2024-11-10T03:09:22.691+0000] {logging_mixin.py:188} INFO - [2024-11-10T03:09:22.691+0000] {dagbag.py:545} INFO - Filling up the DagBag from /opt/airflow/dags/kai_logistik-silver-dashboard_material-makt.py
[2024-11-10T03:09:22.723+0000] {processor.py:840} INFO - DAG(s) 'dashboard_material-makt' retrieved from /opt/airflow/dags/kai_logistik-silver-dashboard_material-makt.py
[2024-11-10T03:09:22.803+0000] {logging_mixin.py:188} INFO - [2024-11-10T03:09:22.803+0000] {override.py:1858} INFO - Created Permission View: can read on DAG:dashboard_material-makt
[2024-11-10T03:09:22.812+0000] {logging_mixin.py:188} INFO - [2024-11-10T03:09:22.812+0000] {override.py:1858} INFO - Created Permission View: can delete on DAG:dashboard_material-makt
[2024-11-10T03:09:22.817+0000] {logging_mixin.py:188} INFO - [2024-11-10T03:09:22.817+0000] {override.py:1858} INFO - Created Permission View: can edit on DAG:dashboard_material-makt
[2024-11-10T03:09:22.818+0000] {logging_mixin.py:188} INFO - [2024-11-10T03:09:22.818+0000] {dag.py:3089} INFO - Sync 1 DAGs
[2024-11-10T03:09:22.826+0000] {logging_mixin.py:188} INFO - [2024-11-10T03:09:22.826+0000] {dag.py:3111} INFO - Creating ORM DAG for dashboard_material-makt
[2024-11-10T03:09:22.838+0000] {logging_mixin.py:188} INFO - [2024-11-10T03:09:22.838+0000] {dag.py:3947} INFO - Setting next_dagrun for dashboard_material-makt to 2024-11-09 18:58:00+00:00, run_after=2024-11-09 18:59:00+00:00
[2024-11-10T03:09:22.857+0000] {processor.py:183} INFO - Processing /opt/airflow/dags/kai_logistik-silver-dashboard_material-makt.py took 0.174 seconds
[2024-11-10T03:09:53.787+0000] {processor.py:161} INFO - Started process (PID=649) to work on /opt/airflow/dags/kai_logistik-silver-dashboard_material-makt.py
[2024-11-10T03:09:53.788+0000] {processor.py:830} INFO - Processing file /opt/airflow/dags/kai_logistik-silver-dashboard_material-makt.py for tasks to queue
[2024-11-10T03:09:53.790+0000] {logging_mixin.py:188} INFO - [2024-11-10T03:09:53.790+0000] {dagbag.py:545} INFO - Filling up the DagBag from /opt/airflow/dags/kai_logistik-silver-dashboard_material-makt.py
[2024-11-10T03:09:53.819+0000] {processor.py:840} INFO - DAG(s) 'dashboard_material-makt' retrieved from /opt/airflow/dags/kai_logistik-silver-dashboard_material-makt.py
[2024-11-10T03:09:53.847+0000] {logging_mixin.py:188} INFO - [2024-11-10T03:09:53.847+0000] {dag.py:3089} INFO - Sync 1 DAGs
[2024-11-10T03:09:53.866+0000] {logging_mixin.py:188} INFO - [2024-11-10T03:09:53.866+0000] {dag.py:3947} INFO - Setting next_dagrun for dashboard_material-makt to 2024-11-09 18:58:00+00:00, run_after=2024-11-09 18:59:00+00:00
[2024-11-10T03:09:53.886+0000] {processor.py:183} INFO - Processing /opt/airflow/dags/kai_logistik-silver-dashboard_material-makt.py took 0.107 seconds
[2024-11-10T03:10:24.197+0000] {processor.py:161} INFO - Started process (PID=1060) to work on /opt/airflow/dags/kai_logistik-silver-dashboard_material-makt.py
[2024-11-10T03:10:24.198+0000] {processor.py:830} INFO - Processing file /opt/airflow/dags/kai_logistik-silver-dashboard_material-makt.py for tasks to queue
[2024-11-10T03:10:24.200+0000] {logging_mixin.py:188} INFO - [2024-11-10T03:10:24.200+0000] {dagbag.py:545} INFO - Filling up the DagBag from /opt/airflow/dags/kai_logistik-silver-dashboard_material-makt.py
[2024-11-10T03:10:24.230+0000] {processor.py:840} INFO - DAG(s) 'dashboard_material-makt' retrieved from /opt/airflow/dags/kai_logistik-silver-dashboard_material-makt.py
[2024-11-10T03:10:24.256+0000] {logging_mixin.py:188} INFO - [2024-11-10T03:10:24.256+0000] {dag.py:3089} INFO - Sync 1 DAGs
[2024-11-10T03:10:24.280+0000] {logging_mixin.py:188} INFO - [2024-11-10T03:10:24.280+0000] {dag.py:3947} INFO - Setting next_dagrun for dashboard_material-makt to 2024-11-09 18:58:00+00:00, run_after=2024-11-09 18:59:00+00:00
[2024-11-10T03:10:24.304+0000] {processor.py:183} INFO - Processing /opt/airflow/dags/kai_logistik-silver-dashboard_material-makt.py took 0.112 seconds
[2024-11-10T03:10:55.274+0000] {processor.py:161} INFO - Started process (PID=1471) to work on /opt/airflow/dags/kai_logistik-silver-dashboard_material-makt.py
[2024-11-10T03:10:55.275+0000] {processor.py:830} INFO - Processing file /opt/airflow/dags/kai_logistik-silver-dashboard_material-makt.py for tasks to queue
[2024-11-10T03:10:55.277+0000] {logging_mixin.py:188} INFO - [2024-11-10T03:10:55.277+0000] {dagbag.py:545} INFO - Filling up the DagBag from /opt/airflow/dags/kai_logistik-silver-dashboard_material-makt.py
[2024-11-10T03:10:55.309+0000] {processor.py:840} INFO - DAG(s) 'dashboard_material-makt' retrieved from /opt/airflow/dags/kai_logistik-silver-dashboard_material-makt.py
[2024-11-10T03:10:55.328+0000] {logging_mixin.py:188} INFO - [2024-11-10T03:10:55.328+0000] {dag.py:3089} INFO - Sync 1 DAGs
[2024-11-10T03:10:55.345+0000] {logging_mixin.py:188} INFO - [2024-11-10T03:10:55.345+0000] {dag.py:3947} INFO - Setting next_dagrun for dashboard_material-makt to 2024-11-09 18:58:00+00:00, run_after=2024-11-09 18:59:00+00:00
[2024-11-10T03:10:55.360+0000] {processor.py:183} INFO - Processing /opt/airflow/dags/kai_logistik-silver-dashboard_material-makt.py took 0.092 seconds
[2024-11-10T03:11:26.008+0000] {processor.py:161} INFO - Started process (PID=1882) to work on /opt/airflow/dags/kai_logistik-silver-dashboard_material-makt.py
[2024-11-10T03:11:26.010+0000] {processor.py:830} INFO - Processing file /opt/airflow/dags/kai_logistik-silver-dashboard_material-makt.py for tasks to queue
[2024-11-10T03:11:26.012+0000] {logging_mixin.py:188} INFO - [2024-11-10T03:11:26.012+0000] {dagbag.py:545} INFO - Filling up the DagBag from /opt/airflow/dags/kai_logistik-silver-dashboard_material-makt.py
[2024-11-10T03:11:26.036+0000] {processor.py:840} INFO - DAG(s) 'dashboard_material-makt' retrieved from /opt/airflow/dags/kai_logistik-silver-dashboard_material-makt.py
[2024-11-10T03:11:26.057+0000] {logging_mixin.py:188} INFO - [2024-11-10T03:11:26.056+0000] {dag.py:3089} INFO - Sync 1 DAGs
[2024-11-10T03:11:26.076+0000] {logging_mixin.py:188} INFO - [2024-11-10T03:11:26.076+0000] {dag.py:3947} INFO - Setting next_dagrun for dashboard_material-makt to 2024-11-09 18:58:00+00:00, run_after=2024-11-09 18:59:00+00:00
[2024-11-10T03:11:26.104+0000] {processor.py:183} INFO - Processing /opt/airflow/dags/kai_logistik-silver-dashboard_material-makt.py took 0.100 seconds
[2024-11-10T03:11:56.649+0000] {processor.py:161} INFO - Started process (PID=2293) to work on /opt/airflow/dags/kai_logistik-silver-dashboard_material-makt.py
[2024-11-10T03:11:56.651+0000] {processor.py:830} INFO - Processing file /opt/airflow/dags/kai_logistik-silver-dashboard_material-makt.py for tasks to queue
[2024-11-10T03:11:56.652+0000] {logging_mixin.py:188} INFO - [2024-11-10T03:11:56.652+0000] {dagbag.py:545} INFO - Filling up the DagBag from /opt/airflow/dags/kai_logistik-silver-dashboard_material-makt.py
[2024-11-10T03:11:56.675+0000] {processor.py:840} INFO - DAG(s) 'dashboard_material-makt' retrieved from /opt/airflow/dags/kai_logistik-silver-dashboard_material-makt.py
[2024-11-10T03:11:56.692+0000] {logging_mixin.py:188} INFO - [2024-11-10T03:11:56.691+0000] {dag.py:3089} INFO - Sync 1 DAGs
[2024-11-10T03:11:56.708+0000] {logging_mixin.py:188} INFO - [2024-11-10T03:11:56.708+0000] {dag.py:3947} INFO - Setting next_dagrun for dashboard_material-makt to 2024-11-09 18:58:00+00:00, run_after=2024-11-09 18:59:00+00:00
[2024-11-10T03:11:56.732+0000] {processor.py:183} INFO - Processing /opt/airflow/dags/kai_logistik-silver-dashboard_material-makt.py took 0.086 seconds
[2024-11-10T03:12:27.000+0000] {processor.py:161} INFO - Started process (PID=2704) to work on /opt/airflow/dags/kai_logistik-silver-dashboard_material-makt.py
[2024-11-10T03:12:27.001+0000] {processor.py:830} INFO - Processing file /opt/airflow/dags/kai_logistik-silver-dashboard_material-makt.py for tasks to queue
[2024-11-10T03:12:27.004+0000] {logging_mixin.py:188} INFO - [2024-11-10T03:12:27.003+0000] {dagbag.py:545} INFO - Filling up the DagBag from /opt/airflow/dags/kai_logistik-silver-dashboard_material-makt.py
[2024-11-10T03:12:27.024+0000] {processor.py:840} INFO - DAG(s) 'dashboard_material-makt' retrieved from /opt/airflow/dags/kai_logistik-silver-dashboard_material-makt.py
[2024-11-10T03:12:27.042+0000] {logging_mixin.py:188} INFO - [2024-11-10T03:12:27.042+0000] {dag.py:3089} INFO - Sync 1 DAGs
[2024-11-10T03:12:27.063+0000] {logging_mixin.py:188} INFO - [2024-11-10T03:12:27.063+0000] {dag.py:3947} INFO - Setting next_dagrun for dashboard_material-makt to 2024-11-09 18:58:00+00:00, run_after=2024-11-09 18:59:00+00:00
[2024-11-10T03:12:27.081+0000] {processor.py:183} INFO - Processing /opt/airflow/dags/kai_logistik-silver-dashboard_material-makt.py took 0.085 seconds
[2024-11-10T03:12:57.629+0000] {processor.py:161} INFO - Started process (PID=3115) to work on /opt/airflow/dags/kai_logistik-silver-dashboard_material-makt.py
[2024-11-10T03:12:57.630+0000] {processor.py:830} INFO - Processing file /opt/airflow/dags/kai_logistik-silver-dashboard_material-makt.py for tasks to queue
[2024-11-10T03:12:57.633+0000] {logging_mixin.py:188} INFO - [2024-11-10T03:12:57.632+0000] {dagbag.py:545} INFO - Filling up the DagBag from /opt/airflow/dags/kai_logistik-silver-dashboard_material-makt.py
[2024-11-10T03:12:57.662+0000] {processor.py:840} INFO - DAG(s) 'dashboard_material-makt' retrieved from /opt/airflow/dags/kai_logistik-silver-dashboard_material-makt.py
[2024-11-10T03:12:57.684+0000] {logging_mixin.py:188} INFO - [2024-11-10T03:12:57.684+0000] {dag.py:3089} INFO - Sync 1 DAGs
[2024-11-10T03:12:57.707+0000] {logging_mixin.py:188} INFO - [2024-11-10T03:12:57.707+0000] {dag.py:3947} INFO - Setting next_dagrun for dashboard_material-makt to 2024-11-09 18:58:00+00:00, run_after=2024-11-09 18:59:00+00:00
[2024-11-10T03:12:57.726+0000] {processor.py:183} INFO - Processing /opt/airflow/dags/kai_logistik-silver-dashboard_material-makt.py took 0.104 seconds
[2024-11-10T03:13:28.197+0000] {processor.py:161} INFO - Started process (PID=3526) to work on /opt/airflow/dags/kai_logistik-silver-dashboard_material-makt.py
[2024-11-10T03:13:28.198+0000] {processor.py:830} INFO - Processing file /opt/airflow/dags/kai_logistik-silver-dashboard_material-makt.py for tasks to queue
[2024-11-10T03:13:28.199+0000] {logging_mixin.py:188} INFO - [2024-11-10T03:13:28.199+0000] {dagbag.py:545} INFO - Filling up the DagBag from /opt/airflow/dags/kai_logistik-silver-dashboard_material-makt.py
[2024-11-10T03:13:28.217+0000] {processor.py:840} INFO - DAG(s) 'dashboard_material-makt' retrieved from /opt/airflow/dags/kai_logistik-silver-dashboard_material-makt.py
[2024-11-10T03:13:28.241+0000] {logging_mixin.py:188} INFO - [2024-11-10T03:13:28.240+0000] {dag.py:3089} INFO - Sync 1 DAGs
[2024-11-10T03:13:28.262+0000] {logging_mixin.py:188} INFO - [2024-11-10T03:13:28.262+0000] {dag.py:3947} INFO - Setting next_dagrun for dashboard_material-makt to 2024-11-09 18:58:00+00:00, run_after=2024-11-09 18:59:00+00:00
[2024-11-10T03:13:28.281+0000] {processor.py:183} INFO - Processing /opt/airflow/dags/kai_logistik-silver-dashboard_material-makt.py took 0.089 seconds
[2024-11-10T03:13:58.755+0000] {processor.py:161} INFO - Started process (PID=3937) to work on /opt/airflow/dags/kai_logistik-silver-dashboard_material-makt.py
[2024-11-10T03:13:58.757+0000] {processor.py:830} INFO - Processing file /opt/airflow/dags/kai_logistik-silver-dashboard_material-makt.py for tasks to queue
[2024-11-10T03:13:58.759+0000] {logging_mixin.py:188} INFO - [2024-11-10T03:13:58.759+0000] {dagbag.py:545} INFO - Filling up the DagBag from /opt/airflow/dags/kai_logistik-silver-dashboard_material-makt.py
[2024-11-10T03:13:58.793+0000] {processor.py:840} INFO - DAG(s) 'dashboard_material-makt' retrieved from /opt/airflow/dags/kai_logistik-silver-dashboard_material-makt.py
[2024-11-10T03:13:58.832+0000] {logging_mixin.py:188} INFO - [2024-11-10T03:13:58.832+0000] {dag.py:3089} INFO - Sync 1 DAGs
[2024-11-10T03:13:58.864+0000] {logging_mixin.py:188} INFO - [2024-11-10T03:13:58.864+0000] {dag.py:3947} INFO - Setting next_dagrun for dashboard_material-makt to 2024-11-09 18:58:00+00:00, run_after=2024-11-09 18:59:00+00:00
[2024-11-10T03:13:58.896+0000] {processor.py:183} INFO - Processing /opt/airflow/dags/kai_logistik-silver-dashboard_material-makt.py took 0.147 seconds
