[2024-11-10T03:09:37.810+0000] {processor.py:161} INFO - Started process (PID=581) to work on /opt/airflow/dags/kai_logistik-silver-dashboard_investasi-program_timeline_copy.py
[2024-11-10T03:09:37.812+0000] {processor.py:830} INFO - Processing file /opt/airflow/dags/kai_logistik-silver-dashboard_investasi-program_timeline_copy.py for tasks to queue
[2024-11-10T03:09:37.814+0000] {logging_mixin.py:188} INFO - [2024-11-10T03:09:37.813+0000] {dagbag.py:545} INFO - Filling up the DagBag from /opt/airflow/dags/kai_logistik-silver-dashboard_investasi-program_timeline_copy.py
[2024-11-10T03:09:37.864+0000] {processor.py:840} INFO - DAG(s) 'dashboard_investasi-program_timeline_copy' retrieved from /opt/airflow/dags/kai_logistik-silver-dashboard_investasi-program_timeline_copy.py
[2024-11-10T03:09:37.960+0000] {logging_mixin.py:188} INFO - [2024-11-10T03:09:37.960+0000] {override.py:1858} INFO - Created Permission View: can read on DAG:dashboard_investasi-program_timeline_copy
[2024-11-10T03:09:37.980+0000] {logging_mixin.py:188} INFO - [2024-11-10T03:09:37.980+0000] {override.py:1858} INFO - Created Permission View: can delete on DAG:dashboard_investasi-program_timeline_copy
[2024-11-10T03:09:37.986+0000] {logging_mixin.py:188} INFO - [2024-11-10T03:09:37.985+0000] {override.py:1858} INFO - Created Permission View: can edit on DAG:dashboard_investasi-program_timeline_copy
[2024-11-10T03:09:37.987+0000] {logging_mixin.py:188} INFO - [2024-11-10T03:09:37.987+0000] {dag.py:3089} INFO - Sync 1 DAGs
[2024-11-10T03:09:38.000+0000] {logging_mixin.py:188} INFO - [2024-11-10T03:09:37.999+0000] {dag.py:3111} INFO - Creating ORM DAG for dashboard_investasi-program_timeline_copy
[2024-11-10T03:09:38.008+0000] {logging_mixin.py:188} INFO - [2024-11-10T03:09:38.008+0000] {dag.py:3947} INFO - Setting next_dagrun for dashboard_investasi-program_timeline_copy to 2024-11-09 18:58:00+00:00, run_after=2024-11-09 18:59:00+00:00
[2024-11-10T03:09:38.044+0000] {processor.py:183} INFO - Processing /opt/airflow/dags/kai_logistik-silver-dashboard_investasi-program_timeline_copy.py took 0.238 seconds
[2024-11-10T03:10:08.459+0000] {processor.py:161} INFO - Started process (PID=994) to work on /opt/airflow/dags/kai_logistik-silver-dashboard_investasi-program_timeline_copy.py
[2024-11-10T03:10:08.461+0000] {processor.py:830} INFO - Processing file /opt/airflow/dags/kai_logistik-silver-dashboard_investasi-program_timeline_copy.py for tasks to queue
[2024-11-10T03:10:08.463+0000] {logging_mixin.py:188} INFO - [2024-11-10T03:10:08.463+0000] {dagbag.py:545} INFO - Filling up the DagBag from /opt/airflow/dags/kai_logistik-silver-dashboard_investasi-program_timeline_copy.py
[2024-11-10T03:10:08.489+0000] {processor.py:840} INFO - DAG(s) 'dashboard_investasi-program_timeline_copy' retrieved from /opt/airflow/dags/kai_logistik-silver-dashboard_investasi-program_timeline_copy.py
[2024-11-10T03:10:08.515+0000] {logging_mixin.py:188} INFO - [2024-11-10T03:10:08.515+0000] {dag.py:3089} INFO - Sync 1 DAGs
[2024-11-10T03:10:08.543+0000] {logging_mixin.py:188} INFO - [2024-11-10T03:10:08.543+0000] {dag.py:3947} INFO - Setting next_dagrun for dashboard_investasi-program_timeline_copy to 2024-11-09 18:58:00+00:00, run_after=2024-11-09 18:59:00+00:00
[2024-11-10T03:10:08.573+0000] {processor.py:183} INFO - Processing /opt/airflow/dags/kai_logistik-silver-dashboard_investasi-program_timeline_copy.py took 0.118 seconds
[2024-11-10T03:10:39.938+0000] {processor.py:161} INFO - Started process (PID=1405) to work on /opt/airflow/dags/kai_logistik-silver-dashboard_investasi-program_timeline_copy.py
[2024-11-10T03:10:39.939+0000] {processor.py:830} INFO - Processing file /opt/airflow/dags/kai_logistik-silver-dashboard_investasi-program_timeline_copy.py for tasks to queue
[2024-11-10T03:10:39.940+0000] {logging_mixin.py:188} INFO - [2024-11-10T03:10:39.940+0000] {dagbag.py:545} INFO - Filling up the DagBag from /opt/airflow/dags/kai_logistik-silver-dashboard_investasi-program_timeline_copy.py
[2024-11-10T03:10:39.984+0000] {processor.py:840} INFO - DAG(s) 'dashboard_investasi-program_timeline_copy' retrieved from /opt/airflow/dags/kai_logistik-silver-dashboard_investasi-program_timeline_copy.py
[2024-11-10T03:10:40.008+0000] {logging_mixin.py:188} INFO - [2024-11-10T03:10:40.008+0000] {dag.py:3089} INFO - Sync 1 DAGs
[2024-11-10T03:10:40.030+0000] {logging_mixin.py:188} INFO - [2024-11-10T03:10:40.030+0000] {dag.py:3947} INFO - Setting next_dagrun for dashboard_investasi-program_timeline_copy to 2024-11-09 18:58:00+00:00, run_after=2024-11-09 18:59:00+00:00
[2024-11-10T03:10:40.062+0000] {processor.py:183} INFO - Processing /opt/airflow/dags/kai_logistik-silver-dashboard_investasi-program_timeline_copy.py took 0.130 seconds
[2024-11-10T03:11:10.400+0000] {processor.py:161} INFO - Started process (PID=1816) to work on /opt/airflow/dags/kai_logistik-silver-dashboard_investasi-program_timeline_copy.py
[2024-11-10T03:11:10.401+0000] {processor.py:830} INFO - Processing file /opt/airflow/dags/kai_logistik-silver-dashboard_investasi-program_timeline_copy.py for tasks to queue
[2024-11-10T03:11:10.403+0000] {logging_mixin.py:188} INFO - [2024-11-10T03:11:10.403+0000] {dagbag.py:545} INFO - Filling up the DagBag from /opt/airflow/dags/kai_logistik-silver-dashboard_investasi-program_timeline_copy.py
[2024-11-10T03:11:10.425+0000] {processor.py:840} INFO - DAG(s) 'dashboard_investasi-program_timeline_copy' retrieved from /opt/airflow/dags/kai_logistik-silver-dashboard_investasi-program_timeline_copy.py
[2024-11-10T03:11:10.448+0000] {logging_mixin.py:188} INFO - [2024-11-10T03:11:10.448+0000] {dag.py:3089} INFO - Sync 1 DAGs
[2024-11-10T03:11:10.467+0000] {logging_mixin.py:188} INFO - [2024-11-10T03:11:10.466+0000] {dag.py:3947} INFO - Setting next_dagrun for dashboard_investasi-program_timeline_copy to 2024-11-09 18:58:00+00:00, run_after=2024-11-09 18:59:00+00:00
[2024-11-10T03:11:10.484+0000] {processor.py:183} INFO - Processing /opt/airflow/dags/kai_logistik-silver-dashboard_investasi-program_timeline_copy.py took 0.089 seconds
[2024-11-10T03:11:40.998+0000] {processor.py:161} INFO - Started process (PID=2227) to work on /opt/airflow/dags/kai_logistik-silver-dashboard_investasi-program_timeline_copy.py
[2024-11-10T03:11:41.000+0000] {processor.py:830} INFO - Processing file /opt/airflow/dags/kai_logistik-silver-dashboard_investasi-program_timeline_copy.py for tasks to queue
[2024-11-10T03:11:41.002+0000] {logging_mixin.py:188} INFO - [2024-11-10T03:11:41.001+0000] {dagbag.py:545} INFO - Filling up the DagBag from /opt/airflow/dags/kai_logistik-silver-dashboard_investasi-program_timeline_copy.py
[2024-11-10T03:11:41.035+0000] {processor.py:840} INFO - DAG(s) 'dashboard_investasi-program_timeline_copy' retrieved from /opt/airflow/dags/kai_logistik-silver-dashboard_investasi-program_timeline_copy.py
[2024-11-10T03:11:41.052+0000] {logging_mixin.py:188} INFO - [2024-11-10T03:11:41.052+0000] {dag.py:3089} INFO - Sync 1 DAGs
[2024-11-10T03:11:41.070+0000] {logging_mixin.py:188} INFO - [2024-11-10T03:11:41.070+0000] {dag.py:3947} INFO - Setting next_dagrun for dashboard_investasi-program_timeline_copy to 2024-11-09 18:58:00+00:00, run_after=2024-11-09 18:59:00+00:00
[2024-11-10T03:11:41.089+0000] {processor.py:183} INFO - Processing /opt/airflow/dags/kai_logistik-silver-dashboard_investasi-program_timeline_copy.py took 0.095 seconds
[2024-11-10T03:12:11.553+0000] {processor.py:161} INFO - Started process (PID=2636) to work on /opt/airflow/dags/kai_logistik-silver-dashboard_investasi-program_timeline_copy.py
[2024-11-10T03:12:11.554+0000] {processor.py:830} INFO - Processing file /opt/airflow/dags/kai_logistik-silver-dashboard_investasi-program_timeline_copy.py for tasks to queue
[2024-11-10T03:12:11.556+0000] {logging_mixin.py:188} INFO - [2024-11-10T03:12:11.556+0000] {dagbag.py:545} INFO - Filling up the DagBag from /opt/airflow/dags/kai_logistik-silver-dashboard_investasi-program_timeline_copy.py
[2024-11-10T03:12:11.592+0000] {processor.py:840} INFO - DAG(s) 'dashboard_investasi-program_timeline_copy' retrieved from /opt/airflow/dags/kai_logistik-silver-dashboard_investasi-program_timeline_copy.py
[2024-11-10T03:12:11.613+0000] {logging_mixin.py:188} INFO - [2024-11-10T03:12:11.612+0000] {dag.py:3089} INFO - Sync 1 DAGs
[2024-11-10T03:12:11.632+0000] {logging_mixin.py:188} INFO - [2024-11-10T03:12:11.632+0000] {dag.py:3947} INFO - Setting next_dagrun for dashboard_investasi-program_timeline_copy to 2024-11-09 18:58:00+00:00, run_after=2024-11-09 18:59:00+00:00
[2024-11-10T03:12:11.654+0000] {processor.py:183} INFO - Processing /opt/airflow/dags/kai_logistik-silver-dashboard_investasi-program_timeline_copy.py took 0.106 seconds
[2024-11-10T03:12:42.094+0000] {processor.py:161} INFO - Started process (PID=3047) to work on /opt/airflow/dags/kai_logistik-silver-dashboard_investasi-program_timeline_copy.py
[2024-11-10T03:12:42.095+0000] {processor.py:830} INFO - Processing file /opt/airflow/dags/kai_logistik-silver-dashboard_investasi-program_timeline_copy.py for tasks to queue
[2024-11-10T03:12:42.097+0000] {logging_mixin.py:188} INFO - [2024-11-10T03:12:42.096+0000] {dagbag.py:545} INFO - Filling up the DagBag from /opt/airflow/dags/kai_logistik-silver-dashboard_investasi-program_timeline_copy.py
[2024-11-10T03:12:42.116+0000] {processor.py:840} INFO - DAG(s) 'dashboard_investasi-program_timeline_copy' retrieved from /opt/airflow/dags/kai_logistik-silver-dashboard_investasi-program_timeline_copy.py
[2024-11-10T03:12:42.136+0000] {logging_mixin.py:188} INFO - [2024-11-10T03:12:42.136+0000] {dag.py:3089} INFO - Sync 1 DAGs
[2024-11-10T03:12:42.152+0000] {logging_mixin.py:188} INFO - [2024-11-10T03:12:42.152+0000] {dag.py:3947} INFO - Setting next_dagrun for dashboard_investasi-program_timeline_copy to 2024-11-09 18:58:00+00:00, run_after=2024-11-09 18:59:00+00:00
[2024-11-10T03:12:42.168+0000] {processor.py:183} INFO - Processing /opt/airflow/dags/kai_logistik-silver-dashboard_investasi-program_timeline_copy.py took 0.077 seconds
[2024-11-10T03:13:12.776+0000] {processor.py:161} INFO - Started process (PID=3460) to work on /opt/airflow/dags/kai_logistik-silver-dashboard_investasi-program_timeline_copy.py
[2024-11-10T03:13:12.777+0000] {processor.py:830} INFO - Processing file /opt/airflow/dags/kai_logistik-silver-dashboard_investasi-program_timeline_copy.py for tasks to queue
[2024-11-10T03:13:12.779+0000] {logging_mixin.py:188} INFO - [2024-11-10T03:13:12.778+0000] {dagbag.py:545} INFO - Filling up the DagBag from /opt/airflow/dags/kai_logistik-silver-dashboard_investasi-program_timeline_copy.py
[2024-11-10T03:13:12.803+0000] {processor.py:840} INFO - DAG(s) 'dashboard_investasi-program_timeline_copy' retrieved from /opt/airflow/dags/kai_logistik-silver-dashboard_investasi-program_timeline_copy.py
[2024-11-10T03:13:12.823+0000] {logging_mixin.py:188} INFO - [2024-11-10T03:13:12.822+0000] {dag.py:3089} INFO - Sync 1 DAGs
[2024-11-10T03:13:12.841+0000] {logging_mixin.py:188} INFO - [2024-11-10T03:13:12.841+0000] {dag.py:3947} INFO - Setting next_dagrun for dashboard_investasi-program_timeline_copy to 2024-11-09 18:58:00+00:00, run_after=2024-11-09 18:59:00+00:00
[2024-11-10T03:13:12.858+0000] {processor.py:183} INFO - Processing /opt/airflow/dags/kai_logistik-silver-dashboard_investasi-program_timeline_copy.py took 0.087 seconds
[2024-11-10T03:13:43.417+0000] {processor.py:161} INFO - Started process (PID=3871) to work on /opt/airflow/dags/kai_logistik-silver-dashboard_investasi-program_timeline_copy.py
[2024-11-10T03:13:43.419+0000] {processor.py:830} INFO - Processing file /opt/airflow/dags/kai_logistik-silver-dashboard_investasi-program_timeline_copy.py for tasks to queue
[2024-11-10T03:13:43.421+0000] {logging_mixin.py:188} INFO - [2024-11-10T03:13:43.421+0000] {dagbag.py:545} INFO - Filling up the DagBag from /opt/airflow/dags/kai_logistik-silver-dashboard_investasi-program_timeline_copy.py
[2024-11-10T03:13:43.456+0000] {processor.py:840} INFO - DAG(s) 'dashboard_investasi-program_timeline_copy' retrieved from /opt/airflow/dags/kai_logistik-silver-dashboard_investasi-program_timeline_copy.py
[2024-11-10T03:13:43.486+0000] {logging_mixin.py:188} INFO - [2024-11-10T03:13:43.485+0000] {dag.py:3089} INFO - Sync 1 DAGs
[2024-11-10T03:13:43.511+0000] {logging_mixin.py:188} INFO - [2024-11-10T03:13:43.511+0000] {dag.py:3947} INFO - Setting next_dagrun for dashboard_investasi-program_timeline_copy to 2024-11-09 18:58:00+00:00, run_after=2024-11-09 18:59:00+00:00
[2024-11-10T03:13:43.531+0000] {processor.py:183} INFO - Processing /opt/airflow/dags/kai_logistik-silver-dashboard_investasi-program_timeline_copy.py took 0.121 seconds
[2024-11-10T03:14:14.248+0000] {processor.py:161} INFO - Started process (PID=4282) to work on /opt/airflow/dags/kai_logistik-silver-dashboard_investasi-program_timeline_copy.py
[2024-11-10T03:14:14.249+0000] {processor.py:830} INFO - Processing file /opt/airflow/dags/kai_logistik-silver-dashboard_investasi-program_timeline_copy.py for tasks to queue
[2024-11-10T03:14:14.251+0000] {logging_mixin.py:188} INFO - [2024-11-10T03:14:14.251+0000] {dagbag.py:545} INFO - Filling up the DagBag from /opt/airflow/dags/kai_logistik-silver-dashboard_investasi-program_timeline_copy.py
[2024-11-10T03:14:14.276+0000] {processor.py:840} INFO - DAG(s) 'dashboard_investasi-program_timeline_copy' retrieved from /opt/airflow/dags/kai_logistik-silver-dashboard_investasi-program_timeline_copy.py
[2024-11-10T03:14:14.297+0000] {logging_mixin.py:188} INFO - [2024-11-10T03:14:14.297+0000] {dag.py:3089} INFO - Sync 1 DAGs
[2024-11-10T03:14:14.319+0000] {logging_mixin.py:188} INFO - [2024-11-10T03:14:14.319+0000] {dag.py:3947} INFO - Setting next_dagrun for dashboard_investasi-program_timeline_copy to 2024-11-09 18:58:00+00:00, run_after=2024-11-09 18:59:00+00:00
[2024-11-10T03:14:14.349+0000] {processor.py:183} INFO - Processing /opt/airflow/dags/kai_logistik-silver-dashboard_investasi-program_timeline_copy.py took 0.106 seconds
