[2024-11-10T03:09:37.232+0000] {processor.py:161} INFO - Started process (PID=561) to work on /opt/airflow/dags/kai_logistik-silver-dashboard_investasi-mara.py
[2024-11-10T03:09:37.233+0000] {processor.py:830} INFO - Processing file /opt/airflow/dags/kai_logistik-silver-dashboard_investasi-mara.py for tasks to queue
[2024-11-10T03:09:37.235+0000] {logging_mixin.py:188} INFO - [2024-11-10T03:09:37.235+0000] {dagbag.py:545} INFO - Filling up the DagBag from /opt/airflow/dags/kai_logistik-silver-dashboard_investasi-mara.py
[2024-11-10T03:09:37.304+0000] {processor.py:840} INFO - DAG(s) 'dashboard_investasi-mara' retrieved from /opt/airflow/dags/kai_logistik-silver-dashboard_investasi-mara.py
[2024-11-10T03:09:37.397+0000] {logging_mixin.py:188} INFO - [2024-11-10T03:09:37.397+0000] {override.py:1858} INFO - Created Permission View: can read on DAG:dashboard_investasi-mara
[2024-11-10T03:09:37.407+0000] {logging_mixin.py:188} INFO - [2024-11-10T03:09:37.406+0000] {override.py:1858} INFO - Created Permission View: can delete on DAG:dashboard_investasi-mara
[2024-11-10T03:09:37.414+0000] {logging_mixin.py:188} INFO - [2024-11-10T03:09:37.414+0000] {override.py:1858} INFO - Created Permission View: can edit on DAG:dashboard_investasi-mara
[2024-11-10T03:09:37.415+0000] {logging_mixin.py:188} INFO - [2024-11-10T03:09:37.415+0000] {dag.py:3089} INFO - Sync 1 DAGs
[2024-11-10T03:09:37.425+0000] {logging_mixin.py:188} INFO - [2024-11-10T03:09:37.424+0000] {dag.py:3111} INFO - Creating ORM DAG for dashboard_investasi-mara
[2024-11-10T03:09:37.433+0000] {logging_mixin.py:188} INFO - [2024-11-10T03:09:37.433+0000] {dag.py:3947} INFO - Setting next_dagrun for dashboard_investasi-mara to 2024-11-09 18:58:00+00:00, run_after=2024-11-09 18:59:00+00:00
[2024-11-10T03:09:37.454+0000] {processor.py:183} INFO - Processing /opt/airflow/dags/kai_logistik-silver-dashboard_investasi-mara.py took 0.227 seconds
[2024-11-10T03:10:07.886+0000] {processor.py:161} INFO - Started process (PID=974) to work on /opt/airflow/dags/kai_logistik-silver-dashboard_investasi-mara.py
[2024-11-10T03:10:07.887+0000] {processor.py:830} INFO - Processing file /opt/airflow/dags/kai_logistik-silver-dashboard_investasi-mara.py for tasks to queue
[2024-11-10T03:10:07.889+0000] {logging_mixin.py:188} INFO - [2024-11-10T03:10:07.888+0000] {dagbag.py:545} INFO - Filling up the DagBag from /opt/airflow/dags/kai_logistik-silver-dashboard_investasi-mara.py
[2024-11-10T03:10:07.933+0000] {processor.py:840} INFO - DAG(s) 'dashboard_investasi-mara' retrieved from /opt/airflow/dags/kai_logistik-silver-dashboard_investasi-mara.py
[2024-11-10T03:10:07.955+0000] {logging_mixin.py:188} INFO - [2024-11-10T03:10:07.955+0000] {dag.py:3089} INFO - Sync 1 DAGs
[2024-11-10T03:10:07.973+0000] {logging_mixin.py:188} INFO - [2024-11-10T03:10:07.973+0000] {dag.py:3947} INFO - Setting next_dagrun for dashboard_investasi-mara to 2024-11-09 18:58:00+00:00, run_after=2024-11-09 18:59:00+00:00
[2024-11-10T03:10:07.995+0000] {processor.py:183} INFO - Processing /opt/airflow/dags/kai_logistik-silver-dashboard_investasi-mara.py took 0.113 seconds
[2024-11-10T03:10:39.264+0000] {processor.py:161} INFO - Started process (PID=1385) to work on /opt/airflow/dags/kai_logistik-silver-dashboard_investasi-mara.py
[2024-11-10T03:10:39.266+0000] {processor.py:830} INFO - Processing file /opt/airflow/dags/kai_logistik-silver-dashboard_investasi-mara.py for tasks to queue
[2024-11-10T03:10:39.268+0000] {logging_mixin.py:188} INFO - [2024-11-10T03:10:39.268+0000] {dagbag.py:545} INFO - Filling up the DagBag from /opt/airflow/dags/kai_logistik-silver-dashboard_investasi-mara.py
[2024-11-10T03:10:39.355+0000] {processor.py:840} INFO - DAG(s) 'dashboard_investasi-mara' retrieved from /opt/airflow/dags/kai_logistik-silver-dashboard_investasi-mara.py
[2024-11-10T03:10:39.379+0000] {logging_mixin.py:188} INFO - [2024-11-10T03:10:39.379+0000] {dag.py:3089} INFO - Sync 1 DAGs
[2024-11-10T03:10:39.399+0000] {logging_mixin.py:188} INFO - [2024-11-10T03:10:39.399+0000] {dag.py:3947} INFO - Setting next_dagrun for dashboard_investasi-mara to 2024-11-09 18:58:00+00:00, run_after=2024-11-09 18:59:00+00:00
[2024-11-10T03:10:39.420+0000] {processor.py:183} INFO - Processing /opt/airflow/dags/kai_logistik-silver-dashboard_investasi-mara.py took 0.161 seconds
[2024-11-10T03:11:09.706+0000] {processor.py:161} INFO - Started process (PID=1796) to work on /opt/airflow/dags/kai_logistik-silver-dashboard_investasi-mara.py
[2024-11-10T03:11:09.707+0000] {processor.py:830} INFO - Processing file /opt/airflow/dags/kai_logistik-silver-dashboard_investasi-mara.py for tasks to queue
[2024-11-10T03:11:09.709+0000] {logging_mixin.py:188} INFO - [2024-11-10T03:11:09.708+0000] {dagbag.py:545} INFO - Filling up the DagBag from /opt/airflow/dags/kai_logistik-silver-dashboard_investasi-mara.py
[2024-11-10T03:11:09.730+0000] {processor.py:840} INFO - DAG(s) 'dashboard_investasi-mara' retrieved from /opt/airflow/dags/kai_logistik-silver-dashboard_investasi-mara.py
[2024-11-10T03:11:09.752+0000] {logging_mixin.py:188} INFO - [2024-11-10T03:11:09.752+0000] {dag.py:3089} INFO - Sync 1 DAGs
[2024-11-10T03:11:09.773+0000] {logging_mixin.py:188} INFO - [2024-11-10T03:11:09.773+0000] {dag.py:3947} INFO - Setting next_dagrun for dashboard_investasi-mara to 2024-11-09 18:58:00+00:00, run_after=2024-11-09 18:59:00+00:00
[2024-11-10T03:11:09.790+0000] {processor.py:183} INFO - Processing /opt/airflow/dags/kai_logistik-silver-dashboard_investasi-mara.py took 0.089 seconds
[2024-11-10T03:11:40.497+0000] {processor.py:161} INFO - Started process (PID=2205) to work on /opt/airflow/dags/kai_logistik-silver-dashboard_investasi-mara.py
[2024-11-10T03:11:40.498+0000] {processor.py:830} INFO - Processing file /opt/airflow/dags/kai_logistik-silver-dashboard_investasi-mara.py for tasks to queue
[2024-11-10T03:11:40.500+0000] {logging_mixin.py:188} INFO - [2024-11-10T03:11:40.500+0000] {dagbag.py:545} INFO - Filling up the DagBag from /opt/airflow/dags/kai_logistik-silver-dashboard_investasi-mara.py
[2024-11-10T03:11:40.532+0000] {processor.py:840} INFO - DAG(s) 'dashboard_investasi-mara' retrieved from /opt/airflow/dags/kai_logistik-silver-dashboard_investasi-mara.py
[2024-11-10T03:11:40.554+0000] {logging_mixin.py:188} INFO - [2024-11-10T03:11:40.554+0000] {dag.py:3089} INFO - Sync 1 DAGs
[2024-11-10T03:11:40.571+0000] {logging_mixin.py:188} INFO - [2024-11-10T03:11:40.571+0000] {dag.py:3947} INFO - Setting next_dagrun for dashboard_investasi-mara to 2024-11-09 18:58:00+00:00, run_after=2024-11-09 18:59:00+00:00
[2024-11-10T03:11:40.594+0000] {processor.py:183} INFO - Processing /opt/airflow/dags/kai_logistik-silver-dashboard_investasi-mara.py took 0.101 seconds
[2024-11-10T03:12:11.020+0000] {processor.py:161} INFO - Started process (PID=2616) to work on /opt/airflow/dags/kai_logistik-silver-dashboard_investasi-mara.py
[2024-11-10T03:12:11.021+0000] {processor.py:830} INFO - Processing file /opt/airflow/dags/kai_logistik-silver-dashboard_investasi-mara.py for tasks to queue
[2024-11-10T03:12:11.023+0000] {logging_mixin.py:188} INFO - [2024-11-10T03:12:11.023+0000] {dagbag.py:545} INFO - Filling up the DagBag from /opt/airflow/dags/kai_logistik-silver-dashboard_investasi-mara.py
[2024-11-10T03:12:11.058+0000] {processor.py:840} INFO - DAG(s) 'dashboard_investasi-mara' retrieved from /opt/airflow/dags/kai_logistik-silver-dashboard_investasi-mara.py
[2024-11-10T03:12:11.078+0000] {logging_mixin.py:188} INFO - [2024-11-10T03:12:11.078+0000] {dag.py:3089} INFO - Sync 1 DAGs
[2024-11-10T03:12:11.096+0000] {logging_mixin.py:188} INFO - [2024-11-10T03:12:11.096+0000] {dag.py:3947} INFO - Setting next_dagrun for dashboard_investasi-mara to 2024-11-09 18:58:00+00:00, run_after=2024-11-09 18:59:00+00:00
[2024-11-10T03:12:11.114+0000] {processor.py:183} INFO - Processing /opt/airflow/dags/kai_logistik-silver-dashboard_investasi-mara.py took 0.100 seconds
[2024-11-10T03:12:41.616+0000] {processor.py:161} INFO - Started process (PID=3027) to work on /opt/airflow/dags/kai_logistik-silver-dashboard_investasi-mara.py
[2024-11-10T03:12:41.617+0000] {processor.py:830} INFO - Processing file /opt/airflow/dags/kai_logistik-silver-dashboard_investasi-mara.py for tasks to queue
[2024-11-10T03:12:41.619+0000] {logging_mixin.py:188} INFO - [2024-11-10T03:12:41.618+0000] {dagbag.py:545} INFO - Filling up the DagBag from /opt/airflow/dags/kai_logistik-silver-dashboard_investasi-mara.py
[2024-11-10T03:12:41.648+0000] {processor.py:840} INFO - DAG(s) 'dashboard_investasi-mara' retrieved from /opt/airflow/dags/kai_logistik-silver-dashboard_investasi-mara.py
[2024-11-10T03:12:41.677+0000] {logging_mixin.py:188} INFO - [2024-11-10T03:12:41.676+0000] {dag.py:3089} INFO - Sync 1 DAGs
[2024-11-10T03:12:41.699+0000] {logging_mixin.py:188} INFO - [2024-11-10T03:12:41.699+0000] {dag.py:3947} INFO - Setting next_dagrun for dashboard_investasi-mara to 2024-11-09 18:58:00+00:00, run_after=2024-11-09 18:59:00+00:00
[2024-11-10T03:12:41.719+0000] {processor.py:183} INFO - Processing /opt/airflow/dags/kai_logistik-silver-dashboard_investasi-mara.py took 0.109 seconds
[2024-11-10T03:13:12.368+0000] {processor.py:161} INFO - Started process (PID=3438) to work on /opt/airflow/dags/kai_logistik-silver-dashboard_investasi-mara.py
[2024-11-10T03:13:12.369+0000] {processor.py:830} INFO - Processing file /opt/airflow/dags/kai_logistik-silver-dashboard_investasi-mara.py for tasks to queue
[2024-11-10T03:13:12.371+0000] {logging_mixin.py:188} INFO - [2024-11-10T03:13:12.371+0000] {dagbag.py:545} INFO - Filling up the DagBag from /opt/airflow/dags/kai_logistik-silver-dashboard_investasi-mara.py
[2024-11-10T03:13:12.397+0000] {processor.py:840} INFO - DAG(s) 'dashboard_investasi-mara' retrieved from /opt/airflow/dags/kai_logistik-silver-dashboard_investasi-mara.py
[2024-11-10T03:13:12.420+0000] {logging_mixin.py:188} INFO - [2024-11-10T03:13:12.419+0000] {dag.py:3089} INFO - Sync 1 DAGs
[2024-11-10T03:13:12.438+0000] {logging_mixin.py:188} INFO - [2024-11-10T03:13:12.438+0000] {dag.py:3947} INFO - Setting next_dagrun for dashboard_investasi-mara to 2024-11-09 18:58:00+00:00, run_after=2024-11-09 18:59:00+00:00
[2024-11-10T03:13:12.453+0000] {processor.py:183} INFO - Processing /opt/airflow/dags/kai_logistik-silver-dashboard_investasi-mara.py took 0.090 seconds
[2024-11-10T03:13:42.883+0000] {processor.py:161} INFO - Started process (PID=3849) to work on /opt/airflow/dags/kai_logistik-silver-dashboard_investasi-mara.py
[2024-11-10T03:13:42.884+0000] {processor.py:830} INFO - Processing file /opt/airflow/dags/kai_logistik-silver-dashboard_investasi-mara.py for tasks to queue
[2024-11-10T03:13:42.886+0000] {logging_mixin.py:188} INFO - [2024-11-10T03:13:42.886+0000] {dagbag.py:545} INFO - Filling up the DagBag from /opt/airflow/dags/kai_logistik-silver-dashboard_investasi-mara.py
[2024-11-10T03:13:42.919+0000] {processor.py:840} INFO - DAG(s) 'dashboard_investasi-mara' retrieved from /opt/airflow/dags/kai_logistik-silver-dashboard_investasi-mara.py
[2024-11-10T03:13:42.942+0000] {logging_mixin.py:188} INFO - [2024-11-10T03:13:42.941+0000] {dag.py:3089} INFO - Sync 1 DAGs
[2024-11-10T03:13:42.963+0000] {logging_mixin.py:188} INFO - [2024-11-10T03:13:42.962+0000] {dag.py:3947} INFO - Setting next_dagrun for dashboard_investasi-mara to 2024-11-09 18:58:00+00:00, run_after=2024-11-09 18:59:00+00:00
[2024-11-10T03:13:42.981+0000] {processor.py:183} INFO - Processing /opt/airflow/dags/kai_logistik-silver-dashboard_investasi-mara.py took 0.104 seconds
[2024-11-10T03:14:13.792+0000] {processor.py:161} INFO - Started process (PID=4260) to work on /opt/airflow/dags/kai_logistik-silver-dashboard_investasi-mara.py
[2024-11-10T03:14:13.793+0000] {processor.py:830} INFO - Processing file /opt/airflow/dags/kai_logistik-silver-dashboard_investasi-mara.py for tasks to queue
[2024-11-10T03:14:13.795+0000] {logging_mixin.py:188} INFO - [2024-11-10T03:14:13.795+0000] {dagbag.py:545} INFO - Filling up the DagBag from /opt/airflow/dags/kai_logistik-silver-dashboard_investasi-mara.py
[2024-11-10T03:14:13.824+0000] {processor.py:840} INFO - DAG(s) 'dashboard_investasi-mara' retrieved from /opt/airflow/dags/kai_logistik-silver-dashboard_investasi-mara.py
[2024-11-10T03:14:13.846+0000] {logging_mixin.py:188} INFO - [2024-11-10T03:14:13.846+0000] {dag.py:3089} INFO - Sync 1 DAGs
[2024-11-10T03:14:13.864+0000] {logging_mixin.py:188} INFO - [2024-11-10T03:14:13.864+0000] {dag.py:3947} INFO - Setting next_dagrun for dashboard_investasi-mara to 2024-11-09 18:58:00+00:00, run_after=2024-11-09 18:59:00+00:00
[2024-11-10T03:14:13.880+0000] {processor.py:183} INFO - Processing /opt/airflow/dags/kai_logistik-silver-dashboard_investasi-mara.py took 0.094 seconds
