[2024-11-10T03:09:22.978+0000] {processor.py:161} INFO - Started process (PID=243) to work on /opt/airflow/dags/kai_logistik-silver-dashboard_material-mara.py
[2024-11-10T03:09:22.979+0000] {processor.py:830} INFO - Processing file /opt/airflow/dags/kai_logistik-silver-dashboard_material-mara.py for tasks to queue
[2024-11-10T03:09:22.981+0000] {logging_mixin.py:188} INFO - [2024-11-10T03:09:22.981+0000] {dagbag.py:545} INFO - Filling up the DagBag from /opt/airflow/dags/kai_logistik-silver-dashboard_material-mara.py
[2024-11-10T03:09:23.036+0000] {processor.py:840} INFO - DAG(s) 'dashboard_material-mara' retrieved from /opt/airflow/dags/kai_logistik-silver-dashboard_material-mara.py
[2024-11-10T03:09:23.129+0000] {logging_mixin.py:188} INFO - [2024-11-10T03:09:23.129+0000] {override.py:1858} INFO - Created Permission View: can read on DAG:dashboard_material-mara
[2024-11-10T03:09:23.153+0000] {logging_mixin.py:188} INFO - [2024-11-10T03:09:23.153+0000] {override.py:1858} INFO - Created Permission View: can delete on DAG:dashboard_material-mara
[2024-11-10T03:09:23.159+0000] {logging_mixin.py:188} INFO - [2024-11-10T03:09:23.159+0000] {override.py:1858} INFO - Created Permission View: can edit on DAG:dashboard_material-mara
[2024-11-10T03:09:23.160+0000] {logging_mixin.py:188} INFO - [2024-11-10T03:09:23.160+0000] {dag.py:3089} INFO - Sync 1 DAGs
[2024-11-10T03:09:23.168+0000] {logging_mixin.py:188} INFO - [2024-11-10T03:09:23.168+0000] {dag.py:3111} INFO - Creating ORM DAG for dashboard_material-mara
[2024-11-10T03:09:23.180+0000] {logging_mixin.py:188} INFO - [2024-11-10T03:09:23.179+0000] {dag.py:3947} INFO - Setting next_dagrun for dashboard_material-mara to 2024-11-09 18:58:00+00:00, run_after=2024-11-09 18:59:00+00:00
[2024-11-10T03:09:23.203+0000] {processor.py:183} INFO - Processing /opt/airflow/dags/kai_logistik-silver-dashboard_material-mara.py took 0.231 seconds
[2024-11-10T03:09:53.804+0000] {processor.py:161} INFO - Started process (PID=652) to work on /opt/airflow/dags/kai_logistik-silver-dashboard_material-mara.py
[2024-11-10T03:09:53.805+0000] {processor.py:830} INFO - Processing file /opt/airflow/dags/kai_logistik-silver-dashboard_material-mara.py for tasks to queue
[2024-11-10T03:09:53.807+0000] {logging_mixin.py:188} INFO - [2024-11-10T03:09:53.806+0000] {dagbag.py:545} INFO - Filling up the DagBag from /opt/airflow/dags/kai_logistik-silver-dashboard_material-mara.py
[2024-11-10T03:09:53.834+0000] {processor.py:840} INFO - DAG(s) 'dashboard_material-mara' retrieved from /opt/airflow/dags/kai_logistik-silver-dashboard_material-mara.py
[2024-11-10T03:09:53.858+0000] {logging_mixin.py:188} INFO - [2024-11-10T03:09:53.858+0000] {dag.py:3089} INFO - Sync 1 DAGs
[2024-11-10T03:09:53.876+0000] {logging_mixin.py:188} INFO - [2024-11-10T03:09:53.876+0000] {dag.py:3947} INFO - Setting next_dagrun for dashboard_material-mara to 2024-11-09 18:58:00+00:00, run_after=2024-11-09 18:59:00+00:00
[2024-11-10T03:09:53.895+0000] {processor.py:183} INFO - Processing /opt/airflow/dags/kai_logistik-silver-dashboard_material-mara.py took 0.098 seconds
[2024-11-10T03:10:24.368+0000] {processor.py:161} INFO - Started process (PID=1065) to work on /opt/airflow/dags/kai_logistik-silver-dashboard_material-mara.py
[2024-11-10T03:10:24.369+0000] {processor.py:830} INFO - Processing file /opt/airflow/dags/kai_logistik-silver-dashboard_material-mara.py for tasks to queue
[2024-11-10T03:10:24.372+0000] {logging_mixin.py:188} INFO - [2024-11-10T03:10:24.371+0000] {dagbag.py:545} INFO - Filling up the DagBag from /opt/airflow/dags/kai_logistik-silver-dashboard_material-mara.py
[2024-11-10T03:10:24.403+0000] {processor.py:840} INFO - DAG(s) 'dashboard_material-mara' retrieved from /opt/airflow/dags/kai_logistik-silver-dashboard_material-mara.py
[2024-11-10T03:10:24.423+0000] {logging_mixin.py:188} INFO - [2024-11-10T03:10:24.423+0000] {dag.py:3089} INFO - Sync 1 DAGs
[2024-11-10T03:10:24.440+0000] {logging_mixin.py:188} INFO - [2024-11-10T03:10:24.440+0000] {dag.py:3947} INFO - Setting next_dagrun for dashboard_material-mara to 2024-11-09 18:58:00+00:00, run_after=2024-11-09 18:59:00+00:00
[2024-11-10T03:10:24.459+0000] {processor.py:183} INFO - Processing /opt/airflow/dags/kai_logistik-silver-dashboard_material-mara.py took 0.096 seconds
[2024-11-10T03:10:55.401+0000] {processor.py:161} INFO - Started process (PID=1476) to work on /opt/airflow/dags/kai_logistik-silver-dashboard_material-mara.py
[2024-11-10T03:10:55.402+0000] {processor.py:830} INFO - Processing file /opt/airflow/dags/kai_logistik-silver-dashboard_material-mara.py for tasks to queue
[2024-11-10T03:10:55.404+0000] {logging_mixin.py:188} INFO - [2024-11-10T03:10:55.404+0000] {dagbag.py:545} INFO - Filling up the DagBag from /opt/airflow/dags/kai_logistik-silver-dashboard_material-mara.py
[2024-11-10T03:10:55.424+0000] {processor.py:840} INFO - DAG(s) 'dashboard_material-mara' retrieved from /opt/airflow/dags/kai_logistik-silver-dashboard_material-mara.py
[2024-11-10T03:10:55.442+0000] {logging_mixin.py:188} INFO - [2024-11-10T03:10:55.442+0000] {dag.py:3089} INFO - Sync 1 DAGs
[2024-11-10T03:10:55.458+0000] {logging_mixin.py:188} INFO - [2024-11-10T03:10:55.458+0000] {dag.py:3947} INFO - Setting next_dagrun for dashboard_material-mara to 2024-11-09 18:58:00+00:00, run_after=2024-11-09 18:59:00+00:00
[2024-11-10T03:10:55.474+0000] {processor.py:183} INFO - Processing /opt/airflow/dags/kai_logistik-silver-dashboard_material-mara.py took 0.078 seconds
[2024-11-10T03:11:26.155+0000] {processor.py:161} INFO - Started process (PID=1887) to work on /opt/airflow/dags/kai_logistik-silver-dashboard_material-mara.py
[2024-11-10T03:11:26.157+0000] {processor.py:830} INFO - Processing file /opt/airflow/dags/kai_logistik-silver-dashboard_material-mara.py for tasks to queue
[2024-11-10T03:11:26.159+0000] {logging_mixin.py:188} INFO - [2024-11-10T03:11:26.158+0000] {dagbag.py:545} INFO - Filling up the DagBag from /opt/airflow/dags/kai_logistik-silver-dashboard_material-mara.py
[2024-11-10T03:11:26.189+0000] {processor.py:840} INFO - DAG(s) 'dashboard_material-mara' retrieved from /opt/airflow/dags/kai_logistik-silver-dashboard_material-mara.py
[2024-11-10T03:11:26.210+0000] {logging_mixin.py:188} INFO - [2024-11-10T03:11:26.210+0000] {dag.py:3089} INFO - Sync 1 DAGs
[2024-11-10T03:11:26.232+0000] {logging_mixin.py:188} INFO - [2024-11-10T03:11:26.231+0000] {dag.py:3947} INFO - Setting next_dagrun for dashboard_material-mara to 2024-11-09 18:58:00+00:00, run_after=2024-11-09 18:59:00+00:00
[2024-11-10T03:11:26.252+0000] {processor.py:183} INFO - Processing /opt/airflow/dags/kai_logistik-silver-dashboard_material-mara.py took 0.102 seconds
[2024-11-10T03:11:56.779+0000] {processor.py:161} INFO - Started process (PID=2298) to work on /opt/airflow/dags/kai_logistik-silver-dashboard_material-mara.py
[2024-11-10T03:11:56.780+0000] {processor.py:830} INFO - Processing file /opt/airflow/dags/kai_logistik-silver-dashboard_material-mara.py for tasks to queue
[2024-11-10T03:11:56.782+0000] {logging_mixin.py:188} INFO - [2024-11-10T03:11:56.782+0000] {dagbag.py:545} INFO - Filling up the DagBag from /opt/airflow/dags/kai_logistik-silver-dashboard_material-mara.py
[2024-11-10T03:11:56.811+0000] {processor.py:840} INFO - DAG(s) 'dashboard_material-mara' retrieved from /opt/airflow/dags/kai_logistik-silver-dashboard_material-mara.py
[2024-11-10T03:11:56.829+0000] {logging_mixin.py:188} INFO - [2024-11-10T03:11:56.829+0000] {dag.py:3089} INFO - Sync 1 DAGs
[2024-11-10T03:11:56.845+0000] {logging_mixin.py:188} INFO - [2024-11-10T03:11:56.845+0000] {dag.py:3947} INFO - Setting next_dagrun for dashboard_material-mara to 2024-11-09 18:58:00+00:00, run_after=2024-11-09 18:59:00+00:00
[2024-11-10T03:11:56.864+0000] {processor.py:183} INFO - Processing /opt/airflow/dags/kai_logistik-silver-dashboard_material-mara.py took 0.089 seconds
[2024-11-10T03:12:27.129+0000] {processor.py:161} INFO - Started process (PID=2709) to work on /opt/airflow/dags/kai_logistik-silver-dashboard_material-mara.py
[2024-11-10T03:12:27.130+0000] {processor.py:830} INFO - Processing file /opt/airflow/dags/kai_logistik-silver-dashboard_material-mara.py for tasks to queue
[2024-11-10T03:12:27.131+0000] {logging_mixin.py:188} INFO - [2024-11-10T03:12:27.131+0000] {dagbag.py:545} INFO - Filling up the DagBag from /opt/airflow/dags/kai_logistik-silver-dashboard_material-mara.py
[2024-11-10T03:12:27.156+0000] {processor.py:840} INFO - DAG(s) 'dashboard_material-mara' retrieved from /opt/airflow/dags/kai_logistik-silver-dashboard_material-mara.py
[2024-11-10T03:12:27.177+0000] {logging_mixin.py:188} INFO - [2024-11-10T03:12:27.177+0000] {dag.py:3089} INFO - Sync 1 DAGs
[2024-11-10T03:12:27.195+0000] {logging_mixin.py:188} INFO - [2024-11-10T03:12:27.195+0000] {dag.py:3947} INFO - Setting next_dagrun for dashboard_material-mara to 2024-11-09 18:58:00+00:00, run_after=2024-11-09 18:59:00+00:00
[2024-11-10T03:12:27.214+0000] {processor.py:183} INFO - Processing /opt/airflow/dags/kai_logistik-silver-dashboard_material-mara.py took 0.090 seconds
[2024-11-10T03:12:57.766+0000] {processor.py:161} INFO - Started process (PID=3120) to work on /opt/airflow/dags/kai_logistik-silver-dashboard_material-mara.py
[2024-11-10T03:12:57.767+0000] {processor.py:830} INFO - Processing file /opt/airflow/dags/kai_logistik-silver-dashboard_material-mara.py for tasks to queue
[2024-11-10T03:12:57.769+0000] {logging_mixin.py:188} INFO - [2024-11-10T03:12:57.769+0000] {dagbag.py:545} INFO - Filling up the DagBag from /opt/airflow/dags/kai_logistik-silver-dashboard_material-mara.py
[2024-11-10T03:12:57.792+0000] {processor.py:840} INFO - DAG(s) 'dashboard_material-mara' retrieved from /opt/airflow/dags/kai_logistik-silver-dashboard_material-mara.py
[2024-11-10T03:12:57.814+0000] {logging_mixin.py:188} INFO - [2024-11-10T03:12:57.814+0000] {dag.py:3089} INFO - Sync 1 DAGs
[2024-11-10T03:12:57.831+0000] {logging_mixin.py:188} INFO - [2024-11-10T03:12:57.831+0000] {dag.py:3947} INFO - Setting next_dagrun for dashboard_material-mara to 2024-11-09 18:58:00+00:00, run_after=2024-11-09 18:59:00+00:00
[2024-11-10T03:12:57.848+0000] {processor.py:183} INFO - Processing /opt/airflow/dags/kai_logistik-silver-dashboard_material-mara.py took 0.086 seconds
[2024-11-10T03:13:28.334+0000] {processor.py:161} INFO - Started process (PID=3531) to work on /opt/airflow/dags/kai_logistik-silver-dashboard_material-mara.py
[2024-11-10T03:13:28.335+0000] {processor.py:830} INFO - Processing file /opt/airflow/dags/kai_logistik-silver-dashboard_material-mara.py for tasks to queue
[2024-11-10T03:13:28.337+0000] {logging_mixin.py:188} INFO - [2024-11-10T03:13:28.337+0000] {dagbag.py:545} INFO - Filling up the DagBag from /opt/airflow/dags/kai_logistik-silver-dashboard_material-mara.py
[2024-11-10T03:13:28.367+0000] {processor.py:840} INFO - DAG(s) 'dashboard_material-mara' retrieved from /opt/airflow/dags/kai_logistik-silver-dashboard_material-mara.py
[2024-11-10T03:13:28.391+0000] {logging_mixin.py:188} INFO - [2024-11-10T03:13:28.391+0000] {dag.py:3089} INFO - Sync 1 DAGs
[2024-11-10T03:13:28.406+0000] {logging_mixin.py:188} INFO - [2024-11-10T03:13:28.406+0000] {dag.py:3947} INFO - Setting next_dagrun for dashboard_material-mara to 2024-11-09 18:58:00+00:00, run_after=2024-11-09 18:59:00+00:00
[2024-11-10T03:13:28.431+0000] {processor.py:183} INFO - Processing /opt/airflow/dags/kai_logistik-silver-dashboard_material-mara.py took 0.102 seconds
[2024-11-10T03:13:58.768+0000] {processor.py:161} INFO - Started process (PID=3940) to work on /opt/airflow/dags/kai_logistik-silver-dashboard_material-mara.py
[2024-11-10T03:13:58.770+0000] {processor.py:830} INFO - Processing file /opt/airflow/dags/kai_logistik-silver-dashboard_material-mara.py for tasks to queue
[2024-11-10T03:13:58.773+0000] {logging_mixin.py:188} INFO - [2024-11-10T03:13:58.772+0000] {dagbag.py:545} INFO - Filling up the DagBag from /opt/airflow/dags/kai_logistik-silver-dashboard_material-mara.py
[2024-11-10T03:13:58.803+0000] {processor.py:840} INFO - DAG(s) 'dashboard_material-mara' retrieved from /opt/airflow/dags/kai_logistik-silver-dashboard_material-mara.py
[2024-11-10T03:13:58.841+0000] {logging_mixin.py:188} INFO - [2024-11-10T03:13:58.841+0000] {dag.py:3089} INFO - Sync 1 DAGs
[2024-11-10T03:13:58.877+0000] {logging_mixin.py:188} INFO - [2024-11-10T03:13:58.877+0000] {dag.py:3947} INFO - Setting next_dagrun for dashboard_material-mara to 2024-11-09 18:58:00+00:00, run_after=2024-11-09 18:59:00+00:00
[2024-11-10T03:13:58.912+0000] {processor.py:183} INFO - Processing /opt/airflow/dags/kai_logistik-silver-dashboard_material-mara.py took 0.152 seconds
