[2024-11-10T03:09:31.107+0000] {processor.py:161} INFO - Started process (PID=446) to work on /opt/airflow/dags/kai_logistik-silver-dashboard_investasi-t_milestone_sumbagsel.py
[2024-11-10T03:09:31.110+0000] {processor.py:830} INFO - Processing file /opt/airflow/dags/kai_logistik-silver-dashboard_investasi-t_milestone_sumbagsel.py for tasks to queue
[2024-11-10T03:09:31.143+0000] {logging_mixin.py:188} INFO - [2024-11-10T03:09:31.142+0000] {dagbag.py:545} INFO - Filling up the DagBag from /opt/airflow/dags/kai_logistik-silver-dashboard_investasi-t_milestone_sumbagsel.py
[2024-11-10T03:09:31.230+0000] {processor.py:840} INFO - DAG(s) 'dashboard_investasi-t_milestone_sumbagsel' retrieved from /opt/airflow/dags/kai_logistik-silver-dashboard_investasi-t_milestone_sumbagsel.py
[2024-11-10T03:09:31.342+0000] {logging_mixin.py:188} INFO - [2024-11-10T03:09:31.341+0000] {override.py:1858} INFO - Created Permission View: can read on DAG:dashboard_investasi-t_milestone_sumbagsel
[2024-11-10T03:09:31.354+0000] {logging_mixin.py:188} INFO - [2024-11-10T03:09:31.353+0000] {override.py:1858} INFO - Created Permission View: can delete on DAG:dashboard_investasi-t_milestone_sumbagsel
[2024-11-10T03:09:31.362+0000] {logging_mixin.py:188} INFO - [2024-11-10T03:09:31.361+0000] {override.py:1858} INFO - Created Permission View: can edit on DAG:dashboard_investasi-t_milestone_sumbagsel
[2024-11-10T03:09:31.364+0000] {logging_mixin.py:188} INFO - [2024-11-10T03:09:31.364+0000] {dag.py:3089} INFO - Sync 1 DAGs
[2024-11-10T03:09:31.378+0000] {logging_mixin.py:188} INFO - [2024-11-10T03:09:31.378+0000] {dag.py:3111} INFO - Creating ORM DAG for dashboard_investasi-t_milestone_sumbagsel
[2024-11-10T03:09:31.389+0000] {logging_mixin.py:188} INFO - [2024-11-10T03:09:31.389+0000] {dag.py:3947} INFO - Setting next_dagrun for dashboard_investasi-t_milestone_sumbagsel to 2024-11-09 18:58:00+00:00, run_after=2024-11-09 18:59:00+00:00
[2024-11-10T03:09:31.418+0000] {processor.py:183} INFO - Processing /opt/airflow/dags/kai_logistik-silver-dashboard_investasi-t_milestone_sumbagsel.py took 0.318 seconds
[2024-11-10T03:10:01.769+0000] {processor.py:161} INFO - Started process (PID=857) to work on /opt/airflow/dags/kai_logistik-silver-dashboard_investasi-t_milestone_sumbagsel.py
[2024-11-10T03:10:01.772+0000] {processor.py:830} INFO - Processing file /opt/airflow/dags/kai_logistik-silver-dashboard_investasi-t_milestone_sumbagsel.py for tasks to queue
[2024-11-10T03:10:01.774+0000] {logging_mixin.py:188} INFO - [2024-11-10T03:10:01.774+0000] {dagbag.py:545} INFO - Filling up the DagBag from /opt/airflow/dags/kai_logistik-silver-dashboard_investasi-t_milestone_sumbagsel.py
[2024-11-10T03:10:01.827+0000] {processor.py:840} INFO - DAG(s) 'dashboard_investasi-t_milestone_sumbagsel' retrieved from /opt/airflow/dags/kai_logistik-silver-dashboard_investasi-t_milestone_sumbagsel.py
[2024-11-10T03:10:01.848+0000] {logging_mixin.py:188} INFO - [2024-11-10T03:10:01.848+0000] {dag.py:3089} INFO - Sync 1 DAGs
[2024-11-10T03:10:01.867+0000] {logging_mixin.py:188} INFO - [2024-11-10T03:10:01.867+0000] {dag.py:3947} INFO - Setting next_dagrun for dashboard_investasi-t_milestone_sumbagsel to 2024-11-09 18:58:00+00:00, run_after=2024-11-09 18:59:00+00:00
[2024-11-10T03:10:01.893+0000] {processor.py:183} INFO - Processing /opt/airflow/dags/kai_logistik-silver-dashboard_investasi-t_milestone_sumbagsel.py took 0.128 seconds
[2024-11-10T03:10:32.438+0000] {processor.py:161} INFO - Started process (PID=1268) to work on /opt/airflow/dags/kai_logistik-silver-dashboard_investasi-t_milestone_sumbagsel.py
[2024-11-10T03:10:32.439+0000] {processor.py:830} INFO - Processing file /opt/airflow/dags/kai_logistik-silver-dashboard_investasi-t_milestone_sumbagsel.py for tasks to queue
[2024-11-10T03:10:32.442+0000] {logging_mixin.py:188} INFO - [2024-11-10T03:10:32.441+0000] {dagbag.py:545} INFO - Filling up the DagBag from /opt/airflow/dags/kai_logistik-silver-dashboard_investasi-t_milestone_sumbagsel.py
[2024-11-10T03:10:32.490+0000] {processor.py:840} INFO - DAG(s) 'dashboard_investasi-t_milestone_sumbagsel' retrieved from /opt/airflow/dags/kai_logistik-silver-dashboard_investasi-t_milestone_sumbagsel.py
[2024-11-10T03:10:32.513+0000] {logging_mixin.py:188} INFO - [2024-11-10T03:10:32.513+0000] {dag.py:3089} INFO - Sync 1 DAGs
[2024-11-10T03:10:32.533+0000] {logging_mixin.py:188} INFO - [2024-11-10T03:10:32.533+0000] {dag.py:3947} INFO - Setting next_dagrun for dashboard_investasi-t_milestone_sumbagsel to 2024-11-09 18:58:00+00:00, run_after=2024-11-09 18:59:00+00:00
[2024-11-10T03:10:32.559+0000] {processor.py:183} INFO - Processing /opt/airflow/dags/kai_logistik-silver-dashboard_investasi-t_milestone_sumbagsel.py took 0.125 seconds
[2024-11-10T03:11:02.752+0000] {processor.py:161} INFO - Started process (PID=1679) to work on /opt/airflow/dags/kai_logistik-silver-dashboard_investasi-t_milestone_sumbagsel.py
[2024-11-10T03:11:02.753+0000] {processor.py:830} INFO - Processing file /opt/airflow/dags/kai_logistik-silver-dashboard_investasi-t_milestone_sumbagsel.py for tasks to queue
[2024-11-10T03:11:02.755+0000] {logging_mixin.py:188} INFO - [2024-11-10T03:11:02.755+0000] {dagbag.py:545} INFO - Filling up the DagBag from /opt/airflow/dags/kai_logistik-silver-dashboard_investasi-t_milestone_sumbagsel.py
[2024-11-10T03:11:02.784+0000] {processor.py:840} INFO - DAG(s) 'dashboard_investasi-t_milestone_sumbagsel' retrieved from /opt/airflow/dags/kai_logistik-silver-dashboard_investasi-t_milestone_sumbagsel.py
[2024-11-10T03:11:02.807+0000] {logging_mixin.py:188} INFO - [2024-11-10T03:11:02.807+0000] {dag.py:3089} INFO - Sync 1 DAGs
[2024-11-10T03:11:02.825+0000] {logging_mixin.py:188} INFO - [2024-11-10T03:11:02.825+0000] {dag.py:3947} INFO - Setting next_dagrun for dashboard_investasi-t_milestone_sumbagsel to 2024-11-09 18:58:00+00:00, run_after=2024-11-09 18:59:00+00:00
[2024-11-10T03:11:02.845+0000] {processor.py:183} INFO - Processing /opt/airflow/dags/kai_logistik-silver-dashboard_investasi-t_milestone_sumbagsel.py took 0.102 seconds
[2024-11-10T03:11:33.043+0000] {processor.py:161} INFO - Started process (PID=2090) to work on /opt/airflow/dags/kai_logistik-silver-dashboard_investasi-t_milestone_sumbagsel.py
[2024-11-10T03:11:33.043+0000] {processor.py:830} INFO - Processing file /opt/airflow/dags/kai_logistik-silver-dashboard_investasi-t_milestone_sumbagsel.py for tasks to queue
[2024-11-10T03:11:33.045+0000] {logging_mixin.py:188} INFO - [2024-11-10T03:11:33.045+0000] {dagbag.py:545} INFO - Filling up the DagBag from /opt/airflow/dags/kai_logistik-silver-dashboard_investasi-t_milestone_sumbagsel.py
[2024-11-10T03:11:33.063+0000] {processor.py:840} INFO - DAG(s) 'dashboard_investasi-t_milestone_sumbagsel' retrieved from /opt/airflow/dags/kai_logistik-silver-dashboard_investasi-t_milestone_sumbagsel.py
[2024-11-10T03:11:33.081+0000] {logging_mixin.py:188} INFO - [2024-11-10T03:11:33.080+0000] {dag.py:3089} INFO - Sync 1 DAGs
[2024-11-10T03:11:33.096+0000] {logging_mixin.py:188} INFO - [2024-11-10T03:11:33.095+0000] {dag.py:3947} INFO - Setting next_dagrun for dashboard_investasi-t_milestone_sumbagsel to 2024-11-09 18:58:00+00:00, run_after=2024-11-09 18:59:00+00:00
[2024-11-10T03:11:33.111+0000] {processor.py:183} INFO - Processing /opt/airflow/dags/kai_logistik-silver-dashboard_investasi-t_milestone_sumbagsel.py took 0.073 seconds
[2024-11-10T03:12:03.408+0000] {processor.py:161} INFO - Started process (PID=2501) to work on /opt/airflow/dags/kai_logistik-silver-dashboard_investasi-t_milestone_sumbagsel.py
[2024-11-10T03:12:03.410+0000] {processor.py:830} INFO - Processing file /opt/airflow/dags/kai_logistik-silver-dashboard_investasi-t_milestone_sumbagsel.py for tasks to queue
[2024-11-10T03:12:03.412+0000] {logging_mixin.py:188} INFO - [2024-11-10T03:12:03.412+0000] {dagbag.py:545} INFO - Filling up the DagBag from /opt/airflow/dags/kai_logistik-silver-dashboard_investasi-t_milestone_sumbagsel.py
[2024-11-10T03:12:03.442+0000] {processor.py:840} INFO - DAG(s) 'dashboard_investasi-t_milestone_sumbagsel' retrieved from /opt/airflow/dags/kai_logistik-silver-dashboard_investasi-t_milestone_sumbagsel.py
[2024-11-10T03:12:03.463+0000] {logging_mixin.py:188} INFO - [2024-11-10T03:12:03.462+0000] {dag.py:3089} INFO - Sync 1 DAGs
[2024-11-10T03:12:03.482+0000] {logging_mixin.py:188} INFO - [2024-11-10T03:12:03.482+0000] {dag.py:3947} INFO - Setting next_dagrun for dashboard_investasi-t_milestone_sumbagsel to 2024-11-09 18:58:00+00:00, run_after=2024-11-09 18:59:00+00:00
[2024-11-10T03:12:03.506+0000] {processor.py:183} INFO - Processing /opt/airflow/dags/kai_logistik-silver-dashboard_investasi-t_milestone_sumbagsel.py took 0.103 seconds
[2024-11-10T03:12:34.016+0000] {processor.py:161} INFO - Started process (PID=2912) to work on /opt/airflow/dags/kai_logistik-silver-dashboard_investasi-t_milestone_sumbagsel.py
[2024-11-10T03:12:34.017+0000] {processor.py:830} INFO - Processing file /opt/airflow/dags/kai_logistik-silver-dashboard_investasi-t_milestone_sumbagsel.py for tasks to queue
[2024-11-10T03:12:34.019+0000] {logging_mixin.py:188} INFO - [2024-11-10T03:12:34.019+0000] {dagbag.py:545} INFO - Filling up the DagBag from /opt/airflow/dags/kai_logistik-silver-dashboard_investasi-t_milestone_sumbagsel.py
[2024-11-10T03:12:34.041+0000] {processor.py:840} INFO - DAG(s) 'dashboard_investasi-t_milestone_sumbagsel' retrieved from /opt/airflow/dags/kai_logistik-silver-dashboard_investasi-t_milestone_sumbagsel.py
[2024-11-10T03:12:34.065+0000] {logging_mixin.py:188} INFO - [2024-11-10T03:12:34.065+0000] {dag.py:3089} INFO - Sync 1 DAGs
[2024-11-10T03:12:34.082+0000] {logging_mixin.py:188} INFO - [2024-11-10T03:12:34.082+0000] {dag.py:3947} INFO - Setting next_dagrun for dashboard_investasi-t_milestone_sumbagsel to 2024-11-09 18:58:00+00:00, run_after=2024-11-09 18:59:00+00:00
[2024-11-10T03:12:34.098+0000] {processor.py:183} INFO - Processing /opt/airflow/dags/kai_logistik-silver-dashboard_investasi-t_milestone_sumbagsel.py took 0.087 seconds
[2024-11-10T03:13:06.101+0000] {processor.py:161} INFO - Started process (PID=3325) to work on /opt/airflow/dags/kai_logistik-silver-dashboard_investasi-t_milestone_sumbagsel.py
[2024-11-10T03:13:06.102+0000] {processor.py:830} INFO - Processing file /opt/airflow/dags/kai_logistik-silver-dashboard_investasi-t_milestone_sumbagsel.py for tasks to queue
[2024-11-10T03:13:06.105+0000] {logging_mixin.py:188} INFO - [2024-11-10T03:13:06.104+0000] {dagbag.py:545} INFO - Filling up the DagBag from /opt/airflow/dags/kai_logistik-silver-dashboard_investasi-t_milestone_sumbagsel.py
[2024-11-10T03:13:06.161+0000] {processor.py:840} INFO - DAG(s) 'dashboard_investasi-t_milestone_sumbagsel' retrieved from /opt/airflow/dags/kai_logistik-silver-dashboard_investasi-t_milestone_sumbagsel.py
[2024-11-10T03:13:06.189+0000] {logging_mixin.py:188} INFO - [2024-11-10T03:13:06.189+0000] {dag.py:3089} INFO - Sync 1 DAGs
[2024-11-10T03:13:06.209+0000] {logging_mixin.py:188} INFO - [2024-11-10T03:13:06.209+0000] {dag.py:3947} INFO - Setting next_dagrun for dashboard_investasi-t_milestone_sumbagsel to 2024-11-09 18:58:00+00:00, run_after=2024-11-09 18:59:00+00:00
[2024-11-10T03:13:06.230+0000] {processor.py:183} INFO - Processing /opt/airflow/dags/kai_logistik-silver-dashboard_investasi-t_milestone_sumbagsel.py took 0.134 seconds
[2024-11-10T03:13:36.846+0000] {processor.py:161} INFO - Started process (PID=3736) to work on /opt/airflow/dags/kai_logistik-silver-dashboard_investasi-t_milestone_sumbagsel.py
[2024-11-10T03:13:36.847+0000] {processor.py:830} INFO - Processing file /opt/airflow/dags/kai_logistik-silver-dashboard_investasi-t_milestone_sumbagsel.py for tasks to queue
[2024-11-10T03:13:36.849+0000] {logging_mixin.py:188} INFO - [2024-11-10T03:13:36.849+0000] {dagbag.py:545} INFO - Filling up the DagBag from /opt/airflow/dags/kai_logistik-silver-dashboard_investasi-t_milestone_sumbagsel.py
[2024-11-10T03:13:36.879+0000] {processor.py:840} INFO - DAG(s) 'dashboard_investasi-t_milestone_sumbagsel' retrieved from /opt/airflow/dags/kai_logistik-silver-dashboard_investasi-t_milestone_sumbagsel.py
[2024-11-10T03:13:36.902+0000] {logging_mixin.py:188} INFO - [2024-11-10T03:13:36.902+0000] {dag.py:3089} INFO - Sync 1 DAGs
[2024-11-10T03:13:36.922+0000] {logging_mixin.py:188} INFO - [2024-11-10T03:13:36.922+0000] {dag.py:3947} INFO - Setting next_dagrun for dashboard_investasi-t_milestone_sumbagsel to 2024-11-09 18:58:00+00:00, run_after=2024-11-09 18:59:00+00:00
[2024-11-10T03:13:36.947+0000] {processor.py:183} INFO - Processing /opt/airflow/dags/kai_logistik-silver-dashboard_investasi-t_milestone_sumbagsel.py took 0.107 seconds
[2024-11-10T03:14:08.809+0000] {processor.py:161} INFO - Started process (PID=4147) to work on /opt/airflow/dags/kai_logistik-silver-dashboard_investasi-t_milestone_sumbagsel.py
[2024-11-10T03:14:08.811+0000] {processor.py:830} INFO - Processing file /opt/airflow/dags/kai_logistik-silver-dashboard_investasi-t_milestone_sumbagsel.py for tasks to queue
[2024-11-10T03:14:08.813+0000] {logging_mixin.py:188} INFO - [2024-11-10T03:14:08.813+0000] {dagbag.py:545} INFO - Filling up the DagBag from /opt/airflow/dags/kai_logistik-silver-dashboard_investasi-t_milestone_sumbagsel.py
[2024-11-10T03:14:08.901+0000] {processor.py:840} INFO - DAG(s) 'dashboard_investasi-t_milestone_sumbagsel' retrieved from /opt/airflow/dags/kai_logistik-silver-dashboard_investasi-t_milestone_sumbagsel.py
[2024-11-10T03:14:08.936+0000] {logging_mixin.py:188} INFO - [2024-11-10T03:14:08.936+0000] {dag.py:3089} INFO - Sync 1 DAGs
[2024-11-10T03:14:08.966+0000] {logging_mixin.py:188} INFO - [2024-11-10T03:14:08.966+0000] {dag.py:3947} INFO - Setting next_dagrun for dashboard_investasi-t_milestone_sumbagsel to 2024-11-09 18:58:00+00:00, run_after=2024-11-09 18:59:00+00:00
[2024-11-10T03:14:09.013+0000] {processor.py:183} INFO - Processing /opt/airflow/dags/kai_logistik-silver-dashboard_investasi-t_milestone_sumbagsel.py took 0.209 seconds
