[2024-11-10T03:09:28.608+0000] {processor.py:161} INFO - Started process (PID=393) to work on /opt/airflow/dags/kai_logistik-silver-dashboard_investasi-ZFI0003.py
[2024-11-10T03:09:28.610+0000] {processor.py:830} INFO - Processing file /opt/airflow/dags/kai_logistik-silver-dashboard_investasi-ZFI0003.py for tasks to queue
[2024-11-10T03:09:28.615+0000] {logging_mixin.py:188} INFO - [2024-11-10T03:09:28.614+0000] {dagbag.py:545} INFO - Filling up the DagBag from /opt/airflow/dags/kai_logistik-silver-dashboard_investasi-ZFI0003.py
[2024-11-10T03:09:28.669+0000] {processor.py:840} INFO - DAG(s) 'dashboard_investasi-ZFI0003' retrieved from /opt/airflow/dags/kai_logistik-silver-dashboard_investasi-ZFI0003.py
[2024-11-10T03:09:28.801+0000] {logging_mixin.py:188} INFO - [2024-11-10T03:09:28.800+0000] {override.py:1858} INFO - Created Permission View: can read on DAG:dashboard_investasi-ZFI0003
[2024-11-10T03:09:28.816+0000] {logging_mixin.py:188} INFO - [2024-11-10T03:09:28.816+0000] {override.py:1858} INFO - Created Permission View: can delete on DAG:dashboard_investasi-ZFI0003
[2024-11-10T03:09:28.827+0000] {logging_mixin.py:188} INFO - [2024-11-10T03:09:28.827+0000] {override.py:1858} INFO - Created Permission View: can edit on DAG:dashboard_investasi-ZFI0003
[2024-11-10T03:09:28.828+0000] {logging_mixin.py:188} INFO - [2024-11-10T03:09:28.828+0000] {dag.py:3089} INFO - Sync 1 DAGs
[2024-11-10T03:09:28.840+0000] {logging_mixin.py:188} INFO - [2024-11-10T03:09:28.840+0000] {dag.py:3111} INFO - Creating ORM DAG for dashboard_investasi-ZFI0003
[2024-11-10T03:09:28.856+0000] {logging_mixin.py:188} INFO - [2024-11-10T03:09:28.856+0000] {dag.py:3947} INFO - Setting next_dagrun for dashboard_investasi-ZFI0003 to 2024-11-09 18:58:00+00:00, run_after=2024-11-09 18:59:00+00:00
[2024-11-10T03:09:28.888+0000] {processor.py:183} INFO - Processing /opt/airflow/dags/kai_logistik-silver-dashboard_investasi-ZFI0003.py took 0.288 seconds
[2024-11-10T03:09:59.358+0000] {processor.py:161} INFO - Started process (PID=804) to work on /opt/airflow/dags/kai_logistik-silver-dashboard_investasi-ZFI0003.py
[2024-11-10T03:09:59.359+0000] {processor.py:830} INFO - Processing file /opt/airflow/dags/kai_logistik-silver-dashboard_investasi-ZFI0003.py for tasks to queue
[2024-11-10T03:09:59.361+0000] {logging_mixin.py:188} INFO - [2024-11-10T03:09:59.361+0000] {dagbag.py:545} INFO - Filling up the DagBag from /opt/airflow/dags/kai_logistik-silver-dashboard_investasi-ZFI0003.py
[2024-11-10T03:09:59.414+0000] {processor.py:840} INFO - DAG(s) 'dashboard_investasi-ZFI0003' retrieved from /opt/airflow/dags/kai_logistik-silver-dashboard_investasi-ZFI0003.py
[2024-11-10T03:09:59.435+0000] {logging_mixin.py:188} INFO - [2024-11-10T03:09:59.435+0000] {dag.py:3089} INFO - Sync 1 DAGs
[2024-11-10T03:09:59.457+0000] {logging_mixin.py:188} INFO - [2024-11-10T03:09:59.457+0000] {dag.py:3947} INFO - Setting next_dagrun for dashboard_investasi-ZFI0003 to 2024-11-09 18:58:00+00:00, run_after=2024-11-09 18:59:00+00:00
[2024-11-10T03:09:59.489+0000] {processor.py:183} INFO - Processing /opt/airflow/dags/kai_logistik-silver-dashboard_investasi-ZFI0003.py took 0.135 seconds
[2024-11-10T03:10:30.245+0000] {processor.py:161} INFO - Started process (PID=1215) to work on /opt/airflow/dags/kai_logistik-silver-dashboard_investasi-ZFI0003.py
[2024-11-10T03:10:30.247+0000] {processor.py:830} INFO - Processing file /opt/airflow/dags/kai_logistik-silver-dashboard_investasi-ZFI0003.py for tasks to queue
[2024-11-10T03:10:30.249+0000] {logging_mixin.py:188} INFO - [2024-11-10T03:10:30.249+0000] {dagbag.py:545} INFO - Filling up the DagBag from /opt/airflow/dags/kai_logistik-silver-dashboard_investasi-ZFI0003.py
[2024-11-10T03:10:30.282+0000] {processor.py:840} INFO - DAG(s) 'dashboard_investasi-ZFI0003' retrieved from /opt/airflow/dags/kai_logistik-silver-dashboard_investasi-ZFI0003.py
[2024-11-10T03:10:30.304+0000] {logging_mixin.py:188} INFO - [2024-11-10T03:10:30.303+0000] {dag.py:3089} INFO - Sync 1 DAGs
[2024-11-10T03:10:30.323+0000] {logging_mixin.py:188} INFO - [2024-11-10T03:10:30.323+0000] {dag.py:3947} INFO - Setting next_dagrun for dashboard_investasi-ZFI0003 to 2024-11-09 18:58:00+00:00, run_after=2024-11-09 18:59:00+00:00
[2024-11-10T03:10:30.354+0000] {processor.py:183} INFO - Processing /opt/airflow/dags/kai_logistik-silver-dashboard_investasi-ZFI0003.py took 0.114 seconds
[2024-11-10T03:11:00.782+0000] {processor.py:161} INFO - Started process (PID=1624) to work on /opt/airflow/dags/kai_logistik-silver-dashboard_investasi-ZFI0003.py
[2024-11-10T03:11:00.783+0000] {processor.py:830} INFO - Processing file /opt/airflow/dags/kai_logistik-silver-dashboard_investasi-ZFI0003.py for tasks to queue
[2024-11-10T03:11:00.785+0000] {logging_mixin.py:188} INFO - [2024-11-10T03:11:00.785+0000] {dagbag.py:545} INFO - Filling up the DagBag from /opt/airflow/dags/kai_logistik-silver-dashboard_investasi-ZFI0003.py
[2024-11-10T03:11:00.810+0000] {processor.py:840} INFO - DAG(s) 'dashboard_investasi-ZFI0003' retrieved from /opt/airflow/dags/kai_logistik-silver-dashboard_investasi-ZFI0003.py
[2024-11-10T03:11:00.833+0000] {logging_mixin.py:188} INFO - [2024-11-10T03:11:00.833+0000] {dag.py:3089} INFO - Sync 1 DAGs
[2024-11-10T03:11:00.852+0000] {logging_mixin.py:188} INFO - [2024-11-10T03:11:00.851+0000] {dag.py:3947} INFO - Setting next_dagrun for dashboard_investasi-ZFI0003 to 2024-11-09 18:58:00+00:00, run_after=2024-11-09 18:59:00+00:00
[2024-11-10T03:11:00.869+0000] {processor.py:183} INFO - Processing /opt/airflow/dags/kai_logistik-silver-dashboard_investasi-ZFI0003.py took 0.091 seconds
[2024-11-10T03:11:31.452+0000] {processor.py:161} INFO - Started process (PID=2037) to work on /opt/airflow/dags/kai_logistik-silver-dashboard_investasi-ZFI0003.py
[2024-11-10T03:11:31.453+0000] {processor.py:830} INFO - Processing file /opt/airflow/dags/kai_logistik-silver-dashboard_investasi-ZFI0003.py for tasks to queue
[2024-11-10T03:11:31.455+0000] {logging_mixin.py:188} INFO - [2024-11-10T03:11:31.455+0000] {dagbag.py:545} INFO - Filling up the DagBag from /opt/airflow/dags/kai_logistik-silver-dashboard_investasi-ZFI0003.py
[2024-11-10T03:11:31.475+0000] {processor.py:840} INFO - DAG(s) 'dashboard_investasi-ZFI0003' retrieved from /opt/airflow/dags/kai_logistik-silver-dashboard_investasi-ZFI0003.py
[2024-11-10T03:11:31.494+0000] {logging_mixin.py:188} INFO - [2024-11-10T03:11:31.494+0000] {dag.py:3089} INFO - Sync 1 DAGs
[2024-11-10T03:11:31.513+0000] {logging_mixin.py:188} INFO - [2024-11-10T03:11:31.513+0000] {dag.py:3947} INFO - Setting next_dagrun for dashboard_investasi-ZFI0003 to 2024-11-09 18:58:00+00:00, run_after=2024-11-09 18:59:00+00:00
[2024-11-10T03:11:31.533+0000] {processor.py:183} INFO - Processing /opt/airflow/dags/kai_logistik-silver-dashboard_investasi-ZFI0003.py took 0.085 seconds
[2024-11-10T03:12:02.100+0000] {processor.py:161} INFO - Started process (PID=2448) to work on /opt/airflow/dags/kai_logistik-silver-dashboard_investasi-ZFI0003.py
[2024-11-10T03:12:02.101+0000] {processor.py:830} INFO - Processing file /opt/airflow/dags/kai_logistik-silver-dashboard_investasi-ZFI0003.py for tasks to queue
[2024-11-10T03:12:02.103+0000] {logging_mixin.py:188} INFO - [2024-11-10T03:12:02.103+0000] {dagbag.py:545} INFO - Filling up the DagBag from /opt/airflow/dags/kai_logistik-silver-dashboard_investasi-ZFI0003.py
[2024-11-10T03:12:02.136+0000] {processor.py:840} INFO - DAG(s) 'dashboard_investasi-ZFI0003' retrieved from /opt/airflow/dags/kai_logistik-silver-dashboard_investasi-ZFI0003.py
[2024-11-10T03:12:02.169+0000] {logging_mixin.py:188} INFO - [2024-11-10T03:12:02.169+0000] {dag.py:3089} INFO - Sync 1 DAGs
[2024-11-10T03:12:02.194+0000] {logging_mixin.py:188} INFO - [2024-11-10T03:12:02.194+0000] {dag.py:3947} INFO - Setting next_dagrun for dashboard_investasi-ZFI0003 to 2024-11-09 18:58:00+00:00, run_after=2024-11-09 18:59:00+00:00
[2024-11-10T03:12:02.229+0000] {processor.py:183} INFO - Processing /opt/airflow/dags/kai_logistik-silver-dashboard_investasi-ZFI0003.py took 0.134 seconds
[2024-11-10T03:12:32.456+0000] {processor.py:161} INFO - Started process (PID=2857) to work on /opt/airflow/dags/kai_logistik-silver-dashboard_investasi-ZFI0003.py
[2024-11-10T03:12:32.457+0000] {processor.py:830} INFO - Processing file /opt/airflow/dags/kai_logistik-silver-dashboard_investasi-ZFI0003.py for tasks to queue
[2024-11-10T03:12:32.459+0000] {logging_mixin.py:188} INFO - [2024-11-10T03:12:32.459+0000] {dagbag.py:545} INFO - Filling up the DagBag from /opt/airflow/dags/kai_logistik-silver-dashboard_investasi-ZFI0003.py
[2024-11-10T03:12:32.491+0000] {processor.py:840} INFO - DAG(s) 'dashboard_investasi-ZFI0003' retrieved from /opt/airflow/dags/kai_logistik-silver-dashboard_investasi-ZFI0003.py
[2024-11-10T03:12:32.511+0000] {logging_mixin.py:188} INFO - [2024-11-10T03:12:32.510+0000] {dag.py:3089} INFO - Sync 1 DAGs
[2024-11-10T03:12:32.527+0000] {logging_mixin.py:188} INFO - [2024-11-10T03:12:32.527+0000] {dag.py:3947} INFO - Setting next_dagrun for dashboard_investasi-ZFI0003 to 2024-11-09 18:58:00+00:00, run_after=2024-11-09 18:59:00+00:00
[2024-11-10T03:12:32.543+0000] {processor.py:183} INFO - Processing /opt/airflow/dags/kai_logistik-silver-dashboard_investasi-ZFI0003.py took 0.092 seconds
[2024-11-10T03:13:03.252+0000] {processor.py:161} INFO - Started process (PID=3270) to work on /opt/airflow/dags/kai_logistik-silver-dashboard_investasi-ZFI0003.py
[2024-11-10T03:13:03.254+0000] {processor.py:830} INFO - Processing file /opt/airflow/dags/kai_logistik-silver-dashboard_investasi-ZFI0003.py for tasks to queue
[2024-11-10T03:13:03.257+0000] {logging_mixin.py:188} INFO - [2024-11-10T03:13:03.257+0000] {dagbag.py:545} INFO - Filling up the DagBag from /opt/airflow/dags/kai_logistik-silver-dashboard_investasi-ZFI0003.py
[2024-11-10T03:13:03.495+0000] {processor.py:840} INFO - DAG(s) 'dashboard_investasi-ZFI0003' retrieved from /opt/airflow/dags/kai_logistik-silver-dashboard_investasi-ZFI0003.py
[2024-11-10T03:13:03.580+0000] {logging_mixin.py:188} INFO - [2024-11-10T03:13:03.580+0000] {dag.py:3089} INFO - Sync 1 DAGs
[2024-11-10T03:13:03.615+0000] {logging_mixin.py:188} INFO - [2024-11-10T03:13:03.614+0000] {dag.py:3947} INFO - Setting next_dagrun for dashboard_investasi-ZFI0003 to 2024-11-09 18:58:00+00:00, run_after=2024-11-09 18:59:00+00:00
[2024-11-10T03:13:03.646+0000] {processor.py:183} INFO - Processing /opt/airflow/dags/kai_logistik-silver-dashboard_investasi-ZFI0003.py took 0.398 seconds
[2024-11-10T03:13:34.559+0000] {processor.py:161} INFO - Started process (PID=3681) to work on /opt/airflow/dags/kai_logistik-silver-dashboard_investasi-ZFI0003.py
[2024-11-10T03:13:34.561+0000] {processor.py:830} INFO - Processing file /opt/airflow/dags/kai_logistik-silver-dashboard_investasi-ZFI0003.py for tasks to queue
[2024-11-10T03:13:34.563+0000] {logging_mixin.py:188} INFO - [2024-11-10T03:13:34.563+0000] {dagbag.py:545} INFO - Filling up the DagBag from /opt/airflow/dags/kai_logistik-silver-dashboard_investasi-ZFI0003.py
[2024-11-10T03:13:34.586+0000] {processor.py:840} INFO - DAG(s) 'dashboard_investasi-ZFI0003' retrieved from /opt/airflow/dags/kai_logistik-silver-dashboard_investasi-ZFI0003.py
[2024-11-10T03:13:34.611+0000] {logging_mixin.py:188} INFO - [2024-11-10T03:13:34.611+0000] {dag.py:3089} INFO - Sync 1 DAGs
[2024-11-10T03:13:34.636+0000] {logging_mixin.py:188} INFO - [2024-11-10T03:13:34.635+0000] {dag.py:3947} INFO - Setting next_dagrun for dashboard_investasi-ZFI0003 to 2024-11-09 18:58:00+00:00, run_after=2024-11-09 18:59:00+00:00
[2024-11-10T03:13:34.658+0000] {processor.py:183} INFO - Processing /opt/airflow/dags/kai_logistik-silver-dashboard_investasi-ZFI0003.py took 0.106 seconds
[2024-11-10T03:14:04.965+0000] {processor.py:161} INFO - Started process (PID=4092) to work on /opt/airflow/dags/kai_logistik-silver-dashboard_investasi-ZFI0003.py
[2024-11-10T03:14:04.968+0000] {processor.py:830} INFO - Processing file /opt/airflow/dags/kai_logistik-silver-dashboard_investasi-ZFI0003.py for tasks to queue
[2024-11-10T03:14:04.971+0000] {logging_mixin.py:188} INFO - [2024-11-10T03:14:04.971+0000] {dagbag.py:545} INFO - Filling up the DagBag from /opt/airflow/dags/kai_logistik-silver-dashboard_investasi-ZFI0003.py
[2024-11-10T03:14:05.006+0000] {processor.py:840} INFO - DAG(s) 'dashboard_investasi-ZFI0003' retrieved from /opt/airflow/dags/kai_logistik-silver-dashboard_investasi-ZFI0003.py
[2024-11-10T03:14:05.037+0000] {logging_mixin.py:188} INFO - [2024-11-10T03:14:05.037+0000] {dag.py:3089} INFO - Sync 1 DAGs
[2024-11-10T03:14:05.067+0000] {logging_mixin.py:188} INFO - [2024-11-10T03:14:05.066+0000] {dag.py:3947} INFO - Setting next_dagrun for dashboard_investasi-ZFI0003 to 2024-11-09 18:58:00+00:00, run_after=2024-11-09 18:59:00+00:00
[2024-11-10T03:14:05.107+0000] {processor.py:183} INFO - Processing /opt/airflow/dags/kai_logistik-silver-dashboard_investasi-ZFI0003.py took 0.150 seconds
