[2024-11-10T03:09:21.871+0000] {processor.py:161} INFO - Started process (PID=210) to work on /opt/airflow/dags/kai_logistik-silver-dashboard_investasi-ztb_dashb_mm0006.py
[2024-11-10T03:09:21.872+0000] {processor.py:830} INFO - Processing file /opt/airflow/dags/kai_logistik-silver-dashboard_investasi-ztb_dashb_mm0006.py for tasks to queue
[2024-11-10T03:09:21.874+0000] {logging_mixin.py:188} INFO - [2024-11-10T03:09:21.874+0000] {dagbag.py:545} INFO - Filling up the DagBag from /opt/airflow/dags/kai_logistik-silver-dashboard_investasi-ztb_dashb_mm0006.py
[2024-11-10T03:09:21.923+0000] {processor.py:840} INFO - DAG(s) 'dashboard_investasi-ztb_dashb_mm0006' retrieved from /opt/airflow/dags/kai_logistik-silver-dashboard_investasi-ztb_dashb_mm0006.py
[2024-11-10T03:09:22.034+0000] {logging_mixin.py:188} INFO - [2024-11-10T03:09:22.033+0000] {override.py:1858} INFO - Created Permission View: can read on DAG:dashboard_investasi-ztb_dashb_mm0006
[2024-11-10T03:09:22.046+0000] {logging_mixin.py:188} INFO - [2024-11-10T03:09:22.046+0000] {override.py:1858} INFO - Created Permission View: can delete on DAG:dashboard_investasi-ztb_dashb_mm0006
[2024-11-10T03:09:22.054+0000] {logging_mixin.py:188} INFO - [2024-11-10T03:09:22.054+0000] {override.py:1858} INFO - Created Permission View: can edit on DAG:dashboard_investasi-ztb_dashb_mm0006
[2024-11-10T03:09:22.055+0000] {logging_mixin.py:188} INFO - [2024-11-10T03:09:22.055+0000] {dag.py:3089} INFO - Sync 1 DAGs
[2024-11-10T03:09:22.069+0000] {logging_mixin.py:188} INFO - [2024-11-10T03:09:22.069+0000] {dag.py:3111} INFO - Creating ORM DAG for dashboard_investasi-ztb_dashb_mm0006
[2024-11-10T03:09:22.084+0000] {logging_mixin.py:188} INFO - [2024-11-10T03:09:22.083+0000] {dag.py:3947} INFO - Setting next_dagrun for dashboard_investasi-ztb_dashb_mm0006 to 2024-11-09 18:58:00+00:00, run_after=2024-11-09 18:59:00+00:00
[2024-11-10T03:09:22.115+0000] {processor.py:183} INFO - Processing /opt/airflow/dags/kai_logistik-silver-dashboard_investasi-ztb_dashb_mm0006.py took 0.250 seconds
[2024-11-10T03:09:52.315+0000] {processor.py:161} INFO - Started process (PID=621) to work on /opt/airflow/dags/kai_logistik-silver-dashboard_investasi-ztb_dashb_mm0006.py
[2024-11-10T03:09:52.316+0000] {processor.py:830} INFO - Processing file /opt/airflow/dags/kai_logistik-silver-dashboard_investasi-ztb_dashb_mm0006.py for tasks to queue
[2024-11-10T03:09:52.319+0000] {logging_mixin.py:188} INFO - [2024-11-10T03:09:52.318+0000] {dagbag.py:545} INFO - Filling up the DagBag from /opt/airflow/dags/kai_logistik-silver-dashboard_investasi-ztb_dashb_mm0006.py
[2024-11-10T03:09:52.354+0000] {processor.py:840} INFO - DAG(s) 'dashboard_investasi-ztb_dashb_mm0006' retrieved from /opt/airflow/dags/kai_logistik-silver-dashboard_investasi-ztb_dashb_mm0006.py
[2024-11-10T03:09:52.377+0000] {logging_mixin.py:188} INFO - [2024-11-10T03:09:52.376+0000] {dag.py:3089} INFO - Sync 1 DAGs
[2024-11-10T03:09:52.394+0000] {logging_mixin.py:188} INFO - [2024-11-10T03:09:52.394+0000] {dag.py:3947} INFO - Setting next_dagrun for dashboard_investasi-ztb_dashb_mm0006 to 2024-11-09 18:58:00+00:00, run_after=2024-11-09 18:59:00+00:00
[2024-11-10T03:09:52.409+0000] {processor.py:183} INFO - Processing /opt/airflow/dags/kai_logistik-silver-dashboard_investasi-ztb_dashb_mm0006.py took 0.098 seconds
[2024-11-10T03:10:22.792+0000] {processor.py:161} INFO - Started process (PID=1038) to work on /opt/airflow/dags/kai_logistik-silver-dashboard_investasi-ztb_dashb_mm0006.py
[2024-11-10T03:10:22.794+0000] {processor.py:830} INFO - Processing file /opt/airflow/dags/kai_logistik-silver-dashboard_investasi-ztb_dashb_mm0006.py for tasks to queue
[2024-11-10T03:10:22.796+0000] {logging_mixin.py:188} INFO - [2024-11-10T03:10:22.796+0000] {dagbag.py:545} INFO - Filling up the DagBag from /opt/airflow/dags/kai_logistik-silver-dashboard_investasi-ztb_dashb_mm0006.py
[2024-11-10T03:10:22.830+0000] {processor.py:840} INFO - DAG(s) 'dashboard_investasi-ztb_dashb_mm0006' retrieved from /opt/airflow/dags/kai_logistik-silver-dashboard_investasi-ztb_dashb_mm0006.py
[2024-11-10T03:10:22.851+0000] {logging_mixin.py:188} INFO - [2024-11-10T03:10:22.851+0000] {dag.py:3089} INFO - Sync 1 DAGs
[2024-11-10T03:10:22.871+0000] {logging_mixin.py:188} INFO - [2024-11-10T03:10:22.871+0000] {dag.py:3947} INFO - Setting next_dagrun for dashboard_investasi-ztb_dashb_mm0006 to 2024-11-09 18:58:00+00:00, run_after=2024-11-09 18:59:00+00:00
[2024-11-10T03:10:22.893+0000] {processor.py:183} INFO - Processing /opt/airflow/dags/kai_logistik-silver-dashboard_investasi-ztb_dashb_mm0006.py took 0.106 seconds
[2024-11-10T03:10:53.892+0000] {processor.py:161} INFO - Started process (PID=1449) to work on /opt/airflow/dags/kai_logistik-silver-dashboard_investasi-ztb_dashb_mm0006.py
[2024-11-10T03:10:53.894+0000] {processor.py:830} INFO - Processing file /opt/airflow/dags/kai_logistik-silver-dashboard_investasi-ztb_dashb_mm0006.py for tasks to queue
[2024-11-10T03:10:53.896+0000] {logging_mixin.py:188} INFO - [2024-11-10T03:10:53.896+0000] {dagbag.py:545} INFO - Filling up the DagBag from /opt/airflow/dags/kai_logistik-silver-dashboard_investasi-ztb_dashb_mm0006.py
[2024-11-10T03:10:53.920+0000] {processor.py:840} INFO - DAG(s) 'dashboard_investasi-ztb_dashb_mm0006' retrieved from /opt/airflow/dags/kai_logistik-silver-dashboard_investasi-ztb_dashb_mm0006.py
[2024-11-10T03:10:53.937+0000] {logging_mixin.py:188} INFO - [2024-11-10T03:10:53.937+0000] {dag.py:3089} INFO - Sync 1 DAGs
[2024-11-10T03:10:53.953+0000] {logging_mixin.py:188} INFO - [2024-11-10T03:10:53.953+0000] {dag.py:3947} INFO - Setting next_dagrun for dashboard_investasi-ztb_dashb_mm0006 to 2024-11-09 18:58:00+00:00, run_after=2024-11-09 18:59:00+00:00
[2024-11-10T03:10:53.978+0000] {processor.py:183} INFO - Processing /opt/airflow/dags/kai_logistik-silver-dashboard_investasi-ztb_dashb_mm0006.py took 0.091 seconds
[2024-11-10T03:11:24.617+0000] {processor.py:161} INFO - Started process (PID=1860) to work on /opt/airflow/dags/kai_logistik-silver-dashboard_investasi-ztb_dashb_mm0006.py
[2024-11-10T03:11:24.618+0000] {processor.py:830} INFO - Processing file /opt/airflow/dags/kai_logistik-silver-dashboard_investasi-ztb_dashb_mm0006.py for tasks to queue
[2024-11-10T03:11:24.620+0000] {logging_mixin.py:188} INFO - [2024-11-10T03:11:24.620+0000] {dagbag.py:545} INFO - Filling up the DagBag from /opt/airflow/dags/kai_logistik-silver-dashboard_investasi-ztb_dashb_mm0006.py
[2024-11-10T03:11:24.651+0000] {processor.py:840} INFO - DAG(s) 'dashboard_investasi-ztb_dashb_mm0006' retrieved from /opt/airflow/dags/kai_logistik-silver-dashboard_investasi-ztb_dashb_mm0006.py
[2024-11-10T03:11:24.668+0000] {logging_mixin.py:188} INFO - [2024-11-10T03:11:24.668+0000] {dag.py:3089} INFO - Sync 1 DAGs
[2024-11-10T03:11:24.683+0000] {logging_mixin.py:188} INFO - [2024-11-10T03:11:24.683+0000] {dag.py:3947} INFO - Setting next_dagrun for dashboard_investasi-ztb_dashb_mm0006 to 2024-11-09 18:58:00+00:00, run_after=2024-11-09 18:59:00+00:00
[2024-11-10T03:11:24.699+0000] {processor.py:183} INFO - Processing /opt/airflow/dags/kai_logistik-silver-dashboard_investasi-ztb_dashb_mm0006.py took 0.089 seconds
[2024-11-10T03:11:55.249+0000] {processor.py:161} INFO - Started process (PID=2271) to work on /opt/airflow/dags/kai_logistik-silver-dashboard_investasi-ztb_dashb_mm0006.py
[2024-11-10T03:11:55.249+0000] {processor.py:830} INFO - Processing file /opt/airflow/dags/kai_logistik-silver-dashboard_investasi-ztb_dashb_mm0006.py for tasks to queue
[2024-11-10T03:11:55.251+0000] {logging_mixin.py:188} INFO - [2024-11-10T03:11:55.251+0000] {dagbag.py:545} INFO - Filling up the DagBag from /opt/airflow/dags/kai_logistik-silver-dashboard_investasi-ztb_dashb_mm0006.py
[2024-11-10T03:11:55.268+0000] {processor.py:840} INFO - DAG(s) 'dashboard_investasi-ztb_dashb_mm0006' retrieved from /opt/airflow/dags/kai_logistik-silver-dashboard_investasi-ztb_dashb_mm0006.py
[2024-11-10T03:11:55.285+0000] {logging_mixin.py:188} INFO - [2024-11-10T03:11:55.285+0000] {dag.py:3089} INFO - Sync 1 DAGs
[2024-11-10T03:11:55.304+0000] {logging_mixin.py:188} INFO - [2024-11-10T03:11:55.304+0000] {dag.py:3947} INFO - Setting next_dagrun for dashboard_investasi-ztb_dashb_mm0006 to 2024-11-09 18:58:00+00:00, run_after=2024-11-09 18:59:00+00:00
[2024-11-10T03:11:55.321+0000] {processor.py:183} INFO - Processing /opt/airflow/dags/kai_logistik-silver-dashboard_investasi-ztb_dashb_mm0006.py took 0.077 seconds
[2024-11-10T03:12:25.523+0000] {processor.py:161} INFO - Started process (PID=2682) to work on /opt/airflow/dags/kai_logistik-silver-dashboard_investasi-ztb_dashb_mm0006.py
[2024-11-10T03:12:25.524+0000] {processor.py:830} INFO - Processing file /opt/airflow/dags/kai_logistik-silver-dashboard_investasi-ztb_dashb_mm0006.py for tasks to queue
[2024-11-10T03:12:25.526+0000] {logging_mixin.py:188} INFO - [2024-11-10T03:12:25.526+0000] {dagbag.py:545} INFO - Filling up the DagBag from /opt/airflow/dags/kai_logistik-silver-dashboard_investasi-ztb_dashb_mm0006.py
[2024-11-10T03:12:25.555+0000] {processor.py:840} INFO - DAG(s) 'dashboard_investasi-ztb_dashb_mm0006' retrieved from /opt/airflow/dags/kai_logistik-silver-dashboard_investasi-ztb_dashb_mm0006.py
[2024-11-10T03:12:25.578+0000] {logging_mixin.py:188} INFO - [2024-11-10T03:12:25.578+0000] {dag.py:3089} INFO - Sync 1 DAGs
[2024-11-10T03:12:25.597+0000] {logging_mixin.py:188} INFO - [2024-11-10T03:12:25.596+0000] {dag.py:3947} INFO - Setting next_dagrun for dashboard_investasi-ztb_dashb_mm0006 to 2024-11-09 18:58:00+00:00, run_after=2024-11-09 18:59:00+00:00
[2024-11-10T03:12:25.614+0000] {processor.py:183} INFO - Processing /opt/airflow/dags/kai_logistik-silver-dashboard_investasi-ztb_dashb_mm0006.py took 0.096 seconds
[2024-11-10T03:12:56.278+0000] {processor.py:161} INFO - Started process (PID=3093) to work on /opt/airflow/dags/kai_logistik-silver-dashboard_investasi-ztb_dashb_mm0006.py
[2024-11-10T03:12:56.279+0000] {processor.py:830} INFO - Processing file /opt/airflow/dags/kai_logistik-silver-dashboard_investasi-ztb_dashb_mm0006.py for tasks to queue
[2024-11-10T03:12:56.281+0000] {logging_mixin.py:188} INFO - [2024-11-10T03:12:56.280+0000] {dagbag.py:545} INFO - Filling up the DagBag from /opt/airflow/dags/kai_logistik-silver-dashboard_investasi-ztb_dashb_mm0006.py
[2024-11-10T03:12:56.305+0000] {processor.py:840} INFO - DAG(s) 'dashboard_investasi-ztb_dashb_mm0006' retrieved from /opt/airflow/dags/kai_logistik-silver-dashboard_investasi-ztb_dashb_mm0006.py
[2024-11-10T03:12:56.325+0000] {logging_mixin.py:188} INFO - [2024-11-10T03:12:56.325+0000] {dag.py:3089} INFO - Sync 1 DAGs
[2024-11-10T03:12:56.342+0000] {logging_mixin.py:188} INFO - [2024-11-10T03:12:56.342+0000] {dag.py:3947} INFO - Setting next_dagrun for dashboard_investasi-ztb_dashb_mm0006 to 2024-11-09 18:58:00+00:00, run_after=2024-11-09 18:59:00+00:00
[2024-11-10T03:12:56.358+0000] {processor.py:183} INFO - Processing /opt/airflow/dags/kai_logistik-silver-dashboard_investasi-ztb_dashb_mm0006.py took 0.085 seconds
[2024-11-10T03:13:26.759+0000] {processor.py:161} INFO - Started process (PID=3504) to work on /opt/airflow/dags/kai_logistik-silver-dashboard_investasi-ztb_dashb_mm0006.py
[2024-11-10T03:13:26.761+0000] {processor.py:830} INFO - Processing file /opt/airflow/dags/kai_logistik-silver-dashboard_investasi-ztb_dashb_mm0006.py for tasks to queue
[2024-11-10T03:13:26.762+0000] {logging_mixin.py:188} INFO - [2024-11-10T03:13:26.762+0000] {dagbag.py:545} INFO - Filling up the DagBag from /opt/airflow/dags/kai_logistik-silver-dashboard_investasi-ztb_dashb_mm0006.py
[2024-11-10T03:13:26.783+0000] {processor.py:840} INFO - DAG(s) 'dashboard_investasi-ztb_dashb_mm0006' retrieved from /opt/airflow/dags/kai_logistik-silver-dashboard_investasi-ztb_dashb_mm0006.py
[2024-11-10T03:13:26.804+0000] {logging_mixin.py:188} INFO - [2024-11-10T03:13:26.804+0000] {dag.py:3089} INFO - Sync 1 DAGs
[2024-11-10T03:13:26.826+0000] {logging_mixin.py:188} INFO - [2024-11-10T03:13:26.826+0000] {dag.py:3947} INFO - Setting next_dagrun for dashboard_investasi-ztb_dashb_mm0006 to 2024-11-09 18:58:00+00:00, run_after=2024-11-09 18:59:00+00:00
[2024-11-10T03:13:26.843+0000] {processor.py:183} INFO - Processing /opt/airflow/dags/kai_logistik-silver-dashboard_investasi-ztb_dashb_mm0006.py took 0.089 seconds
[2024-11-10T03:13:57.340+0000] {processor.py:161} INFO - Started process (PID=3917) to work on /opt/airflow/dags/kai_logistik-silver-dashboard_investasi-ztb_dashb_mm0006.py
[2024-11-10T03:13:57.341+0000] {processor.py:830} INFO - Processing file /opt/airflow/dags/kai_logistik-silver-dashboard_investasi-ztb_dashb_mm0006.py for tasks to queue
[2024-11-10T03:13:57.343+0000] {logging_mixin.py:188} INFO - [2024-11-10T03:13:57.342+0000] {dagbag.py:545} INFO - Filling up the DagBag from /opt/airflow/dags/kai_logistik-silver-dashboard_investasi-ztb_dashb_mm0006.py
[2024-11-10T03:13:57.371+0000] {processor.py:840} INFO - DAG(s) 'dashboard_investasi-ztb_dashb_mm0006' retrieved from /opt/airflow/dags/kai_logistik-silver-dashboard_investasi-ztb_dashb_mm0006.py
[2024-11-10T03:13:57.389+0000] {logging_mixin.py:188} INFO - [2024-11-10T03:13:57.389+0000] {dag.py:3089} INFO - Sync 1 DAGs
[2024-11-10T03:13:57.405+0000] {logging_mixin.py:188} INFO - [2024-11-10T03:13:57.405+0000] {dag.py:3947} INFO - Setting next_dagrun for dashboard_investasi-ztb_dashb_mm0006 to 2024-11-09 18:58:00+00:00, run_after=2024-11-09 18:59:00+00:00
[2024-11-10T03:13:57.429+0000] {processor.py:183} INFO - Processing /opt/airflow/dags/kai_logistik-silver-dashboard_investasi-ztb_dashb_mm0006.py took 0.093 seconds
