[2024-11-10T03:09:21.638+0000] {processor.py:161} INFO - Started process (PID=202) to work on /opt/airflow/dags/kai_logistik-silver-dashboard_investasi-ztb_dashb_mm0004.py
[2024-11-10T03:09:21.639+0000] {processor.py:830} INFO - Processing file /opt/airflow/dags/kai_logistik-silver-dashboard_investasi-ztb_dashb_mm0004.py for tasks to queue
[2024-11-10T03:09:21.641+0000] {logging_mixin.py:188} INFO - [2024-11-10T03:09:21.640+0000] {dagbag.py:545} INFO - Filling up the DagBag from /opt/airflow/dags/kai_logistik-silver-dashboard_investasi-ztb_dashb_mm0004.py
[2024-11-10T03:09:21.670+0000] {processor.py:840} INFO - DAG(s) 'dashboard_investasi-ztb_dashb_mm0004' retrieved from /opt/airflow/dags/kai_logistik-silver-dashboard_investasi-ztb_dashb_mm0004.py
[2024-11-10T03:09:21.757+0000] {logging_mixin.py:188} INFO - [2024-11-10T03:09:21.757+0000] {override.py:1858} INFO - Created Permission View: can read on DAG:dashboard_investasi-ztb_dashb_mm0004
[2024-11-10T03:09:21.766+0000] {logging_mixin.py:188} INFO - [2024-11-10T03:09:21.766+0000] {override.py:1858} INFO - Created Permission View: can delete on DAG:dashboard_investasi-ztb_dashb_mm0004
[2024-11-10T03:09:21.772+0000] {logging_mixin.py:188} INFO - [2024-11-10T03:09:21.772+0000] {override.py:1858} INFO - Created Permission View: can edit on DAG:dashboard_investasi-ztb_dashb_mm0004
[2024-11-10T03:09:21.772+0000] {logging_mixin.py:188} INFO - [2024-11-10T03:09:21.772+0000] {dag.py:3089} INFO - Sync 1 DAGs
[2024-11-10T03:09:21.780+0000] {logging_mixin.py:188} INFO - [2024-11-10T03:09:21.780+0000] {dag.py:3111} INFO - Creating ORM DAG for dashboard_investasi-ztb_dashb_mm0004
[2024-11-10T03:09:21.791+0000] {logging_mixin.py:188} INFO - [2024-11-10T03:09:21.791+0000] {dag.py:3947} INFO - Setting next_dagrun for dashboard_investasi-ztb_dashb_mm0004 to 2024-11-09 18:58:00+00:00, run_after=2024-11-09 18:59:00+00:00
[2024-11-10T03:09:21.813+0000] {processor.py:183} INFO - Processing /opt/airflow/dags/kai_logistik-silver-dashboard_investasi-ztb_dashb_mm0004.py took 0.179 seconds
[2024-11-10T03:09:52.095+0000] {processor.py:161} INFO - Started process (PID=613) to work on /opt/airflow/dags/kai_logistik-silver-dashboard_investasi-ztb_dashb_mm0004.py
[2024-11-10T03:09:52.097+0000] {processor.py:830} INFO - Processing file /opt/airflow/dags/kai_logistik-silver-dashboard_investasi-ztb_dashb_mm0004.py for tasks to queue
[2024-11-10T03:09:52.099+0000] {logging_mixin.py:188} INFO - [2024-11-10T03:09:52.098+0000] {dagbag.py:545} INFO - Filling up the DagBag from /opt/airflow/dags/kai_logistik-silver-dashboard_investasi-ztb_dashb_mm0004.py
[2024-11-10T03:09:52.129+0000] {processor.py:840} INFO - DAG(s) 'dashboard_investasi-ztb_dashb_mm0004' retrieved from /opt/airflow/dags/kai_logistik-silver-dashboard_investasi-ztb_dashb_mm0004.py
[2024-11-10T03:09:52.152+0000] {logging_mixin.py:188} INFO - [2024-11-10T03:09:52.152+0000] {dag.py:3089} INFO - Sync 1 DAGs
[2024-11-10T03:09:52.168+0000] {logging_mixin.py:188} INFO - [2024-11-10T03:09:52.168+0000] {dag.py:3947} INFO - Setting next_dagrun for dashboard_investasi-ztb_dashb_mm0004 to 2024-11-09 18:58:00+00:00, run_after=2024-11-09 18:59:00+00:00
[2024-11-10T03:09:52.196+0000] {processor.py:183} INFO - Processing /opt/airflow/dags/kai_logistik-silver-dashboard_investasi-ztb_dashb_mm0004.py took 0.106 seconds
[2024-11-10T03:10:22.571+0000] {processor.py:161} INFO - Started process (PID=1030) to work on /opt/airflow/dags/kai_logistik-silver-dashboard_investasi-ztb_dashb_mm0004.py
[2024-11-10T03:10:22.572+0000] {processor.py:830} INFO - Processing file /opt/airflow/dags/kai_logistik-silver-dashboard_investasi-ztb_dashb_mm0004.py for tasks to queue
[2024-11-10T03:10:22.574+0000] {logging_mixin.py:188} INFO - [2024-11-10T03:10:22.574+0000] {dagbag.py:545} INFO - Filling up the DagBag from /opt/airflow/dags/kai_logistik-silver-dashboard_investasi-ztb_dashb_mm0004.py
[2024-11-10T03:10:22.603+0000] {processor.py:840} INFO - DAG(s) 'dashboard_investasi-ztb_dashb_mm0004' retrieved from /opt/airflow/dags/kai_logistik-silver-dashboard_investasi-ztb_dashb_mm0004.py
[2024-11-10T03:10:22.622+0000] {logging_mixin.py:188} INFO - [2024-11-10T03:10:22.622+0000] {dag.py:3089} INFO - Sync 1 DAGs
[2024-11-10T03:10:22.640+0000] {logging_mixin.py:188} INFO - [2024-11-10T03:10:22.640+0000] {dag.py:3947} INFO - Setting next_dagrun for dashboard_investasi-ztb_dashb_mm0004 to 2024-11-09 18:58:00+00:00, run_after=2024-11-09 18:59:00+00:00
[2024-11-10T03:10:22.669+0000] {processor.py:183} INFO - Processing /opt/airflow/dags/kai_logistik-silver-dashboard_investasi-ztb_dashb_mm0004.py took 0.103 seconds
[2024-11-10T03:10:53.741+0000] {processor.py:161} INFO - Started process (PID=1441) to work on /opt/airflow/dags/kai_logistik-silver-dashboard_investasi-ztb_dashb_mm0004.py
[2024-11-10T03:10:53.742+0000] {processor.py:830} INFO - Processing file /opt/airflow/dags/kai_logistik-silver-dashboard_investasi-ztb_dashb_mm0004.py for tasks to queue
[2024-11-10T03:10:53.744+0000] {logging_mixin.py:188} INFO - [2024-11-10T03:10:53.744+0000] {dagbag.py:545} INFO - Filling up the DagBag from /opt/airflow/dags/kai_logistik-silver-dashboard_investasi-ztb_dashb_mm0004.py
[2024-11-10T03:10:53.774+0000] {processor.py:840} INFO - DAG(s) 'dashboard_investasi-ztb_dashb_mm0004' retrieved from /opt/airflow/dags/kai_logistik-silver-dashboard_investasi-ztb_dashb_mm0004.py
[2024-11-10T03:10:53.797+0000] {logging_mixin.py:188} INFO - [2024-11-10T03:10:53.797+0000] {dag.py:3089} INFO - Sync 1 DAGs
[2024-11-10T03:10:53.817+0000] {logging_mixin.py:188} INFO - [2024-11-10T03:10:53.817+0000] {dag.py:3947} INFO - Setting next_dagrun for dashboard_investasi-ztb_dashb_mm0004 to 2024-11-09 18:58:00+00:00, run_after=2024-11-09 18:59:00+00:00
[2024-11-10T03:10:53.833+0000] {processor.py:183} INFO - Processing /opt/airflow/dags/kai_logistik-silver-dashboard_investasi-ztb_dashb_mm0004.py took 0.097 seconds
[2024-11-10T03:11:24.490+0000] {processor.py:161} INFO - Started process (PID=1852) to work on /opt/airflow/dags/kai_logistik-silver-dashboard_investasi-ztb_dashb_mm0004.py
[2024-11-10T03:11:24.492+0000] {processor.py:830} INFO - Processing file /opt/airflow/dags/kai_logistik-silver-dashboard_investasi-ztb_dashb_mm0004.py for tasks to queue
[2024-11-10T03:11:24.493+0000] {logging_mixin.py:188} INFO - [2024-11-10T03:11:24.493+0000] {dagbag.py:545} INFO - Filling up the DagBag from /opt/airflow/dags/kai_logistik-silver-dashboard_investasi-ztb_dashb_mm0004.py
[2024-11-10T03:11:24.512+0000] {processor.py:840} INFO - DAG(s) 'dashboard_investasi-ztb_dashb_mm0004' retrieved from /opt/airflow/dags/kai_logistik-silver-dashboard_investasi-ztb_dashb_mm0004.py
[2024-11-10T03:11:24.528+0000] {logging_mixin.py:188} INFO - [2024-11-10T03:11:24.528+0000] {dag.py:3089} INFO - Sync 1 DAGs
[2024-11-10T03:11:24.544+0000] {logging_mixin.py:188} INFO - [2024-11-10T03:11:24.543+0000] {dag.py:3947} INFO - Setting next_dagrun for dashboard_investasi-ztb_dashb_mm0004 to 2024-11-09 18:58:00+00:00, run_after=2024-11-09 18:59:00+00:00
[2024-11-10T03:11:24.560+0000] {processor.py:183} INFO - Processing /opt/airflow/dags/kai_logistik-silver-dashboard_investasi-ztb_dashb_mm0004.py took 0.074 seconds
[2024-11-10T03:11:54.968+0000] {processor.py:161} INFO - Started process (PID=2263) to work on /opt/airflow/dags/kai_logistik-silver-dashboard_investasi-ztb_dashb_mm0004.py
[2024-11-10T03:11:54.970+0000] {processor.py:830} INFO - Processing file /opt/airflow/dags/kai_logistik-silver-dashboard_investasi-ztb_dashb_mm0004.py for tasks to queue
[2024-11-10T03:11:54.972+0000] {logging_mixin.py:188} INFO - [2024-11-10T03:11:54.972+0000] {dagbag.py:545} INFO - Filling up the DagBag from /opt/airflow/dags/kai_logistik-silver-dashboard_investasi-ztb_dashb_mm0004.py
[2024-11-10T03:11:55.025+0000] {processor.py:840} INFO - DAG(s) 'dashboard_investasi-ztb_dashb_mm0004' retrieved from /opt/airflow/dags/kai_logistik-silver-dashboard_investasi-ztb_dashb_mm0004.py
[2024-11-10T03:11:55.044+0000] {logging_mixin.py:188} INFO - [2024-11-10T03:11:55.044+0000] {dag.py:3089} INFO - Sync 1 DAGs
[2024-11-10T03:11:55.058+0000] {logging_mixin.py:188} INFO - [2024-11-10T03:11:55.058+0000] {dag.py:3947} INFO - Setting next_dagrun for dashboard_investasi-ztb_dashb_mm0004 to 2024-11-09 18:58:00+00:00, run_after=2024-11-09 18:59:00+00:00
[2024-11-10T03:11:55.083+0000] {processor.py:183} INFO - Processing /opt/airflow/dags/kai_logistik-silver-dashboard_investasi-ztb_dashb_mm0004.py took 0.119 seconds
[2024-11-10T03:12:25.294+0000] {processor.py:161} INFO - Started process (PID=2674) to work on /opt/airflow/dags/kai_logistik-silver-dashboard_investasi-ztb_dashb_mm0004.py
[2024-11-10T03:12:25.296+0000] {processor.py:830} INFO - Processing file /opt/airflow/dags/kai_logistik-silver-dashboard_investasi-ztb_dashb_mm0004.py for tasks to queue
[2024-11-10T03:12:25.298+0000] {logging_mixin.py:188} INFO - [2024-11-10T03:12:25.297+0000] {dagbag.py:545} INFO - Filling up the DagBag from /opt/airflow/dags/kai_logistik-silver-dashboard_investasi-ztb_dashb_mm0004.py
[2024-11-10T03:12:25.330+0000] {processor.py:840} INFO - DAG(s) 'dashboard_investasi-ztb_dashb_mm0004' retrieved from /opt/airflow/dags/kai_logistik-silver-dashboard_investasi-ztb_dashb_mm0004.py
[2024-11-10T03:12:25.350+0000] {logging_mixin.py:188} INFO - [2024-11-10T03:12:25.350+0000] {dag.py:3089} INFO - Sync 1 DAGs
[2024-11-10T03:12:25.366+0000] {logging_mixin.py:188} INFO - [2024-11-10T03:12:25.366+0000] {dag.py:3947} INFO - Setting next_dagrun for dashboard_investasi-ztb_dashb_mm0004 to 2024-11-09 18:58:00+00:00, run_after=2024-11-09 18:59:00+00:00
[2024-11-10T03:12:25.381+0000] {processor.py:183} INFO - Processing /opt/airflow/dags/kai_logistik-silver-dashboard_investasi-ztb_dashb_mm0004.py took 0.091 seconds
[2024-11-10T03:12:56.105+0000] {processor.py:161} INFO - Started process (PID=3085) to work on /opt/airflow/dags/kai_logistik-silver-dashboard_investasi-ztb_dashb_mm0004.py
[2024-11-10T03:12:56.107+0000] {processor.py:830} INFO - Processing file /opt/airflow/dags/kai_logistik-silver-dashboard_investasi-ztb_dashb_mm0004.py for tasks to queue
[2024-11-10T03:12:56.109+0000] {logging_mixin.py:188} INFO - [2024-11-10T03:12:56.108+0000] {dagbag.py:545} INFO - Filling up the DagBag from /opt/airflow/dags/kai_logistik-silver-dashboard_investasi-ztb_dashb_mm0004.py
[2024-11-10T03:12:56.134+0000] {processor.py:840} INFO - DAG(s) 'dashboard_investasi-ztb_dashb_mm0004' retrieved from /opt/airflow/dags/kai_logistik-silver-dashboard_investasi-ztb_dashb_mm0004.py
[2024-11-10T03:12:56.161+0000] {logging_mixin.py:188} INFO - [2024-11-10T03:12:56.161+0000] {dag.py:3089} INFO - Sync 1 DAGs
[2024-11-10T03:12:56.187+0000] {logging_mixin.py:188} INFO - [2024-11-10T03:12:56.187+0000] {dag.py:3947} INFO - Setting next_dagrun for dashboard_investasi-ztb_dashb_mm0004 to 2024-11-09 18:58:00+00:00, run_after=2024-11-09 18:59:00+00:00
[2024-11-10T03:12:56.221+0000] {processor.py:183} INFO - Processing /opt/airflow/dags/kai_logistik-silver-dashboard_investasi-ztb_dashb_mm0004.py took 0.121 seconds
[2024-11-10T03:13:26.518+0000] {processor.py:161} INFO - Started process (PID=3496) to work on /opt/airflow/dags/kai_logistik-silver-dashboard_investasi-ztb_dashb_mm0004.py
[2024-11-10T03:13:26.520+0000] {processor.py:830} INFO - Processing file /opt/airflow/dags/kai_logistik-silver-dashboard_investasi-ztb_dashb_mm0004.py for tasks to queue
[2024-11-10T03:13:26.522+0000] {logging_mixin.py:188} INFO - [2024-11-10T03:13:26.521+0000] {dagbag.py:545} INFO - Filling up the DagBag from /opt/airflow/dags/kai_logistik-silver-dashboard_investasi-ztb_dashb_mm0004.py
[2024-11-10T03:13:26.548+0000] {processor.py:840} INFO - DAG(s) 'dashboard_investasi-ztb_dashb_mm0004' retrieved from /opt/airflow/dags/kai_logistik-silver-dashboard_investasi-ztb_dashb_mm0004.py
[2024-11-10T03:13:26.570+0000] {logging_mixin.py:188} INFO - [2024-11-10T03:13:26.570+0000] {dag.py:3089} INFO - Sync 1 DAGs
[2024-11-10T03:13:26.587+0000] {logging_mixin.py:188} INFO - [2024-11-10T03:13:26.587+0000] {dag.py:3947} INFO - Setting next_dagrun for dashboard_investasi-ztb_dashb_mm0004 to 2024-11-09 18:58:00+00:00, run_after=2024-11-09 18:59:00+00:00
[2024-11-10T03:13:26.609+0000] {processor.py:183} INFO - Processing /opt/airflow/dags/kai_logistik-silver-dashboard_investasi-ztb_dashb_mm0004.py took 0.095 seconds
[2024-11-10T03:13:57.204+0000] {processor.py:161} INFO - Started process (PID=3907) to work on /opt/airflow/dags/kai_logistik-silver-dashboard_investasi-ztb_dashb_mm0004.py
[2024-11-10T03:13:57.206+0000] {processor.py:830} INFO - Processing file /opt/airflow/dags/kai_logistik-silver-dashboard_investasi-ztb_dashb_mm0004.py for tasks to queue
[2024-11-10T03:13:57.207+0000] {logging_mixin.py:188} INFO - [2024-11-10T03:13:57.207+0000] {dagbag.py:545} INFO - Filling up the DagBag from /opt/airflow/dags/kai_logistik-silver-dashboard_investasi-ztb_dashb_mm0004.py
[2024-11-10T03:13:57.240+0000] {processor.py:840} INFO - DAG(s) 'dashboard_investasi-ztb_dashb_mm0004' retrieved from /opt/airflow/dags/kai_logistik-silver-dashboard_investasi-ztb_dashb_mm0004.py
[2024-11-10T03:13:57.260+0000] {logging_mixin.py:188} INFO - [2024-11-10T03:13:57.259+0000] {dag.py:3089} INFO - Sync 1 DAGs
[2024-11-10T03:13:57.278+0000] {logging_mixin.py:188} INFO - [2024-11-10T03:13:57.277+0000] {dag.py:3947} INFO - Setting next_dagrun for dashboard_investasi-ztb_dashb_mm0004 to 2024-11-09 18:58:00+00:00, run_after=2024-11-09 18:59:00+00:00
[2024-11-10T03:13:57.293+0000] {processor.py:183} INFO - Processing /opt/airflow/dags/kai_logistik-silver-dashboard_investasi-ztb_dashb_mm0004.py took 0.094 seconds
