[2024-11-10T03:09:21.284+0000] {processor.py:161} INFO - Started process (PID=192) to work on /opt/airflow/dags/kai_logistik-silver-dashboard_investasi-ztb_dashb_mm0001.py
[2024-11-10T03:09:21.286+0000] {processor.py:830} INFO - Processing file /opt/airflow/dags/kai_logistik-silver-dashboard_investasi-ztb_dashb_mm0001.py for tasks to queue
[2024-11-10T03:09:21.288+0000] {logging_mixin.py:188} INFO - [2024-11-10T03:09:21.288+0000] {dagbag.py:545} INFO - Filling up the DagBag from /opt/airflow/dags/kai_logistik-silver-dashboard_investasi-ztb_dashb_mm0001.py
[2024-11-10T03:09:21.333+0000] {processor.py:840} INFO - DAG(s) 'dashboard_investasi-ztb_dashb_mm0001' retrieved from /opt/airflow/dags/kai_logistik-silver-dashboard_investasi-ztb_dashb_mm0001.py
[2024-11-10T03:09:21.529+0000] {logging_mixin.py:188} INFO - [2024-11-10T03:09:21.529+0000] {override.py:1858} INFO - Created Permission View: can read on DAG:dashboard_investasi-ztb_dashb_mm0001
[2024-11-10T03:09:21.540+0000] {logging_mixin.py:188} INFO - [2024-11-10T03:09:21.540+0000] {override.py:1858} INFO - Created Permission View: can delete on DAG:dashboard_investasi-ztb_dashb_mm0001
[2024-11-10T03:09:21.547+0000] {logging_mixin.py:188} INFO - [2024-11-10T03:09:21.547+0000] {override.py:1858} INFO - Created Permission View: can edit on DAG:dashboard_investasi-ztb_dashb_mm0001
[2024-11-10T03:09:21.548+0000] {logging_mixin.py:188} INFO - [2024-11-10T03:09:21.548+0000] {dag.py:3089} INFO - Sync 1 DAGs
[2024-11-10T03:09:21.560+0000] {logging_mixin.py:188} INFO - [2024-11-10T03:09:21.560+0000] {dag.py:3111} INFO - Creating ORM DAG for dashboard_investasi-ztb_dashb_mm0001
[2024-11-10T03:09:21.575+0000] {logging_mixin.py:188} INFO - [2024-11-10T03:09:21.575+0000] {dag.py:3947} INFO - Setting next_dagrun for dashboard_investasi-ztb_dashb_mm0001 to 2024-11-09 18:58:00+00:00, run_after=2024-11-09 18:59:00+00:00
[2024-11-10T03:09:21.597+0000] {processor.py:183} INFO - Processing /opt/airflow/dags/kai_logistik-silver-dashboard_investasi-ztb_dashb_mm0001.py took 0.319 seconds
[2024-11-10T03:09:51.902+0000] {processor.py:161} INFO - Started process (PID=603) to work on /opt/airflow/dags/kai_logistik-silver-dashboard_investasi-ztb_dashb_mm0001.py
[2024-11-10T03:09:51.903+0000] {processor.py:830} INFO - Processing file /opt/airflow/dags/kai_logistik-silver-dashboard_investasi-ztb_dashb_mm0001.py for tasks to queue
[2024-11-10T03:09:51.905+0000] {logging_mixin.py:188} INFO - [2024-11-10T03:09:51.905+0000] {dagbag.py:545} INFO - Filling up the DagBag from /opt/airflow/dags/kai_logistik-silver-dashboard_investasi-ztb_dashb_mm0001.py
[2024-11-10T03:09:51.931+0000] {processor.py:840} INFO - DAG(s) 'dashboard_investasi-ztb_dashb_mm0001' retrieved from /opt/airflow/dags/kai_logistik-silver-dashboard_investasi-ztb_dashb_mm0001.py
[2024-11-10T03:09:51.951+0000] {logging_mixin.py:188} INFO - [2024-11-10T03:09:51.951+0000] {dag.py:3089} INFO - Sync 1 DAGs
[2024-11-10T03:09:51.969+0000] {logging_mixin.py:188} INFO - [2024-11-10T03:09:51.969+0000] {dag.py:3947} INFO - Setting next_dagrun for dashboard_investasi-ztb_dashb_mm0001 to 2024-11-09 18:58:00+00:00, run_after=2024-11-09 18:59:00+00:00
[2024-11-10T03:09:51.990+0000] {processor.py:183} INFO - Processing /opt/airflow/dags/kai_logistik-silver-dashboard_investasi-ztb_dashb_mm0001.py took 0.093 seconds
[2024-11-10T03:10:22.396+0000] {processor.py:161} INFO - Started process (PID=1014) to work on /opt/airflow/dags/kai_logistik-silver-dashboard_investasi-ztb_dashb_mm0001.py
[2024-11-10T03:10:22.397+0000] {processor.py:830} INFO - Processing file /opt/airflow/dags/kai_logistik-silver-dashboard_investasi-ztb_dashb_mm0001.py for tasks to queue
[2024-11-10T03:10:22.400+0000] {logging_mixin.py:188} INFO - [2024-11-10T03:10:22.399+0000] {dagbag.py:545} INFO - Filling up the DagBag from /opt/airflow/dags/kai_logistik-silver-dashboard_investasi-ztb_dashb_mm0001.py
[2024-11-10T03:10:22.440+0000] {processor.py:840} INFO - DAG(s) 'dashboard_investasi-ztb_dashb_mm0001' retrieved from /opt/airflow/dags/kai_logistik-silver-dashboard_investasi-ztb_dashb_mm0001.py
[2024-11-10T03:10:22.465+0000] {logging_mixin.py:188} INFO - [2024-11-10T03:10:22.465+0000] {dag.py:3089} INFO - Sync 1 DAGs
[2024-11-10T03:10:22.486+0000] {logging_mixin.py:188} INFO - [2024-11-10T03:10:22.486+0000] {dag.py:3947} INFO - Setting next_dagrun for dashboard_investasi-ztb_dashb_mm0001 to 2024-11-09 18:58:00+00:00, run_after=2024-11-09 18:59:00+00:00
[2024-11-10T03:10:22.515+0000] {processor.py:183} INFO - Processing /opt/airflow/dags/kai_logistik-silver-dashboard_investasi-ztb_dashb_mm0001.py took 0.125 seconds
[2024-11-10T03:10:53.597+0000] {processor.py:161} INFO - Started process (PID=1431) to work on /opt/airflow/dags/kai_logistik-silver-dashboard_investasi-ztb_dashb_mm0001.py
[2024-11-10T03:10:53.598+0000] {processor.py:830} INFO - Processing file /opt/airflow/dags/kai_logistik-silver-dashboard_investasi-ztb_dashb_mm0001.py for tasks to queue
[2024-11-10T03:10:53.600+0000] {logging_mixin.py:188} INFO - [2024-11-10T03:10:53.600+0000] {dagbag.py:545} INFO - Filling up the DagBag from /opt/airflow/dags/kai_logistik-silver-dashboard_investasi-ztb_dashb_mm0001.py
[2024-11-10T03:10:53.630+0000] {processor.py:840} INFO - DAG(s) 'dashboard_investasi-ztb_dashb_mm0001' retrieved from /opt/airflow/dags/kai_logistik-silver-dashboard_investasi-ztb_dashb_mm0001.py
[2024-11-10T03:10:53.652+0000] {logging_mixin.py:188} INFO - [2024-11-10T03:10:53.652+0000] {dag.py:3089} INFO - Sync 1 DAGs
[2024-11-10T03:10:53.671+0000] {logging_mixin.py:188} INFO - [2024-11-10T03:10:53.671+0000] {dag.py:3947} INFO - Setting next_dagrun for dashboard_investasi-ztb_dashb_mm0001 to 2024-11-09 18:58:00+00:00, run_after=2024-11-09 18:59:00+00:00
[2024-11-10T03:10:53.688+0000] {processor.py:183} INFO - Processing /opt/airflow/dags/kai_logistik-silver-dashboard_investasi-ztb_dashb_mm0001.py took 0.097 seconds
[2024-11-10T03:11:24.363+0000] {processor.py:161} INFO - Started process (PID=1842) to work on /opt/airflow/dags/kai_logistik-silver-dashboard_investasi-ztb_dashb_mm0001.py
[2024-11-10T03:11:24.364+0000] {processor.py:830} INFO - Processing file /opt/airflow/dags/kai_logistik-silver-dashboard_investasi-ztb_dashb_mm0001.py for tasks to queue
[2024-11-10T03:11:24.366+0000] {logging_mixin.py:188} INFO - [2024-11-10T03:11:24.365+0000] {dagbag.py:545} INFO - Filling up the DagBag from /opt/airflow/dags/kai_logistik-silver-dashboard_investasi-ztb_dashb_mm0001.py
[2024-11-10T03:11:24.397+0000] {processor.py:840} INFO - DAG(s) 'dashboard_investasi-ztb_dashb_mm0001' retrieved from /opt/airflow/dags/kai_logistik-silver-dashboard_investasi-ztb_dashb_mm0001.py
[2024-11-10T03:11:24.419+0000] {logging_mixin.py:188} INFO - [2024-11-10T03:11:24.419+0000] {dag.py:3089} INFO - Sync 1 DAGs
[2024-11-10T03:11:24.437+0000] {logging_mixin.py:188} INFO - [2024-11-10T03:11:24.436+0000] {dag.py:3947} INFO - Setting next_dagrun for dashboard_investasi-ztb_dashb_mm0001 to 2024-11-09 18:58:00+00:00, run_after=2024-11-09 18:59:00+00:00
[2024-11-10T03:11:24.453+0000] {processor.py:183} INFO - Processing /opt/airflow/dags/kai_logistik-silver-dashboard_investasi-ztb_dashb_mm0001.py took 0.096 seconds
[2024-11-10T03:11:54.819+0000] {processor.py:161} INFO - Started process (PID=2253) to work on /opt/airflow/dags/kai_logistik-silver-dashboard_investasi-ztb_dashb_mm0001.py
[2024-11-10T03:11:54.820+0000] {processor.py:830} INFO - Processing file /opt/airflow/dags/kai_logistik-silver-dashboard_investasi-ztb_dashb_mm0001.py for tasks to queue
[2024-11-10T03:11:54.821+0000] {logging_mixin.py:188} INFO - [2024-11-10T03:11:54.821+0000] {dagbag.py:545} INFO - Filling up the DagBag from /opt/airflow/dags/kai_logistik-silver-dashboard_investasi-ztb_dashb_mm0001.py
[2024-11-10T03:11:54.841+0000] {processor.py:840} INFO - DAG(s) 'dashboard_investasi-ztb_dashb_mm0001' retrieved from /opt/airflow/dags/kai_logistik-silver-dashboard_investasi-ztb_dashb_mm0001.py
[2024-11-10T03:11:54.858+0000] {logging_mixin.py:188} INFO - [2024-11-10T03:11:54.858+0000] {dag.py:3089} INFO - Sync 1 DAGs
[2024-11-10T03:11:54.876+0000] {logging_mixin.py:188} INFO - [2024-11-10T03:11:54.875+0000] {dag.py:3947} INFO - Setting next_dagrun for dashboard_investasi-ztb_dashb_mm0001 to 2024-11-09 18:58:00+00:00, run_after=2024-11-09 18:59:00+00:00
[2024-11-10T03:11:54.901+0000] {processor.py:183} INFO - Processing /opt/airflow/dags/kai_logistik-silver-dashboard_investasi-ztb_dashb_mm0001.py took 0.087 seconds
[2024-11-10T03:12:25.123+0000] {processor.py:161} INFO - Started process (PID=2664) to work on /opt/airflow/dags/kai_logistik-silver-dashboard_investasi-ztb_dashb_mm0001.py
[2024-11-10T03:12:25.125+0000] {processor.py:830} INFO - Processing file /opt/airflow/dags/kai_logistik-silver-dashboard_investasi-ztb_dashb_mm0001.py for tasks to queue
[2024-11-10T03:12:25.130+0000] {logging_mixin.py:188} INFO - [2024-11-10T03:12:25.129+0000] {dagbag.py:545} INFO - Filling up the DagBag from /opt/airflow/dags/kai_logistik-silver-dashboard_investasi-ztb_dashb_mm0001.py
[2024-11-10T03:12:25.164+0000] {processor.py:840} INFO - DAG(s) 'dashboard_investasi-ztb_dashb_mm0001' retrieved from /opt/airflow/dags/kai_logistik-silver-dashboard_investasi-ztb_dashb_mm0001.py
[2024-11-10T03:12:25.194+0000] {logging_mixin.py:188} INFO - [2024-11-10T03:12:25.193+0000] {dag.py:3089} INFO - Sync 1 DAGs
[2024-11-10T03:12:25.219+0000] {logging_mixin.py:188} INFO - [2024-11-10T03:12:25.218+0000] {dag.py:3947} INFO - Setting next_dagrun for dashboard_investasi-ztb_dashb_mm0001 to 2024-11-09 18:58:00+00:00, run_after=2024-11-09 18:59:00+00:00
[2024-11-10T03:12:25.246+0000] {processor.py:183} INFO - Processing /opt/airflow/dags/kai_logistik-silver-dashboard_investasi-ztb_dashb_mm0001.py took 0.129 seconds
[2024-11-10T03:12:55.967+0000] {processor.py:161} INFO - Started process (PID=3075) to work on /opt/airflow/dags/kai_logistik-silver-dashboard_investasi-ztb_dashb_mm0001.py
[2024-11-10T03:12:55.969+0000] {processor.py:830} INFO - Processing file /opt/airflow/dags/kai_logistik-silver-dashboard_investasi-ztb_dashb_mm0001.py for tasks to queue
[2024-11-10T03:12:55.971+0000] {logging_mixin.py:188} INFO - [2024-11-10T03:12:55.970+0000] {dagbag.py:545} INFO - Filling up the DagBag from /opt/airflow/dags/kai_logistik-silver-dashboard_investasi-ztb_dashb_mm0001.py
[2024-11-10T03:12:56.001+0000] {processor.py:840} INFO - DAG(s) 'dashboard_investasi-ztb_dashb_mm0001' retrieved from /opt/airflow/dags/kai_logistik-silver-dashboard_investasi-ztb_dashb_mm0001.py
[2024-11-10T03:12:56.022+0000] {logging_mixin.py:188} INFO - [2024-11-10T03:12:56.022+0000] {dag.py:3089} INFO - Sync 1 DAGs
[2024-11-10T03:12:56.041+0000] {logging_mixin.py:188} INFO - [2024-11-10T03:12:56.041+0000] {dag.py:3947} INFO - Setting next_dagrun for dashboard_investasi-ztb_dashb_mm0001 to 2024-11-09 18:58:00+00:00, run_after=2024-11-09 18:59:00+00:00
[2024-11-10T03:12:56.062+0000] {processor.py:183} INFO - Processing /opt/airflow/dags/kai_logistik-silver-dashboard_investasi-ztb_dashb_mm0001.py took 0.100 seconds
[2024-11-10T03:13:26.363+0000] {processor.py:161} INFO - Started process (PID=3486) to work on /opt/airflow/dags/kai_logistik-silver-dashboard_investasi-ztb_dashb_mm0001.py
[2024-11-10T03:13:26.365+0000] {processor.py:830} INFO - Processing file /opt/airflow/dags/kai_logistik-silver-dashboard_investasi-ztb_dashb_mm0001.py for tasks to queue
[2024-11-10T03:13:26.367+0000] {logging_mixin.py:188} INFO - [2024-11-10T03:13:26.366+0000] {dagbag.py:545} INFO - Filling up the DagBag from /opt/airflow/dags/kai_logistik-silver-dashboard_investasi-ztb_dashb_mm0001.py
[2024-11-10T03:13:26.399+0000] {processor.py:840} INFO - DAG(s) 'dashboard_investasi-ztb_dashb_mm0001' retrieved from /opt/airflow/dags/kai_logistik-silver-dashboard_investasi-ztb_dashb_mm0001.py
[2024-11-10T03:13:26.426+0000] {logging_mixin.py:188} INFO - [2024-11-10T03:13:26.426+0000] {dag.py:3089} INFO - Sync 1 DAGs
[2024-11-10T03:13:26.448+0000] {logging_mixin.py:188} INFO - [2024-11-10T03:13:26.448+0000] {dag.py:3947} INFO - Setting next_dagrun for dashboard_investasi-ztb_dashb_mm0001 to 2024-11-09 18:58:00+00:00, run_after=2024-11-09 18:59:00+00:00
[2024-11-10T03:13:26.473+0000] {processor.py:183} INFO - Processing /opt/airflow/dags/kai_logistik-silver-dashboard_investasi-ztb_dashb_mm0001.py took 0.115 seconds
[2024-11-10T03:13:57.071+0000] {processor.py:161} INFO - Started process (PID=3897) to work on /opt/airflow/dags/kai_logistik-silver-dashboard_investasi-ztb_dashb_mm0001.py
[2024-11-10T03:13:57.072+0000] {processor.py:830} INFO - Processing file /opt/airflow/dags/kai_logistik-silver-dashboard_investasi-ztb_dashb_mm0001.py for tasks to queue
[2024-11-10T03:13:57.074+0000] {logging_mixin.py:188} INFO - [2024-11-10T03:13:57.073+0000] {dagbag.py:545} INFO - Filling up the DagBag from /opt/airflow/dags/kai_logistik-silver-dashboard_investasi-ztb_dashb_mm0001.py
[2024-11-10T03:13:57.104+0000] {processor.py:840} INFO - DAG(s) 'dashboard_investasi-ztb_dashb_mm0001' retrieved from /opt/airflow/dags/kai_logistik-silver-dashboard_investasi-ztb_dashb_mm0001.py
[2024-11-10T03:13:57.123+0000] {logging_mixin.py:188} INFO - [2024-11-10T03:13:57.122+0000] {dag.py:3089} INFO - Sync 1 DAGs
[2024-11-10T03:13:57.139+0000] {logging_mixin.py:188} INFO - [2024-11-10T03:13:57.139+0000] {dag.py:3947} INFO - Setting next_dagrun for dashboard_investasi-ztb_dashb_mm0001 to 2024-11-09 18:58:00+00:00, run_after=2024-11-09 18:59:00+00:00
[2024-11-10T03:13:57.161+0000] {processor.py:183} INFO - Processing /opt/airflow/dags/kai_logistik-silver-dashboard_investasi-ztb_dashb_mm0001.py took 0.094 seconds
