[2024-11-10T03:09:31.859+0000] {processor.py:161} INFO - Started process (PID=458) to work on /opt/airflow/dags/kai_logistik-silver-dashboard_investasi-reason.py
[2024-11-10T03:09:31.861+0000] {processor.py:830} INFO - Processing file /opt/airflow/dags/kai_logistik-silver-dashboard_investasi-reason.py for tasks to queue
[2024-11-10T03:09:31.863+0000] {logging_mixin.py:188} INFO - [2024-11-10T03:09:31.863+0000] {dagbag.py:545} INFO - Filling up the DagBag from /opt/airflow/dags/kai_logistik-silver-dashboard_investasi-reason.py
[2024-11-10T03:09:31.928+0000] {processor.py:840} INFO - DAG(s) 'dashboard_investasi-reason' retrieved from /opt/airflow/dags/kai_logistik-silver-dashboard_investasi-reason.py
[2024-11-10T03:09:32.040+0000] {logging_mixin.py:188} INFO - [2024-11-10T03:09:32.039+0000] {override.py:1858} INFO - Created Permission View: can read on DAG:dashboard_investasi-reason
[2024-11-10T03:09:32.050+0000] {logging_mixin.py:188} INFO - [2024-11-10T03:09:32.050+0000] {override.py:1858} INFO - Created Permission View: can delete on DAG:dashboard_investasi-reason
[2024-11-10T03:09:32.061+0000] {logging_mixin.py:188} INFO - [2024-11-10T03:09:32.060+0000] {override.py:1858} INFO - Created Permission View: can edit on DAG:dashboard_investasi-reason
[2024-11-10T03:09:32.062+0000] {logging_mixin.py:188} INFO - [2024-11-10T03:09:32.062+0000] {dag.py:3089} INFO - Sync 1 DAGs
[2024-11-10T03:09:32.077+0000] {logging_mixin.py:188} INFO - [2024-11-10T03:09:32.077+0000] {dag.py:3111} INFO - Creating ORM DAG for dashboard_investasi-reason
[2024-11-10T03:09:32.091+0000] {logging_mixin.py:188} INFO - [2024-11-10T03:09:32.090+0000] {dag.py:3947} INFO - Setting next_dagrun for dashboard_investasi-reason to 2024-11-09 18:58:00+00:00, run_after=2024-11-09 18:59:00+00:00
[2024-11-10T03:09:32.117+0000] {processor.py:183} INFO - Processing /opt/airflow/dags/kai_logistik-silver-dashboard_investasi-reason.py took 0.264 seconds
[2024-11-10T03:10:02.488+0000] {processor.py:161} INFO - Started process (PID=869) to work on /opt/airflow/dags/kai_logistik-silver-dashboard_investasi-reason.py
[2024-11-10T03:10:02.490+0000] {processor.py:830} INFO - Processing file /opt/airflow/dags/kai_logistik-silver-dashboard_investasi-reason.py for tasks to queue
[2024-11-10T03:10:02.492+0000] {logging_mixin.py:188} INFO - [2024-11-10T03:10:02.492+0000] {dagbag.py:545} INFO - Filling up the DagBag from /opt/airflow/dags/kai_logistik-silver-dashboard_investasi-reason.py
[2024-11-10T03:10:02.551+0000] {processor.py:840} INFO - DAG(s) 'dashboard_investasi-reason' retrieved from /opt/airflow/dags/kai_logistik-silver-dashboard_investasi-reason.py
[2024-11-10T03:10:02.572+0000] {logging_mixin.py:188} INFO - [2024-11-10T03:10:02.571+0000] {dag.py:3089} INFO - Sync 1 DAGs
[2024-11-10T03:10:02.589+0000] {logging_mixin.py:188} INFO - [2024-11-10T03:10:02.589+0000] {dag.py:3947} INFO - Setting next_dagrun for dashboard_investasi-reason to 2024-11-09 18:58:00+00:00, run_after=2024-11-09 18:59:00+00:00
[2024-11-10T03:10:02.609+0000] {processor.py:183} INFO - Processing /opt/airflow/dags/kai_logistik-silver-dashboard_investasi-reason.py took 0.126 seconds
[2024-11-10T03:10:32.965+0000] {processor.py:161} INFO - Started process (PID=1280) to work on /opt/airflow/dags/kai_logistik-silver-dashboard_investasi-reason.py
[2024-11-10T03:10:32.967+0000] {processor.py:830} INFO - Processing file /opt/airflow/dags/kai_logistik-silver-dashboard_investasi-reason.py for tasks to queue
[2024-11-10T03:10:32.969+0000] {logging_mixin.py:188} INFO - [2024-11-10T03:10:32.968+0000] {dagbag.py:545} INFO - Filling up the DagBag from /opt/airflow/dags/kai_logistik-silver-dashboard_investasi-reason.py
[2024-11-10T03:10:33.007+0000] {processor.py:840} INFO - DAG(s) 'dashboard_investasi-reason' retrieved from /opt/airflow/dags/kai_logistik-silver-dashboard_investasi-reason.py
[2024-11-10T03:10:33.028+0000] {logging_mixin.py:188} INFO - [2024-11-10T03:10:33.028+0000] {dag.py:3089} INFO - Sync 1 DAGs
[2024-11-10T03:10:33.047+0000] {logging_mixin.py:188} INFO - [2024-11-10T03:10:33.047+0000] {dag.py:3947} INFO - Setting next_dagrun for dashboard_investasi-reason to 2024-11-09 18:58:00+00:00, run_after=2024-11-09 18:59:00+00:00
[2024-11-10T03:10:33.069+0000] {processor.py:183} INFO - Processing /opt/airflow/dags/kai_logistik-silver-dashboard_investasi-reason.py took 0.108 seconds
[2024-11-10T03:11:04.026+0000] {processor.py:161} INFO - Started process (PID=1691) to work on /opt/airflow/dags/kai_logistik-silver-dashboard_investasi-reason.py
[2024-11-10T03:11:04.027+0000] {processor.py:830} INFO - Processing file /opt/airflow/dags/kai_logistik-silver-dashboard_investasi-reason.py for tasks to queue
[2024-11-10T03:11:04.029+0000] {logging_mixin.py:188} INFO - [2024-11-10T03:11:04.029+0000] {dagbag.py:545} INFO - Filling up the DagBag from /opt/airflow/dags/kai_logistik-silver-dashboard_investasi-reason.py
[2024-11-10T03:11:04.054+0000] {processor.py:840} INFO - DAG(s) 'dashboard_investasi-reason' retrieved from /opt/airflow/dags/kai_logistik-silver-dashboard_investasi-reason.py
[2024-11-10T03:11:04.076+0000] {logging_mixin.py:188} INFO - [2024-11-10T03:11:04.076+0000] {dag.py:3089} INFO - Sync 1 DAGs
[2024-11-10T03:11:04.094+0000] {logging_mixin.py:188} INFO - [2024-11-10T03:11:04.094+0000] {dag.py:3947} INFO - Setting next_dagrun for dashboard_investasi-reason to 2024-11-09 18:58:00+00:00, run_after=2024-11-09 18:59:00+00:00
[2024-11-10T03:11:04.119+0000] {processor.py:183} INFO - Processing /opt/airflow/dags/kai_logistik-silver-dashboard_investasi-reason.py took 0.098 seconds
[2024-11-10T03:11:34.323+0000] {processor.py:161} INFO - Started process (PID=2102) to work on /opt/airflow/dags/kai_logistik-silver-dashboard_investasi-reason.py
[2024-11-10T03:11:34.325+0000] {processor.py:830} INFO - Processing file /opt/airflow/dags/kai_logistik-silver-dashboard_investasi-reason.py for tasks to queue
[2024-11-10T03:11:34.327+0000] {logging_mixin.py:188} INFO - [2024-11-10T03:11:34.327+0000] {dagbag.py:545} INFO - Filling up the DagBag from /opt/airflow/dags/kai_logistik-silver-dashboard_investasi-reason.py
[2024-11-10T03:11:34.367+0000] {processor.py:840} INFO - DAG(s) 'dashboard_investasi-reason' retrieved from /opt/airflow/dags/kai_logistik-silver-dashboard_investasi-reason.py
[2024-11-10T03:11:34.388+0000] {logging_mixin.py:188} INFO - [2024-11-10T03:11:34.388+0000] {dag.py:3089} INFO - Sync 1 DAGs
[2024-11-10T03:11:34.406+0000] {logging_mixin.py:188} INFO - [2024-11-10T03:11:34.406+0000] {dag.py:3947} INFO - Setting next_dagrun for dashboard_investasi-reason to 2024-11-09 18:58:00+00:00, run_after=2024-11-09 18:59:00+00:00
[2024-11-10T03:11:34.430+0000] {processor.py:183} INFO - Processing /opt/airflow/dags/kai_logistik-silver-dashboard_investasi-reason.py took 0.113 seconds
[2024-11-10T03:12:04.744+0000] {processor.py:161} INFO - Started process (PID=2513) to work on /opt/airflow/dags/kai_logistik-silver-dashboard_investasi-reason.py
[2024-11-10T03:12:04.745+0000] {processor.py:830} INFO - Processing file /opt/airflow/dags/kai_logistik-silver-dashboard_investasi-reason.py for tasks to queue
[2024-11-10T03:12:04.747+0000] {logging_mixin.py:188} INFO - [2024-11-10T03:12:04.747+0000] {dagbag.py:545} INFO - Filling up the DagBag from /opt/airflow/dags/kai_logistik-silver-dashboard_investasi-reason.py
[2024-11-10T03:12:04.779+0000] {processor.py:840} INFO - DAG(s) 'dashboard_investasi-reason' retrieved from /opt/airflow/dags/kai_logistik-silver-dashboard_investasi-reason.py
[2024-11-10T03:12:04.797+0000] {logging_mixin.py:188} INFO - [2024-11-10T03:12:04.796+0000] {dag.py:3089} INFO - Sync 1 DAGs
[2024-11-10T03:12:04.812+0000] {logging_mixin.py:188} INFO - [2024-11-10T03:12:04.812+0000] {dag.py:3947} INFO - Setting next_dagrun for dashboard_investasi-reason to 2024-11-09 18:58:00+00:00, run_after=2024-11-09 18:59:00+00:00
[2024-11-10T03:12:04.836+0000] {processor.py:183} INFO - Processing /opt/airflow/dags/kai_logistik-silver-dashboard_investasi-reason.py took 0.097 seconds
[2024-11-10T03:12:35.292+0000] {processor.py:161} INFO - Started process (PID=2924) to work on /opt/airflow/dags/kai_logistik-silver-dashboard_investasi-reason.py
[2024-11-10T03:12:35.293+0000] {processor.py:830} INFO - Processing file /opt/airflow/dags/kai_logistik-silver-dashboard_investasi-reason.py for tasks to queue
[2024-11-10T03:12:35.295+0000] {logging_mixin.py:188} INFO - [2024-11-10T03:12:35.295+0000] {dagbag.py:545} INFO - Filling up the DagBag from /opt/airflow/dags/kai_logistik-silver-dashboard_investasi-reason.py
[2024-11-10T03:12:35.327+0000] {processor.py:840} INFO - DAG(s) 'dashboard_investasi-reason' retrieved from /opt/airflow/dags/kai_logistik-silver-dashboard_investasi-reason.py
[2024-11-10T03:12:35.356+0000] {logging_mixin.py:188} INFO - [2024-11-10T03:12:35.356+0000] {dag.py:3089} INFO - Sync 1 DAGs
[2024-11-10T03:12:35.378+0000] {logging_mixin.py:188} INFO - [2024-11-10T03:12:35.378+0000] {dag.py:3947} INFO - Setting next_dagrun for dashboard_investasi-reason to 2024-11-09 18:58:00+00:00, run_after=2024-11-09 18:59:00+00:00
[2024-11-10T03:12:35.394+0000] {processor.py:183} INFO - Processing /opt/airflow/dags/kai_logistik-silver-dashboard_investasi-reason.py took 0.106 seconds
[2024-11-10T03:13:06.519+0000] {processor.py:161} INFO - Started process (PID=3335) to work on /opt/airflow/dags/kai_logistik-silver-dashboard_investasi-reason.py
[2024-11-10T03:13:06.520+0000] {processor.py:830} INFO - Processing file /opt/airflow/dags/kai_logistik-silver-dashboard_investasi-reason.py for tasks to queue
[2024-11-10T03:13:06.522+0000] {logging_mixin.py:188} INFO - [2024-11-10T03:13:06.521+0000] {dagbag.py:545} INFO - Filling up the DagBag from /opt/airflow/dags/kai_logistik-silver-dashboard_investasi-reason.py
[2024-11-10T03:13:06.550+0000] {processor.py:840} INFO - DAG(s) 'dashboard_investasi-reason' retrieved from /opt/airflow/dags/kai_logistik-silver-dashboard_investasi-reason.py
[2024-11-10T03:13:06.569+0000] {logging_mixin.py:188} INFO - [2024-11-10T03:13:06.569+0000] {dag.py:3089} INFO - Sync 1 DAGs
[2024-11-10T03:13:06.587+0000] {logging_mixin.py:188} INFO - [2024-11-10T03:13:06.586+0000] {dag.py:3947} INFO - Setting next_dagrun for dashboard_investasi-reason to 2024-11-09 18:58:00+00:00, run_after=2024-11-09 18:59:00+00:00
[2024-11-10T03:13:06.612+0000] {processor.py:183} INFO - Processing /opt/airflow/dags/kai_logistik-silver-dashboard_investasi-reason.py took 0.097 seconds
[2024-11-10T03:13:37.026+0000] {processor.py:161} INFO - Started process (PID=3746) to work on /opt/airflow/dags/kai_logistik-silver-dashboard_investasi-reason.py
[2024-11-10T03:13:37.027+0000] {processor.py:830} INFO - Processing file /opt/airflow/dags/kai_logistik-silver-dashboard_investasi-reason.py for tasks to queue
[2024-11-10T03:13:37.029+0000] {logging_mixin.py:188} INFO - [2024-11-10T03:13:37.028+0000] {dagbag.py:545} INFO - Filling up the DagBag from /opt/airflow/dags/kai_logistik-silver-dashboard_investasi-reason.py
[2024-11-10T03:13:37.072+0000] {processor.py:840} INFO - DAG(s) 'dashboard_investasi-reason' retrieved from /opt/airflow/dags/kai_logistik-silver-dashboard_investasi-reason.py
[2024-11-10T03:13:37.099+0000] {logging_mixin.py:188} INFO - [2024-11-10T03:13:37.099+0000] {dag.py:3089} INFO - Sync 1 DAGs
[2024-11-10T03:13:37.119+0000] {logging_mixin.py:188} INFO - [2024-11-10T03:13:37.119+0000] {dag.py:3947} INFO - Setting next_dagrun for dashboard_investasi-reason to 2024-11-09 18:58:00+00:00, run_after=2024-11-09 18:59:00+00:00
[2024-11-10T03:13:37.142+0000] {processor.py:183} INFO - Processing /opt/airflow/dags/kai_logistik-silver-dashboard_investasi-reason.py took 0.121 seconds
[2024-11-10T03:14:09.163+0000] {processor.py:161} INFO - Started process (PID=4157) to work on /opt/airflow/dags/kai_logistik-silver-dashboard_investasi-reason.py
[2024-11-10T03:14:09.164+0000] {processor.py:830} INFO - Processing file /opt/airflow/dags/kai_logistik-silver-dashboard_investasi-reason.py for tasks to queue
[2024-11-10T03:14:09.166+0000] {logging_mixin.py:188} INFO - [2024-11-10T03:14:09.166+0000] {dagbag.py:545} INFO - Filling up the DagBag from /opt/airflow/dags/kai_logistik-silver-dashboard_investasi-reason.py
[2024-11-10T03:14:09.203+0000] {processor.py:840} INFO - DAG(s) 'dashboard_investasi-reason' retrieved from /opt/airflow/dags/kai_logistik-silver-dashboard_investasi-reason.py
[2024-11-10T03:14:09.222+0000] {logging_mixin.py:188} INFO - [2024-11-10T03:14:09.222+0000] {dag.py:3089} INFO - Sync 1 DAGs
[2024-11-10T03:14:09.239+0000] {logging_mixin.py:188} INFO - [2024-11-10T03:14:09.239+0000] {dag.py:3947} INFO - Setting next_dagrun for dashboard_investasi-reason to 2024-11-09 18:58:00+00:00, run_after=2024-11-09 18:59:00+00:00
[2024-11-10T03:14:09.259+0000] {processor.py:183} INFO - Processing /opt/airflow/dags/kai_logistik-silver-dashboard_investasi-reason.py took 0.103 seconds
