[2024-11-10T03:09:26.178+0000] {processor.py:161} INFO - Started process (PID=328) to work on /opt/airflow/dags/kai_logistik-silver-dashboard_material-mkpf_gi.py
[2024-11-10T03:09:26.180+0000] {processor.py:830} INFO - Processing file /opt/airflow/dags/kai_logistik-silver-dashboard_material-mkpf_gi.py for tasks to queue
[2024-11-10T03:09:26.183+0000] {logging_mixin.py:188} INFO - [2024-11-10T03:09:26.182+0000] {dagbag.py:545} INFO - Filling up the DagBag from /opt/airflow/dags/kai_logistik-silver-dashboard_material-mkpf_gi.py
[2024-11-10T03:09:26.225+0000] {processor.py:840} INFO - DAG(s) 'dashboard_material-mkpf_gi' retrieved from /opt/airflow/dags/kai_logistik-silver-dashboard_material-mkpf_gi.py
[2024-11-10T03:09:26.322+0000] {logging_mixin.py:188} INFO - [2024-11-10T03:09:26.321+0000] {override.py:1858} INFO - Created Permission View: can read on DAG:dashboard_material-mkpf_gi
[2024-11-10T03:09:26.329+0000] {logging_mixin.py:188} INFO - [2024-11-10T03:09:26.329+0000] {override.py:1858} INFO - Created Permission View: can delete on DAG:dashboard_material-mkpf_gi
[2024-11-10T03:09:26.335+0000] {logging_mixin.py:188} INFO - [2024-11-10T03:09:26.335+0000] {override.py:1858} INFO - Created Permission View: can edit on DAG:dashboard_material-mkpf_gi
[2024-11-10T03:09:26.335+0000] {logging_mixin.py:188} INFO - [2024-11-10T03:09:26.335+0000] {dag.py:3089} INFO - Sync 1 DAGs
[2024-11-10T03:09:26.343+0000] {logging_mixin.py:188} INFO - [2024-11-10T03:09:26.343+0000] {dag.py:3111} INFO - Creating ORM DAG for dashboard_material-mkpf_gi
[2024-11-10T03:09:26.354+0000] {logging_mixin.py:188} INFO - [2024-11-10T03:09:26.353+0000] {dag.py:3947} INFO - Setting next_dagrun for dashboard_material-mkpf_gi to 2024-11-09 18:58:00+00:00, run_after=2024-11-09 18:59:00+00:00
[2024-11-10T03:09:26.371+0000] {processor.py:183} INFO - Processing /opt/airflow/dags/kai_logistik-silver-dashboard_material-mkpf_gi.py took 0.197 seconds
[2024-11-10T03:09:56.570+0000] {processor.py:161} INFO - Started process (PID=737) to work on /opt/airflow/dags/kai_logistik-silver-dashboard_material-mkpf_gi.py
[2024-11-10T03:09:56.571+0000] {processor.py:830} INFO - Processing file /opt/airflow/dags/kai_logistik-silver-dashboard_material-mkpf_gi.py for tasks to queue
[2024-11-10T03:09:56.577+0000] {logging_mixin.py:188} INFO - [2024-11-10T03:09:56.577+0000] {dagbag.py:545} INFO - Filling up the DagBag from /opt/airflow/dags/kai_logistik-silver-dashboard_material-mkpf_gi.py
[2024-11-10T03:09:56.606+0000] {processor.py:840} INFO - DAG(s) 'dashboard_material-mkpf_gi' retrieved from /opt/airflow/dags/kai_logistik-silver-dashboard_material-mkpf_gi.py
[2024-11-10T03:09:56.626+0000] {logging_mixin.py:188} INFO - [2024-11-10T03:09:56.625+0000] {dag.py:3089} INFO - Sync 1 DAGs
[2024-11-10T03:09:56.641+0000] {logging_mixin.py:188} INFO - [2024-11-10T03:09:56.641+0000] {dag.py:3947} INFO - Setting next_dagrun for dashboard_material-mkpf_gi to 2024-11-09 18:58:00+00:00, run_after=2024-11-09 18:59:00+00:00
[2024-11-10T03:09:56.659+0000] {processor.py:183} INFO - Processing /opt/airflow/dags/kai_logistik-silver-dashboard_material-mkpf_gi.py took 0.094 seconds
[2024-11-10T03:10:27.200+0000] {processor.py:161} INFO - Started process (PID=1148) to work on /opt/airflow/dags/kai_logistik-silver-dashboard_material-mkpf_gi.py
[2024-11-10T03:10:27.202+0000] {processor.py:830} INFO - Processing file /opt/airflow/dags/kai_logistik-silver-dashboard_material-mkpf_gi.py for tasks to queue
[2024-11-10T03:10:27.204+0000] {logging_mixin.py:188} INFO - [2024-11-10T03:10:27.204+0000] {dagbag.py:545} INFO - Filling up the DagBag from /opt/airflow/dags/kai_logistik-silver-dashboard_material-mkpf_gi.py
[2024-11-10T03:10:27.255+0000] {processor.py:840} INFO - DAG(s) 'dashboard_material-mkpf_gi' retrieved from /opt/airflow/dags/kai_logistik-silver-dashboard_material-mkpf_gi.py
[2024-11-10T03:10:27.283+0000] {logging_mixin.py:188} INFO - [2024-11-10T03:10:27.282+0000] {dag.py:3089} INFO - Sync 1 DAGs
[2024-11-10T03:10:27.299+0000] {logging_mixin.py:188} INFO - [2024-11-10T03:10:27.299+0000] {dag.py:3947} INFO - Setting next_dagrun for dashboard_material-mkpf_gi to 2024-11-09 18:58:00+00:00, run_after=2024-11-09 18:59:00+00:00
[2024-11-10T03:10:27.322+0000] {processor.py:183} INFO - Processing /opt/airflow/dags/kai_logistik-silver-dashboard_material-mkpf_gi.py took 0.126 seconds
[2024-11-10T03:10:58.049+0000] {processor.py:161} INFO - Started process (PID=1559) to work on /opt/airflow/dags/kai_logistik-silver-dashboard_material-mkpf_gi.py
[2024-11-10T03:10:58.049+0000] {processor.py:830} INFO - Processing file /opt/airflow/dags/kai_logistik-silver-dashboard_material-mkpf_gi.py for tasks to queue
[2024-11-10T03:10:58.051+0000] {logging_mixin.py:188} INFO - [2024-11-10T03:10:58.051+0000] {dagbag.py:545} INFO - Filling up the DagBag from /opt/airflow/dags/kai_logistik-silver-dashboard_material-mkpf_gi.py
[2024-11-10T03:10:58.071+0000] {processor.py:840} INFO - DAG(s) 'dashboard_material-mkpf_gi' retrieved from /opt/airflow/dags/kai_logistik-silver-dashboard_material-mkpf_gi.py
[2024-11-10T03:10:58.093+0000] {logging_mixin.py:188} INFO - [2024-11-10T03:10:58.093+0000] {dag.py:3089} INFO - Sync 1 DAGs
[2024-11-10T03:10:58.111+0000] {logging_mixin.py:188} INFO - [2024-11-10T03:10:58.111+0000] {dag.py:3947} INFO - Setting next_dagrun for dashboard_material-mkpf_gi to 2024-11-09 18:58:00+00:00, run_after=2024-11-09 18:59:00+00:00
[2024-11-10T03:10:58.131+0000] {processor.py:183} INFO - Processing /opt/airflow/dags/kai_logistik-silver-dashboard_material-mkpf_gi.py took 0.087 seconds
[2024-11-10T03:11:29.197+0000] {processor.py:161} INFO - Started process (PID=1972) to work on /opt/airflow/dags/kai_logistik-silver-dashboard_material-mkpf_gi.py
[2024-11-10T03:11:29.198+0000] {processor.py:830} INFO - Processing file /opt/airflow/dags/kai_logistik-silver-dashboard_material-mkpf_gi.py for tasks to queue
[2024-11-10T03:11:29.199+0000] {logging_mixin.py:188} INFO - [2024-11-10T03:11:29.199+0000] {dagbag.py:545} INFO - Filling up the DagBag from /opt/airflow/dags/kai_logistik-silver-dashboard_material-mkpf_gi.py
[2024-11-10T03:11:29.220+0000] {processor.py:840} INFO - DAG(s) 'dashboard_material-mkpf_gi' retrieved from /opt/airflow/dags/kai_logistik-silver-dashboard_material-mkpf_gi.py
[2024-11-10T03:11:29.239+0000] {logging_mixin.py:188} INFO - [2024-11-10T03:11:29.239+0000] {dag.py:3089} INFO - Sync 1 DAGs
[2024-11-10T03:11:29.259+0000] {logging_mixin.py:188} INFO - [2024-11-10T03:11:29.259+0000] {dag.py:3947} INFO - Setting next_dagrun for dashboard_material-mkpf_gi to 2024-11-09 18:58:00+00:00, run_after=2024-11-09 18:59:00+00:00
[2024-11-10T03:11:29.276+0000] {processor.py:183} INFO - Processing /opt/airflow/dags/kai_logistik-silver-dashboard_material-mkpf_gi.py took 0.084 seconds
[2024-11-10T03:11:59.754+0000] {processor.py:161} INFO - Started process (PID=2383) to work on /opt/airflow/dags/kai_logistik-silver-dashboard_material-mkpf_gi.py
[2024-11-10T03:11:59.755+0000] {processor.py:830} INFO - Processing file /opt/airflow/dags/kai_logistik-silver-dashboard_material-mkpf_gi.py for tasks to queue
[2024-11-10T03:11:59.756+0000] {logging_mixin.py:188} INFO - [2024-11-10T03:11:59.756+0000] {dagbag.py:545} INFO - Filling up the DagBag from /opt/airflow/dags/kai_logistik-silver-dashboard_material-mkpf_gi.py
[2024-11-10T03:11:59.775+0000] {processor.py:840} INFO - DAG(s) 'dashboard_material-mkpf_gi' retrieved from /opt/airflow/dags/kai_logistik-silver-dashboard_material-mkpf_gi.py
[2024-11-10T03:11:59.793+0000] {logging_mixin.py:188} INFO - [2024-11-10T03:11:59.793+0000] {dag.py:3089} INFO - Sync 1 DAGs
[2024-11-10T03:11:59.810+0000] {logging_mixin.py:188} INFO - [2024-11-10T03:11:59.809+0000] {dag.py:3947} INFO - Setting next_dagrun for dashboard_material-mkpf_gi to 2024-11-09 18:58:00+00:00, run_after=2024-11-09 18:59:00+00:00
[2024-11-10T03:11:59.838+0000] {processor.py:183} INFO - Processing /opt/airflow/dags/kai_logistik-silver-dashboard_material-mkpf_gi.py took 0.089 seconds
[2024-11-10T03:12:30.761+0000] {processor.py:161} INFO - Started process (PID=2792) to work on /opt/airflow/dags/kai_logistik-silver-dashboard_material-mkpf_gi.py
[2024-11-10T03:12:30.762+0000] {processor.py:830} INFO - Processing file /opt/airflow/dags/kai_logistik-silver-dashboard_material-mkpf_gi.py for tasks to queue
[2024-11-10T03:12:30.764+0000] {logging_mixin.py:188} INFO - [2024-11-10T03:12:30.764+0000] {dagbag.py:545} INFO - Filling up the DagBag from /opt/airflow/dags/kai_logistik-silver-dashboard_material-mkpf_gi.py
[2024-11-10T03:12:30.787+0000] {processor.py:840} INFO - DAG(s) 'dashboard_material-mkpf_gi' retrieved from /opt/airflow/dags/kai_logistik-silver-dashboard_material-mkpf_gi.py
[2024-11-10T03:12:30.807+0000] {logging_mixin.py:188} INFO - [2024-11-10T03:12:30.806+0000] {dag.py:3089} INFO - Sync 1 DAGs
[2024-11-10T03:12:30.824+0000] {logging_mixin.py:188} INFO - [2024-11-10T03:12:30.824+0000] {dag.py:3947} INFO - Setting next_dagrun for dashboard_material-mkpf_gi to 2024-11-09 18:58:00+00:00, run_after=2024-11-09 18:59:00+00:00
[2024-11-10T03:12:30.851+0000] {processor.py:183} INFO - Processing /opt/airflow/dags/kai_logistik-silver-dashboard_material-mkpf_gi.py took 0.096 seconds
[2024-11-10T03:13:01.406+0000] {processor.py:161} INFO - Started process (PID=3205) to work on /opt/airflow/dags/kai_logistik-silver-dashboard_material-mkpf_gi.py
[2024-11-10T03:13:01.407+0000] {processor.py:830} INFO - Processing file /opt/airflow/dags/kai_logistik-silver-dashboard_material-mkpf_gi.py for tasks to queue
[2024-11-10T03:13:01.409+0000] {logging_mixin.py:188} INFO - [2024-11-10T03:13:01.409+0000] {dagbag.py:545} INFO - Filling up the DagBag from /opt/airflow/dags/kai_logistik-silver-dashboard_material-mkpf_gi.py
[2024-11-10T03:13:01.438+0000] {processor.py:840} INFO - DAG(s) 'dashboard_material-mkpf_gi' retrieved from /opt/airflow/dags/kai_logistik-silver-dashboard_material-mkpf_gi.py
[2024-11-10T03:13:01.460+0000] {logging_mixin.py:188} INFO - [2024-11-10T03:13:01.459+0000] {dag.py:3089} INFO - Sync 1 DAGs
[2024-11-10T03:13:01.477+0000] {logging_mixin.py:188} INFO - [2024-11-10T03:13:01.477+0000] {dag.py:3947} INFO - Setting next_dagrun for dashboard_material-mkpf_gi to 2024-11-09 18:58:00+00:00, run_after=2024-11-09 18:59:00+00:00
[2024-11-10T03:13:01.497+0000] {processor.py:183} INFO - Processing /opt/airflow/dags/kai_logistik-silver-dashboard_material-mkpf_gi.py took 0.096 seconds
[2024-11-10T03:13:31.801+0000] {processor.py:161} INFO - Started process (PID=3614) to work on /opt/airflow/dags/kai_logistik-silver-dashboard_material-mkpf_gi.py
[2024-11-10T03:13:31.802+0000] {processor.py:830} INFO - Processing file /opt/airflow/dags/kai_logistik-silver-dashboard_material-mkpf_gi.py for tasks to queue
[2024-11-10T03:13:31.804+0000] {logging_mixin.py:188} INFO - [2024-11-10T03:13:31.804+0000] {dagbag.py:545} INFO - Filling up the DagBag from /opt/airflow/dags/kai_logistik-silver-dashboard_material-mkpf_gi.py
[2024-11-10T03:13:31.829+0000] {processor.py:840} INFO - DAG(s) 'dashboard_material-mkpf_gi' retrieved from /opt/airflow/dags/kai_logistik-silver-dashboard_material-mkpf_gi.py
[2024-11-10T03:13:31.853+0000] {logging_mixin.py:188} INFO - [2024-11-10T03:13:31.852+0000] {dag.py:3089} INFO - Sync 1 DAGs
[2024-11-10T03:13:31.870+0000] {logging_mixin.py:188} INFO - [2024-11-10T03:13:31.870+0000] {dag.py:3947} INFO - Setting next_dagrun for dashboard_material-mkpf_gi to 2024-11-09 18:58:00+00:00, run_after=2024-11-09 18:59:00+00:00
[2024-11-10T03:13:31.887+0000] {processor.py:183} INFO - Processing /opt/airflow/dags/kai_logistik-silver-dashboard_material-mkpf_gi.py took 0.090 seconds
[2024-11-10T03:14:02.488+0000] {processor.py:161} INFO - Started process (PID=4027) to work on /opt/airflow/dags/kai_logistik-silver-dashboard_material-mkpf_gi.py
[2024-11-10T03:14:02.490+0000] {processor.py:830} INFO - Processing file /opt/airflow/dags/kai_logistik-silver-dashboard_material-mkpf_gi.py for tasks to queue
[2024-11-10T03:14:02.493+0000] {logging_mixin.py:188} INFO - [2024-11-10T03:14:02.492+0000] {dagbag.py:545} INFO - Filling up the DagBag from /opt/airflow/dags/kai_logistik-silver-dashboard_material-mkpf_gi.py
[2024-11-10T03:14:02.530+0000] {processor.py:840} INFO - DAG(s) 'dashboard_material-mkpf_gi' retrieved from /opt/airflow/dags/kai_logistik-silver-dashboard_material-mkpf_gi.py
[2024-11-10T03:14:02.561+0000] {logging_mixin.py:188} INFO - [2024-11-10T03:14:02.560+0000] {dag.py:3089} INFO - Sync 1 DAGs
[2024-11-10T03:14:02.594+0000] {logging_mixin.py:188} INFO - [2024-11-10T03:14:02.593+0000] {dag.py:3947} INFO - Setting next_dagrun for dashboard_material-mkpf_gi to 2024-11-09 18:58:00+00:00, run_after=2024-11-09 18:59:00+00:00
[2024-11-10T03:14:02.622+0000] {processor.py:183} INFO - Processing /opt/airflow/dags/kai_logistik-silver-dashboard_material-mkpf_gi.py took 0.141 seconds
