[2024-11-10T03:09:32.208+0000] {processor.py:161} INFO - Started process (PID=468) to work on /opt/airflow/dags/kai_logistik-silver-dashboard_investasi-rcsa_impact_categories.py
[2024-11-10T03:09:32.210+0000] {processor.py:830} INFO - Processing file /opt/airflow/dags/kai_logistik-silver-dashboard_investasi-rcsa_impact_categories.py for tasks to queue
[2024-11-10T03:09:32.213+0000] {logging_mixin.py:188} INFO - [2024-11-10T03:09:32.213+0000] {dagbag.py:545} INFO - Filling up the DagBag from /opt/airflow/dags/kai_logistik-silver-dashboard_investasi-rcsa_impact_categories.py
[2024-11-10T03:09:32.290+0000] {processor.py:840} INFO - DAG(s) 'dashboard_investasi-rcsa_impact_categories' retrieved from /opt/airflow/dags/kai_logistik-silver-dashboard_investasi-rcsa_impact_categories.py
[2024-11-10T03:09:32.408+0000] {logging_mixin.py:188} INFO - [2024-11-10T03:09:32.407+0000] {override.py:1858} INFO - Created Permission View: can read on DAG:dashboard_investasi-rcsa_impact_categories
[2024-11-10T03:09:32.417+0000] {logging_mixin.py:188} INFO - [2024-11-10T03:09:32.417+0000] {override.py:1858} INFO - Created Permission View: can delete on DAG:dashboard_investasi-rcsa_impact_categories
[2024-11-10T03:09:32.425+0000] {logging_mixin.py:188} INFO - [2024-11-10T03:09:32.424+0000] {override.py:1858} INFO - Created Permission View: can edit on DAG:dashboard_investasi-rcsa_impact_categories
[2024-11-10T03:09:32.425+0000] {logging_mixin.py:188} INFO - [2024-11-10T03:09:32.425+0000] {dag.py:3089} INFO - Sync 1 DAGs
[2024-11-10T03:09:32.435+0000] {logging_mixin.py:188} INFO - [2024-11-10T03:09:32.435+0000] {dag.py:3111} INFO - Creating ORM DAG for dashboard_investasi-rcsa_impact_categories
[2024-11-10T03:09:32.443+0000] {logging_mixin.py:188} INFO - [2024-11-10T03:09:32.443+0000] {dag.py:3947} INFO - Setting next_dagrun for dashboard_investasi-rcsa_impact_categories to 2024-11-09 18:58:00+00:00, run_after=2024-11-09 18:59:00+00:00
[2024-11-10T03:09:32.470+0000] {processor.py:183} INFO - Processing /opt/airflow/dags/kai_logistik-silver-dashboard_investasi-rcsa_impact_categories.py took 0.269 seconds
[2024-11-10T03:10:02.903+0000] {processor.py:161} INFO - Started process (PID=879) to work on /opt/airflow/dags/kai_logistik-silver-dashboard_investasi-rcsa_impact_categories.py
[2024-11-10T03:10:02.905+0000] {processor.py:830} INFO - Processing file /opt/airflow/dags/kai_logistik-silver-dashboard_investasi-rcsa_impact_categories.py for tasks to queue
[2024-11-10T03:10:02.907+0000] {logging_mixin.py:188} INFO - [2024-11-10T03:10:02.907+0000] {dagbag.py:545} INFO - Filling up the DagBag from /opt/airflow/dags/kai_logistik-silver-dashboard_investasi-rcsa_impact_categories.py
[2024-11-10T03:10:02.955+0000] {processor.py:840} INFO - DAG(s) 'dashboard_investasi-rcsa_impact_categories' retrieved from /opt/airflow/dags/kai_logistik-silver-dashboard_investasi-rcsa_impact_categories.py
[2024-11-10T03:10:02.975+0000] {logging_mixin.py:188} INFO - [2024-11-10T03:10:02.974+0000] {dag.py:3089} INFO - Sync 1 DAGs
[2024-11-10T03:10:02.991+0000] {logging_mixin.py:188} INFO - [2024-11-10T03:10:02.990+0000] {dag.py:3947} INFO - Setting next_dagrun for dashboard_investasi-rcsa_impact_categories to 2024-11-09 18:58:00+00:00, run_after=2024-11-09 18:59:00+00:00
[2024-11-10T03:10:03.014+0000] {processor.py:183} INFO - Processing /opt/airflow/dags/kai_logistik-silver-dashboard_investasi-rcsa_impact_categories.py took 0.116 seconds
[2024-11-10T03:10:33.205+0000] {processor.py:161} INFO - Started process (PID=1290) to work on /opt/airflow/dags/kai_logistik-silver-dashboard_investasi-rcsa_impact_categories.py
[2024-11-10T03:10:33.207+0000] {processor.py:830} INFO - Processing file /opt/airflow/dags/kai_logistik-silver-dashboard_investasi-rcsa_impact_categories.py for tasks to queue
[2024-11-10T03:10:33.209+0000] {logging_mixin.py:188} INFO - [2024-11-10T03:10:33.209+0000] {dagbag.py:545} INFO - Filling up the DagBag from /opt/airflow/dags/kai_logistik-silver-dashboard_investasi-rcsa_impact_categories.py
[2024-11-10T03:10:33.246+0000] {processor.py:840} INFO - DAG(s) 'dashboard_investasi-rcsa_impact_categories' retrieved from /opt/airflow/dags/kai_logistik-silver-dashboard_investasi-rcsa_impact_categories.py
[2024-11-10T03:10:33.271+0000] {logging_mixin.py:188} INFO - [2024-11-10T03:10:33.271+0000] {dag.py:3089} INFO - Sync 1 DAGs
[2024-11-10T03:10:33.292+0000] {logging_mixin.py:188} INFO - [2024-11-10T03:10:33.292+0000] {dag.py:3947} INFO - Setting next_dagrun for dashboard_investasi-rcsa_impact_categories to 2024-11-09 18:58:00+00:00, run_after=2024-11-09 18:59:00+00:00
[2024-11-10T03:10:33.312+0000] {processor.py:183} INFO - Processing /opt/airflow/dags/kai_logistik-silver-dashboard_investasi-rcsa_impact_categories.py took 0.111 seconds
[2024-11-10T03:11:04.194+0000] {processor.py:161} INFO - Started process (PID=1701) to work on /opt/airflow/dags/kai_logistik-silver-dashboard_investasi-rcsa_impact_categories.py
[2024-11-10T03:11:04.196+0000] {processor.py:830} INFO - Processing file /opt/airflow/dags/kai_logistik-silver-dashboard_investasi-rcsa_impact_categories.py for tasks to queue
[2024-11-10T03:11:04.198+0000] {logging_mixin.py:188} INFO - [2024-11-10T03:11:04.197+0000] {dagbag.py:545} INFO - Filling up the DagBag from /opt/airflow/dags/kai_logistik-silver-dashboard_investasi-rcsa_impact_categories.py
[2024-11-10T03:11:04.240+0000] {processor.py:840} INFO - DAG(s) 'dashboard_investasi-rcsa_impact_categories' retrieved from /opt/airflow/dags/kai_logistik-silver-dashboard_investasi-rcsa_impact_categories.py
[2024-11-10T03:11:04.259+0000] {logging_mixin.py:188} INFO - [2024-11-10T03:11:04.259+0000] {dag.py:3089} INFO - Sync 1 DAGs
[2024-11-10T03:11:04.275+0000] {logging_mixin.py:188} INFO - [2024-11-10T03:11:04.275+0000] {dag.py:3947} INFO - Setting next_dagrun for dashboard_investasi-rcsa_impact_categories to 2024-11-09 18:58:00+00:00, run_after=2024-11-09 18:59:00+00:00
[2024-11-10T03:11:04.292+0000] {processor.py:183} INFO - Processing /opt/airflow/dags/kai_logistik-silver-dashboard_investasi-rcsa_impact_categories.py took 0.102 seconds
[2024-11-10T03:11:34.474+0000] {processor.py:161} INFO - Started process (PID=2112) to work on /opt/airflow/dags/kai_logistik-silver-dashboard_investasi-rcsa_impact_categories.py
[2024-11-10T03:11:34.475+0000] {processor.py:830} INFO - Processing file /opt/airflow/dags/kai_logistik-silver-dashboard_investasi-rcsa_impact_categories.py for tasks to queue
[2024-11-10T03:11:34.477+0000] {logging_mixin.py:188} INFO - [2024-11-10T03:11:34.476+0000] {dagbag.py:545} INFO - Filling up the DagBag from /opt/airflow/dags/kai_logistik-silver-dashboard_investasi-rcsa_impact_categories.py
[2024-11-10T03:11:34.498+0000] {processor.py:840} INFO - DAG(s) 'dashboard_investasi-rcsa_impact_categories' retrieved from /opt/airflow/dags/kai_logistik-silver-dashboard_investasi-rcsa_impact_categories.py
[2024-11-10T03:11:34.518+0000] {logging_mixin.py:188} INFO - [2024-11-10T03:11:34.518+0000] {dag.py:3089} INFO - Sync 1 DAGs
[2024-11-10T03:11:34.535+0000] {logging_mixin.py:188} INFO - [2024-11-10T03:11:34.535+0000] {dag.py:3947} INFO - Setting next_dagrun for dashboard_investasi-rcsa_impact_categories to 2024-11-09 18:58:00+00:00, run_after=2024-11-09 18:59:00+00:00
[2024-11-10T03:11:34.553+0000] {processor.py:183} INFO - Processing /opt/airflow/dags/kai_logistik-silver-dashboard_investasi-rcsa_impact_categories.py took 0.084 seconds
[2024-11-10T03:12:04.898+0000] {processor.py:161} INFO - Started process (PID=2523) to work on /opt/airflow/dags/kai_logistik-silver-dashboard_investasi-rcsa_impact_categories.py
[2024-11-10T03:12:04.900+0000] {processor.py:830} INFO - Processing file /opt/airflow/dags/kai_logistik-silver-dashboard_investasi-rcsa_impact_categories.py for tasks to queue
[2024-11-10T03:12:04.902+0000] {logging_mixin.py:188} INFO - [2024-11-10T03:12:04.902+0000] {dagbag.py:545} INFO - Filling up the DagBag from /opt/airflow/dags/kai_logistik-silver-dashboard_investasi-rcsa_impact_categories.py
[2024-11-10T03:12:04.935+0000] {processor.py:840} INFO - DAG(s) 'dashboard_investasi-rcsa_impact_categories' retrieved from /opt/airflow/dags/kai_logistik-silver-dashboard_investasi-rcsa_impact_categories.py
[2024-11-10T03:12:04.958+0000] {logging_mixin.py:188} INFO - [2024-11-10T03:12:04.957+0000] {dag.py:3089} INFO - Sync 1 DAGs
[2024-11-10T03:12:04.982+0000] {logging_mixin.py:188} INFO - [2024-11-10T03:12:04.981+0000] {dag.py:3947} INFO - Setting next_dagrun for dashboard_investasi-rcsa_impact_categories to 2024-11-09 18:58:00+00:00, run_after=2024-11-09 18:59:00+00:00
[2024-11-10T03:12:05.010+0000] {processor.py:183} INFO - Processing /opt/airflow/dags/kai_logistik-silver-dashboard_investasi-rcsa_impact_categories.py took 0.115 seconds
[2024-11-10T03:12:35.431+0000] {processor.py:161} INFO - Started process (PID=2934) to work on /opt/airflow/dags/kai_logistik-silver-dashboard_investasi-rcsa_impact_categories.py
[2024-11-10T03:12:35.432+0000] {processor.py:830} INFO - Processing file /opt/airflow/dags/kai_logistik-silver-dashboard_investasi-rcsa_impact_categories.py for tasks to queue
[2024-11-10T03:12:35.433+0000] {logging_mixin.py:188} INFO - [2024-11-10T03:12:35.433+0000] {dagbag.py:545} INFO - Filling up the DagBag from /opt/airflow/dags/kai_logistik-silver-dashboard_investasi-rcsa_impact_categories.py
[2024-11-10T03:12:35.451+0000] {processor.py:840} INFO - DAG(s) 'dashboard_investasi-rcsa_impact_categories' retrieved from /opt/airflow/dags/kai_logistik-silver-dashboard_investasi-rcsa_impact_categories.py
[2024-11-10T03:12:35.471+0000] {logging_mixin.py:188} INFO - [2024-11-10T03:12:35.471+0000] {dag.py:3089} INFO - Sync 1 DAGs
[2024-11-10T03:12:35.486+0000] {logging_mixin.py:188} INFO - [2024-11-10T03:12:35.486+0000] {dag.py:3947} INFO - Setting next_dagrun for dashboard_investasi-rcsa_impact_categories to 2024-11-09 18:58:00+00:00, run_after=2024-11-09 18:59:00+00:00
[2024-11-10T03:12:35.503+0000] {processor.py:183} INFO - Processing /opt/airflow/dags/kai_logistik-silver-dashboard_investasi-rcsa_impact_categories.py took 0.076 seconds
[2024-11-10T03:13:06.652+0000] {processor.py:161} INFO - Started process (PID=3345) to work on /opt/airflow/dags/kai_logistik-silver-dashboard_investasi-rcsa_impact_categories.py
[2024-11-10T03:13:06.653+0000] {processor.py:830} INFO - Processing file /opt/airflow/dags/kai_logistik-silver-dashboard_investasi-rcsa_impact_categories.py for tasks to queue
[2024-11-10T03:13:06.655+0000] {logging_mixin.py:188} INFO - [2024-11-10T03:13:06.655+0000] {dagbag.py:545} INFO - Filling up the DagBag from /opt/airflow/dags/kai_logistik-silver-dashboard_investasi-rcsa_impact_categories.py
[2024-11-10T03:13:06.677+0000] {processor.py:840} INFO - DAG(s) 'dashboard_investasi-rcsa_impact_categories' retrieved from /opt/airflow/dags/kai_logistik-silver-dashboard_investasi-rcsa_impact_categories.py
[2024-11-10T03:13:06.698+0000] {logging_mixin.py:188} INFO - [2024-11-10T03:13:06.698+0000] {dag.py:3089} INFO - Sync 1 DAGs
[2024-11-10T03:13:06.714+0000] {logging_mixin.py:188} INFO - [2024-11-10T03:13:06.714+0000] {dag.py:3947} INFO - Setting next_dagrun for dashboard_investasi-rcsa_impact_categories to 2024-11-09 18:58:00+00:00, run_after=2024-11-09 18:59:00+00:00
[2024-11-10T03:13:06.735+0000] {processor.py:183} INFO - Processing /opt/airflow/dags/kai_logistik-silver-dashboard_investasi-rcsa_impact_categories.py took 0.088 seconds
[2024-11-10T03:13:37.198+0000] {processor.py:161} INFO - Started process (PID=3754) to work on /opt/airflow/dags/kai_logistik-silver-dashboard_investasi-rcsa_impact_categories.py
[2024-11-10T03:13:37.199+0000] {processor.py:830} INFO - Processing file /opt/airflow/dags/kai_logistik-silver-dashboard_investasi-rcsa_impact_categories.py for tasks to queue
[2024-11-10T03:13:37.201+0000] {logging_mixin.py:188} INFO - [2024-11-10T03:13:37.200+0000] {dagbag.py:545} INFO - Filling up the DagBag from /opt/airflow/dags/kai_logistik-silver-dashboard_investasi-rcsa_impact_categories.py
[2024-11-10T03:13:37.220+0000] {processor.py:840} INFO - DAG(s) 'dashboard_investasi-rcsa_impact_categories' retrieved from /opt/airflow/dags/kai_logistik-silver-dashboard_investasi-rcsa_impact_categories.py
[2024-11-10T03:13:37.242+0000] {logging_mixin.py:188} INFO - [2024-11-10T03:13:37.241+0000] {dag.py:3089} INFO - Sync 1 DAGs
[2024-11-10T03:13:37.264+0000] {logging_mixin.py:188} INFO - [2024-11-10T03:13:37.263+0000] {dag.py:3947} INFO - Setting next_dagrun for dashboard_investasi-rcsa_impact_categories to 2024-11-09 18:58:00+00:00, run_after=2024-11-09 18:59:00+00:00
[2024-11-10T03:13:37.281+0000] {processor.py:183} INFO - Processing /opt/airflow/dags/kai_logistik-silver-dashboard_investasi-rcsa_impact_categories.py took 0.089 seconds
[2024-11-10T03:14:09.711+0000] {processor.py:161} INFO - Started process (PID=4165) to work on /opt/airflow/dags/kai_logistik-silver-dashboard_investasi-rcsa_impact_categories.py
[2024-11-10T03:14:09.712+0000] {processor.py:830} INFO - Processing file /opt/airflow/dags/kai_logistik-silver-dashboard_investasi-rcsa_impact_categories.py for tasks to queue
[2024-11-10T03:14:09.715+0000] {logging_mixin.py:188} INFO - [2024-11-10T03:14:09.714+0000] {dagbag.py:545} INFO - Filling up the DagBag from /opt/airflow/dags/kai_logistik-silver-dashboard_investasi-rcsa_impact_categories.py
[2024-11-10T03:14:09.753+0000] {processor.py:840} INFO - DAG(s) 'dashboard_investasi-rcsa_impact_categories' retrieved from /opt/airflow/dags/kai_logistik-silver-dashboard_investasi-rcsa_impact_categories.py
[2024-11-10T03:14:09.778+0000] {logging_mixin.py:188} INFO - [2024-11-10T03:14:09.778+0000] {dag.py:3089} INFO - Sync 1 DAGs
[2024-11-10T03:14:09.800+0000] {logging_mixin.py:188} INFO - [2024-11-10T03:14:09.800+0000] {dag.py:3947} INFO - Setting next_dagrun for dashboard_investasi-rcsa_impact_categories to 2024-11-09 18:58:00+00:00, run_after=2024-11-09 18:59:00+00:00
[2024-11-10T03:14:09.819+0000] {processor.py:183} INFO - Processing /opt/airflow/dags/kai_logistik-silver-dashboard_investasi-rcsa_impact_categories.py took 0.114 seconds
