[2024-11-10T03:09:26.655+0000] {processor.py:161} INFO - Started process (PID=346) to work on /opt/airflow/dags/kai_logistik-silver-dashboard_material-gi_order.py
[2024-11-10T03:09:26.656+0000] {processor.py:830} INFO - Processing file /opt/airflow/dags/kai_logistik-silver-dashboard_material-gi_order.py for tasks to queue
[2024-11-10T03:09:26.659+0000] {logging_mixin.py:188} INFO - [2024-11-10T03:09:26.658+0000] {dagbag.py:545} INFO - Filling up the DagBag from /opt/airflow/dags/kai_logistik-silver-dashboard_material-gi_order.py
[2024-11-10T03:09:26.689+0000] {processor.py:840} INFO - DAG(s) 'dashboard_material-gi_order' retrieved from /opt/airflow/dags/kai_logistik-silver-dashboard_material-gi_order.py
[2024-11-10T03:09:26.785+0000] {logging_mixin.py:188} INFO - [2024-11-10T03:09:26.784+0000] {override.py:1858} INFO - Created Permission View: can read on DAG:dashboard_material-gi_order
[2024-11-10T03:09:26.796+0000] {logging_mixin.py:188} INFO - [2024-11-10T03:09:26.795+0000] {override.py:1858} INFO - Created Permission View: can delete on DAG:dashboard_material-gi_order
[2024-11-10T03:09:26.802+0000] {logging_mixin.py:188} INFO - [2024-11-10T03:09:26.802+0000] {override.py:1858} INFO - Created Permission View: can edit on DAG:dashboard_material-gi_order
[2024-11-10T03:09:26.803+0000] {logging_mixin.py:188} INFO - [2024-11-10T03:09:26.803+0000] {dag.py:3089} INFO - Sync 1 DAGs
[2024-11-10T03:09:26.814+0000] {logging_mixin.py:188} INFO - [2024-11-10T03:09:26.813+0000] {dag.py:3111} INFO - Creating ORM DAG for dashboard_material-gi_order
[2024-11-10T03:09:26.827+0000] {logging_mixin.py:188} INFO - [2024-11-10T03:09:26.827+0000] {dag.py:3947} INFO - Setting next_dagrun for dashboard_material-gi_order to 2024-11-09 18:58:00+00:00, run_after=2024-11-09 18:59:00+00:00
[2024-11-10T03:09:26.848+0000] {processor.py:183} INFO - Processing /opt/airflow/dags/kai_logistik-silver-dashboard_material-gi_order.py took 0.198 seconds
[2024-11-10T03:09:57.254+0000] {processor.py:161} INFO - Started process (PID=757) to work on /opt/airflow/dags/kai_logistik-silver-dashboard_material-gi_order.py
[2024-11-10T03:09:57.256+0000] {processor.py:830} INFO - Processing file /opt/airflow/dags/kai_logistik-silver-dashboard_material-gi_order.py for tasks to queue
[2024-11-10T03:09:57.258+0000] {logging_mixin.py:188} INFO - [2024-11-10T03:09:57.258+0000] {dagbag.py:545} INFO - Filling up the DagBag from /opt/airflow/dags/kai_logistik-silver-dashboard_material-gi_order.py
[2024-11-10T03:09:57.296+0000] {processor.py:840} INFO - DAG(s) 'dashboard_material-gi_order' retrieved from /opt/airflow/dags/kai_logistik-silver-dashboard_material-gi_order.py
[2024-11-10T03:09:57.316+0000] {logging_mixin.py:188} INFO - [2024-11-10T03:09:57.316+0000] {dag.py:3089} INFO - Sync 1 DAGs
[2024-11-10T03:09:57.336+0000] {logging_mixin.py:188} INFO - [2024-11-10T03:09:57.336+0000] {dag.py:3947} INFO - Setting next_dagrun for dashboard_material-gi_order to 2024-11-09 18:58:00+00:00, run_after=2024-11-09 18:59:00+00:00
[2024-11-10T03:09:57.356+0000] {processor.py:183} INFO - Processing /opt/airflow/dags/kai_logistik-silver-dashboard_material-gi_order.py took 0.108 seconds
[2024-11-10T03:10:27.855+0000] {processor.py:161} INFO - Started process (PID=1170) to work on /opt/airflow/dags/kai_logistik-silver-dashboard_material-gi_order.py
[2024-11-10T03:10:27.857+0000] {processor.py:830} INFO - Processing file /opt/airflow/dags/kai_logistik-silver-dashboard_material-gi_order.py for tasks to queue
[2024-11-10T03:10:27.860+0000] {logging_mixin.py:188} INFO - [2024-11-10T03:10:27.859+0000] {dagbag.py:545} INFO - Filling up the DagBag from /opt/airflow/dags/kai_logistik-silver-dashboard_material-gi_order.py
[2024-11-10T03:10:27.916+0000] {processor.py:840} INFO - DAG(s) 'dashboard_material-gi_order' retrieved from /opt/airflow/dags/kai_logistik-silver-dashboard_material-gi_order.py
[2024-11-10T03:10:27.937+0000] {logging_mixin.py:188} INFO - [2024-11-10T03:10:27.936+0000] {dag.py:3089} INFO - Sync 1 DAGs
[2024-11-10T03:10:27.955+0000] {logging_mixin.py:188} INFO - [2024-11-10T03:10:27.955+0000] {dag.py:3947} INFO - Setting next_dagrun for dashboard_material-gi_order to 2024-11-09 18:58:00+00:00, run_after=2024-11-09 18:59:00+00:00
[2024-11-10T03:10:27.973+0000] {processor.py:183} INFO - Processing /opt/airflow/dags/kai_logistik-silver-dashboard_material-gi_order.py took 0.124 seconds
[2024-11-10T03:10:58.515+0000] {processor.py:161} INFO - Started process (PID=1581) to work on /opt/airflow/dags/kai_logistik-silver-dashboard_material-gi_order.py
[2024-11-10T03:10:58.517+0000] {processor.py:830} INFO - Processing file /opt/airflow/dags/kai_logistik-silver-dashboard_material-gi_order.py for tasks to queue
[2024-11-10T03:10:58.519+0000] {logging_mixin.py:188} INFO - [2024-11-10T03:10:58.518+0000] {dagbag.py:545} INFO - Filling up the DagBag from /opt/airflow/dags/kai_logistik-silver-dashboard_material-gi_order.py
[2024-11-10T03:10:58.552+0000] {processor.py:840} INFO - DAG(s) 'dashboard_material-gi_order' retrieved from /opt/airflow/dags/kai_logistik-silver-dashboard_material-gi_order.py
[2024-11-10T03:10:58.575+0000] {logging_mixin.py:188} INFO - [2024-11-10T03:10:58.575+0000] {dag.py:3089} INFO - Sync 1 DAGs
[2024-11-10T03:10:58.596+0000] {logging_mixin.py:188} INFO - [2024-11-10T03:10:58.596+0000] {dag.py:3947} INFO - Setting next_dagrun for dashboard_material-gi_order to 2024-11-09 18:58:00+00:00, run_after=2024-11-09 18:59:00+00:00
[2024-11-10T03:10:58.619+0000] {processor.py:183} INFO - Processing /opt/airflow/dags/kai_logistik-silver-dashboard_material-gi_order.py took 0.108 seconds
[2024-11-10T03:11:29.513+0000] {processor.py:161} INFO - Started process (PID=1990) to work on /opt/airflow/dags/kai_logistik-silver-dashboard_material-gi_order.py
[2024-11-10T03:11:29.515+0000] {processor.py:830} INFO - Processing file /opt/airflow/dags/kai_logistik-silver-dashboard_material-gi_order.py for tasks to queue
[2024-11-10T03:11:29.519+0000] {logging_mixin.py:188} INFO - [2024-11-10T03:11:29.518+0000] {dagbag.py:545} INFO - Filling up the DagBag from /opt/airflow/dags/kai_logistik-silver-dashboard_material-gi_order.py
[2024-11-10T03:11:29.549+0000] {processor.py:840} INFO - DAG(s) 'dashboard_material-gi_order' retrieved from /opt/airflow/dags/kai_logistik-silver-dashboard_material-gi_order.py
[2024-11-10T03:11:29.575+0000] {logging_mixin.py:188} INFO - [2024-11-10T03:11:29.574+0000] {dag.py:3089} INFO - Sync 1 DAGs
[2024-11-10T03:11:29.602+0000] {logging_mixin.py:188} INFO - [2024-11-10T03:11:29.602+0000] {dag.py:3947} INFO - Setting next_dagrun for dashboard_material-gi_order to 2024-11-09 18:58:00+00:00, run_after=2024-11-09 18:59:00+00:00
[2024-11-10T03:11:29.623+0000] {processor.py:183} INFO - Processing /opt/airflow/dags/kai_logistik-silver-dashboard_material-gi_order.py took 0.116 seconds
[2024-11-10T03:11:59.896+0000] {processor.py:161} INFO - Started process (PID=2396) to work on /opt/airflow/dags/kai_logistik-silver-dashboard_material-gi_order.py
[2024-11-10T03:11:59.897+0000] {processor.py:830} INFO - Processing file /opt/airflow/dags/kai_logistik-silver-dashboard_material-gi_order.py for tasks to queue
[2024-11-10T03:11:59.899+0000] {logging_mixin.py:188} INFO - [2024-11-10T03:11:59.898+0000] {dagbag.py:545} INFO - Filling up the DagBag from /opt/airflow/dags/kai_logistik-silver-dashboard_material-gi_order.py
[2024-11-10T03:11:59.931+0000] {processor.py:840} INFO - DAG(s) 'dashboard_material-gi_order' retrieved from /opt/airflow/dags/kai_logistik-silver-dashboard_material-gi_order.py
[2024-11-10T03:11:59.953+0000] {logging_mixin.py:188} INFO - [2024-11-10T03:11:59.953+0000] {dag.py:3089} INFO - Sync 1 DAGs
[2024-11-10T03:11:59.972+0000] {logging_mixin.py:188} INFO - [2024-11-10T03:11:59.971+0000] {dag.py:3947} INFO - Setting next_dagrun for dashboard_material-gi_order to 2024-11-09 18:58:00+00:00, run_after=2024-11-09 18:59:00+00:00
[2024-11-10T03:11:59.990+0000] {processor.py:183} INFO - Processing /opt/airflow/dags/kai_logistik-silver-dashboard_material-gi_order.py took 0.098 seconds
[2024-11-10T03:12:31.218+0000] {processor.py:161} INFO - Started process (PID=2814) to work on /opt/airflow/dags/kai_logistik-silver-dashboard_material-gi_order.py
[2024-11-10T03:12:31.220+0000] {processor.py:830} INFO - Processing file /opt/airflow/dags/kai_logistik-silver-dashboard_material-gi_order.py for tasks to queue
[2024-11-10T03:12:31.222+0000] {logging_mixin.py:188} INFO - [2024-11-10T03:12:31.222+0000] {dagbag.py:545} INFO - Filling up the DagBag from /opt/airflow/dags/kai_logistik-silver-dashboard_material-gi_order.py
[2024-11-10T03:12:31.260+0000] {processor.py:840} INFO - DAG(s) 'dashboard_material-gi_order' retrieved from /opt/airflow/dags/kai_logistik-silver-dashboard_material-gi_order.py
[2024-11-10T03:12:31.281+0000] {logging_mixin.py:188} INFO - [2024-11-10T03:12:31.281+0000] {dag.py:3089} INFO - Sync 1 DAGs
[2024-11-10T03:12:31.299+0000] {logging_mixin.py:188} INFO - [2024-11-10T03:12:31.299+0000] {dag.py:3947} INFO - Setting next_dagrun for dashboard_material-gi_order to 2024-11-09 18:58:00+00:00, run_after=2024-11-09 18:59:00+00:00
[2024-11-10T03:12:31.316+0000] {processor.py:183} INFO - Processing /opt/airflow/dags/kai_logistik-silver-dashboard_material-gi_order.py took 0.104 seconds
[2024-11-10T03:13:01.825+0000] {processor.py:161} INFO - Started process (PID=3223) to work on /opt/airflow/dags/kai_logistik-silver-dashboard_material-gi_order.py
[2024-11-10T03:13:01.826+0000] {processor.py:830} INFO - Processing file /opt/airflow/dags/kai_logistik-silver-dashboard_material-gi_order.py for tasks to queue
[2024-11-10T03:13:01.827+0000] {logging_mixin.py:188} INFO - [2024-11-10T03:13:01.827+0000] {dagbag.py:545} INFO - Filling up the DagBag from /opt/airflow/dags/kai_logistik-silver-dashboard_material-gi_order.py
[2024-11-10T03:13:01.852+0000] {processor.py:840} INFO - DAG(s) 'dashboard_material-gi_order' retrieved from /opt/airflow/dags/kai_logistik-silver-dashboard_material-gi_order.py
[2024-11-10T03:13:01.875+0000] {logging_mixin.py:188} INFO - [2024-11-10T03:13:01.875+0000] {dag.py:3089} INFO - Sync 1 DAGs
[2024-11-10T03:13:01.896+0000] {logging_mixin.py:188} INFO - [2024-11-10T03:13:01.896+0000] {dag.py:3947} INFO - Setting next_dagrun for dashboard_material-gi_order to 2024-11-09 18:58:00+00:00, run_after=2024-11-09 18:59:00+00:00
[2024-11-10T03:13:01.915+0000] {processor.py:183} INFO - Processing /opt/airflow/dags/kai_logistik-silver-dashboard_material-gi_order.py took 0.095 seconds
[2024-11-10T03:13:32.339+0000] {processor.py:161} INFO - Started process (PID=3634) to work on /opt/airflow/dags/kai_logistik-silver-dashboard_material-gi_order.py
[2024-11-10T03:13:32.341+0000] {processor.py:830} INFO - Processing file /opt/airflow/dags/kai_logistik-silver-dashboard_material-gi_order.py for tasks to queue
[2024-11-10T03:13:32.342+0000] {logging_mixin.py:188} INFO - [2024-11-10T03:13:32.342+0000] {dagbag.py:545} INFO - Filling up the DagBag from /opt/airflow/dags/kai_logistik-silver-dashboard_material-gi_order.py
[2024-11-10T03:13:32.365+0000] {processor.py:840} INFO - DAG(s) 'dashboard_material-gi_order' retrieved from /opt/airflow/dags/kai_logistik-silver-dashboard_material-gi_order.py
[2024-11-10T03:13:32.386+0000] {logging_mixin.py:188} INFO - [2024-11-10T03:13:32.386+0000] {dag.py:3089} INFO - Sync 1 DAGs
[2024-11-10T03:13:32.407+0000] {logging_mixin.py:188} INFO - [2024-11-10T03:13:32.406+0000] {dag.py:3947} INFO - Setting next_dagrun for dashboard_material-gi_order to 2024-11-09 18:58:00+00:00, run_after=2024-11-09 18:59:00+00:00
[2024-11-10T03:13:32.425+0000] {processor.py:183} INFO - Processing /opt/airflow/dags/kai_logistik-silver-dashboard_material-gi_order.py took 0.091 seconds
[2024-11-10T03:14:03.066+0000] {processor.py:161} INFO - Started process (PID=4045) to work on /opt/airflow/dags/kai_logistik-silver-dashboard_material-gi_order.py
[2024-11-10T03:14:03.068+0000] {processor.py:830} INFO - Processing file /opt/airflow/dags/kai_logistik-silver-dashboard_material-gi_order.py for tasks to queue
[2024-11-10T03:14:03.071+0000] {logging_mixin.py:188} INFO - [2024-11-10T03:14:03.071+0000] {dagbag.py:545} INFO - Filling up the DagBag from /opt/airflow/dags/kai_logistik-silver-dashboard_material-gi_order.py
[2024-11-10T03:14:03.108+0000] {processor.py:840} INFO - DAG(s) 'dashboard_material-gi_order' retrieved from /opt/airflow/dags/kai_logistik-silver-dashboard_material-gi_order.py
[2024-11-10T03:14:03.137+0000] {logging_mixin.py:188} INFO - [2024-11-10T03:14:03.137+0000] {dag.py:3089} INFO - Sync 1 DAGs
[2024-11-10T03:14:03.167+0000] {logging_mixin.py:188} INFO - [2024-11-10T03:14:03.167+0000] {dag.py:3947} INFO - Setting next_dagrun for dashboard_material-gi_order to 2024-11-09 18:58:00+00:00, run_after=2024-11-09 18:59:00+00:00
[2024-11-10T03:14:03.201+0000] {processor.py:183} INFO - Processing /opt/airflow/dags/kai_logistik-silver-dashboard_material-gi_order.py took 0.143 seconds
