[2024-11-10T03:09:27.282+0000] {processor.py:161} INFO - Started process (PID=358) to work on /opt/airflow/dags/kai_logistik-silver-dashboard_investasi-ztb_dashb_ps0005.py
[2024-11-10T03:09:27.285+0000] {processor.py:830} INFO - Processing file /opt/airflow/dags/kai_logistik-silver-dashboard_investasi-ztb_dashb_ps0005.py for tasks to queue
[2024-11-10T03:09:27.288+0000] {logging_mixin.py:188} INFO - [2024-11-10T03:09:27.288+0000] {dagbag.py:545} INFO - Filling up the DagBag from /opt/airflow/dags/kai_logistik-silver-dashboard_investasi-ztb_dashb_ps0005.py
[2024-11-10T03:09:27.346+0000] {processor.py:840} INFO - DAG(s) 'dashboard_investasi-ztb_dashb_ps0005' retrieved from /opt/airflow/dags/kai_logistik-silver-dashboard_investasi-ztb_dashb_ps0005.py
[2024-11-10T03:09:27.504+0000] {logging_mixin.py:188} INFO - [2024-11-10T03:09:27.503+0000] {override.py:1858} INFO - Created Permission View: can read on DAG:dashboard_investasi-ztb_dashb_ps0005
[2024-11-10T03:09:27.517+0000] {logging_mixin.py:188} INFO - [2024-11-10T03:09:27.517+0000] {override.py:1858} INFO - Created Permission View: can delete on DAG:dashboard_investasi-ztb_dashb_ps0005
[2024-11-10T03:09:27.526+0000] {logging_mixin.py:188} INFO - [2024-11-10T03:09:27.525+0000] {override.py:1858} INFO - Created Permission View: can edit on DAG:dashboard_investasi-ztb_dashb_ps0005
[2024-11-10T03:09:27.526+0000] {logging_mixin.py:188} INFO - [2024-11-10T03:09:27.526+0000] {dag.py:3089} INFO - Sync 1 DAGs
[2024-11-10T03:09:27.538+0000] {logging_mixin.py:188} INFO - [2024-11-10T03:09:27.538+0000] {dag.py:3111} INFO - Creating ORM DAG for dashboard_investasi-ztb_dashb_ps0005
[2024-11-10T03:09:27.552+0000] {logging_mixin.py:188} INFO - [2024-11-10T03:09:27.551+0000] {dag.py:3947} INFO - Setting next_dagrun for dashboard_investasi-ztb_dashb_ps0005 to 2024-11-09 18:58:00+00:00, run_after=2024-11-09 18:59:00+00:00
[2024-11-10T03:09:27.581+0000] {processor.py:183} INFO - Processing /opt/airflow/dags/kai_logistik-silver-dashboard_investasi-ztb_dashb_ps0005.py took 0.307 seconds
[2024-11-10T03:09:57.860+0000] {processor.py:161} INFO - Started process (PID=769) to work on /opt/airflow/dags/kai_logistik-silver-dashboard_investasi-ztb_dashb_ps0005.py
[2024-11-10T03:09:57.863+0000] {processor.py:830} INFO - Processing file /opt/airflow/dags/kai_logistik-silver-dashboard_investasi-ztb_dashb_ps0005.py for tasks to queue
[2024-11-10T03:09:57.865+0000] {logging_mixin.py:188} INFO - [2024-11-10T03:09:57.865+0000] {dagbag.py:545} INFO - Filling up the DagBag from /opt/airflow/dags/kai_logistik-silver-dashboard_investasi-ztb_dashb_ps0005.py
[2024-11-10T03:09:57.910+0000] {processor.py:840} INFO - DAG(s) 'dashboard_investasi-ztb_dashb_ps0005' retrieved from /opt/airflow/dags/kai_logistik-silver-dashboard_investasi-ztb_dashb_ps0005.py
[2024-11-10T03:09:57.937+0000] {logging_mixin.py:188} INFO - [2024-11-10T03:09:57.937+0000] {dag.py:3089} INFO - Sync 1 DAGs
[2024-11-10T03:09:57.960+0000] {logging_mixin.py:188} INFO - [2024-11-10T03:09:57.960+0000] {dag.py:3947} INFO - Setting next_dagrun for dashboard_investasi-ztb_dashb_ps0005 to 2024-11-09 18:58:00+00:00, run_after=2024-11-09 18:59:00+00:00
[2024-11-10T03:09:57.981+0000] {processor.py:183} INFO - Processing /opt/airflow/dags/kai_logistik-silver-dashboard_investasi-ztb_dashb_ps0005.py took 0.125 seconds
[2024-11-10T03:10:28.625+0000] {processor.py:161} INFO - Started process (PID=1180) to work on /opt/airflow/dags/kai_logistik-silver-dashboard_investasi-ztb_dashb_ps0005.py
[2024-11-10T03:10:28.627+0000] {processor.py:830} INFO - Processing file /opt/airflow/dags/kai_logistik-silver-dashboard_investasi-ztb_dashb_ps0005.py for tasks to queue
[2024-11-10T03:10:28.644+0000] {logging_mixin.py:188} INFO - [2024-11-10T03:10:28.643+0000] {dagbag.py:545} INFO - Filling up the DagBag from /opt/airflow/dags/kai_logistik-silver-dashboard_investasi-ztb_dashb_ps0005.py
[2024-11-10T03:10:28.712+0000] {processor.py:840} INFO - DAG(s) 'dashboard_investasi-ztb_dashb_ps0005' retrieved from /opt/airflow/dags/kai_logistik-silver-dashboard_investasi-ztb_dashb_ps0005.py
[2024-11-10T03:10:28.732+0000] {logging_mixin.py:188} INFO - [2024-11-10T03:10:28.732+0000] {dag.py:3089} INFO - Sync 1 DAGs
[2024-11-10T03:10:28.752+0000] {logging_mixin.py:188} INFO - [2024-11-10T03:10:28.751+0000] {dag.py:3947} INFO - Setting next_dagrun for dashboard_investasi-ztb_dashb_ps0005 to 2024-11-09 18:58:00+00:00, run_after=2024-11-09 18:59:00+00:00
[2024-11-10T03:10:28.772+0000] {processor.py:183} INFO - Processing /opt/airflow/dags/kai_logistik-silver-dashboard_investasi-ztb_dashb_ps0005.py took 0.154 seconds
[2024-11-10T03:10:58.963+0000] {processor.py:161} INFO - Started process (PID=1591) to work on /opt/airflow/dags/kai_logistik-silver-dashboard_investasi-ztb_dashb_ps0005.py
[2024-11-10T03:10:58.964+0000] {processor.py:830} INFO - Processing file /opt/airflow/dags/kai_logistik-silver-dashboard_investasi-ztb_dashb_ps0005.py for tasks to queue
[2024-11-10T03:10:58.966+0000] {logging_mixin.py:188} INFO - [2024-11-10T03:10:58.966+0000] {dagbag.py:545} INFO - Filling up the DagBag from /opt/airflow/dags/kai_logistik-silver-dashboard_investasi-ztb_dashb_ps0005.py
[2024-11-10T03:10:58.989+0000] {processor.py:840} INFO - DAG(s) 'dashboard_investasi-ztb_dashb_ps0005' retrieved from /opt/airflow/dags/kai_logistik-silver-dashboard_investasi-ztb_dashb_ps0005.py
[2024-11-10T03:10:59.011+0000] {logging_mixin.py:188} INFO - [2024-11-10T03:10:59.011+0000] {dag.py:3089} INFO - Sync 1 DAGs
[2024-11-10T03:10:59.031+0000] {logging_mixin.py:188} INFO - [2024-11-10T03:10:59.031+0000] {dag.py:3947} INFO - Setting next_dagrun for dashboard_investasi-ztb_dashb_ps0005 to 2024-11-09 18:58:00+00:00, run_after=2024-11-09 18:59:00+00:00
[2024-11-10T03:10:59.047+0000] {processor.py:183} INFO - Processing /opt/airflow/dags/kai_logistik-silver-dashboard_investasi-ztb_dashb_ps0005.py took 0.089 seconds
[2024-11-10T03:11:29.862+0000] {processor.py:161} INFO - Started process (PID=2002) to work on /opt/airflow/dags/kai_logistik-silver-dashboard_investasi-ztb_dashb_ps0005.py
[2024-11-10T03:11:29.863+0000] {processor.py:830} INFO - Processing file /opt/airflow/dags/kai_logistik-silver-dashboard_investasi-ztb_dashb_ps0005.py for tasks to queue
[2024-11-10T03:11:29.865+0000] {logging_mixin.py:188} INFO - [2024-11-10T03:11:29.865+0000] {dagbag.py:545} INFO - Filling up the DagBag from /opt/airflow/dags/kai_logistik-silver-dashboard_investasi-ztb_dashb_ps0005.py
[2024-11-10T03:11:29.894+0000] {processor.py:840} INFO - DAG(s) 'dashboard_investasi-ztb_dashb_ps0005' retrieved from /opt/airflow/dags/kai_logistik-silver-dashboard_investasi-ztb_dashb_ps0005.py
[2024-11-10T03:11:29.915+0000] {logging_mixin.py:188} INFO - [2024-11-10T03:11:29.915+0000] {dag.py:3089} INFO - Sync 1 DAGs
[2024-11-10T03:11:29.933+0000] {logging_mixin.py:188} INFO - [2024-11-10T03:11:29.932+0000] {dag.py:3947} INFO - Setting next_dagrun for dashboard_investasi-ztb_dashb_ps0005 to 2024-11-09 18:58:00+00:00, run_after=2024-11-09 18:59:00+00:00
[2024-11-10T03:11:29.964+0000] {processor.py:183} INFO - Processing /opt/airflow/dags/kai_logistik-silver-dashboard_investasi-ztb_dashb_ps0005.py took 0.107 seconds
[2024-11-10T03:12:00.272+0000] {processor.py:161} INFO - Started process (PID=2411) to work on /opt/airflow/dags/kai_logistik-silver-dashboard_investasi-ztb_dashb_ps0005.py
[2024-11-10T03:12:00.273+0000] {processor.py:830} INFO - Processing file /opt/airflow/dags/kai_logistik-silver-dashboard_investasi-ztb_dashb_ps0005.py for tasks to queue
[2024-11-10T03:12:00.275+0000] {logging_mixin.py:188} INFO - [2024-11-10T03:12:00.275+0000] {dagbag.py:545} INFO - Filling up the DagBag from /opt/airflow/dags/kai_logistik-silver-dashboard_investasi-ztb_dashb_ps0005.py
[2024-11-10T03:12:00.299+0000] {processor.py:840} INFO - DAG(s) 'dashboard_investasi-ztb_dashb_ps0005' retrieved from /opt/airflow/dags/kai_logistik-silver-dashboard_investasi-ztb_dashb_ps0005.py
[2024-11-10T03:12:00.320+0000] {logging_mixin.py:188} INFO - [2024-11-10T03:12:00.320+0000] {dag.py:3089} INFO - Sync 1 DAGs
[2024-11-10T03:12:00.339+0000] {logging_mixin.py:188} INFO - [2024-11-10T03:12:00.339+0000] {dag.py:3947} INFO - Setting next_dagrun for dashboard_investasi-ztb_dashb_ps0005 to 2024-11-09 18:58:00+00:00, run_after=2024-11-09 18:59:00+00:00
[2024-11-10T03:12:00.355+0000] {processor.py:183} INFO - Processing /opt/airflow/dags/kai_logistik-silver-dashboard_investasi-ztb_dashb_ps0005.py took 0.088 seconds
[2024-11-10T03:12:31.393+0000] {processor.py:161} INFO - Started process (PID=2824) to work on /opt/airflow/dags/kai_logistik-silver-dashboard_investasi-ztb_dashb_ps0005.py
[2024-11-10T03:12:31.394+0000] {processor.py:830} INFO - Processing file /opt/airflow/dags/kai_logistik-silver-dashboard_investasi-ztb_dashb_ps0005.py for tasks to queue
[2024-11-10T03:12:31.396+0000] {logging_mixin.py:188} INFO - [2024-11-10T03:12:31.395+0000] {dagbag.py:545} INFO - Filling up the DagBag from /opt/airflow/dags/kai_logistik-silver-dashboard_investasi-ztb_dashb_ps0005.py
[2024-11-10T03:12:31.417+0000] {processor.py:840} INFO - DAG(s) 'dashboard_investasi-ztb_dashb_ps0005' retrieved from /opt/airflow/dags/kai_logistik-silver-dashboard_investasi-ztb_dashb_ps0005.py
[2024-11-10T03:12:31.436+0000] {logging_mixin.py:188} INFO - [2024-11-10T03:12:31.435+0000] {dag.py:3089} INFO - Sync 1 DAGs
[2024-11-10T03:12:31.453+0000] {logging_mixin.py:188} INFO - [2024-11-10T03:12:31.452+0000] {dag.py:3947} INFO - Setting next_dagrun for dashboard_investasi-ztb_dashb_ps0005 to 2024-11-09 18:58:00+00:00, run_after=2024-11-09 18:59:00+00:00
[2024-11-10T03:12:31.470+0000] {processor.py:183} INFO - Processing /opt/airflow/dags/kai_logistik-silver-dashboard_investasi-ztb_dashb_ps0005.py took 0.081 seconds
[2024-11-10T03:13:02.059+0000] {processor.py:161} INFO - Started process (PID=3235) to work on /opt/airflow/dags/kai_logistik-silver-dashboard_investasi-ztb_dashb_ps0005.py
[2024-11-10T03:13:02.060+0000] {processor.py:830} INFO - Processing file /opt/airflow/dags/kai_logistik-silver-dashboard_investasi-ztb_dashb_ps0005.py for tasks to queue
[2024-11-10T03:13:02.062+0000] {logging_mixin.py:188} INFO - [2024-11-10T03:13:02.062+0000] {dagbag.py:545} INFO - Filling up the DagBag from /opt/airflow/dags/kai_logistik-silver-dashboard_investasi-ztb_dashb_ps0005.py
[2024-11-10T03:13:02.087+0000] {processor.py:840} INFO - DAG(s) 'dashboard_investasi-ztb_dashb_ps0005' retrieved from /opt/airflow/dags/kai_logistik-silver-dashboard_investasi-ztb_dashb_ps0005.py
[2024-11-10T03:13:02.106+0000] {logging_mixin.py:188} INFO - [2024-11-10T03:13:02.106+0000] {dag.py:3089} INFO - Sync 1 DAGs
[2024-11-10T03:13:02.122+0000] {logging_mixin.py:188} INFO - [2024-11-10T03:13:02.122+0000] {dag.py:3947} INFO - Setting next_dagrun for dashboard_investasi-ztb_dashb_ps0005 to 2024-11-09 18:58:00+00:00, run_after=2024-11-09 18:59:00+00:00
[2024-11-10T03:13:02.139+0000] {processor.py:183} INFO - Processing /opt/airflow/dags/kai_logistik-silver-dashboard_investasi-ztb_dashb_ps0005.py took 0.085 seconds
[2024-11-10T03:13:32.487+0000] {processor.py:161} INFO - Started process (PID=3644) to work on /opt/airflow/dags/kai_logistik-silver-dashboard_investasi-ztb_dashb_ps0005.py
[2024-11-10T03:13:32.488+0000] {processor.py:830} INFO - Processing file /opt/airflow/dags/kai_logistik-silver-dashboard_investasi-ztb_dashb_ps0005.py for tasks to queue
[2024-11-10T03:13:32.490+0000] {logging_mixin.py:188} INFO - [2024-11-10T03:13:32.490+0000] {dagbag.py:545} INFO - Filling up the DagBag from /opt/airflow/dags/kai_logistik-silver-dashboard_investasi-ztb_dashb_ps0005.py
[2024-11-10T03:13:32.520+0000] {processor.py:840} INFO - DAG(s) 'dashboard_investasi-ztb_dashb_ps0005' retrieved from /opt/airflow/dags/kai_logistik-silver-dashboard_investasi-ztb_dashb_ps0005.py
[2024-11-10T03:13:32.542+0000] {logging_mixin.py:188} INFO - [2024-11-10T03:13:32.541+0000] {dag.py:3089} INFO - Sync 1 DAGs
[2024-11-10T03:13:32.558+0000] {logging_mixin.py:188} INFO - [2024-11-10T03:13:32.558+0000] {dag.py:3947} INFO - Setting next_dagrun for dashboard_investasi-ztb_dashb_ps0005 to 2024-11-09 18:58:00+00:00, run_after=2024-11-09 18:59:00+00:00
[2024-11-10T03:13:32.574+0000] {processor.py:183} INFO - Processing /opt/airflow/dags/kai_logistik-silver-dashboard_investasi-ztb_dashb_ps0005.py took 0.094 seconds
[2024-11-10T03:14:03.566+0000] {processor.py:161} INFO - Started process (PID=4057) to work on /opt/airflow/dags/kai_logistik-silver-dashboard_investasi-ztb_dashb_ps0005.py
[2024-11-10T03:14:03.570+0000] {processor.py:830} INFO - Processing file /opt/airflow/dags/kai_logistik-silver-dashboard_investasi-ztb_dashb_ps0005.py for tasks to queue
[2024-11-10T03:14:03.573+0000] {logging_mixin.py:188} INFO - [2024-11-10T03:14:03.573+0000] {dagbag.py:545} INFO - Filling up the DagBag from /opt/airflow/dags/kai_logistik-silver-dashboard_investasi-ztb_dashb_ps0005.py
[2024-11-10T03:14:03.612+0000] {processor.py:840} INFO - DAG(s) 'dashboard_investasi-ztb_dashb_ps0005' retrieved from /opt/airflow/dags/kai_logistik-silver-dashboard_investasi-ztb_dashb_ps0005.py
[2024-11-10T03:14:03.642+0000] {logging_mixin.py:188} INFO - [2024-11-10T03:14:03.641+0000] {dag.py:3089} INFO - Sync 1 DAGs
[2024-11-10T03:14:03.665+0000] {logging_mixin.py:188} INFO - [2024-11-10T03:14:03.665+0000] {dag.py:3947} INFO - Setting next_dagrun for dashboard_investasi-ztb_dashb_ps0005 to 2024-11-09 18:58:00+00:00, run_after=2024-11-09 18:59:00+00:00
[2024-11-10T03:14:03.689+0000] {processor.py:183} INFO - Processing /opt/airflow/dags/kai_logistik-silver-dashboard_investasi-ztb_dashb_ps0005.py took 0.129 seconds
