[2024-11-10T03:09:36.934+0000] {processor.py:161} INFO - Started process (PID=551) to work on /opt/airflow/dags/kai_logistik-silver-dashboard_investasi-kas_tasklist_baru_beta.py
[2024-11-10T03:09:36.936+0000] {processor.py:830} INFO - Processing file /opt/airflow/dags/kai_logistik-silver-dashboard_investasi-kas_tasklist_baru_beta.py for tasks to queue
[2024-11-10T03:09:36.938+0000] {logging_mixin.py:188} INFO - [2024-11-10T03:09:36.938+0000] {dagbag.py:545} INFO - Filling up the DagBag from /opt/airflow/dags/kai_logistik-silver-dashboard_investasi-kas_tasklist_baru_beta.py
[2024-11-10T03:09:37.008+0000] {processor.py:840} INFO - DAG(s) 'dashboard_investasi-kas_tasklist_baru_beta' retrieved from /opt/airflow/dags/kai_logistik-silver-dashboard_investasi-kas_tasklist_baru_beta.py
[2024-11-10T03:09:37.103+0000] {logging_mixin.py:188} INFO - [2024-11-10T03:09:37.102+0000] {override.py:1858} INFO - Created Permission View: can read on DAG:dashboard_investasi-kas_tasklist_baru_beta
[2024-11-10T03:09:37.113+0000] {logging_mixin.py:188} INFO - [2024-11-10T03:09:37.113+0000] {override.py:1858} INFO - Created Permission View: can delete on DAG:dashboard_investasi-kas_tasklist_baru_beta
[2024-11-10T03:09:37.119+0000] {logging_mixin.py:188} INFO - [2024-11-10T03:09:37.119+0000] {override.py:1858} INFO - Created Permission View: can edit on DAG:dashboard_investasi-kas_tasklist_baru_beta
[2024-11-10T03:09:37.120+0000] {logging_mixin.py:188} INFO - [2024-11-10T03:09:37.120+0000] {dag.py:3089} INFO - Sync 1 DAGs
[2024-11-10T03:09:37.131+0000] {logging_mixin.py:188} INFO - [2024-11-10T03:09:37.131+0000] {dag.py:3111} INFO - Creating ORM DAG for dashboard_investasi-kas_tasklist_baru_beta
[2024-11-10T03:09:37.140+0000] {logging_mixin.py:188} INFO - [2024-11-10T03:09:37.140+0000] {dag.py:3947} INFO - Setting next_dagrun for dashboard_investasi-kas_tasklist_baru_beta to 2024-11-09 18:58:00+00:00, run_after=2024-11-09 18:59:00+00:00
[2024-11-10T03:09:37.167+0000] {processor.py:183} INFO - Processing /opt/airflow/dags/kai_logistik-silver-dashboard_investasi-kas_tasklist_baru_beta.py took 0.240 seconds
[2024-11-10T03:10:07.542+0000] {processor.py:161} INFO - Started process (PID=962) to work on /opt/airflow/dags/kai_logistik-silver-dashboard_investasi-kas_tasklist_baru_beta.py
[2024-11-10T03:10:07.544+0000] {processor.py:830} INFO - Processing file /opt/airflow/dags/kai_logistik-silver-dashboard_investasi-kas_tasklist_baru_beta.py for tasks to queue
[2024-11-10T03:10:07.545+0000] {logging_mixin.py:188} INFO - [2024-11-10T03:10:07.545+0000] {dagbag.py:545} INFO - Filling up the DagBag from /opt/airflow/dags/kai_logistik-silver-dashboard_investasi-kas_tasklist_baru_beta.py
[2024-11-10T03:10:07.577+0000] {processor.py:840} INFO - DAG(s) 'dashboard_investasi-kas_tasklist_baru_beta' retrieved from /opt/airflow/dags/kai_logistik-silver-dashboard_investasi-kas_tasklist_baru_beta.py
[2024-11-10T03:10:07.599+0000] {logging_mixin.py:188} INFO - [2024-11-10T03:10:07.598+0000] {dag.py:3089} INFO - Sync 1 DAGs
[2024-11-10T03:10:07.618+0000] {logging_mixin.py:188} INFO - [2024-11-10T03:10:07.618+0000] {dag.py:3947} INFO - Setting next_dagrun for dashboard_investasi-kas_tasklist_baru_beta to 2024-11-09 18:58:00+00:00, run_after=2024-11-09 18:59:00+00:00
[2024-11-10T03:10:07.636+0000] {processor.py:183} INFO - Processing /opt/airflow/dags/kai_logistik-silver-dashboard_investasi-kas_tasklist_baru_beta.py took 0.102 seconds
[2024-11-10T03:10:38.749+0000] {processor.py:161} INFO - Started process (PID=1373) to work on /opt/airflow/dags/kai_logistik-silver-dashboard_investasi-kas_tasklist_baru_beta.py
[2024-11-10T03:10:38.750+0000] {processor.py:830} INFO - Processing file /opt/airflow/dags/kai_logistik-silver-dashboard_investasi-kas_tasklist_baru_beta.py for tasks to queue
[2024-11-10T03:10:38.752+0000] {logging_mixin.py:188} INFO - [2024-11-10T03:10:38.752+0000] {dagbag.py:545} INFO - Filling up the DagBag from /opt/airflow/dags/kai_logistik-silver-dashboard_investasi-kas_tasklist_baru_beta.py
[2024-11-10T03:10:38.806+0000] {processor.py:840} INFO - DAG(s) 'dashboard_investasi-kas_tasklist_baru_beta' retrieved from /opt/airflow/dags/kai_logistik-silver-dashboard_investasi-kas_tasklist_baru_beta.py
[2024-11-10T03:10:38.826+0000] {logging_mixin.py:188} INFO - [2024-11-10T03:10:38.825+0000] {dag.py:3089} INFO - Sync 1 DAGs
[2024-11-10T03:10:38.844+0000] {logging_mixin.py:188} INFO - [2024-11-10T03:10:38.844+0000] {dag.py:3947} INFO - Setting next_dagrun for dashboard_investasi-kas_tasklist_baru_beta to 2024-11-09 18:58:00+00:00, run_after=2024-11-09 18:59:00+00:00
[2024-11-10T03:10:38.866+0000] {processor.py:183} INFO - Processing /opt/airflow/dags/kai_logistik-silver-dashboard_investasi-kas_tasklist_baru_beta.py took 0.122 seconds
[2024-11-10T03:11:09.114+0000] {processor.py:161} INFO - Started process (PID=1784) to work on /opt/airflow/dags/kai_logistik-silver-dashboard_investasi-kas_tasklist_baru_beta.py
[2024-11-10T03:11:09.115+0000] {processor.py:830} INFO - Processing file /opt/airflow/dags/kai_logistik-silver-dashboard_investasi-kas_tasklist_baru_beta.py for tasks to queue
[2024-11-10T03:11:09.117+0000] {logging_mixin.py:188} INFO - [2024-11-10T03:11:09.117+0000] {dagbag.py:545} INFO - Filling up the DagBag from /opt/airflow/dags/kai_logistik-silver-dashboard_investasi-kas_tasklist_baru_beta.py
[2024-11-10T03:11:09.137+0000] {processor.py:840} INFO - DAG(s) 'dashboard_investasi-kas_tasklist_baru_beta' retrieved from /opt/airflow/dags/kai_logistik-silver-dashboard_investasi-kas_tasklist_baru_beta.py
[2024-11-10T03:11:09.157+0000] {logging_mixin.py:188} INFO - [2024-11-10T03:11:09.157+0000] {dag.py:3089} INFO - Sync 1 DAGs
[2024-11-10T03:11:09.172+0000] {logging_mixin.py:188} INFO - [2024-11-10T03:11:09.172+0000] {dag.py:3947} INFO - Setting next_dagrun for dashboard_investasi-kas_tasklist_baru_beta to 2024-11-09 18:58:00+00:00, run_after=2024-11-09 18:59:00+00:00
[2024-11-10T03:11:09.201+0000] {processor.py:183} INFO - Processing /opt/airflow/dags/kai_logistik-silver-dashboard_investasi-kas_tasklist_baru_beta.py took 0.092 seconds
[2024-11-10T03:11:39.396+0000] {processor.py:161} INFO - Started process (PID=2195) to work on /opt/airflow/dags/kai_logistik-silver-dashboard_investasi-kas_tasklist_baru_beta.py
[2024-11-10T03:11:39.397+0000] {processor.py:830} INFO - Processing file /opt/airflow/dags/kai_logistik-silver-dashboard_investasi-kas_tasklist_baru_beta.py for tasks to queue
[2024-11-10T03:11:39.398+0000] {logging_mixin.py:188} INFO - [2024-11-10T03:11:39.398+0000] {dagbag.py:545} INFO - Filling up the DagBag from /opt/airflow/dags/kai_logistik-silver-dashboard_investasi-kas_tasklist_baru_beta.py
[2024-11-10T03:11:39.418+0000] {processor.py:840} INFO - DAG(s) 'dashboard_investasi-kas_tasklist_baru_beta' retrieved from /opt/airflow/dags/kai_logistik-silver-dashboard_investasi-kas_tasklist_baru_beta.py
[2024-11-10T03:11:39.435+0000] {logging_mixin.py:188} INFO - [2024-11-10T03:11:39.435+0000] {dag.py:3089} INFO - Sync 1 DAGs
[2024-11-10T03:11:39.451+0000] {logging_mixin.py:188} INFO - [2024-11-10T03:11:39.451+0000] {dag.py:3947} INFO - Setting next_dagrun for dashboard_investasi-kas_tasklist_baru_beta to 2024-11-09 18:58:00+00:00, run_after=2024-11-09 18:59:00+00:00
[2024-11-10T03:11:39.465+0000] {processor.py:183} INFO - Processing /opt/airflow/dags/kai_logistik-silver-dashboard_investasi-kas_tasklist_baru_beta.py took 0.074 seconds
[2024-11-10T03:12:09.780+0000] {processor.py:161} INFO - Started process (PID=2608) to work on /opt/airflow/dags/kai_logistik-silver-dashboard_investasi-kas_tasklist_baru_beta.py
[2024-11-10T03:12:09.781+0000] {processor.py:830} INFO - Processing file /opt/airflow/dags/kai_logistik-silver-dashboard_investasi-kas_tasklist_baru_beta.py for tasks to queue
[2024-11-10T03:12:09.783+0000] {logging_mixin.py:188} INFO - [2024-11-10T03:12:09.783+0000] {dagbag.py:545} INFO - Filling up the DagBag from /opt/airflow/dags/kai_logistik-silver-dashboard_investasi-kas_tasklist_baru_beta.py
[2024-11-10T03:12:09.830+0000] {processor.py:840} INFO - DAG(s) 'dashboard_investasi-kas_tasklist_baru_beta' retrieved from /opt/airflow/dags/kai_logistik-silver-dashboard_investasi-kas_tasklist_baru_beta.py
[2024-11-10T03:12:09.852+0000] {logging_mixin.py:188} INFO - [2024-11-10T03:12:09.852+0000] {dag.py:3089} INFO - Sync 1 DAGs
[2024-11-10T03:12:09.874+0000] {logging_mixin.py:188} INFO - [2024-11-10T03:12:09.874+0000] {dag.py:3947} INFO - Setting next_dagrun for dashboard_investasi-kas_tasklist_baru_beta to 2024-11-09 18:58:00+00:00, run_after=2024-11-09 18:59:00+00:00
[2024-11-10T03:12:09.905+0000] {processor.py:183} INFO - Processing /opt/airflow/dags/kai_logistik-silver-dashboard_investasi-kas_tasklist_baru_beta.py took 0.129 seconds
[2024-11-10T03:12:40.526+0000] {processor.py:161} INFO - Started process (PID=3017) to work on /opt/airflow/dags/kai_logistik-silver-dashboard_investasi-kas_tasklist_baru_beta.py
[2024-11-10T03:12:40.527+0000] {processor.py:830} INFO - Processing file /opt/airflow/dags/kai_logistik-silver-dashboard_investasi-kas_tasklist_baru_beta.py for tasks to queue
[2024-11-10T03:12:40.528+0000] {logging_mixin.py:188} INFO - [2024-11-10T03:12:40.528+0000] {dagbag.py:545} INFO - Filling up the DagBag from /opt/airflow/dags/kai_logistik-silver-dashboard_investasi-kas_tasklist_baru_beta.py
[2024-11-10T03:12:40.549+0000] {processor.py:840} INFO - DAG(s) 'dashboard_investasi-kas_tasklist_baru_beta' retrieved from /opt/airflow/dags/kai_logistik-silver-dashboard_investasi-kas_tasklist_baru_beta.py
[2024-11-10T03:12:40.569+0000] {logging_mixin.py:188} INFO - [2024-11-10T03:12:40.569+0000] {dag.py:3089} INFO - Sync 1 DAGs
[2024-11-10T03:12:40.591+0000] {logging_mixin.py:188} INFO - [2024-11-10T03:12:40.591+0000] {dag.py:3947} INFO - Setting next_dagrun for dashboard_investasi-kas_tasklist_baru_beta to 2024-11-09 18:58:00+00:00, run_after=2024-11-09 18:59:00+00:00
[2024-11-10T03:12:40.612+0000] {processor.py:183} INFO - Processing /opt/airflow/dags/kai_logistik-silver-dashboard_investasi-kas_tasklist_baru_beta.py took 0.092 seconds
[2024-11-10T03:13:11.252+0000] {processor.py:161} INFO - Started process (PID=3430) to work on /opt/airflow/dags/kai_logistik-silver-dashboard_investasi-kas_tasklist_baru_beta.py
[2024-11-10T03:13:11.253+0000] {processor.py:830} INFO - Processing file /opt/airflow/dags/kai_logistik-silver-dashboard_investasi-kas_tasklist_baru_beta.py for tasks to queue
[2024-11-10T03:13:11.256+0000] {logging_mixin.py:188} INFO - [2024-11-10T03:13:11.255+0000] {dagbag.py:545} INFO - Filling up the DagBag from /opt/airflow/dags/kai_logistik-silver-dashboard_investasi-kas_tasklist_baru_beta.py
[2024-11-10T03:13:11.291+0000] {processor.py:840} INFO - DAG(s) 'dashboard_investasi-kas_tasklist_baru_beta' retrieved from /opt/airflow/dags/kai_logistik-silver-dashboard_investasi-kas_tasklist_baru_beta.py
[2024-11-10T03:13:11.318+0000] {logging_mixin.py:188} INFO - [2024-11-10T03:13:11.318+0000] {dag.py:3089} INFO - Sync 1 DAGs
[2024-11-10T03:13:11.350+0000] {logging_mixin.py:188} INFO - [2024-11-10T03:13:11.350+0000] {dag.py:3947} INFO - Setting next_dagrun for dashboard_investasi-kas_tasklist_baru_beta to 2024-11-09 18:58:00+00:00, run_after=2024-11-09 18:59:00+00:00
[2024-11-10T03:13:11.382+0000] {processor.py:183} INFO - Processing /opt/airflow/dags/kai_logistik-silver-dashboard_investasi-kas_tasklist_baru_beta.py took 0.136 seconds
[2024-11-10T03:13:41.716+0000] {processor.py:161} INFO - Started process (PID=3839) to work on /opt/airflow/dags/kai_logistik-silver-dashboard_investasi-kas_tasklist_baru_beta.py
[2024-11-10T03:13:41.717+0000] {processor.py:830} INFO - Processing file /opt/airflow/dags/kai_logistik-silver-dashboard_investasi-kas_tasklist_baru_beta.py for tasks to queue
[2024-11-10T03:13:41.719+0000] {logging_mixin.py:188} INFO - [2024-11-10T03:13:41.718+0000] {dagbag.py:545} INFO - Filling up the DagBag from /opt/airflow/dags/kai_logistik-silver-dashboard_investasi-kas_tasklist_baru_beta.py
[2024-11-10T03:13:41.742+0000] {processor.py:840} INFO - DAG(s) 'dashboard_investasi-kas_tasklist_baru_beta' retrieved from /opt/airflow/dags/kai_logistik-silver-dashboard_investasi-kas_tasklist_baru_beta.py
[2024-11-10T03:13:41.762+0000] {logging_mixin.py:188} INFO - [2024-11-10T03:13:41.762+0000] {dag.py:3089} INFO - Sync 1 DAGs
[2024-11-10T03:13:41.782+0000] {logging_mixin.py:188} INFO - [2024-11-10T03:13:41.782+0000] {dag.py:3947} INFO - Setting next_dagrun for dashboard_investasi-kas_tasklist_baru_beta to 2024-11-09 18:58:00+00:00, run_after=2024-11-09 18:59:00+00:00
[2024-11-10T03:13:41.798+0000] {processor.py:183} INFO - Processing /opt/airflow/dags/kai_logistik-silver-dashboard_investasi-kas_tasklist_baru_beta.py took 0.087 seconds
[2024-11-10T03:14:12.658+0000] {processor.py:161} INFO - Started process (PID=4250) to work on /opt/airflow/dags/kai_logistik-silver-dashboard_investasi-kas_tasklist_baru_beta.py
[2024-11-10T03:14:12.659+0000] {processor.py:830} INFO - Processing file /opt/airflow/dags/kai_logistik-silver-dashboard_investasi-kas_tasklist_baru_beta.py for tasks to queue
[2024-11-10T03:14:12.661+0000] {logging_mixin.py:188} INFO - [2024-11-10T03:14:12.661+0000] {dagbag.py:545} INFO - Filling up the DagBag from /opt/airflow/dags/kai_logistik-silver-dashboard_investasi-kas_tasklist_baru_beta.py
[2024-11-10T03:14:12.685+0000] {processor.py:840} INFO - DAG(s) 'dashboard_investasi-kas_tasklist_baru_beta' retrieved from /opt/airflow/dags/kai_logistik-silver-dashboard_investasi-kas_tasklist_baru_beta.py
[2024-11-10T03:14:12.703+0000] {logging_mixin.py:188} INFO - [2024-11-10T03:14:12.703+0000] {dag.py:3089} INFO - Sync 1 DAGs
[2024-11-10T03:14:12.719+0000] {logging_mixin.py:188} INFO - [2024-11-10T03:14:12.719+0000] {dag.py:3947} INFO - Setting next_dagrun for dashboard_investasi-kas_tasklist_baru_beta to 2024-11-09 18:58:00+00:00, run_after=2024-11-09 18:59:00+00:00
[2024-11-10T03:14:12.736+0000] {processor.py:183} INFO - Processing /opt/airflow/dags/kai_logistik-silver-dashboard_investasi-kas_tasklist_baru_beta.py took 0.084 seconds
