[2024-11-10T03:09:31.488+0000] {processor.py:161} INFO - Started process (PID=453) to work on /opt/airflow/dags/kai_logistik-silver-dashboard_investasi-t_progress_sumbagsel.py
[2024-11-10T03:09:31.490+0000] {processor.py:830} INFO - Processing file /opt/airflow/dags/kai_logistik-silver-dashboard_investasi-t_progress_sumbagsel.py for tasks to queue
[2024-11-10T03:09:31.493+0000] {logging_mixin.py:188} INFO - [2024-11-10T03:09:31.493+0000] {dagbag.py:545} INFO - Filling up the DagBag from /opt/airflow/dags/kai_logistik-silver-dashboard_investasi-t_progress_sumbagsel.py
[2024-11-10T03:09:31.574+0000] {processor.py:840} INFO - DAG(s) 'dashboard_investasi-t_progress_sumbagsel' retrieved from /opt/airflow/dags/kai_logistik-silver-dashboard_investasi-t_progress_sumbagsel.py
[2024-11-10T03:09:31.676+0000] {logging_mixin.py:188} INFO - [2024-11-10T03:09:31.676+0000] {override.py:1858} INFO - Created Permission View: can read on DAG:dashboard_investasi-t_progress_sumbagsel
[2024-11-10T03:09:31.699+0000] {logging_mixin.py:188} INFO - [2024-11-10T03:09:31.698+0000] {override.py:1858} INFO - Created Permission View: can delete on DAG:dashboard_investasi-t_progress_sumbagsel
[2024-11-10T03:09:31.713+0000] {logging_mixin.py:188} INFO - [2024-11-10T03:09:31.713+0000] {override.py:1858} INFO - Created Permission View: can edit on DAG:dashboard_investasi-t_progress_sumbagsel
[2024-11-10T03:09:31.714+0000] {logging_mixin.py:188} INFO - [2024-11-10T03:09:31.714+0000] {dag.py:3089} INFO - Sync 1 DAGs
[2024-11-10T03:09:31.731+0000] {logging_mixin.py:188} INFO - [2024-11-10T03:09:31.730+0000] {dag.py:3111} INFO - Creating ORM DAG for dashboard_investasi-t_progress_sumbagsel
[2024-11-10T03:09:31.742+0000] {logging_mixin.py:188} INFO - [2024-11-10T03:09:31.742+0000] {dag.py:3947} INFO - Setting next_dagrun for dashboard_investasi-t_progress_sumbagsel to 2024-11-09 18:58:00+00:00, run_after=2024-11-09 18:59:00+00:00
[2024-11-10T03:09:31.769+0000] {processor.py:183} INFO - Processing /opt/airflow/dags/kai_logistik-silver-dashboard_investasi-t_progress_sumbagsel.py took 0.291 seconds
[2024-11-10T03:10:02.096+0000] {processor.py:161} INFO - Started process (PID=864) to work on /opt/airflow/dags/kai_logistik-silver-dashboard_investasi-t_progress_sumbagsel.py
[2024-11-10T03:10:02.098+0000] {processor.py:830} INFO - Processing file /opt/airflow/dags/kai_logistik-silver-dashboard_investasi-t_progress_sumbagsel.py for tasks to queue
[2024-11-10T03:10:02.100+0000] {logging_mixin.py:188} INFO - [2024-11-10T03:10:02.099+0000] {dagbag.py:545} INFO - Filling up the DagBag from /opt/airflow/dags/kai_logistik-silver-dashboard_investasi-t_progress_sumbagsel.py
[2024-11-10T03:10:02.138+0000] {processor.py:840} INFO - DAG(s) 'dashboard_investasi-t_progress_sumbagsel' retrieved from /opt/airflow/dags/kai_logistik-silver-dashboard_investasi-t_progress_sumbagsel.py
[2024-11-10T03:10:02.161+0000] {logging_mixin.py:188} INFO - [2024-11-10T03:10:02.161+0000] {dag.py:3089} INFO - Sync 1 DAGs
[2024-11-10T03:10:02.182+0000] {logging_mixin.py:188} INFO - [2024-11-10T03:10:02.182+0000] {dag.py:3947} INFO - Setting next_dagrun for dashboard_investasi-t_progress_sumbagsel to 2024-11-09 18:58:00+00:00, run_after=2024-11-09 18:59:00+00:00
[2024-11-10T03:10:02.203+0000] {processor.py:183} INFO - Processing /opt/airflow/dags/kai_logistik-silver-dashboard_investasi-t_progress_sumbagsel.py took 0.113 seconds
[2024-11-10T03:10:32.698+0000] {processor.py:161} INFO - Started process (PID=1275) to work on /opt/airflow/dags/kai_logistik-silver-dashboard_investasi-t_progress_sumbagsel.py
[2024-11-10T03:10:32.700+0000] {processor.py:830} INFO - Processing file /opt/airflow/dags/kai_logistik-silver-dashboard_investasi-t_progress_sumbagsel.py for tasks to queue
[2024-11-10T03:10:32.702+0000] {logging_mixin.py:188} INFO - [2024-11-10T03:10:32.702+0000] {dagbag.py:545} INFO - Filling up the DagBag from /opt/airflow/dags/kai_logistik-silver-dashboard_investasi-t_progress_sumbagsel.py
[2024-11-10T03:10:32.734+0000] {processor.py:840} INFO - DAG(s) 'dashboard_investasi-t_progress_sumbagsel' retrieved from /opt/airflow/dags/kai_logistik-silver-dashboard_investasi-t_progress_sumbagsel.py
[2024-11-10T03:10:32.756+0000] {logging_mixin.py:188} INFO - [2024-11-10T03:10:32.756+0000] {dag.py:3089} INFO - Sync 1 DAGs
[2024-11-10T03:10:32.777+0000] {logging_mixin.py:188} INFO - [2024-11-10T03:10:32.777+0000] {dag.py:3947} INFO - Setting next_dagrun for dashboard_investasi-t_progress_sumbagsel to 2024-11-09 18:58:00+00:00, run_after=2024-11-09 18:59:00+00:00
[2024-11-10T03:10:32.800+0000] {processor.py:183} INFO - Processing /opt/airflow/dags/kai_logistik-silver-dashboard_investasi-t_progress_sumbagsel.py took 0.107 seconds
[2024-11-10T03:11:02.951+0000] {processor.py:161} INFO - Started process (PID=1686) to work on /opt/airflow/dags/kai_logistik-silver-dashboard_investasi-t_progress_sumbagsel.py
[2024-11-10T03:11:02.953+0000] {processor.py:830} INFO - Processing file /opt/airflow/dags/kai_logistik-silver-dashboard_investasi-t_progress_sumbagsel.py for tasks to queue
[2024-11-10T03:11:02.955+0000] {logging_mixin.py:188} INFO - [2024-11-10T03:11:02.954+0000] {dagbag.py:545} INFO - Filling up the DagBag from /opt/airflow/dags/kai_logistik-silver-dashboard_investasi-t_progress_sumbagsel.py
[2024-11-10T03:11:02.991+0000] {processor.py:840} INFO - DAG(s) 'dashboard_investasi-t_progress_sumbagsel' retrieved from /opt/airflow/dags/kai_logistik-silver-dashboard_investasi-t_progress_sumbagsel.py
[2024-11-10T03:11:03.011+0000] {logging_mixin.py:188} INFO - [2024-11-10T03:11:03.011+0000] {dag.py:3089} INFO - Sync 1 DAGs
[2024-11-10T03:11:03.028+0000] {logging_mixin.py:188} INFO - [2024-11-10T03:11:03.028+0000] {dag.py:3947} INFO - Setting next_dagrun for dashboard_investasi-t_progress_sumbagsel to 2024-11-09 18:58:00+00:00, run_after=2024-11-09 18:59:00+00:00
[2024-11-10T03:11:03.046+0000] {processor.py:183} INFO - Processing /opt/airflow/dags/kai_logistik-silver-dashboard_investasi-t_progress_sumbagsel.py took 0.098 seconds
[2024-11-10T03:11:33.180+0000] {processor.py:161} INFO - Started process (PID=2097) to work on /opt/airflow/dags/kai_logistik-silver-dashboard_investasi-t_progress_sumbagsel.py
[2024-11-10T03:11:33.181+0000] {processor.py:830} INFO - Processing file /opt/airflow/dags/kai_logistik-silver-dashboard_investasi-t_progress_sumbagsel.py for tasks to queue
[2024-11-10T03:11:33.183+0000] {logging_mixin.py:188} INFO - [2024-11-10T03:11:33.183+0000] {dagbag.py:545} INFO - Filling up the DagBag from /opt/airflow/dags/kai_logistik-silver-dashboard_investasi-t_progress_sumbagsel.py
[2024-11-10T03:11:33.200+0000] {processor.py:840} INFO - DAG(s) 'dashboard_investasi-t_progress_sumbagsel' retrieved from /opt/airflow/dags/kai_logistik-silver-dashboard_investasi-t_progress_sumbagsel.py
[2024-11-10T03:11:33.219+0000] {logging_mixin.py:188} INFO - [2024-11-10T03:11:33.219+0000] {dag.py:3089} INFO - Sync 1 DAGs
[2024-11-10T03:11:33.235+0000] {logging_mixin.py:188} INFO - [2024-11-10T03:11:33.234+0000] {dag.py:3947} INFO - Setting next_dagrun for dashboard_investasi-t_progress_sumbagsel to 2024-11-09 18:58:00+00:00, run_after=2024-11-09 18:59:00+00:00
[2024-11-10T03:11:33.254+0000] {processor.py:183} INFO - Processing /opt/airflow/dags/kai_logistik-silver-dashboard_investasi-t_progress_sumbagsel.py took 0.078 seconds
[2024-11-10T03:12:03.588+0000] {processor.py:161} INFO - Started process (PID=2508) to work on /opt/airflow/dags/kai_logistik-silver-dashboard_investasi-t_progress_sumbagsel.py
[2024-11-10T03:12:03.590+0000] {processor.py:830} INFO - Processing file /opt/airflow/dags/kai_logistik-silver-dashboard_investasi-t_progress_sumbagsel.py for tasks to queue
[2024-11-10T03:12:03.591+0000] {logging_mixin.py:188} INFO - [2024-11-10T03:12:03.591+0000] {dagbag.py:545} INFO - Filling up the DagBag from /opt/airflow/dags/kai_logistik-silver-dashboard_investasi-t_progress_sumbagsel.py
[2024-11-10T03:12:03.609+0000] {processor.py:840} INFO - DAG(s) 'dashboard_investasi-t_progress_sumbagsel' retrieved from /opt/airflow/dags/kai_logistik-silver-dashboard_investasi-t_progress_sumbagsel.py
[2024-11-10T03:12:03.629+0000] {logging_mixin.py:188} INFO - [2024-11-10T03:12:03.629+0000] {dag.py:3089} INFO - Sync 1 DAGs
[2024-11-10T03:12:03.646+0000] {logging_mixin.py:188} INFO - [2024-11-10T03:12:03.646+0000] {dag.py:3947} INFO - Setting next_dagrun for dashboard_investasi-t_progress_sumbagsel to 2024-11-09 18:58:00+00:00, run_after=2024-11-09 18:59:00+00:00
[2024-11-10T03:12:03.675+0000] {processor.py:183} INFO - Processing /opt/airflow/dags/kai_logistik-silver-dashboard_investasi-t_progress_sumbagsel.py took 0.090 seconds
[2024-11-10T03:12:34.189+0000] {processor.py:161} INFO - Started process (PID=2919) to work on /opt/airflow/dags/kai_logistik-silver-dashboard_investasi-t_progress_sumbagsel.py
[2024-11-10T03:12:34.190+0000] {processor.py:830} INFO - Processing file /opt/airflow/dags/kai_logistik-silver-dashboard_investasi-t_progress_sumbagsel.py for tasks to queue
[2024-11-10T03:12:34.191+0000] {logging_mixin.py:188} INFO - [2024-11-10T03:12:34.191+0000] {dagbag.py:545} INFO - Filling up the DagBag from /opt/airflow/dags/kai_logistik-silver-dashboard_investasi-t_progress_sumbagsel.py
[2024-11-10T03:12:34.210+0000] {processor.py:840} INFO - DAG(s) 'dashboard_investasi-t_progress_sumbagsel' retrieved from /opt/airflow/dags/kai_logistik-silver-dashboard_investasi-t_progress_sumbagsel.py
[2024-11-10T03:12:34.230+0000] {logging_mixin.py:188} INFO - [2024-11-10T03:12:34.230+0000] {dag.py:3089} INFO - Sync 1 DAGs
[2024-11-10T03:12:34.247+0000] {logging_mixin.py:188} INFO - [2024-11-10T03:12:34.247+0000] {dag.py:3947} INFO - Setting next_dagrun for dashboard_investasi-t_progress_sumbagsel to 2024-11-09 18:58:00+00:00, run_after=2024-11-09 18:59:00+00:00
[2024-11-10T03:12:34.267+0000] {processor.py:183} INFO - Processing /opt/airflow/dags/kai_logistik-silver-dashboard_investasi-t_progress_sumbagsel.py took 0.082 seconds
[2024-11-10T03:13:06.283+0000] {processor.py:161} INFO - Started process (PID=3330) to work on /opt/airflow/dags/kai_logistik-silver-dashboard_investasi-t_progress_sumbagsel.py
[2024-11-10T03:13:06.285+0000] {processor.py:830} INFO - Processing file /opt/airflow/dags/kai_logistik-silver-dashboard_investasi-t_progress_sumbagsel.py for tasks to queue
[2024-11-10T03:13:06.287+0000] {logging_mixin.py:188} INFO - [2024-11-10T03:13:06.286+0000] {dagbag.py:545} INFO - Filling up the DagBag from /opt/airflow/dags/kai_logistik-silver-dashboard_investasi-t_progress_sumbagsel.py
[2024-11-10T03:13:06.312+0000] {processor.py:840} INFO - DAG(s) 'dashboard_investasi-t_progress_sumbagsel' retrieved from /opt/airflow/dags/kai_logistik-silver-dashboard_investasi-t_progress_sumbagsel.py
[2024-11-10T03:13:06.338+0000] {logging_mixin.py:188} INFO - [2024-11-10T03:13:06.338+0000] {dag.py:3089} INFO - Sync 1 DAGs
[2024-11-10T03:13:06.356+0000] {logging_mixin.py:188} INFO - [2024-11-10T03:13:06.356+0000] {dag.py:3947} INFO - Setting next_dagrun for dashboard_investasi-t_progress_sumbagsel to 2024-11-09 18:58:00+00:00, run_after=2024-11-09 18:59:00+00:00
[2024-11-10T03:13:06.378+0000] {processor.py:183} INFO - Processing /opt/airflow/dags/kai_logistik-silver-dashboard_investasi-t_progress_sumbagsel.py took 0.100 seconds
[2024-11-10T03:13:36.857+0000] {processor.py:161} INFO - Started process (PID=3739) to work on /opt/airflow/dags/kai_logistik-silver-dashboard_investasi-t_progress_sumbagsel.py
[2024-11-10T03:13:36.858+0000] {processor.py:830} INFO - Processing file /opt/airflow/dags/kai_logistik-silver-dashboard_investasi-t_progress_sumbagsel.py for tasks to queue
[2024-11-10T03:13:36.860+0000] {logging_mixin.py:188} INFO - [2024-11-10T03:13:36.860+0000] {dagbag.py:545} INFO - Filling up the DagBag from /opt/airflow/dags/kai_logistik-silver-dashboard_investasi-t_progress_sumbagsel.py
[2024-11-10T03:13:36.885+0000] {processor.py:840} INFO - DAG(s) 'dashboard_investasi-t_progress_sumbagsel' retrieved from /opt/airflow/dags/kai_logistik-silver-dashboard_investasi-t_progress_sumbagsel.py
[2024-11-10T03:13:36.908+0000] {logging_mixin.py:188} INFO - [2024-11-10T03:13:36.907+0000] {dag.py:3089} INFO - Sync 1 DAGs
[2024-11-10T03:13:36.926+0000] {logging_mixin.py:188} INFO - [2024-11-10T03:13:36.926+0000] {dag.py:3947} INFO - Setting next_dagrun for dashboard_investasi-t_progress_sumbagsel to 2024-11-09 18:58:00+00:00, run_after=2024-11-09 18:59:00+00:00
[2024-11-10T03:13:36.946+0000] {processor.py:183} INFO - Processing /opt/airflow/dags/kai_logistik-silver-dashboard_investasi-t_progress_sumbagsel.py took 0.095 seconds
[2024-11-10T03:14:08.821+0000] {processor.py:161} INFO - Started process (PID=4150) to work on /opt/airflow/dags/kai_logistik-silver-dashboard_investasi-t_progress_sumbagsel.py
[2024-11-10T03:14:08.826+0000] {processor.py:830} INFO - Processing file /opt/airflow/dags/kai_logistik-silver-dashboard_investasi-t_progress_sumbagsel.py for tasks to queue
[2024-11-10T03:14:08.833+0000] {logging_mixin.py:188} INFO - [2024-11-10T03:14:08.832+0000] {dagbag.py:545} INFO - Filling up the DagBag from /opt/airflow/dags/kai_logistik-silver-dashboard_investasi-t_progress_sumbagsel.py
[2024-11-10T03:14:08.931+0000] {processor.py:840} INFO - DAG(s) 'dashboard_investasi-t_progress_sumbagsel' retrieved from /opt/airflow/dags/kai_logistik-silver-dashboard_investasi-t_progress_sumbagsel.py
[2024-11-10T03:14:08.959+0000] {logging_mixin.py:188} INFO - [2024-11-10T03:14:08.959+0000] {dag.py:3089} INFO - Sync 1 DAGs
[2024-11-10T03:14:08.981+0000] {logging_mixin.py:188} INFO - [2024-11-10T03:14:08.981+0000] {dag.py:3947} INFO - Setting next_dagrun for dashboard_investasi-t_progress_sumbagsel to 2024-11-09 18:58:00+00:00, run_after=2024-11-09 18:59:00+00:00
[2024-11-10T03:14:09.051+0000] {processor.py:183} INFO - Processing /opt/airflow/dags/kai_logistik-silver-dashboard_investasi-t_progress_sumbagsel.py took 0.234 seconds
