[2024-11-10T03:09:26.649+0000] {processor.py:161} INFO - Started process (PID=343) to work on /opt/airflow/dags/kai_logistik-silver-dashboard_kai-FM_Budget_Totals.py
[2024-11-10T03:09:26.651+0000] {processor.py:830} INFO - Processing file /opt/airflow/dags/kai_logistik-silver-dashboard_kai-FM_Budget_Totals.py for tasks to queue
[2024-11-10T03:09:26.652+0000] {logging_mixin.py:188} INFO - [2024-11-10T03:09:26.652+0000] {dagbag.py:545} INFO - Filling up the DagBag from /opt/airflow/dags/kai_logistik-silver-dashboard_kai-FM_Budget_Totals.py
[2024-11-10T03:09:26.685+0000] {processor.py:840} INFO - DAG(s) 'dashboard_kai-FM_Budget_Totals' retrieved from /opt/airflow/dags/kai_logistik-silver-dashboard_kai-FM_Budget_Totals.py
[2024-11-10T03:09:26.788+0000] {logging_mixin.py:188} INFO - [2024-11-10T03:09:26.788+0000] {override.py:1858} INFO - Created Permission View: can read on DAG:dashboard_kai-FM_Budget_Totals
[2024-11-10T03:09:26.799+0000] {logging_mixin.py:188} INFO - [2024-11-10T03:09:26.799+0000] {override.py:1858} INFO - Created Permission View: can delete on DAG:dashboard_kai-FM_Budget_Totals
[2024-11-10T03:09:26.805+0000] {logging_mixin.py:188} INFO - [2024-11-10T03:09:26.805+0000] {override.py:1858} INFO - Created Permission View: can edit on DAG:dashboard_kai-FM_Budget_Totals
[2024-11-10T03:09:26.806+0000] {logging_mixin.py:188} INFO - [2024-11-10T03:09:26.805+0000] {dag.py:3089} INFO - Sync 1 DAGs
[2024-11-10T03:09:26.816+0000] {logging_mixin.py:188} INFO - [2024-11-10T03:09:26.816+0000] {dag.py:3111} INFO - Creating ORM DAG for dashboard_kai-FM_Budget_Totals
[2024-11-10T03:09:26.827+0000] {logging_mixin.py:188} INFO - [2024-11-10T03:09:26.827+0000] {dag.py:3947} INFO - Setting next_dagrun for dashboard_kai-FM_Budget_Totals to 2024-11-09 18:58:00+00:00, run_after=2024-11-09 18:59:00+00:00
[2024-11-10T03:09:26.848+0000] {processor.py:183} INFO - Processing /opt/airflow/dags/kai_logistik-silver-dashboard_kai-FM_Budget_Totals.py took 0.203 seconds
[2024-11-10T03:09:57.244+0000] {processor.py:161} INFO - Started process (PID=754) to work on /opt/airflow/dags/kai_logistik-silver-dashboard_kai-FM_Budget_Totals.py
[2024-11-10T03:09:57.245+0000] {processor.py:830} INFO - Processing file /opt/airflow/dags/kai_logistik-silver-dashboard_kai-FM_Budget_Totals.py for tasks to queue
[2024-11-10T03:09:57.248+0000] {logging_mixin.py:188} INFO - [2024-11-10T03:09:57.247+0000] {dagbag.py:545} INFO - Filling up the DagBag from /opt/airflow/dags/kai_logistik-silver-dashboard_kai-FM_Budget_Totals.py
[2024-11-10T03:09:57.290+0000] {processor.py:840} INFO - DAG(s) 'dashboard_kai-FM_Budget_Totals' retrieved from /opt/airflow/dags/kai_logistik-silver-dashboard_kai-FM_Budget_Totals.py
[2024-11-10T03:09:57.311+0000] {logging_mixin.py:188} INFO - [2024-11-10T03:09:57.311+0000] {dag.py:3089} INFO - Sync 1 DAGs
[2024-11-10T03:09:57.331+0000] {logging_mixin.py:188} INFO - [2024-11-10T03:09:57.331+0000] {dag.py:3947} INFO - Setting next_dagrun for dashboard_kai-FM_Budget_Totals to 2024-11-09 18:58:00+00:00, run_after=2024-11-09 18:59:00+00:00
[2024-11-10T03:09:57.351+0000] {processor.py:183} INFO - Processing /opt/airflow/dags/kai_logistik-silver-dashboard_kai-FM_Budget_Totals.py took 0.113 seconds
[2024-11-10T03:10:27.673+0000] {processor.py:161} INFO - Started process (PID=1163) to work on /opt/airflow/dags/kai_logistik-silver-dashboard_kai-FM_Budget_Totals.py
[2024-11-10T03:10:27.674+0000] {processor.py:830} INFO - Processing file /opt/airflow/dags/kai_logistik-silver-dashboard_kai-FM_Budget_Totals.py for tasks to queue
[2024-11-10T03:10:27.677+0000] {logging_mixin.py:188} INFO - [2024-11-10T03:10:27.676+0000] {dagbag.py:545} INFO - Filling up the DagBag from /opt/airflow/dags/kai_logistik-silver-dashboard_kai-FM_Budget_Totals.py
[2024-11-10T03:10:27.705+0000] {processor.py:840} INFO - DAG(s) 'dashboard_kai-FM_Budget_Totals' retrieved from /opt/airflow/dags/kai_logistik-silver-dashboard_kai-FM_Budget_Totals.py
[2024-11-10T03:10:27.724+0000] {logging_mixin.py:188} INFO - [2024-11-10T03:10:27.724+0000] {dag.py:3089} INFO - Sync 1 DAGs
[2024-11-10T03:10:27.745+0000] {logging_mixin.py:188} INFO - [2024-11-10T03:10:27.745+0000] {dag.py:3947} INFO - Setting next_dagrun for dashboard_kai-FM_Budget_Totals to 2024-11-09 18:58:00+00:00, run_after=2024-11-09 18:59:00+00:00
[2024-11-10T03:10:27.766+0000] {processor.py:183} INFO - Processing /opt/airflow/dags/kai_logistik-silver-dashboard_kai-FM_Budget_Totals.py took 0.099 seconds
[2024-11-10T03:10:58.370+0000] {processor.py:161} INFO - Started process (PID=1574) to work on /opt/airflow/dags/kai_logistik-silver-dashboard_kai-FM_Budget_Totals.py
[2024-11-10T03:10:58.371+0000] {processor.py:830} INFO - Processing file /opt/airflow/dags/kai_logistik-silver-dashboard_kai-FM_Budget_Totals.py for tasks to queue
[2024-11-10T03:10:58.374+0000] {logging_mixin.py:188} INFO - [2024-11-10T03:10:58.373+0000] {dagbag.py:545} INFO - Filling up the DagBag from /opt/airflow/dags/kai_logistik-silver-dashboard_kai-FM_Budget_Totals.py
[2024-11-10T03:10:58.406+0000] {processor.py:840} INFO - DAG(s) 'dashboard_kai-FM_Budget_Totals' retrieved from /opt/airflow/dags/kai_logistik-silver-dashboard_kai-FM_Budget_Totals.py
[2024-11-10T03:10:58.430+0000] {logging_mixin.py:188} INFO - [2024-11-10T03:10:58.430+0000] {dag.py:3089} INFO - Sync 1 DAGs
[2024-11-10T03:10:58.451+0000] {logging_mixin.py:188} INFO - [2024-11-10T03:10:58.450+0000] {dag.py:3947} INFO - Setting next_dagrun for dashboard_kai-FM_Budget_Totals to 2024-11-09 18:58:00+00:00, run_after=2024-11-09 18:59:00+00:00
[2024-11-10T03:10:58.470+0000] {processor.py:183} INFO - Processing /opt/airflow/dags/kai_logistik-silver-dashboard_kai-FM_Budget_Totals.py took 0.106 seconds
[2024-11-10T03:11:29.505+0000] {processor.py:161} INFO - Started process (PID=1987) to work on /opt/airflow/dags/kai_logistik-silver-dashboard_kai-FM_Budget_Totals.py
[2024-11-10T03:11:29.506+0000] {processor.py:830} INFO - Processing file /opt/airflow/dags/kai_logistik-silver-dashboard_kai-FM_Budget_Totals.py for tasks to queue
[2024-11-10T03:11:29.508+0000] {logging_mixin.py:188} INFO - [2024-11-10T03:11:29.508+0000] {dagbag.py:545} INFO - Filling up the DagBag from /opt/airflow/dags/kai_logistik-silver-dashboard_kai-FM_Budget_Totals.py
[2024-11-10T03:11:29.544+0000] {processor.py:840} INFO - DAG(s) 'dashboard_kai-FM_Budget_Totals' retrieved from /opt/airflow/dags/kai_logistik-silver-dashboard_kai-FM_Budget_Totals.py
[2024-11-10T03:11:29.572+0000] {logging_mixin.py:188} INFO - [2024-11-10T03:11:29.571+0000] {dag.py:3089} INFO - Sync 1 DAGs
[2024-11-10T03:11:29.599+0000] {logging_mixin.py:188} INFO - [2024-11-10T03:11:29.599+0000] {dag.py:3947} INFO - Setting next_dagrun for dashboard_kai-FM_Budget_Totals to 2024-11-09 18:58:00+00:00, run_after=2024-11-09 18:59:00+00:00
[2024-11-10T03:11:29.624+0000] {processor.py:183} INFO - Processing /opt/airflow/dags/kai_logistik-silver-dashboard_kai-FM_Budget_Totals.py took 0.126 seconds
[2024-11-10T03:12:00.156+0000] {processor.py:161} INFO - Started process (PID=2403) to work on /opt/airflow/dags/kai_logistik-silver-dashboard_kai-FM_Budget_Totals.py
[2024-11-10T03:12:00.157+0000] {processor.py:830} INFO - Processing file /opt/airflow/dags/kai_logistik-silver-dashboard_kai-FM_Budget_Totals.py for tasks to queue
[2024-11-10T03:12:00.158+0000] {logging_mixin.py:188} INFO - [2024-11-10T03:12:00.158+0000] {dagbag.py:545} INFO - Filling up the DagBag from /opt/airflow/dags/kai_logistik-silver-dashboard_kai-FM_Budget_Totals.py
[2024-11-10T03:12:00.178+0000] {processor.py:840} INFO - DAG(s) 'dashboard_kai-FM_Budget_Totals' retrieved from /opt/airflow/dags/kai_logistik-silver-dashboard_kai-FM_Budget_Totals.py
[2024-11-10T03:12:00.198+0000] {logging_mixin.py:188} INFO - [2024-11-10T03:12:00.198+0000] {dag.py:3089} INFO - Sync 1 DAGs
[2024-11-10T03:12:00.217+0000] {logging_mixin.py:188} INFO - [2024-11-10T03:12:00.217+0000] {dag.py:3947} INFO - Setting next_dagrun for dashboard_kai-FM_Budget_Totals to 2024-11-09 18:58:00+00:00, run_after=2024-11-09 18:59:00+00:00
[2024-11-10T03:12:00.231+0000] {processor.py:183} INFO - Processing /opt/airflow/dags/kai_logistik-silver-dashboard_kai-FM_Budget_Totals.py took 0.079 seconds
[2024-11-10T03:12:31.047+0000] {processor.py:161} INFO - Started process (PID=2809) to work on /opt/airflow/dags/kai_logistik-silver-dashboard_kai-FM_Budget_Totals.py
[2024-11-10T03:12:31.049+0000] {processor.py:830} INFO - Processing file /opt/airflow/dags/kai_logistik-silver-dashboard_kai-FM_Budget_Totals.py for tasks to queue
[2024-11-10T03:12:31.052+0000] {logging_mixin.py:188} INFO - [2024-11-10T03:12:31.051+0000] {dagbag.py:545} INFO - Filling up the DagBag from /opt/airflow/dags/kai_logistik-silver-dashboard_kai-FM_Budget_Totals.py
[2024-11-10T03:12:31.091+0000] {processor.py:840} INFO - DAG(s) 'dashboard_kai-FM_Budget_Totals' retrieved from /opt/airflow/dags/kai_logistik-silver-dashboard_kai-FM_Budget_Totals.py
[2024-11-10T03:12:31.114+0000] {logging_mixin.py:188} INFO - [2024-11-10T03:12:31.114+0000] {dag.py:3089} INFO - Sync 1 DAGs
[2024-11-10T03:12:31.132+0000] {logging_mixin.py:188} INFO - [2024-11-10T03:12:31.132+0000] {dag.py:3947} INFO - Setting next_dagrun for dashboard_kai-FM_Budget_Totals to 2024-11-09 18:58:00+00:00, run_after=2024-11-09 18:59:00+00:00
[2024-11-10T03:12:31.153+0000] {processor.py:183} INFO - Processing /opt/airflow/dags/kai_logistik-silver-dashboard_kai-FM_Budget_Totals.py took 0.110 seconds
[2024-11-10T03:13:01.806+0000] {processor.py:161} INFO - Started process (PID=3220) to work on /opt/airflow/dags/kai_logistik-silver-dashboard_kai-FM_Budget_Totals.py
[2024-11-10T03:13:01.807+0000] {processor.py:830} INFO - Processing file /opt/airflow/dags/kai_logistik-silver-dashboard_kai-FM_Budget_Totals.py for tasks to queue
[2024-11-10T03:13:01.809+0000] {logging_mixin.py:188} INFO - [2024-11-10T03:13:01.809+0000] {dagbag.py:545} INFO - Filling up the DagBag from /opt/airflow/dags/kai_logistik-silver-dashboard_kai-FM_Budget_Totals.py
[2024-11-10T03:13:01.835+0000] {processor.py:840} INFO - DAG(s) 'dashboard_kai-FM_Budget_Totals' retrieved from /opt/airflow/dags/kai_logistik-silver-dashboard_kai-FM_Budget_Totals.py
[2024-11-10T03:13:01.858+0000] {logging_mixin.py:188} INFO - [2024-11-10T03:13:01.858+0000] {dag.py:3089} INFO - Sync 1 DAGs
[2024-11-10T03:13:01.880+0000] {logging_mixin.py:188} INFO - [2024-11-10T03:13:01.880+0000] {dag.py:3947} INFO - Setting next_dagrun for dashboard_kai-FM_Budget_Totals to 2024-11-09 18:58:00+00:00, run_after=2024-11-09 18:59:00+00:00
[2024-11-10T03:13:01.904+0000] {processor.py:183} INFO - Processing /opt/airflow/dags/kai_logistik-silver-dashboard_kai-FM_Budget_Totals.py took 0.102 seconds
[2024-11-10T03:13:32.333+0000] {processor.py:161} INFO - Started process (PID=3631) to work on /opt/airflow/dags/kai_logistik-silver-dashboard_kai-FM_Budget_Totals.py
[2024-11-10T03:13:32.334+0000] {processor.py:830} INFO - Processing file /opt/airflow/dags/kai_logistik-silver-dashboard_kai-FM_Budget_Totals.py for tasks to queue
[2024-11-10T03:13:32.336+0000] {logging_mixin.py:188} INFO - [2024-11-10T03:13:32.335+0000] {dagbag.py:545} INFO - Filling up the DagBag from /opt/airflow/dags/kai_logistik-silver-dashboard_kai-FM_Budget_Totals.py
[2024-11-10T03:13:32.360+0000] {processor.py:840} INFO - DAG(s) 'dashboard_kai-FM_Budget_Totals' retrieved from /opt/airflow/dags/kai_logistik-silver-dashboard_kai-FM_Budget_Totals.py
[2024-11-10T03:13:32.381+0000] {logging_mixin.py:188} INFO - [2024-11-10T03:13:32.381+0000] {dag.py:3089} INFO - Sync 1 DAGs
[2024-11-10T03:13:32.400+0000] {logging_mixin.py:188} INFO - [2024-11-10T03:13:32.399+0000] {dag.py:3947} INFO - Setting next_dagrun for dashboard_kai-FM_Budget_Totals to 2024-11-09 18:58:00+00:00, run_after=2024-11-09 18:59:00+00:00
[2024-11-10T03:13:32.424+0000] {processor.py:183} INFO - Processing /opt/airflow/dags/kai_logistik-silver-dashboard_kai-FM_Budget_Totals.py took 0.096 seconds
[2024-11-10T03:14:03.061+0000] {processor.py:161} INFO - Started process (PID=4042) to work on /opt/airflow/dags/kai_logistik-silver-dashboard_kai-FM_Budget_Totals.py
[2024-11-10T03:14:03.063+0000] {processor.py:830} INFO - Processing file /opt/airflow/dags/kai_logistik-silver-dashboard_kai-FM_Budget_Totals.py for tasks to queue
[2024-11-10T03:14:03.067+0000] {logging_mixin.py:188} INFO - [2024-11-10T03:14:03.066+0000] {dagbag.py:545} INFO - Filling up the DagBag from /opt/airflow/dags/kai_logistik-silver-dashboard_kai-FM_Budget_Totals.py
[2024-11-10T03:14:03.101+0000] {processor.py:840} INFO - DAG(s) 'dashboard_kai-FM_Budget_Totals' retrieved from /opt/airflow/dags/kai_logistik-silver-dashboard_kai-FM_Budget_Totals.py
[2024-11-10T03:14:03.134+0000] {logging_mixin.py:188} INFO - [2024-11-10T03:14:03.134+0000] {dag.py:3089} INFO - Sync 1 DAGs
[2024-11-10T03:14:03.166+0000] {logging_mixin.py:188} INFO - [2024-11-10T03:14:03.166+0000] {dag.py:3947} INFO - Setting next_dagrun for dashboard_kai-FM_Budget_Totals to 2024-11-09 18:58:00+00:00, run_after=2024-11-09 18:59:00+00:00
[2024-11-10T03:14:03.201+0000] {processor.py:183} INFO - Processing /opt/airflow/dags/kai_logistik-silver-dashboard_kai-FM_Budget_Totals.py took 0.150 seconds
