[2024-11-10T03:09:25.411+0000] {processor.py:161} INFO - Started process (PID=303) to work on /opt/airflow/dags/kai_logistik-silver-dashboard_material-ztb_mmbbm05.py
[2024-11-10T03:09:25.412+0000] {processor.py:830} INFO - Processing file /opt/airflow/dags/kai_logistik-silver-dashboard_material-ztb_mmbbm05.py for tasks to queue
[2024-11-10T03:09:25.414+0000] {logging_mixin.py:188} INFO - [2024-11-10T03:09:25.414+0000] {dagbag.py:545} INFO - Filling up the DagBag from /opt/airflow/dags/kai_logistik-silver-dashboard_material-ztb_mmbbm05.py
[2024-11-10T03:09:25.458+0000] {processor.py:840} INFO - DAG(s) 'dashboard_material-ztb_mmbbm05' retrieved from /opt/airflow/dags/kai_logistik-silver-dashboard_material-ztb_mmbbm05.py
[2024-11-10T03:09:25.557+0000] {logging_mixin.py:188} INFO - [2024-11-10T03:09:25.556+0000] {override.py:1858} INFO - Created Permission View: can read on DAG:dashboard_material-ztb_mmbbm05
[2024-11-10T03:09:25.565+0000] {logging_mixin.py:188} INFO - [2024-11-10T03:09:25.565+0000] {override.py:1858} INFO - Created Permission View: can delete on DAG:dashboard_material-ztb_mmbbm05
[2024-11-10T03:09:25.572+0000] {logging_mixin.py:188} INFO - [2024-11-10T03:09:25.572+0000] {override.py:1858} INFO - Created Permission View: can edit on DAG:dashboard_material-ztb_mmbbm05
[2024-11-10T03:09:25.573+0000] {logging_mixin.py:188} INFO - [2024-11-10T03:09:25.573+0000] {dag.py:3089} INFO - Sync 1 DAGs
[2024-11-10T03:09:25.581+0000] {logging_mixin.py:188} INFO - [2024-11-10T03:09:25.581+0000] {dag.py:3111} INFO - Creating ORM DAG for dashboard_material-ztb_mmbbm05
[2024-11-10T03:09:25.592+0000] {logging_mixin.py:188} INFO - [2024-11-10T03:09:25.591+0000] {dag.py:3947} INFO - Setting next_dagrun for dashboard_material-ztb_mmbbm05 to 2024-11-09 18:58:00+00:00, run_after=2024-11-09 18:59:00+00:00
[2024-11-10T03:09:25.612+0000] {processor.py:183} INFO - Processing /opt/airflow/dags/kai_logistik-silver-dashboard_material-ztb_mmbbm05.py took 0.206 seconds
[2024-11-10T03:09:55.844+0000] {processor.py:161} INFO - Started process (PID=714) to work on /opt/airflow/dags/kai_logistik-silver-dashboard_material-ztb_mmbbm05.py
[2024-11-10T03:09:55.845+0000] {processor.py:830} INFO - Processing file /opt/airflow/dags/kai_logistik-silver-dashboard_material-ztb_mmbbm05.py for tasks to queue
[2024-11-10T03:09:55.847+0000] {logging_mixin.py:188} INFO - [2024-11-10T03:09:55.846+0000] {dagbag.py:545} INFO - Filling up the DagBag from /opt/airflow/dags/kai_logistik-silver-dashboard_material-ztb_mmbbm05.py
[2024-11-10T03:09:55.871+0000] {processor.py:840} INFO - DAG(s) 'dashboard_material-ztb_mmbbm05' retrieved from /opt/airflow/dags/kai_logistik-silver-dashboard_material-ztb_mmbbm05.py
[2024-11-10T03:09:55.890+0000] {logging_mixin.py:188} INFO - [2024-11-10T03:09:55.890+0000] {dag.py:3089} INFO - Sync 1 DAGs
[2024-11-10T03:09:55.907+0000] {logging_mixin.py:188} INFO - [2024-11-10T03:09:55.907+0000] {dag.py:3947} INFO - Setting next_dagrun for dashboard_material-ztb_mmbbm05 to 2024-11-09 18:58:00+00:00, run_after=2024-11-09 18:59:00+00:00
[2024-11-10T03:09:55.925+0000] {processor.py:183} INFO - Processing /opt/airflow/dags/kai_logistik-silver-dashboard_material-ztb_mmbbm05.py took 0.086 seconds
[2024-11-10T03:10:26.324+0000] {processor.py:161} INFO - Started process (PID=1123) to work on /opt/airflow/dags/kai_logistik-silver-dashboard_material-ztb_mmbbm05.py
[2024-11-10T03:10:26.325+0000] {processor.py:830} INFO - Processing file /opt/airflow/dags/kai_logistik-silver-dashboard_material-ztb_mmbbm05.py for tasks to queue
[2024-11-10T03:10:26.328+0000] {logging_mixin.py:188} INFO - [2024-11-10T03:10:26.327+0000] {dagbag.py:545} INFO - Filling up the DagBag from /opt/airflow/dags/kai_logistik-silver-dashboard_material-ztb_mmbbm05.py
[2024-11-10T03:10:26.370+0000] {processor.py:840} INFO - DAG(s) 'dashboard_material-ztb_mmbbm05' retrieved from /opt/airflow/dags/kai_logistik-silver-dashboard_material-ztb_mmbbm05.py
[2024-11-10T03:10:26.394+0000] {logging_mixin.py:188} INFO - [2024-11-10T03:10:26.394+0000] {dag.py:3089} INFO - Sync 1 DAGs
[2024-11-10T03:10:26.413+0000] {logging_mixin.py:188} INFO - [2024-11-10T03:10:26.413+0000] {dag.py:3947} INFO - Setting next_dagrun for dashboard_material-ztb_mmbbm05 to 2024-11-09 18:58:00+00:00, run_after=2024-11-09 18:59:00+00:00
[2024-11-10T03:10:26.431+0000] {processor.py:183} INFO - Processing /opt/airflow/dags/kai_logistik-silver-dashboard_material-ztb_mmbbm05.py took 0.115 seconds
[2024-11-10T03:10:56.564+0000] {processor.py:161} INFO - Started process (PID=1534) to work on /opt/airflow/dags/kai_logistik-silver-dashboard_material-ztb_mmbbm05.py
[2024-11-10T03:10:56.565+0000] {processor.py:830} INFO - Processing file /opt/airflow/dags/kai_logistik-silver-dashboard_material-ztb_mmbbm05.py for tasks to queue
[2024-11-10T03:10:56.567+0000] {logging_mixin.py:188} INFO - [2024-11-10T03:10:56.567+0000] {dagbag.py:545} INFO - Filling up the DagBag from /opt/airflow/dags/kai_logistik-silver-dashboard_material-ztb_mmbbm05.py
[2024-11-10T03:10:56.588+0000] {processor.py:840} INFO - DAG(s) 'dashboard_material-ztb_mmbbm05' retrieved from /opt/airflow/dags/kai_logistik-silver-dashboard_material-ztb_mmbbm05.py
[2024-11-10T03:10:56.607+0000] {logging_mixin.py:188} INFO - [2024-11-10T03:10:56.607+0000] {dag.py:3089} INFO - Sync 1 DAGs
[2024-11-10T03:10:56.629+0000] {logging_mixin.py:188} INFO - [2024-11-10T03:10:56.629+0000] {dag.py:3947} INFO - Setting next_dagrun for dashboard_material-ztb_mmbbm05 to 2024-11-09 18:58:00+00:00, run_after=2024-11-09 18:59:00+00:00
[2024-11-10T03:10:56.646+0000] {processor.py:183} INFO - Processing /opt/airflow/dags/kai_logistik-silver-dashboard_material-ztb_mmbbm05.py took 0.086 seconds
[2024-11-10T03:11:27.649+0000] {processor.py:161} INFO - Started process (PID=1945) to work on /opt/airflow/dags/kai_logistik-silver-dashboard_material-ztb_mmbbm05.py
[2024-11-10T03:11:27.651+0000] {processor.py:830} INFO - Processing file /opt/airflow/dags/kai_logistik-silver-dashboard_material-ztb_mmbbm05.py for tasks to queue
[2024-11-10T03:11:27.654+0000] {logging_mixin.py:188} INFO - [2024-11-10T03:11:27.653+0000] {dagbag.py:545} INFO - Filling up the DagBag from /opt/airflow/dags/kai_logistik-silver-dashboard_material-ztb_mmbbm05.py
[2024-11-10T03:11:27.683+0000] {processor.py:840} INFO - DAG(s) 'dashboard_material-ztb_mmbbm05' retrieved from /opt/airflow/dags/kai_logistik-silver-dashboard_material-ztb_mmbbm05.py
[2024-11-10T03:11:27.703+0000] {logging_mixin.py:188} INFO - [2024-11-10T03:11:27.702+0000] {dag.py:3089} INFO - Sync 1 DAGs
[2024-11-10T03:11:27.720+0000] {logging_mixin.py:188} INFO - [2024-11-10T03:11:27.720+0000] {dag.py:3947} INFO - Setting next_dagrun for dashboard_material-ztb_mmbbm05 to 2024-11-09 18:58:00+00:00, run_after=2024-11-09 18:59:00+00:00
[2024-11-10T03:11:27.738+0000] {processor.py:183} INFO - Processing /opt/airflow/dags/kai_logistik-silver-dashboard_material-ztb_mmbbm05.py took 0.095 seconds
[2024-11-10T03:11:58.964+0000] {processor.py:161} INFO - Started process (PID=2356) to work on /opt/airflow/dags/kai_logistik-silver-dashboard_material-ztb_mmbbm05.py
[2024-11-10T03:11:58.965+0000] {processor.py:830} INFO - Processing file /opt/airflow/dags/kai_logistik-silver-dashboard_material-ztb_mmbbm05.py for tasks to queue
[2024-11-10T03:11:58.967+0000] {logging_mixin.py:188} INFO - [2024-11-10T03:11:58.967+0000] {dagbag.py:545} INFO - Filling up the DagBag from /opt/airflow/dags/kai_logistik-silver-dashboard_material-ztb_mmbbm05.py
[2024-11-10T03:11:59.001+0000] {processor.py:840} INFO - DAG(s) 'dashboard_material-ztb_mmbbm05' retrieved from /opt/airflow/dags/kai_logistik-silver-dashboard_material-ztb_mmbbm05.py
[2024-11-10T03:11:59.021+0000] {logging_mixin.py:188} INFO - [2024-11-10T03:11:59.020+0000] {dag.py:3089} INFO - Sync 1 DAGs
[2024-11-10T03:11:59.036+0000] {logging_mixin.py:188} INFO - [2024-11-10T03:11:59.036+0000] {dag.py:3947} INFO - Setting next_dagrun for dashboard_material-ztb_mmbbm05 to 2024-11-09 18:58:00+00:00, run_after=2024-11-09 18:59:00+00:00
[2024-11-10T03:11:59.056+0000] {processor.py:183} INFO - Processing /opt/airflow/dags/kai_logistik-silver-dashboard_material-ztb_mmbbm05.py took 0.096 seconds
[2024-11-10T03:12:29.288+0000] {processor.py:161} INFO - Started process (PID=2767) to work on /opt/airflow/dags/kai_logistik-silver-dashboard_material-ztb_mmbbm05.py
[2024-11-10T03:12:29.289+0000] {processor.py:830} INFO - Processing file /opt/airflow/dags/kai_logistik-silver-dashboard_material-ztb_mmbbm05.py for tasks to queue
[2024-11-10T03:12:29.291+0000] {logging_mixin.py:188} INFO - [2024-11-10T03:12:29.291+0000] {dagbag.py:545} INFO - Filling up the DagBag from /opt/airflow/dags/kai_logistik-silver-dashboard_material-ztb_mmbbm05.py
[2024-11-10T03:12:29.312+0000] {processor.py:840} INFO - DAG(s) 'dashboard_material-ztb_mmbbm05' retrieved from /opt/airflow/dags/kai_logistik-silver-dashboard_material-ztb_mmbbm05.py
[2024-11-10T03:12:29.332+0000] {logging_mixin.py:188} INFO - [2024-11-10T03:12:29.332+0000] {dag.py:3089} INFO - Sync 1 DAGs
[2024-11-10T03:12:29.348+0000] {logging_mixin.py:188} INFO - [2024-11-10T03:12:29.348+0000] {dag.py:3947} INFO - Setting next_dagrun for dashboard_material-ztb_mmbbm05 to 2024-11-09 18:58:00+00:00, run_after=2024-11-09 18:59:00+00:00
[2024-11-10T03:12:29.371+0000] {processor.py:183} INFO - Processing /opt/airflow/dags/kai_logistik-silver-dashboard_material-ztb_mmbbm05.py took 0.088 seconds
[2024-11-10T03:12:59.844+0000] {processor.py:161} INFO - Started process (PID=3178) to work on /opt/airflow/dags/kai_logistik-silver-dashboard_material-ztb_mmbbm05.py
[2024-11-10T03:12:59.845+0000] {processor.py:830} INFO - Processing file /opt/airflow/dags/kai_logistik-silver-dashboard_material-ztb_mmbbm05.py for tasks to queue
[2024-11-10T03:12:59.847+0000] {logging_mixin.py:188} INFO - [2024-11-10T03:12:59.847+0000] {dagbag.py:545} INFO - Filling up the DagBag from /opt/airflow/dags/kai_logistik-silver-dashboard_material-ztb_mmbbm05.py
[2024-11-10T03:12:59.869+0000] {processor.py:840} INFO - DAG(s) 'dashboard_material-ztb_mmbbm05' retrieved from /opt/airflow/dags/kai_logistik-silver-dashboard_material-ztb_mmbbm05.py
[2024-11-10T03:12:59.887+0000] {logging_mixin.py:188} INFO - [2024-11-10T03:12:59.887+0000] {dag.py:3089} INFO - Sync 1 DAGs
[2024-11-10T03:12:59.904+0000] {logging_mixin.py:188} INFO - [2024-11-10T03:12:59.904+0000] {dag.py:3947} INFO - Setting next_dagrun for dashboard_material-ztb_mmbbm05 to 2024-11-09 18:58:00+00:00, run_after=2024-11-09 18:59:00+00:00
[2024-11-10T03:12:59.920+0000] {processor.py:183} INFO - Processing /opt/airflow/dags/kai_logistik-silver-dashboard_material-ztb_mmbbm05.py took 0.082 seconds
[2024-11-10T03:13:30.450+0000] {processor.py:161} INFO - Started process (PID=3589) to work on /opt/airflow/dags/kai_logistik-silver-dashboard_material-ztb_mmbbm05.py
[2024-11-10T03:13:30.452+0000] {processor.py:830} INFO - Processing file /opt/airflow/dags/kai_logistik-silver-dashboard_material-ztb_mmbbm05.py for tasks to queue
[2024-11-10T03:13:30.454+0000] {logging_mixin.py:188} INFO - [2024-11-10T03:13:30.454+0000] {dagbag.py:545} INFO - Filling up the DagBag from /opt/airflow/dags/kai_logistik-silver-dashboard_material-ztb_mmbbm05.py
[2024-11-10T03:13:30.485+0000] {processor.py:840} INFO - DAG(s) 'dashboard_material-ztb_mmbbm05' retrieved from /opt/airflow/dags/kai_logistik-silver-dashboard_material-ztb_mmbbm05.py
[2024-11-10T03:13:30.506+0000] {logging_mixin.py:188} INFO - [2024-11-10T03:13:30.506+0000] {dag.py:3089} INFO - Sync 1 DAGs
[2024-11-10T03:13:30.522+0000] {logging_mixin.py:188} INFO - [2024-11-10T03:13:30.522+0000] {dag.py:3947} INFO - Setting next_dagrun for dashboard_material-ztb_mmbbm05 to 2024-11-09 18:58:00+00:00, run_after=2024-11-09 18:59:00+00:00
[2024-11-10T03:13:30.546+0000] {processor.py:183} INFO - Processing /opt/airflow/dags/kai_logistik-silver-dashboard_material-ztb_mmbbm05.py took 0.101 seconds
[2024-11-10T03:14:01.484+0000] {processor.py:161} INFO - Started process (PID=4000) to work on /opt/airflow/dags/kai_logistik-silver-dashboard_material-ztb_mmbbm05.py
[2024-11-10T03:14:01.485+0000] {processor.py:830} INFO - Processing file /opt/airflow/dags/kai_logistik-silver-dashboard_material-ztb_mmbbm05.py for tasks to queue
[2024-11-10T03:14:01.487+0000] {logging_mixin.py:188} INFO - [2024-11-10T03:14:01.487+0000] {dagbag.py:545} INFO - Filling up the DagBag from /opt/airflow/dags/kai_logistik-silver-dashboard_material-ztb_mmbbm05.py
[2024-11-10T03:14:01.520+0000] {processor.py:840} INFO - DAG(s) 'dashboard_material-ztb_mmbbm05' retrieved from /opt/airflow/dags/kai_logistik-silver-dashboard_material-ztb_mmbbm05.py
[2024-11-10T03:14:01.545+0000] {logging_mixin.py:188} INFO - [2024-11-10T03:14:01.545+0000] {dag.py:3089} INFO - Sync 1 DAGs
[2024-11-10T03:14:01.571+0000] {logging_mixin.py:188} INFO - [2024-11-10T03:14:01.571+0000] {dag.py:3947} INFO - Setting next_dagrun for dashboard_material-ztb_mmbbm05 to 2024-11-09 18:58:00+00:00, run_after=2024-11-09 18:59:00+00:00
[2024-11-10T03:14:01.599+0000] {processor.py:183} INFO - Processing /opt/airflow/dags/kai_logistik-silver-dashboard_material-ztb_mmbbm05.py took 0.121 seconds
