[2024-11-10T03:09:29.266+0000] {processor.py:161} INFO - Started process (PID=408) to work on /opt/airflow/dags/kai_logistik-silver-dashboard_investasi-template_s_curve_lvl5.py
[2024-11-10T03:09:29.268+0000] {processor.py:830} INFO - Processing file /opt/airflow/dags/kai_logistik-silver-dashboard_investasi-template_s_curve_lvl5.py for tasks to queue
[2024-11-10T03:09:29.271+0000] {logging_mixin.py:188} INFO - [2024-11-10T03:09:29.270+0000] {dagbag.py:545} INFO - Filling up the DagBag from /opt/airflow/dags/kai_logistik-silver-dashboard_investasi-template_s_curve_lvl5.py
[2024-11-10T03:09:29.327+0000] {processor.py:840} INFO - DAG(s) 'dashboard_investasi-template_s_curve_lvl5' retrieved from /opt/airflow/dags/kai_logistik-silver-dashboard_investasi-template_s_curve_lvl5.py
[2024-11-10T03:09:29.463+0000] {logging_mixin.py:188} INFO - [2024-11-10T03:09:29.463+0000] {override.py:1858} INFO - Created Permission View: can read on DAG:dashboard_investasi-template_s_curve_lvl5
[2024-11-10T03:09:29.476+0000] {logging_mixin.py:188} INFO - [2024-11-10T03:09:29.476+0000] {override.py:1858} INFO - Created Permission View: can delete on DAG:dashboard_investasi-template_s_curve_lvl5
[2024-11-10T03:09:29.485+0000] {logging_mixin.py:188} INFO - [2024-11-10T03:09:29.485+0000] {override.py:1858} INFO - Created Permission View: can edit on DAG:dashboard_investasi-template_s_curve_lvl5
[2024-11-10T03:09:29.486+0000] {logging_mixin.py:188} INFO - [2024-11-10T03:09:29.486+0000] {dag.py:3089} INFO - Sync 1 DAGs
[2024-11-10T03:09:29.500+0000] {logging_mixin.py:188} INFO - [2024-11-10T03:09:29.500+0000] {dag.py:3111} INFO - Creating ORM DAG for dashboard_investasi-template_s_curve_lvl5
[2024-11-10T03:09:29.517+0000] {logging_mixin.py:188} INFO - [2024-11-10T03:09:29.516+0000] {dag.py:3947} INFO - Setting next_dagrun for dashboard_investasi-template_s_curve_lvl5 to 2024-11-09 18:58:00+00:00, run_after=2024-11-09 18:59:00+00:00
[2024-11-10T03:09:29.551+0000] {processor.py:183} INFO - Processing /opt/airflow/dags/kai_logistik-silver-dashboard_investasi-template_s_curve_lvl5.py took 0.294 seconds
[2024-11-10T03:09:59.977+0000] {processor.py:161} INFO - Started process (PID=819) to work on /opt/airflow/dags/kai_logistik-silver-dashboard_investasi-template_s_curve_lvl5.py
[2024-11-10T03:09:59.979+0000] {processor.py:830} INFO - Processing file /opt/airflow/dags/kai_logistik-silver-dashboard_investasi-template_s_curve_lvl5.py for tasks to queue
[2024-11-10T03:09:59.980+0000] {logging_mixin.py:188} INFO - [2024-11-10T03:09:59.980+0000] {dagbag.py:545} INFO - Filling up the DagBag from /opt/airflow/dags/kai_logistik-silver-dashboard_investasi-template_s_curve_lvl5.py
[2024-11-10T03:10:00.009+0000] {processor.py:840} INFO - DAG(s) 'dashboard_investasi-template_s_curve_lvl5' retrieved from /opt/airflow/dags/kai_logistik-silver-dashboard_investasi-template_s_curve_lvl5.py
[2024-11-10T03:10:00.032+0000] {logging_mixin.py:188} INFO - [2024-11-10T03:10:00.032+0000] {dag.py:3089} INFO - Sync 1 DAGs
[2024-11-10T03:10:00.049+0000] {logging_mixin.py:188} INFO - [2024-11-10T03:10:00.049+0000] {dag.py:3947} INFO - Setting next_dagrun for dashboard_investasi-template_s_curve_lvl5 to 2024-11-09 18:58:00+00:00, run_after=2024-11-09 18:59:00+00:00
[2024-11-10T03:10:00.069+0000] {processor.py:183} INFO - Processing /opt/airflow/dags/kai_logistik-silver-dashboard_investasi-template_s_curve_lvl5.py took 0.097 seconds
[2024-11-10T03:10:30.857+0000] {processor.py:161} INFO - Started process (PID=1230) to work on /opt/airflow/dags/kai_logistik-silver-dashboard_investasi-template_s_curve_lvl5.py
[2024-11-10T03:10:30.859+0000] {processor.py:830} INFO - Processing file /opt/airflow/dags/kai_logistik-silver-dashboard_investasi-template_s_curve_lvl5.py for tasks to queue
[2024-11-10T03:10:30.861+0000] {logging_mixin.py:188} INFO - [2024-11-10T03:10:30.861+0000] {dagbag.py:545} INFO - Filling up the DagBag from /opt/airflow/dags/kai_logistik-silver-dashboard_investasi-template_s_curve_lvl5.py
[2024-11-10T03:10:30.909+0000] {processor.py:840} INFO - DAG(s) 'dashboard_investasi-template_s_curve_lvl5' retrieved from /opt/airflow/dags/kai_logistik-silver-dashboard_investasi-template_s_curve_lvl5.py
[2024-11-10T03:10:30.933+0000] {logging_mixin.py:188} INFO - [2024-11-10T03:10:30.933+0000] {dag.py:3089} INFO - Sync 1 DAGs
[2024-11-10T03:10:30.954+0000] {logging_mixin.py:188} INFO - [2024-11-10T03:10:30.954+0000] {dag.py:3947} INFO - Setting next_dagrun for dashboard_investasi-template_s_curve_lvl5 to 2024-11-09 18:58:00+00:00, run_after=2024-11-09 18:59:00+00:00
[2024-11-10T03:10:30.985+0000] {processor.py:183} INFO - Processing /opt/airflow/dags/kai_logistik-silver-dashboard_investasi-template_s_curve_lvl5.py took 0.133 seconds
[2024-11-10T03:11:01.329+0000] {processor.py:161} INFO - Started process (PID=1641) to work on /opt/airflow/dags/kai_logistik-silver-dashboard_investasi-template_s_curve_lvl5.py
[2024-11-10T03:11:01.330+0000] {processor.py:830} INFO - Processing file /opt/airflow/dags/kai_logistik-silver-dashboard_investasi-template_s_curve_lvl5.py for tasks to queue
[2024-11-10T03:11:01.332+0000] {logging_mixin.py:188} INFO - [2024-11-10T03:11:01.332+0000] {dagbag.py:545} INFO - Filling up the DagBag from /opt/airflow/dags/kai_logistik-silver-dashboard_investasi-template_s_curve_lvl5.py
[2024-11-10T03:11:01.367+0000] {processor.py:840} INFO - DAG(s) 'dashboard_investasi-template_s_curve_lvl5' retrieved from /opt/airflow/dags/kai_logistik-silver-dashboard_investasi-template_s_curve_lvl5.py
[2024-11-10T03:11:01.406+0000] {logging_mixin.py:188} INFO - [2024-11-10T03:11:01.405+0000] {dag.py:3089} INFO - Sync 1 DAGs
[2024-11-10T03:11:01.431+0000] {logging_mixin.py:188} INFO - [2024-11-10T03:11:01.430+0000] {dag.py:3947} INFO - Setting next_dagrun for dashboard_investasi-template_s_curve_lvl5 to 2024-11-09 18:58:00+00:00, run_after=2024-11-09 18:59:00+00:00
[2024-11-10T03:11:01.457+0000] {processor.py:183} INFO - Processing /opt/airflow/dags/kai_logistik-silver-dashboard_investasi-template_s_curve_lvl5.py took 0.133 seconds
[2024-11-10T03:11:31.762+0000] {processor.py:161} INFO - Started process (PID=2052) to work on /opt/airflow/dags/kai_logistik-silver-dashboard_investasi-template_s_curve_lvl5.py
[2024-11-10T03:11:31.764+0000] {processor.py:830} INFO - Processing file /opt/airflow/dags/kai_logistik-silver-dashboard_investasi-template_s_curve_lvl5.py for tasks to queue
[2024-11-10T03:11:31.766+0000] {logging_mixin.py:188} INFO - [2024-11-10T03:11:31.766+0000] {dagbag.py:545} INFO - Filling up the DagBag from /opt/airflow/dags/kai_logistik-silver-dashboard_investasi-template_s_curve_lvl5.py
[2024-11-10T03:11:31.805+0000] {processor.py:840} INFO - DAG(s) 'dashboard_investasi-template_s_curve_lvl5' retrieved from /opt/airflow/dags/kai_logistik-silver-dashboard_investasi-template_s_curve_lvl5.py
[2024-11-10T03:11:31.826+0000] {logging_mixin.py:188} INFO - [2024-11-10T03:11:31.826+0000] {dag.py:3089} INFO - Sync 1 DAGs
[2024-11-10T03:11:31.844+0000] {logging_mixin.py:188} INFO - [2024-11-10T03:11:31.844+0000] {dag.py:3947} INFO - Setting next_dagrun for dashboard_investasi-template_s_curve_lvl5 to 2024-11-09 18:58:00+00:00, run_after=2024-11-09 18:59:00+00:00
[2024-11-10T03:11:31.861+0000] {processor.py:183} INFO - Processing /opt/airflow/dags/kai_logistik-silver-dashboard_investasi-template_s_curve_lvl5.py took 0.106 seconds
[2024-11-10T03:12:02.286+0000] {processor.py:161} INFO - Started process (PID=2461) to work on /opt/airflow/dags/kai_logistik-silver-dashboard_investasi-template_s_curve_lvl5.py
[2024-11-10T03:12:02.287+0000] {processor.py:830} INFO - Processing file /opt/airflow/dags/kai_logistik-silver-dashboard_investasi-template_s_curve_lvl5.py for tasks to queue
[2024-11-10T03:12:02.289+0000] {logging_mixin.py:188} INFO - [2024-11-10T03:12:02.288+0000] {dagbag.py:545} INFO - Filling up the DagBag from /opt/airflow/dags/kai_logistik-silver-dashboard_investasi-template_s_curve_lvl5.py
[2024-11-10T03:12:02.306+0000] {processor.py:840} INFO - DAG(s) 'dashboard_investasi-template_s_curve_lvl5' retrieved from /opt/airflow/dags/kai_logistik-silver-dashboard_investasi-template_s_curve_lvl5.py
[2024-11-10T03:12:02.323+0000] {logging_mixin.py:188} INFO - [2024-11-10T03:12:02.323+0000] {dag.py:3089} INFO - Sync 1 DAGs
[2024-11-10T03:12:02.341+0000] {logging_mixin.py:188} INFO - [2024-11-10T03:12:02.340+0000] {dag.py:3947} INFO - Setting next_dagrun for dashboard_investasi-template_s_curve_lvl5 to 2024-11-09 18:58:00+00:00, run_after=2024-11-09 18:59:00+00:00
[2024-11-10T03:12:02.358+0000] {processor.py:183} INFO - Processing /opt/airflow/dags/kai_logistik-silver-dashboard_investasi-template_s_curve_lvl5.py took 0.077 seconds
[2024-11-10T03:12:32.920+0000] {processor.py:161} INFO - Started process (PID=2872) to work on /opt/airflow/dags/kai_logistik-silver-dashboard_investasi-template_s_curve_lvl5.py
[2024-11-10T03:12:32.921+0000] {processor.py:830} INFO - Processing file /opt/airflow/dags/kai_logistik-silver-dashboard_investasi-template_s_curve_lvl5.py for tasks to queue
[2024-11-10T03:12:32.923+0000] {logging_mixin.py:188} INFO - [2024-11-10T03:12:32.922+0000] {dagbag.py:545} INFO - Filling up the DagBag from /opt/airflow/dags/kai_logistik-silver-dashboard_investasi-template_s_curve_lvl5.py
[2024-11-10T03:12:32.949+0000] {processor.py:840} INFO - DAG(s) 'dashboard_investasi-template_s_curve_lvl5' retrieved from /opt/airflow/dags/kai_logistik-silver-dashboard_investasi-template_s_curve_lvl5.py
[2024-11-10T03:12:32.973+0000] {logging_mixin.py:188} INFO - [2024-11-10T03:12:32.973+0000] {dag.py:3089} INFO - Sync 1 DAGs
[2024-11-10T03:12:32.995+0000] {logging_mixin.py:188} INFO - [2024-11-10T03:12:32.994+0000] {dag.py:3947} INFO - Setting next_dagrun for dashboard_investasi-template_s_curve_lvl5 to 2024-11-09 18:58:00+00:00, run_after=2024-11-09 18:59:00+00:00
[2024-11-10T03:12:33.013+0000] {processor.py:183} INFO - Processing /opt/airflow/dags/kai_logistik-silver-dashboard_investasi-template_s_curve_lvl5.py took 0.098 seconds
[2024-11-10T03:13:04.148+0000] {processor.py:161} INFO - Started process (PID=3285) to work on /opt/airflow/dags/kai_logistik-silver-dashboard_investasi-template_s_curve_lvl5.py
[2024-11-10T03:13:04.150+0000] {processor.py:830} INFO - Processing file /opt/airflow/dags/kai_logistik-silver-dashboard_investasi-template_s_curve_lvl5.py for tasks to queue
[2024-11-10T03:13:04.152+0000] {logging_mixin.py:188} INFO - [2024-11-10T03:13:04.152+0000] {dagbag.py:545} INFO - Filling up the DagBag from /opt/airflow/dags/kai_logistik-silver-dashboard_investasi-template_s_curve_lvl5.py
[2024-11-10T03:13:04.323+0000] {processor.py:840} INFO - DAG(s) 'dashboard_investasi-template_s_curve_lvl5' retrieved from /opt/airflow/dags/kai_logistik-silver-dashboard_investasi-template_s_curve_lvl5.py
[2024-11-10T03:13:04.400+0000] {logging_mixin.py:188} INFO - [2024-11-10T03:13:04.400+0000] {dag.py:3089} INFO - Sync 1 DAGs
[2024-11-10T03:13:04.421+0000] {logging_mixin.py:188} INFO - [2024-11-10T03:13:04.420+0000] {dag.py:3947} INFO - Setting next_dagrun for dashboard_investasi-template_s_curve_lvl5 to 2024-11-09 18:58:00+00:00, run_after=2024-11-09 18:59:00+00:00
[2024-11-10T03:13:04.441+0000] {processor.py:183} INFO - Processing /opt/airflow/dags/kai_logistik-silver-dashboard_investasi-template_s_curve_lvl5.py took 0.299 seconds
[2024-11-10T03:13:34.929+0000] {processor.py:161} INFO - Started process (PID=3696) to work on /opt/airflow/dags/kai_logistik-silver-dashboard_investasi-template_s_curve_lvl5.py
[2024-11-10T03:13:34.930+0000] {processor.py:830} INFO - Processing file /opt/airflow/dags/kai_logistik-silver-dashboard_investasi-template_s_curve_lvl5.py for tasks to queue
[2024-11-10T03:13:34.932+0000] {logging_mixin.py:188} INFO - [2024-11-10T03:13:34.932+0000] {dagbag.py:545} INFO - Filling up the DagBag from /opt/airflow/dags/kai_logistik-silver-dashboard_investasi-template_s_curve_lvl5.py
[2024-11-10T03:13:34.950+0000] {processor.py:840} INFO - DAG(s) 'dashboard_investasi-template_s_curve_lvl5' retrieved from /opt/airflow/dags/kai_logistik-silver-dashboard_investasi-template_s_curve_lvl5.py
[2024-11-10T03:13:34.973+0000] {logging_mixin.py:188} INFO - [2024-11-10T03:13:34.973+0000] {dag.py:3089} INFO - Sync 1 DAGs
[2024-11-10T03:13:34.993+0000] {logging_mixin.py:188} INFO - [2024-11-10T03:13:34.993+0000] {dag.py:3947} INFO - Setting next_dagrun for dashboard_investasi-template_s_curve_lvl5 to 2024-11-09 18:58:00+00:00, run_after=2024-11-09 18:59:00+00:00
[2024-11-10T03:13:35.010+0000] {processor.py:183} INFO - Processing /opt/airflow/dags/kai_logistik-silver-dashboard_investasi-template_s_curve_lvl5.py took 0.086 seconds
[2024-11-10T03:14:05.414+0000] {processor.py:161} INFO - Started process (PID=4107) to work on /opt/airflow/dags/kai_logistik-silver-dashboard_investasi-template_s_curve_lvl5.py
[2024-11-10T03:14:05.415+0000] {processor.py:830} INFO - Processing file /opt/airflow/dags/kai_logistik-silver-dashboard_investasi-template_s_curve_lvl5.py for tasks to queue
[2024-11-10T03:14:05.418+0000] {logging_mixin.py:188} INFO - [2024-11-10T03:14:05.417+0000] {dagbag.py:545} INFO - Filling up the DagBag from /opt/airflow/dags/kai_logistik-silver-dashboard_investasi-template_s_curve_lvl5.py
[2024-11-10T03:14:05.449+0000] {processor.py:840} INFO - DAG(s) 'dashboard_investasi-template_s_curve_lvl5' retrieved from /opt/airflow/dags/kai_logistik-silver-dashboard_investasi-template_s_curve_lvl5.py
[2024-11-10T03:14:05.475+0000] {logging_mixin.py:188} INFO - [2024-11-10T03:14:05.475+0000] {dag.py:3089} INFO - Sync 1 DAGs
[2024-11-10T03:14:05.500+0000] {logging_mixin.py:188} INFO - [2024-11-10T03:14:05.500+0000] {dag.py:3947} INFO - Setting next_dagrun for dashboard_investasi-template_s_curve_lvl5 to 2024-11-09 18:58:00+00:00, run_after=2024-11-09 18:59:00+00:00
[2024-11-10T03:14:05.521+0000] {processor.py:183} INFO - Processing /opt/airflow/dags/kai_logistik-silver-dashboard_investasi-template_s_curve_lvl5.py took 0.112 seconds
