[2024-11-10T03:09:28.956+0000] {processor.py:161} INFO - Started process (PID=398) to work on /opt/airflow/dags/kai_logistik-silver-dashboard_investasi-ZMT0001.py
[2024-11-10T03:09:28.958+0000] {processor.py:830} INFO - Processing file /opt/airflow/dags/kai_logistik-silver-dashboard_investasi-ZMT0001.py for tasks to queue
[2024-11-10T03:09:28.962+0000] {logging_mixin.py:188} INFO - [2024-11-10T03:09:28.961+0000] {dagbag.py:545} INFO - Filling up the DagBag from /opt/airflow/dags/kai_logistik-silver-dashboard_investasi-ZMT0001.py
[2024-11-10T03:09:29.006+0000] {processor.py:840} INFO - DAG(s) 'dashboard_investasi-ZMT0001' retrieved from /opt/airflow/dags/kai_logistik-silver-dashboard_investasi-ZMT0001.py
[2024-11-10T03:09:29.113+0000] {logging_mixin.py:188} INFO - [2024-11-10T03:09:29.113+0000] {override.py:1858} INFO - Created Permission View: can read on DAG:dashboard_investasi-ZMT0001
[2024-11-10T03:09:29.125+0000] {logging_mixin.py:188} INFO - [2024-11-10T03:09:29.125+0000] {override.py:1858} INFO - Created Permission View: can delete on DAG:dashboard_investasi-ZMT0001
[2024-11-10T03:09:29.133+0000] {logging_mixin.py:188} INFO - [2024-11-10T03:09:29.133+0000] {override.py:1858} INFO - Created Permission View: can edit on DAG:dashboard_investasi-ZMT0001
[2024-11-10T03:09:29.134+0000] {logging_mixin.py:188} INFO - [2024-11-10T03:09:29.134+0000] {dag.py:3089} INFO - Sync 1 DAGs
[2024-11-10T03:09:29.147+0000] {logging_mixin.py:188} INFO - [2024-11-10T03:09:29.147+0000] {dag.py:3111} INFO - Creating ORM DAG for dashboard_investasi-ZMT0001
[2024-11-10T03:09:29.166+0000] {logging_mixin.py:188} INFO - [2024-11-10T03:09:29.165+0000] {dag.py:3947} INFO - Setting next_dagrun for dashboard_investasi-ZMT0001 to 2024-11-09 18:58:00+00:00, run_after=2024-11-09 18:59:00+00:00
[2024-11-10T03:09:29.195+0000] {processor.py:183} INFO - Processing /opt/airflow/dags/kai_logistik-silver-dashboard_investasi-ZMT0001.py took 0.248 seconds
[2024-11-10T03:09:59.724+0000] {processor.py:161} INFO - Started process (PID=809) to work on /opt/airflow/dags/kai_logistik-silver-dashboard_investasi-ZMT0001.py
[2024-11-10T03:09:59.726+0000] {processor.py:830} INFO - Processing file /opt/airflow/dags/kai_logistik-silver-dashboard_investasi-ZMT0001.py for tasks to queue
[2024-11-10T03:09:59.728+0000] {logging_mixin.py:188} INFO - [2024-11-10T03:09:59.728+0000] {dagbag.py:545} INFO - Filling up the DagBag from /opt/airflow/dags/kai_logistik-silver-dashboard_investasi-ZMT0001.py
[2024-11-10T03:09:59.763+0000] {processor.py:840} INFO - DAG(s) 'dashboard_investasi-ZMT0001' retrieved from /opt/airflow/dags/kai_logistik-silver-dashboard_investasi-ZMT0001.py
[2024-11-10T03:09:59.786+0000] {logging_mixin.py:188} INFO - [2024-11-10T03:09:59.786+0000] {dag.py:3089} INFO - Sync 1 DAGs
[2024-11-10T03:09:59.804+0000] {logging_mixin.py:188} INFO - [2024-11-10T03:09:59.804+0000] {dag.py:3947} INFO - Setting next_dagrun for dashboard_investasi-ZMT0001 to 2024-11-09 18:58:00+00:00, run_after=2024-11-09 18:59:00+00:00
[2024-11-10T03:09:59.835+0000] {processor.py:183} INFO - Processing /opt/airflow/dags/kai_logistik-silver-dashboard_investasi-ZMT0001.py took 0.116 seconds
[2024-11-10T03:10:30.257+0000] {processor.py:161} INFO - Started process (PID=1218) to work on /opt/airflow/dags/kai_logistik-silver-dashboard_investasi-ZMT0001.py
[2024-11-10T03:10:30.258+0000] {processor.py:830} INFO - Processing file /opt/airflow/dags/kai_logistik-silver-dashboard_investasi-ZMT0001.py for tasks to queue
[2024-11-10T03:10:30.260+0000] {logging_mixin.py:188} INFO - [2024-11-10T03:10:30.260+0000] {dagbag.py:545} INFO - Filling up the DagBag from /opt/airflow/dags/kai_logistik-silver-dashboard_investasi-ZMT0001.py
[2024-11-10T03:10:30.294+0000] {processor.py:840} INFO - DAG(s) 'dashboard_investasi-ZMT0001' retrieved from /opt/airflow/dags/kai_logistik-silver-dashboard_investasi-ZMT0001.py
[2024-11-10T03:10:30.317+0000] {logging_mixin.py:188} INFO - [2024-11-10T03:10:30.316+0000] {dag.py:3089} INFO - Sync 1 DAGs
[2024-11-10T03:10:30.336+0000] {logging_mixin.py:188} INFO - [2024-11-10T03:10:30.336+0000] {dag.py:3947} INFO - Setting next_dagrun for dashboard_investasi-ZMT0001 to 2024-11-09 18:58:00+00:00, run_after=2024-11-09 18:59:00+00:00
[2024-11-10T03:10:30.355+0000] {processor.py:183} INFO - Processing /opt/airflow/dags/kai_logistik-silver-dashboard_investasi-ZMT0001.py took 0.103 seconds
[2024-11-10T03:11:00.921+0000] {processor.py:161} INFO - Started process (PID=1631) to work on /opt/airflow/dags/kai_logistik-silver-dashboard_investasi-ZMT0001.py
[2024-11-10T03:11:00.923+0000] {processor.py:830} INFO - Processing file /opt/airflow/dags/kai_logistik-silver-dashboard_investasi-ZMT0001.py for tasks to queue
[2024-11-10T03:11:00.924+0000] {logging_mixin.py:188} INFO - [2024-11-10T03:11:00.924+0000] {dagbag.py:545} INFO - Filling up the DagBag from /opt/airflow/dags/kai_logistik-silver-dashboard_investasi-ZMT0001.py
[2024-11-10T03:11:00.955+0000] {processor.py:840} INFO - DAG(s) 'dashboard_investasi-ZMT0001' retrieved from /opt/airflow/dags/kai_logistik-silver-dashboard_investasi-ZMT0001.py
[2024-11-10T03:11:00.977+0000] {logging_mixin.py:188} INFO - [2024-11-10T03:11:00.976+0000] {dag.py:3089} INFO - Sync 1 DAGs
[2024-11-10T03:11:00.996+0000] {logging_mixin.py:188} INFO - [2024-11-10T03:11:00.996+0000] {dag.py:3947} INFO - Setting next_dagrun for dashboard_investasi-ZMT0001 to 2024-11-09 18:58:00+00:00, run_after=2024-11-09 18:59:00+00:00
[2024-11-10T03:11:01.016+0000] {processor.py:183} INFO - Processing /opt/airflow/dags/kai_logistik-silver-dashboard_investasi-ZMT0001.py took 0.099 seconds
[2024-11-10T03:11:31.459+0000] {processor.py:161} INFO - Started process (PID=2040) to work on /opt/airflow/dags/kai_logistik-silver-dashboard_investasi-ZMT0001.py
[2024-11-10T03:11:31.460+0000] {processor.py:830} INFO - Processing file /opt/airflow/dags/kai_logistik-silver-dashboard_investasi-ZMT0001.py for tasks to queue
[2024-11-10T03:11:31.461+0000] {logging_mixin.py:188} INFO - [2024-11-10T03:11:31.461+0000] {dagbag.py:545} INFO - Filling up the DagBag from /opt/airflow/dags/kai_logistik-silver-dashboard_investasi-ZMT0001.py
[2024-11-10T03:11:31.480+0000] {processor.py:840} INFO - DAG(s) 'dashboard_investasi-ZMT0001' retrieved from /opt/airflow/dags/kai_logistik-silver-dashboard_investasi-ZMT0001.py
[2024-11-10T03:11:31.500+0000] {logging_mixin.py:188} INFO - [2024-11-10T03:11:31.500+0000] {dag.py:3089} INFO - Sync 1 DAGs
[2024-11-10T03:11:31.520+0000] {logging_mixin.py:188} INFO - [2024-11-10T03:11:31.520+0000] {dag.py:3947} INFO - Setting next_dagrun for dashboard_investasi-ZMT0001 to 2024-11-09 18:58:00+00:00, run_after=2024-11-09 18:59:00+00:00
[2024-11-10T03:11:31.537+0000] {processor.py:183} INFO - Processing /opt/airflow/dags/kai_logistik-silver-dashboard_investasi-ZMT0001.py took 0.082 seconds
[2024-11-10T03:12:02.114+0000] {processor.py:161} INFO - Started process (PID=2451) to work on /opt/airflow/dags/kai_logistik-silver-dashboard_investasi-ZMT0001.py
[2024-11-10T03:12:02.115+0000] {processor.py:830} INFO - Processing file /opt/airflow/dags/kai_logistik-silver-dashboard_investasi-ZMT0001.py for tasks to queue
[2024-11-10T03:12:02.117+0000] {logging_mixin.py:188} INFO - [2024-11-10T03:12:02.117+0000] {dagbag.py:545} INFO - Filling up the DagBag from /opt/airflow/dags/kai_logistik-silver-dashboard_investasi-ZMT0001.py
[2024-11-10T03:12:02.153+0000] {processor.py:840} INFO - DAG(s) 'dashboard_investasi-ZMT0001' retrieved from /opt/airflow/dags/kai_logistik-silver-dashboard_investasi-ZMT0001.py
[2024-11-10T03:12:02.176+0000] {logging_mixin.py:188} INFO - [2024-11-10T03:12:02.176+0000] {dag.py:3089} INFO - Sync 1 DAGs
[2024-11-10T03:12:02.201+0000] {logging_mixin.py:188} INFO - [2024-11-10T03:12:02.200+0000] {dag.py:3947} INFO - Setting next_dagrun for dashboard_investasi-ZMT0001 to 2024-11-09 18:58:00+00:00, run_after=2024-11-09 18:59:00+00:00
[2024-11-10T03:12:02.229+0000] {processor.py:183} INFO - Processing /opt/airflow/dags/kai_logistik-silver-dashboard_investasi-ZMT0001.py took 0.120 seconds
[2024-11-10T03:12:32.587+0000] {processor.py:161} INFO - Started process (PID=2864) to work on /opt/airflow/dags/kai_logistik-silver-dashboard_investasi-ZMT0001.py
[2024-11-10T03:12:32.588+0000] {processor.py:830} INFO - Processing file /opt/airflow/dags/kai_logistik-silver-dashboard_investasi-ZMT0001.py for tasks to queue
[2024-11-10T03:12:32.590+0000] {logging_mixin.py:188} INFO - [2024-11-10T03:12:32.590+0000] {dagbag.py:545} INFO - Filling up the DagBag from /opt/airflow/dags/kai_logistik-silver-dashboard_investasi-ZMT0001.py
[2024-11-10T03:12:32.652+0000] {processor.py:840} INFO - DAG(s) 'dashboard_investasi-ZMT0001' retrieved from /opt/airflow/dags/kai_logistik-silver-dashboard_investasi-ZMT0001.py
[2024-11-10T03:12:32.669+0000] {logging_mixin.py:188} INFO - [2024-11-10T03:12:32.669+0000] {dag.py:3089} INFO - Sync 1 DAGs
[2024-11-10T03:12:32.686+0000] {logging_mixin.py:188} INFO - [2024-11-10T03:12:32.685+0000] {dag.py:3947} INFO - Setting next_dagrun for dashboard_investasi-ZMT0001 to 2024-11-09 18:58:00+00:00, run_after=2024-11-09 18:59:00+00:00
[2024-11-10T03:12:32.705+0000] {processor.py:183} INFO - Processing /opt/airflow/dags/kai_logistik-silver-dashboard_investasi-ZMT0001.py took 0.123 seconds
[2024-11-10T03:13:03.951+0000] {processor.py:161} INFO - Started process (PID=3275) to work on /opt/airflow/dags/kai_logistik-silver-dashboard_investasi-ZMT0001.py
[2024-11-10T03:13:03.952+0000] {processor.py:830} INFO - Processing file /opt/airflow/dags/kai_logistik-silver-dashboard_investasi-ZMT0001.py for tasks to queue
[2024-11-10T03:13:03.954+0000] {logging_mixin.py:188} INFO - [2024-11-10T03:13:03.954+0000] {dagbag.py:545} INFO - Filling up the DagBag from /opt/airflow/dags/kai_logistik-silver-dashboard_investasi-ZMT0001.py
[2024-11-10T03:13:03.985+0000] {processor.py:840} INFO - DAG(s) 'dashboard_investasi-ZMT0001' retrieved from /opt/airflow/dags/kai_logistik-silver-dashboard_investasi-ZMT0001.py
[2024-11-10T03:13:04.013+0000] {logging_mixin.py:188} INFO - [2024-11-10T03:13:04.013+0000] {dag.py:3089} INFO - Sync 1 DAGs
[2024-11-10T03:13:04.037+0000] {logging_mixin.py:188} INFO - [2024-11-10T03:13:04.037+0000] {dag.py:3947} INFO - Setting next_dagrun for dashboard_investasi-ZMT0001 to 2024-11-09 18:58:00+00:00, run_after=2024-11-09 18:59:00+00:00
[2024-11-10T03:13:04.065+0000] {processor.py:183} INFO - Processing /opt/airflow/dags/kai_logistik-silver-dashboard_investasi-ZMT0001.py took 0.120 seconds
[2024-11-10T03:13:34.560+0000] {processor.py:161} INFO - Started process (PID=3684) to work on /opt/airflow/dags/kai_logistik-silver-dashboard_investasi-ZMT0001.py
[2024-11-10T03:13:34.561+0000] {processor.py:830} INFO - Processing file /opt/airflow/dags/kai_logistik-silver-dashboard_investasi-ZMT0001.py for tasks to queue
[2024-11-10T03:13:34.563+0000] {logging_mixin.py:188} INFO - [2024-11-10T03:13:34.563+0000] {dagbag.py:545} INFO - Filling up the DagBag from /opt/airflow/dags/kai_logistik-silver-dashboard_investasi-ZMT0001.py
[2024-11-10T03:13:34.585+0000] {processor.py:840} INFO - DAG(s) 'dashboard_investasi-ZMT0001' retrieved from /opt/airflow/dags/kai_logistik-silver-dashboard_investasi-ZMT0001.py
[2024-11-10T03:13:34.612+0000] {logging_mixin.py:188} INFO - [2024-11-10T03:13:34.612+0000] {dag.py:3089} INFO - Sync 1 DAGs
[2024-11-10T03:13:34.636+0000] {logging_mixin.py:188} INFO - [2024-11-10T03:13:34.635+0000] {dag.py:3947} INFO - Setting next_dagrun for dashboard_investasi-ZMT0001 to 2024-11-09 18:58:00+00:00, run_after=2024-11-09 18:59:00+00:00
[2024-11-10T03:13:34.658+0000] {processor.py:183} INFO - Processing /opt/airflow/dags/kai_logistik-silver-dashboard_investasi-ZMT0001.py took 0.105 seconds
[2024-11-10T03:14:04.980+0000] {processor.py:161} INFO - Started process (PID=4095) to work on /opt/airflow/dags/kai_logistik-silver-dashboard_investasi-ZMT0001.py
[2024-11-10T03:14:04.981+0000] {processor.py:830} INFO - Processing file /opt/airflow/dags/kai_logistik-silver-dashboard_investasi-ZMT0001.py for tasks to queue
[2024-11-10T03:14:04.983+0000] {logging_mixin.py:188} INFO - [2024-11-10T03:14:04.983+0000] {dagbag.py:545} INFO - Filling up the DagBag from /opt/airflow/dags/kai_logistik-silver-dashboard_investasi-ZMT0001.py
[2024-11-10T03:14:05.025+0000] {processor.py:840} INFO - DAG(s) 'dashboard_investasi-ZMT0001' retrieved from /opt/airflow/dags/kai_logistik-silver-dashboard_investasi-ZMT0001.py
[2024-11-10T03:14:05.056+0000] {logging_mixin.py:188} INFO - [2024-11-10T03:14:05.056+0000] {dag.py:3089} INFO - Sync 1 DAGs
[2024-11-10T03:14:05.078+0000] {logging_mixin.py:188} INFO - [2024-11-10T03:14:05.078+0000] {dag.py:3947} INFO - Setting next_dagrun for dashboard_investasi-ZMT0001 to 2024-11-09 18:58:00+00:00, run_after=2024-11-09 18:59:00+00:00
[2024-11-10T03:14:05.107+0000] {processor.py:183} INFO - Processing /opt/airflow/dags/kai_logistik-silver-dashboard_investasi-ZMT0001.py took 0.134 seconds
