[2024-11-10T03:09:25.136+0000] {processor.py:161} INFO - Started process (PID=298) to work on /opt/airflow/dags/kai_logistik-silver-dashboard_material-ztb_dashb_mm0011.py
[2024-11-10T03:09:25.137+0000] {processor.py:830} INFO - Processing file /opt/airflow/dags/kai_logistik-silver-dashboard_material-ztb_dashb_mm0011.py for tasks to queue
[2024-11-10T03:09:25.139+0000] {logging_mixin.py:188} INFO - [2024-11-10T03:09:25.139+0000] {dagbag.py:545} INFO - Filling up the DagBag from /opt/airflow/dags/kai_logistik-silver-dashboard_material-ztb_dashb_mm0011.py
[2024-11-10T03:09:25.191+0000] {processor.py:840} INFO - DAG(s) 'dashboard_material-ztb_dashb_mm0011' retrieved from /opt/airflow/dags/kai_logistik-silver-dashboard_material-ztb_dashb_mm0011.py
[2024-11-10T03:09:25.293+0000] {logging_mixin.py:188} INFO - [2024-11-10T03:09:25.293+0000] {override.py:1858} INFO - Created Permission View: can read on DAG:dashboard_material-ztb_dashb_mm0011
[2024-11-10T03:09:25.302+0000] {logging_mixin.py:188} INFO - [2024-11-10T03:09:25.302+0000] {override.py:1858} INFO - Created Permission View: can delete on DAG:dashboard_material-ztb_dashb_mm0011
[2024-11-10T03:09:25.309+0000] {logging_mixin.py:188} INFO - [2024-11-10T03:09:25.309+0000] {override.py:1858} INFO - Created Permission View: can edit on DAG:dashboard_material-ztb_dashb_mm0011
[2024-11-10T03:09:25.310+0000] {logging_mixin.py:188} INFO - [2024-11-10T03:09:25.310+0000] {dag.py:3089} INFO - Sync 1 DAGs
[2024-11-10T03:09:25.318+0000] {logging_mixin.py:188} INFO - [2024-11-10T03:09:25.318+0000] {dag.py:3111} INFO - Creating ORM DAG for dashboard_material-ztb_dashb_mm0011
[2024-11-10T03:09:25.327+0000] {logging_mixin.py:188} INFO - [2024-11-10T03:09:25.327+0000] {dag.py:3947} INFO - Setting next_dagrun for dashboard_material-ztb_dashb_mm0011 to 2024-11-09 18:58:00+00:00, run_after=2024-11-09 18:59:00+00:00
[2024-11-10T03:09:25.351+0000] {processor.py:183} INFO - Processing /opt/airflow/dags/kai_logistik-silver-dashboard_material-ztb_dashb_mm0011.py took 0.219 seconds
[2024-11-10T03:09:55.626+0000] {processor.py:161} INFO - Started process (PID=709) to work on /opt/airflow/dags/kai_logistik-silver-dashboard_material-ztb_dashb_mm0011.py
[2024-11-10T03:09:55.627+0000] {processor.py:830} INFO - Processing file /opt/airflow/dags/kai_logistik-silver-dashboard_material-ztb_dashb_mm0011.py for tasks to queue
[2024-11-10T03:09:55.629+0000] {logging_mixin.py:188} INFO - [2024-11-10T03:09:55.628+0000] {dagbag.py:545} INFO - Filling up the DagBag from /opt/airflow/dags/kai_logistik-silver-dashboard_material-ztb_dashb_mm0011.py
[2024-11-10T03:09:55.661+0000] {processor.py:840} INFO - DAG(s) 'dashboard_material-ztb_dashb_mm0011' retrieved from /opt/airflow/dags/kai_logistik-silver-dashboard_material-ztb_dashb_mm0011.py
[2024-11-10T03:09:55.685+0000] {logging_mixin.py:188} INFO - [2024-11-10T03:09:55.685+0000] {dag.py:3089} INFO - Sync 1 DAGs
[2024-11-10T03:09:55.708+0000] {logging_mixin.py:188} INFO - [2024-11-10T03:09:55.708+0000] {dag.py:3947} INFO - Setting next_dagrun for dashboard_material-ztb_dashb_mm0011 to 2024-11-09 18:58:00+00:00, run_after=2024-11-09 18:59:00+00:00
[2024-11-10T03:09:55.731+0000] {processor.py:183} INFO - Processing /opt/airflow/dags/kai_logistik-silver-dashboard_material-ztb_dashb_mm0011.py took 0.110 seconds
[2024-11-10T03:10:26.310+0000] {processor.py:161} INFO - Started process (PID=1120) to work on /opt/airflow/dags/kai_logistik-silver-dashboard_material-ztb_dashb_mm0011.py
[2024-11-10T03:10:26.312+0000] {processor.py:830} INFO - Processing file /opt/airflow/dags/kai_logistik-silver-dashboard_material-ztb_dashb_mm0011.py for tasks to queue
[2024-11-10T03:10:26.315+0000] {logging_mixin.py:188} INFO - [2024-11-10T03:10:26.314+0000] {dagbag.py:545} INFO - Filling up the DagBag from /opt/airflow/dags/kai_logistik-silver-dashboard_material-ztb_dashb_mm0011.py
[2024-11-10T03:10:26.356+0000] {processor.py:840} INFO - DAG(s) 'dashboard_material-ztb_dashb_mm0011' retrieved from /opt/airflow/dags/kai_logistik-silver-dashboard_material-ztb_dashb_mm0011.py
[2024-11-10T03:10:26.383+0000] {logging_mixin.py:188} INFO - [2024-11-10T03:10:26.383+0000] {dag.py:3089} INFO - Sync 1 DAGs
[2024-11-10T03:10:26.404+0000] {logging_mixin.py:188} INFO - [2024-11-10T03:10:26.404+0000] {dag.py:3947} INFO - Setting next_dagrun for dashboard_material-ztb_dashb_mm0011 to 2024-11-09 18:58:00+00:00, run_after=2024-11-09 18:59:00+00:00
[2024-11-10T03:10:26.430+0000] {processor.py:183} INFO - Processing /opt/airflow/dags/kai_logistik-silver-dashboard_material-ztb_dashb_mm0011.py took 0.127 seconds
[2024-11-10T03:10:56.557+0000] {processor.py:161} INFO - Started process (PID=1531) to work on /opt/airflow/dags/kai_logistik-silver-dashboard_material-ztb_dashb_mm0011.py
[2024-11-10T03:10:56.558+0000] {processor.py:830} INFO - Processing file /opt/airflow/dags/kai_logistik-silver-dashboard_material-ztb_dashb_mm0011.py for tasks to queue
[2024-11-10T03:10:56.560+0000] {logging_mixin.py:188} INFO - [2024-11-10T03:10:56.559+0000] {dagbag.py:545} INFO - Filling up the DagBag from /opt/airflow/dags/kai_logistik-silver-dashboard_material-ztb_dashb_mm0011.py
[2024-11-10T03:10:56.581+0000] {processor.py:840} INFO - DAG(s) 'dashboard_material-ztb_dashb_mm0011' retrieved from /opt/airflow/dags/kai_logistik-silver-dashboard_material-ztb_dashb_mm0011.py
[2024-11-10T03:10:56.606+0000] {logging_mixin.py:188} INFO - [2024-11-10T03:10:56.605+0000] {dag.py:3089} INFO - Sync 1 DAGs
[2024-11-10T03:10:56.628+0000] {logging_mixin.py:188} INFO - [2024-11-10T03:10:56.628+0000] {dag.py:3947} INFO - Setting next_dagrun for dashboard_material-ztb_dashb_mm0011 to 2024-11-09 18:58:00+00:00, run_after=2024-11-09 18:59:00+00:00
[2024-11-10T03:10:56.645+0000] {processor.py:183} INFO - Processing /opt/airflow/dags/kai_logistik-silver-dashboard_material-ztb_dashb_mm0011.py took 0.092 seconds
[2024-11-10T03:11:27.641+0000] {processor.py:161} INFO - Started process (PID=1942) to work on /opt/airflow/dags/kai_logistik-silver-dashboard_material-ztb_dashb_mm0011.py
[2024-11-10T03:11:27.643+0000] {processor.py:830} INFO - Processing file /opt/airflow/dags/kai_logistik-silver-dashboard_material-ztb_dashb_mm0011.py for tasks to queue
[2024-11-10T03:11:27.645+0000] {logging_mixin.py:188} INFO - [2024-11-10T03:11:27.644+0000] {dagbag.py:545} INFO - Filling up the DagBag from /opt/airflow/dags/kai_logistik-silver-dashboard_material-ztb_dashb_mm0011.py
[2024-11-10T03:11:27.676+0000] {processor.py:840} INFO - DAG(s) 'dashboard_material-ztb_dashb_mm0011' retrieved from /opt/airflow/dags/kai_logistik-silver-dashboard_material-ztb_dashb_mm0011.py
[2024-11-10T03:11:27.695+0000] {logging_mixin.py:188} INFO - [2024-11-10T03:11:27.694+0000] {dag.py:3089} INFO - Sync 1 DAGs
[2024-11-10T03:11:27.714+0000] {logging_mixin.py:188} INFO - [2024-11-10T03:11:27.713+0000] {dag.py:3947} INFO - Setting next_dagrun for dashboard_material-ztb_dashb_mm0011 to 2024-11-09 18:58:00+00:00, run_after=2024-11-09 18:59:00+00:00
[2024-11-10T03:11:27.737+0000] {processor.py:183} INFO - Processing /opt/airflow/dags/kai_logistik-silver-dashboard_material-ztb_dashb_mm0011.py took 0.102 seconds
[2024-11-10T03:11:58.960+0000] {processor.py:161} INFO - Started process (PID=2353) to work on /opt/airflow/dags/kai_logistik-silver-dashboard_material-ztb_dashb_mm0011.py
[2024-11-10T03:11:58.961+0000] {processor.py:830} INFO - Processing file /opt/airflow/dags/kai_logistik-silver-dashboard_material-ztb_dashb_mm0011.py for tasks to queue
[2024-11-10T03:11:58.963+0000] {logging_mixin.py:188} INFO - [2024-11-10T03:11:58.962+0000] {dagbag.py:545} INFO - Filling up the DagBag from /opt/airflow/dags/kai_logistik-silver-dashboard_material-ztb_dashb_mm0011.py
[2024-11-10T03:11:58.999+0000] {processor.py:840} INFO - DAG(s) 'dashboard_material-ztb_dashb_mm0011' retrieved from /opt/airflow/dags/kai_logistik-silver-dashboard_material-ztb_dashb_mm0011.py
[2024-11-10T03:11:59.020+0000] {logging_mixin.py:188} INFO - [2024-11-10T03:11:59.019+0000] {dag.py:3089} INFO - Sync 1 DAGs
[2024-11-10T03:11:59.036+0000] {logging_mixin.py:188} INFO - [2024-11-10T03:11:59.036+0000] {dag.py:3947} INFO - Setting next_dagrun for dashboard_material-ztb_dashb_mm0011 to 2024-11-09 18:58:00+00:00, run_after=2024-11-09 18:59:00+00:00
[2024-11-10T03:11:59.056+0000] {processor.py:183} INFO - Processing /opt/airflow/dags/kai_logistik-silver-dashboard_material-ztb_dashb_mm0011.py took 0.101 seconds
[2024-11-10T03:12:29.281+0000] {processor.py:161} INFO - Started process (PID=2764) to work on /opt/airflow/dags/kai_logistik-silver-dashboard_material-ztb_dashb_mm0011.py
[2024-11-10T03:12:29.282+0000] {processor.py:830} INFO - Processing file /opt/airflow/dags/kai_logistik-silver-dashboard_material-ztb_dashb_mm0011.py for tasks to queue
[2024-11-10T03:12:29.283+0000] {logging_mixin.py:188} INFO - [2024-11-10T03:12:29.283+0000] {dagbag.py:545} INFO - Filling up the DagBag from /opt/airflow/dags/kai_logistik-silver-dashboard_material-ztb_dashb_mm0011.py
[2024-11-10T03:12:29.306+0000] {processor.py:840} INFO - DAG(s) 'dashboard_material-ztb_dashb_mm0011' retrieved from /opt/airflow/dags/kai_logistik-silver-dashboard_material-ztb_dashb_mm0011.py
[2024-11-10T03:12:29.327+0000] {logging_mixin.py:188} INFO - [2024-11-10T03:12:29.327+0000] {dag.py:3089} INFO - Sync 1 DAGs
[2024-11-10T03:12:29.345+0000] {logging_mixin.py:188} INFO - [2024-11-10T03:12:29.345+0000] {dag.py:3947} INFO - Setting next_dagrun for dashboard_material-ztb_dashb_mm0011 to 2024-11-09 18:58:00+00:00, run_after=2024-11-09 18:59:00+00:00
[2024-11-10T03:12:29.370+0000] {processor.py:183} INFO - Processing /opt/airflow/dags/kai_logistik-silver-dashboard_material-ztb_dashb_mm0011.py took 0.094 seconds
[2024-11-10T03:12:59.835+0000] {processor.py:161} INFO - Started process (PID=3175) to work on /opt/airflow/dags/kai_logistik-silver-dashboard_material-ztb_dashb_mm0011.py
[2024-11-10T03:12:59.836+0000] {processor.py:830} INFO - Processing file /opt/airflow/dags/kai_logistik-silver-dashboard_material-ztb_dashb_mm0011.py for tasks to queue
[2024-11-10T03:12:59.838+0000] {logging_mixin.py:188} INFO - [2024-11-10T03:12:59.838+0000] {dagbag.py:545} INFO - Filling up the DagBag from /opt/airflow/dags/kai_logistik-silver-dashboard_material-ztb_dashb_mm0011.py
[2024-11-10T03:12:59.863+0000] {processor.py:840} INFO - DAG(s) 'dashboard_material-ztb_dashb_mm0011' retrieved from /opt/airflow/dags/kai_logistik-silver-dashboard_material-ztb_dashb_mm0011.py
[2024-11-10T03:12:59.881+0000] {logging_mixin.py:188} INFO - [2024-11-10T03:12:59.881+0000] {dag.py:3089} INFO - Sync 1 DAGs
[2024-11-10T03:12:59.898+0000] {logging_mixin.py:188} INFO - [2024-11-10T03:12:59.897+0000] {dag.py:3947} INFO - Setting next_dagrun for dashboard_material-ztb_dashb_mm0011 to 2024-11-09 18:58:00+00:00, run_after=2024-11-09 18:59:00+00:00
[2024-11-10T03:12:59.915+0000] {processor.py:183} INFO - Processing /opt/airflow/dags/kai_logistik-silver-dashboard_material-ztb_dashb_mm0011.py took 0.085 seconds
[2024-11-10T03:13:30.443+0000] {processor.py:161} INFO - Started process (PID=3586) to work on /opt/airflow/dags/kai_logistik-silver-dashboard_material-ztb_dashb_mm0011.py
[2024-11-10T03:13:30.445+0000] {processor.py:830} INFO - Processing file /opt/airflow/dags/kai_logistik-silver-dashboard_material-ztb_dashb_mm0011.py for tasks to queue
[2024-11-10T03:13:30.447+0000] {logging_mixin.py:188} INFO - [2024-11-10T03:13:30.447+0000] {dagbag.py:545} INFO - Filling up the DagBag from /opt/airflow/dags/kai_logistik-silver-dashboard_material-ztb_dashb_mm0011.py
[2024-11-10T03:13:30.479+0000] {processor.py:840} INFO - DAG(s) 'dashboard_material-ztb_dashb_mm0011' retrieved from /opt/airflow/dags/kai_logistik-silver-dashboard_material-ztb_dashb_mm0011.py
[2024-11-10T03:13:30.501+0000] {logging_mixin.py:188} INFO - [2024-11-10T03:13:30.501+0000] {dag.py:3089} INFO - Sync 1 DAGs
[2024-11-10T03:13:30.520+0000] {logging_mixin.py:188} INFO - [2024-11-10T03:13:30.520+0000] {dag.py:3947} INFO - Setting next_dagrun for dashboard_material-ztb_dashb_mm0011 to 2024-11-09 18:58:00+00:00, run_after=2024-11-09 18:59:00+00:00
[2024-11-10T03:13:30.546+0000] {processor.py:183} INFO - Processing /opt/airflow/dags/kai_logistik-silver-dashboard_material-ztb_dashb_mm0011.py took 0.108 seconds
[2024-11-10T03:14:01.471+0000] {processor.py:161} INFO - Started process (PID=3997) to work on /opt/airflow/dags/kai_logistik-silver-dashboard_material-ztb_dashb_mm0011.py
[2024-11-10T03:14:01.472+0000] {processor.py:830} INFO - Processing file /opt/airflow/dags/kai_logistik-silver-dashboard_material-ztb_dashb_mm0011.py for tasks to queue
[2024-11-10T03:14:01.474+0000] {logging_mixin.py:188} INFO - [2024-11-10T03:14:01.474+0000] {dagbag.py:545} INFO - Filling up the DagBag from /opt/airflow/dags/kai_logistik-silver-dashboard_material-ztb_dashb_mm0011.py
[2024-11-10T03:14:01.510+0000] {processor.py:840} INFO - DAG(s) 'dashboard_material-ztb_dashb_mm0011' retrieved from /opt/airflow/dags/kai_logistik-silver-dashboard_material-ztb_dashb_mm0011.py
[2024-11-10T03:14:01.536+0000] {logging_mixin.py:188} INFO - [2024-11-10T03:14:01.536+0000] {dag.py:3089} INFO - Sync 1 DAGs
[2024-11-10T03:14:01.562+0000] {logging_mixin.py:188} INFO - [2024-11-10T03:14:01.561+0000] {dag.py:3947} INFO - Setting next_dagrun for dashboard_material-ztb_dashb_mm0011 to 2024-11-09 18:58:00+00:00, run_after=2024-11-09 18:59:00+00:00
[2024-11-10T03:14:01.588+0000] {processor.py:183} INFO - Processing /opt/airflow/dags/kai_logistik-silver-dashboard_material-ztb_dashb_mm0011.py took 0.123 seconds
