[2024-11-10T03:09:24.880+0000] {processor.py:161} INFO - Started process (PID=288) to work on /opt/airflow/dags/kai_logistik-silver-dashboard_material-trend_inventory.py
[2024-11-10T03:09:24.881+0000] {processor.py:830} INFO - Processing file /opt/airflow/dags/kai_logistik-silver-dashboard_material-trend_inventory.py for tasks to queue
[2024-11-10T03:09:24.883+0000] {logging_mixin.py:188} INFO - [2024-11-10T03:09:24.882+0000] {dagbag.py:545} INFO - Filling up the DagBag from /opt/airflow/dags/kai_logistik-silver-dashboard_material-trend_inventory.py
[2024-11-10T03:09:24.928+0000] {processor.py:840} INFO - DAG(s) 'dashboard_material-trend_inventory' retrieved from /opt/airflow/dags/kai_logistik-silver-dashboard_material-trend_inventory.py
[2024-11-10T03:09:25.032+0000] {logging_mixin.py:188} INFO - [2024-11-10T03:09:25.031+0000] {override.py:1858} INFO - Created Permission View: can read on DAG:dashboard_material-trend_inventory
[2024-11-10T03:09:25.041+0000] {logging_mixin.py:188} INFO - [2024-11-10T03:09:25.041+0000] {override.py:1858} INFO - Created Permission View: can delete on DAG:dashboard_material-trend_inventory
[2024-11-10T03:09:25.052+0000] {logging_mixin.py:188} INFO - [2024-11-10T03:09:25.052+0000] {override.py:1858} INFO - Created Permission View: can edit on DAG:dashboard_material-trend_inventory
[2024-11-10T03:09:25.053+0000] {logging_mixin.py:188} INFO - [2024-11-10T03:09:25.053+0000] {dag.py:3089} INFO - Sync 1 DAGs
[2024-11-10T03:09:25.061+0000] {logging_mixin.py:188} INFO - [2024-11-10T03:09:25.061+0000] {dag.py:3111} INFO - Creating ORM DAG for dashboard_material-trend_inventory
[2024-11-10T03:09:25.070+0000] {logging_mixin.py:188} INFO - [2024-11-10T03:09:25.070+0000] {dag.py:3947} INFO - Setting next_dagrun for dashboard_material-trend_inventory to 2024-11-09 18:58:00+00:00, run_after=2024-11-09 18:59:00+00:00
[2024-11-10T03:09:25.092+0000] {processor.py:183} INFO - Processing /opt/airflow/dags/kai_logistik-silver-dashboard_material-trend_inventory.py took 0.217 seconds
[2024-11-10T03:09:55.409+0000] {processor.py:161} INFO - Started process (PID=699) to work on /opt/airflow/dags/kai_logistik-silver-dashboard_material-trend_inventory.py
[2024-11-10T03:09:55.410+0000] {processor.py:830} INFO - Processing file /opt/airflow/dags/kai_logistik-silver-dashboard_material-trend_inventory.py for tasks to queue
[2024-11-10T03:09:55.412+0000] {logging_mixin.py:188} INFO - [2024-11-10T03:09:55.411+0000] {dagbag.py:545} INFO - Filling up the DagBag from /opt/airflow/dags/kai_logistik-silver-dashboard_material-trend_inventory.py
[2024-11-10T03:09:55.439+0000] {processor.py:840} INFO - DAG(s) 'dashboard_material-trend_inventory' retrieved from /opt/airflow/dags/kai_logistik-silver-dashboard_material-trend_inventory.py
[2024-11-10T03:09:55.465+0000] {logging_mixin.py:188} INFO - [2024-11-10T03:09:55.465+0000] {dag.py:3089} INFO - Sync 1 DAGs
[2024-11-10T03:09:55.489+0000] {logging_mixin.py:188} INFO - [2024-11-10T03:09:55.489+0000] {dag.py:3947} INFO - Setting next_dagrun for dashboard_material-trend_inventory to 2024-11-09 18:58:00+00:00, run_after=2024-11-09 18:59:00+00:00
[2024-11-10T03:09:55.512+0000] {processor.py:183} INFO - Processing /opt/airflow/dags/kai_logistik-silver-dashboard_material-trend_inventory.py took 0.108 seconds
[2024-11-10T03:10:25.813+0000] {processor.py:161} INFO - Started process (PID=1110) to work on /opt/airflow/dags/kai_logistik-silver-dashboard_material-trend_inventory.py
[2024-11-10T03:10:25.815+0000] {processor.py:830} INFO - Processing file /opt/airflow/dags/kai_logistik-silver-dashboard_material-trend_inventory.py for tasks to queue
[2024-11-10T03:10:25.817+0000] {logging_mixin.py:188} INFO - [2024-11-10T03:10:25.817+0000] {dagbag.py:545} INFO - Filling up the DagBag from /opt/airflow/dags/kai_logistik-silver-dashboard_material-trend_inventory.py
[2024-11-10T03:10:25.855+0000] {processor.py:840} INFO - DAG(s) 'dashboard_material-trend_inventory' retrieved from /opt/airflow/dags/kai_logistik-silver-dashboard_material-trend_inventory.py
[2024-11-10T03:10:25.873+0000] {logging_mixin.py:188} INFO - [2024-11-10T03:10:25.873+0000] {dag.py:3089} INFO - Sync 1 DAGs
[2024-11-10T03:10:25.892+0000] {logging_mixin.py:188} INFO - [2024-11-10T03:10:25.892+0000] {dag.py:3947} INFO - Setting next_dagrun for dashboard_material-trend_inventory to 2024-11-09 18:58:00+00:00, run_after=2024-11-09 18:59:00+00:00
[2024-11-10T03:10:25.918+0000] {processor.py:183} INFO - Processing /opt/airflow/dags/kai_logistik-silver-dashboard_material-trend_inventory.py took 0.110 seconds
[2024-11-10T03:10:56.263+0000] {processor.py:161} INFO - Started process (PID=1519) to work on /opt/airflow/dags/kai_logistik-silver-dashboard_material-trend_inventory.py
[2024-11-10T03:10:56.264+0000] {processor.py:830} INFO - Processing file /opt/airflow/dags/kai_logistik-silver-dashboard_material-trend_inventory.py for tasks to queue
[2024-11-10T03:10:56.266+0000] {logging_mixin.py:188} INFO - [2024-11-10T03:10:56.265+0000] {dagbag.py:545} INFO - Filling up the DagBag from /opt/airflow/dags/kai_logistik-silver-dashboard_material-trend_inventory.py
[2024-11-10T03:10:56.294+0000] {processor.py:840} INFO - DAG(s) 'dashboard_material-trend_inventory' retrieved from /opt/airflow/dags/kai_logistik-silver-dashboard_material-trend_inventory.py
[2024-11-10T03:10:56.314+0000] {logging_mixin.py:188} INFO - [2024-11-10T03:10:56.314+0000] {dag.py:3089} INFO - Sync 1 DAGs
[2024-11-10T03:10:56.331+0000] {logging_mixin.py:188} INFO - [2024-11-10T03:10:56.331+0000] {dag.py:3947} INFO - Setting next_dagrun for dashboard_material-trend_inventory to 2024-11-09 18:58:00+00:00, run_after=2024-11-09 18:59:00+00:00
[2024-11-10T03:10:56.348+0000] {processor.py:183} INFO - Processing /opt/airflow/dags/kai_logistik-silver-dashboard_material-trend_inventory.py took 0.091 seconds
[2024-11-10T03:11:27.193+0000] {processor.py:161} INFO - Started process (PID=1932) to work on /opt/airflow/dags/kai_logistik-silver-dashboard_material-trend_inventory.py
[2024-11-10T03:11:27.194+0000] {processor.py:830} INFO - Processing file /opt/airflow/dags/kai_logistik-silver-dashboard_material-trend_inventory.py for tasks to queue
[2024-11-10T03:11:27.195+0000] {logging_mixin.py:188} INFO - [2024-11-10T03:11:27.195+0000] {dagbag.py:545} INFO - Filling up the DagBag from /opt/airflow/dags/kai_logistik-silver-dashboard_material-trend_inventory.py
[2024-11-10T03:11:27.216+0000] {processor.py:840} INFO - DAG(s) 'dashboard_material-trend_inventory' retrieved from /opt/airflow/dags/kai_logistik-silver-dashboard_material-trend_inventory.py
[2024-11-10T03:11:27.236+0000] {logging_mixin.py:188} INFO - [2024-11-10T03:11:27.236+0000] {dag.py:3089} INFO - Sync 1 DAGs
[2024-11-10T03:11:27.252+0000] {logging_mixin.py:188} INFO - [2024-11-10T03:11:27.252+0000] {dag.py:3947} INFO - Setting next_dagrun for dashboard_material-trend_inventory to 2024-11-09 18:58:00+00:00, run_after=2024-11-09 18:59:00+00:00
[2024-11-10T03:11:27.272+0000] {processor.py:183} INFO - Processing /opt/airflow/dags/kai_logistik-silver-dashboard_material-trend_inventory.py took 0.084 seconds
[2024-11-10T03:11:57.552+0000] {processor.py:161} INFO - Started process (PID=2343) to work on /opt/airflow/dags/kai_logistik-silver-dashboard_material-trend_inventory.py
[2024-11-10T03:11:57.553+0000] {processor.py:830} INFO - Processing file /opt/airflow/dags/kai_logistik-silver-dashboard_material-trend_inventory.py for tasks to queue
[2024-11-10T03:11:57.555+0000] {logging_mixin.py:188} INFO - [2024-11-10T03:11:57.555+0000] {dagbag.py:545} INFO - Filling up the DagBag from /opt/airflow/dags/kai_logistik-silver-dashboard_material-trend_inventory.py
[2024-11-10T03:11:57.576+0000] {processor.py:840} INFO - DAG(s) 'dashboard_material-trend_inventory' retrieved from /opt/airflow/dags/kai_logistik-silver-dashboard_material-trend_inventory.py
[2024-11-10T03:11:57.597+0000] {logging_mixin.py:188} INFO - [2024-11-10T03:11:57.597+0000] {dag.py:3089} INFO - Sync 1 DAGs
[2024-11-10T03:11:57.618+0000] {logging_mixin.py:188} INFO - [2024-11-10T03:11:57.618+0000] {dag.py:3947} INFO - Setting next_dagrun for dashboard_material-trend_inventory to 2024-11-09 18:58:00+00:00, run_after=2024-11-09 18:59:00+00:00
[2024-11-10T03:11:57.634+0000] {processor.py:183} INFO - Processing /opt/airflow/dags/kai_logistik-silver-dashboard_material-trend_inventory.py took 0.086 seconds
[2024-11-10T03:12:28.025+0000] {processor.py:161} INFO - Started process (PID=2754) to work on /opt/airflow/dags/kai_logistik-silver-dashboard_material-trend_inventory.py
[2024-11-10T03:12:28.026+0000] {processor.py:830} INFO - Processing file /opt/airflow/dags/kai_logistik-silver-dashboard_material-trend_inventory.py for tasks to queue
[2024-11-10T03:12:28.028+0000] {logging_mixin.py:188} INFO - [2024-11-10T03:12:28.028+0000] {dagbag.py:545} INFO - Filling up the DagBag from /opt/airflow/dags/kai_logistik-silver-dashboard_material-trend_inventory.py
[2024-11-10T03:12:28.047+0000] {processor.py:840} INFO - DAG(s) 'dashboard_material-trend_inventory' retrieved from /opt/airflow/dags/kai_logistik-silver-dashboard_material-trend_inventory.py
[2024-11-10T03:12:28.065+0000] {logging_mixin.py:188} INFO - [2024-11-10T03:12:28.065+0000] {dag.py:3089} INFO - Sync 1 DAGs
[2024-11-10T03:12:28.083+0000] {logging_mixin.py:188} INFO - [2024-11-10T03:12:28.083+0000] {dag.py:3947} INFO - Setting next_dagrun for dashboard_material-trend_inventory to 2024-11-09 18:58:00+00:00, run_after=2024-11-09 18:59:00+00:00
[2024-11-10T03:12:28.106+0000] {processor.py:183} INFO - Processing /opt/airflow/dags/kai_logistik-silver-dashboard_material-trend_inventory.py took 0.085 seconds
[2024-11-10T03:12:58.636+0000] {processor.py:161} INFO - Started process (PID=3165) to work on /opt/airflow/dags/kai_logistik-silver-dashboard_material-trend_inventory.py
[2024-11-10T03:12:58.638+0000] {processor.py:830} INFO - Processing file /opt/airflow/dags/kai_logistik-silver-dashboard_material-trend_inventory.py for tasks to queue
[2024-11-10T03:12:58.639+0000] {logging_mixin.py:188} INFO - [2024-11-10T03:12:58.639+0000] {dagbag.py:545} INFO - Filling up the DagBag from /opt/airflow/dags/kai_logistik-silver-dashboard_material-trend_inventory.py
[2024-11-10T03:12:58.662+0000] {processor.py:840} INFO - DAG(s) 'dashboard_material-trend_inventory' retrieved from /opt/airflow/dags/kai_logistik-silver-dashboard_material-trend_inventory.py
[2024-11-10T03:12:58.684+0000] {logging_mixin.py:188} INFO - [2024-11-10T03:12:58.683+0000] {dag.py:3089} INFO - Sync 1 DAGs
[2024-11-10T03:12:58.703+0000] {logging_mixin.py:188} INFO - [2024-11-10T03:12:58.703+0000] {dag.py:3947} INFO - Setting next_dagrun for dashboard_material-trend_inventory to 2024-11-09 18:58:00+00:00, run_after=2024-11-09 18:59:00+00:00
[2024-11-10T03:12:58.722+0000] {processor.py:183} INFO - Processing /opt/airflow/dags/kai_logistik-silver-dashboard_material-trend_inventory.py took 0.090 seconds
[2024-11-10T03:13:29.185+0000] {processor.py:161} INFO - Started process (PID=3576) to work on /opt/airflow/dags/kai_logistik-silver-dashboard_material-trend_inventory.py
[2024-11-10T03:13:29.186+0000] {processor.py:830} INFO - Processing file /opt/airflow/dags/kai_logistik-silver-dashboard_material-trend_inventory.py for tasks to queue
[2024-11-10T03:13:29.188+0000] {logging_mixin.py:188} INFO - [2024-11-10T03:13:29.188+0000] {dagbag.py:545} INFO - Filling up the DagBag from /opt/airflow/dags/kai_logistik-silver-dashboard_material-trend_inventory.py
[2024-11-10T03:13:29.207+0000] {processor.py:840} INFO - DAG(s) 'dashboard_material-trend_inventory' retrieved from /opt/airflow/dags/kai_logistik-silver-dashboard_material-trend_inventory.py
[2024-11-10T03:13:29.227+0000] {logging_mixin.py:188} INFO - [2024-11-10T03:13:29.226+0000] {dag.py:3089} INFO - Sync 1 DAGs
[2024-11-10T03:13:29.244+0000] {logging_mixin.py:188} INFO - [2024-11-10T03:13:29.244+0000] {dag.py:3947} INFO - Setting next_dagrun for dashboard_material-trend_inventory to 2024-11-09 18:58:00+00:00, run_after=2024-11-09 18:59:00+00:00
[2024-11-10T03:13:29.261+0000] {processor.py:183} INFO - Processing /opt/airflow/dags/kai_logistik-silver-dashboard_material-trend_inventory.py took 0.081 seconds
[2024-11-10T03:14:00.288+0000] {processor.py:161} INFO - Started process (PID=3987) to work on /opt/airflow/dags/kai_logistik-silver-dashboard_material-trend_inventory.py
[2024-11-10T03:14:00.289+0000] {processor.py:830} INFO - Processing file /opt/airflow/dags/kai_logistik-silver-dashboard_material-trend_inventory.py for tasks to queue
[2024-11-10T03:14:00.292+0000] {logging_mixin.py:188} INFO - [2024-11-10T03:14:00.291+0000] {dagbag.py:545} INFO - Filling up the DagBag from /opt/airflow/dags/kai_logistik-silver-dashboard_material-trend_inventory.py
[2024-11-10T03:14:00.328+0000] {processor.py:840} INFO - DAG(s) 'dashboard_material-trend_inventory' retrieved from /opt/airflow/dags/kai_logistik-silver-dashboard_material-trend_inventory.py
[2024-11-10T03:14:00.357+0000] {logging_mixin.py:188} INFO - [2024-11-10T03:14:00.357+0000] {dag.py:3089} INFO - Sync 1 DAGs
[2024-11-10T03:14:00.380+0000] {logging_mixin.py:188} INFO - [2024-11-10T03:14:00.380+0000] {dag.py:3947} INFO - Setting next_dagrun for dashboard_material-trend_inventory to 2024-11-09 18:58:00+00:00, run_after=2024-11-09 18:59:00+00:00
[2024-11-10T03:14:00.405+0000] {processor.py:183} INFO - Processing /opt/airflow/dags/kai_logistik-silver-dashboard_material-trend_inventory.py took 0.122 seconds
