[2024-11-10T03:09:35.319+0000] {processor.py:161} INFO - Started process (PID=521) to work on /opt/airflow/dags/kai_logistik-silver-dashboard_investasi-desk_material_group.py
[2024-11-10T03:09:35.322+0000] {processor.py:830} INFO - Processing file /opt/airflow/dags/kai_logistik-silver-dashboard_investasi-desk_material_group.py for tasks to queue
[2024-11-10T03:09:35.330+0000] {logging_mixin.py:188} INFO - [2024-11-10T03:09:35.330+0000] {dagbag.py:545} INFO - Filling up the DagBag from /opt/airflow/dags/kai_logistik-silver-dashboard_investasi-desk_material_group.py
[2024-11-10T03:09:35.419+0000] {processor.py:840} INFO - DAG(s) 'dashboard_investasi-desk_material_group' retrieved from /opt/airflow/dags/kai_logistik-silver-dashboard_investasi-desk_material_group.py
[2024-11-10T03:09:35.498+0000] {logging_mixin.py:188} INFO - [2024-11-10T03:09:35.498+0000] {override.py:1858} INFO - Created Permission View: can read on DAG:dashboard_investasi-desk_material_group
[2024-11-10T03:09:35.508+0000] {logging_mixin.py:188} INFO - [2024-11-10T03:09:35.507+0000] {override.py:1858} INFO - Created Permission View: can delete on DAG:dashboard_investasi-desk_material_group
[2024-11-10T03:09:35.516+0000] {logging_mixin.py:188} INFO - [2024-11-10T03:09:35.516+0000] {override.py:1858} INFO - Created Permission View: can edit on DAG:dashboard_investasi-desk_material_group
[2024-11-10T03:09:35.525+0000] {logging_mixin.py:188} INFO - [2024-11-10T03:09:35.524+0000] {dag.py:3089} INFO - Sync 1 DAGs
[2024-11-10T03:09:35.541+0000] {logging_mixin.py:188} INFO - [2024-11-10T03:09:35.541+0000] {dag.py:3111} INFO - Creating ORM DAG for dashboard_investasi-desk_material_group
[2024-11-10T03:09:35.553+0000] {logging_mixin.py:188} INFO - [2024-11-10T03:09:35.552+0000] {dag.py:3947} INFO - Setting next_dagrun for dashboard_investasi-desk_material_group to 2024-11-09 18:58:00+00:00, run_after=2024-11-09 18:59:00+00:00
[2024-11-10T03:09:35.580+0000] {processor.py:183} INFO - Processing /opt/airflow/dags/kai_logistik-silver-dashboard_investasi-desk_material_group.py took 0.265 seconds
[2024-11-10T03:10:06.299+0000] {processor.py:161} INFO - Started process (PID=932) to work on /opt/airflow/dags/kai_logistik-silver-dashboard_investasi-desk_material_group.py
[2024-11-10T03:10:06.300+0000] {processor.py:830} INFO - Processing file /opt/airflow/dags/kai_logistik-silver-dashboard_investasi-desk_material_group.py for tasks to queue
[2024-11-10T03:10:06.301+0000] {logging_mixin.py:188} INFO - [2024-11-10T03:10:06.301+0000] {dagbag.py:545} INFO - Filling up the DagBag from /opt/airflow/dags/kai_logistik-silver-dashboard_investasi-desk_material_group.py
[2024-11-10T03:10:06.330+0000] {processor.py:840} INFO - DAG(s) 'dashboard_investasi-desk_material_group' retrieved from /opt/airflow/dags/kai_logistik-silver-dashboard_investasi-desk_material_group.py
[2024-11-10T03:10:06.353+0000] {logging_mixin.py:188} INFO - [2024-11-10T03:10:06.353+0000] {dag.py:3089} INFO - Sync 1 DAGs
[2024-11-10T03:10:06.370+0000] {logging_mixin.py:188} INFO - [2024-11-10T03:10:06.370+0000] {dag.py:3947} INFO - Setting next_dagrun for dashboard_investasi-desk_material_group to 2024-11-09 18:58:00+00:00, run_after=2024-11-09 18:59:00+00:00
[2024-11-10T03:10:06.386+0000] {processor.py:183} INFO - Processing /opt/airflow/dags/kai_logistik-silver-dashboard_investasi-desk_material_group.py took 0.093 seconds
[2024-11-10T03:10:36.847+0000] {processor.py:161} INFO - Started process (PID=1343) to work on /opt/airflow/dags/kai_logistik-silver-dashboard_investasi-desk_material_group.py
[2024-11-10T03:10:36.849+0000] {processor.py:830} INFO - Processing file /opt/airflow/dags/kai_logistik-silver-dashboard_investasi-desk_material_group.py for tasks to queue
[2024-11-10T03:10:36.851+0000] {logging_mixin.py:188} INFO - [2024-11-10T03:10:36.850+0000] {dagbag.py:545} INFO - Filling up the DagBag from /opt/airflow/dags/kai_logistik-silver-dashboard_investasi-desk_material_group.py
[2024-11-10T03:10:36.880+0000] {processor.py:840} INFO - DAG(s) 'dashboard_investasi-desk_material_group' retrieved from /opt/airflow/dags/kai_logistik-silver-dashboard_investasi-desk_material_group.py
[2024-11-10T03:10:36.900+0000] {logging_mixin.py:188} INFO - [2024-11-10T03:10:36.900+0000] {dag.py:3089} INFO - Sync 1 DAGs
[2024-11-10T03:10:36.919+0000] {logging_mixin.py:188} INFO - [2024-11-10T03:10:36.919+0000] {dag.py:3947} INFO - Setting next_dagrun for dashboard_investasi-desk_material_group to 2024-11-09 18:58:00+00:00, run_after=2024-11-09 18:59:00+00:00
[2024-11-10T03:10:36.938+0000] {processor.py:183} INFO - Processing /opt/airflow/dags/kai_logistik-silver-dashboard_investasi-desk_material_group.py took 0.095 seconds
[2024-11-10T03:11:07.478+0000] {processor.py:161} INFO - Started process (PID=1754) to work on /opt/airflow/dags/kai_logistik-silver-dashboard_investasi-desk_material_group.py
[2024-11-10T03:11:07.479+0000] {processor.py:830} INFO - Processing file /opt/airflow/dags/kai_logistik-silver-dashboard_investasi-desk_material_group.py for tasks to queue
[2024-11-10T03:11:07.481+0000] {logging_mixin.py:188} INFO - [2024-11-10T03:11:07.481+0000] {dagbag.py:545} INFO - Filling up the DagBag from /opt/airflow/dags/kai_logistik-silver-dashboard_investasi-desk_material_group.py
[2024-11-10T03:11:07.502+0000] {processor.py:840} INFO - DAG(s) 'dashboard_investasi-desk_material_group' retrieved from /opt/airflow/dags/kai_logistik-silver-dashboard_investasi-desk_material_group.py
[2024-11-10T03:11:07.521+0000] {logging_mixin.py:188} INFO - [2024-11-10T03:11:07.520+0000] {dag.py:3089} INFO - Sync 1 DAGs
[2024-11-10T03:11:07.541+0000] {logging_mixin.py:188} INFO - [2024-11-10T03:11:07.541+0000] {dag.py:3947} INFO - Setting next_dagrun for dashboard_investasi-desk_material_group to 2024-11-09 18:58:00+00:00, run_after=2024-11-09 18:59:00+00:00
[2024-11-10T03:11:07.565+0000] {processor.py:183} INFO - Processing /opt/airflow/dags/kai_logistik-silver-dashboard_investasi-desk_material_group.py took 0.092 seconds
[2024-11-10T03:11:37.848+0000] {processor.py:161} INFO - Started process (PID=2165) to work on /opt/airflow/dags/kai_logistik-silver-dashboard_investasi-desk_material_group.py
[2024-11-10T03:11:37.850+0000] {processor.py:830} INFO - Processing file /opt/airflow/dags/kai_logistik-silver-dashboard_investasi-desk_material_group.py for tasks to queue
[2024-11-10T03:11:37.852+0000] {logging_mixin.py:188} INFO - [2024-11-10T03:11:37.851+0000] {dagbag.py:545} INFO - Filling up the DagBag from /opt/airflow/dags/kai_logistik-silver-dashboard_investasi-desk_material_group.py
[2024-11-10T03:11:37.877+0000] {processor.py:840} INFO - DAG(s) 'dashboard_investasi-desk_material_group' retrieved from /opt/airflow/dags/kai_logistik-silver-dashboard_investasi-desk_material_group.py
[2024-11-10T03:11:37.897+0000] {logging_mixin.py:188} INFO - [2024-11-10T03:11:37.896+0000] {dag.py:3089} INFO - Sync 1 DAGs
[2024-11-10T03:11:37.917+0000] {logging_mixin.py:188} INFO - [2024-11-10T03:11:37.916+0000] {dag.py:3947} INFO - Setting next_dagrun for dashboard_investasi-desk_material_group to 2024-11-09 18:58:00+00:00, run_after=2024-11-09 18:59:00+00:00
[2024-11-10T03:11:37.935+0000] {processor.py:183} INFO - Processing /opt/airflow/dags/kai_logistik-silver-dashboard_investasi-desk_material_group.py took 0.091 seconds
[2024-11-10T03:12:08.911+0000] {processor.py:161} INFO - Started process (PID=2576) to work on /opt/airflow/dags/kai_logistik-silver-dashboard_investasi-desk_material_group.py
[2024-11-10T03:12:08.912+0000] {processor.py:830} INFO - Processing file /opt/airflow/dags/kai_logistik-silver-dashboard_investasi-desk_material_group.py for tasks to queue
[2024-11-10T03:12:08.914+0000] {logging_mixin.py:188} INFO - [2024-11-10T03:12:08.913+0000] {dagbag.py:545} INFO - Filling up the DagBag from /opt/airflow/dags/kai_logistik-silver-dashboard_investasi-desk_material_group.py
[2024-11-10T03:12:08.942+0000] {processor.py:840} INFO - DAG(s) 'dashboard_investasi-desk_material_group' retrieved from /opt/airflow/dags/kai_logistik-silver-dashboard_investasi-desk_material_group.py
[2024-11-10T03:12:08.964+0000] {logging_mixin.py:188} INFO - [2024-11-10T03:12:08.964+0000] {dag.py:3089} INFO - Sync 1 DAGs
[2024-11-10T03:12:08.989+0000] {logging_mixin.py:188} INFO - [2024-11-10T03:12:08.988+0000] {dag.py:3947} INFO - Setting next_dagrun for dashboard_investasi-desk_material_group to 2024-11-09 18:58:00+00:00, run_after=2024-11-09 18:59:00+00:00
[2024-11-10T03:12:09.008+0000] {processor.py:183} INFO - Processing /opt/airflow/dags/kai_logistik-silver-dashboard_investasi-desk_material_group.py took 0.104 seconds
[2024-11-10T03:12:39.743+0000] {processor.py:161} INFO - Started process (PID=2987) to work on /opt/airflow/dags/kai_logistik-silver-dashboard_investasi-desk_material_group.py
[2024-11-10T03:12:39.744+0000] {processor.py:830} INFO - Processing file /opt/airflow/dags/kai_logistik-silver-dashboard_investasi-desk_material_group.py for tasks to queue
[2024-11-10T03:12:39.747+0000] {logging_mixin.py:188} INFO - [2024-11-10T03:12:39.746+0000] {dagbag.py:545} INFO - Filling up the DagBag from /opt/airflow/dags/kai_logistik-silver-dashboard_investasi-desk_material_group.py
[2024-11-10T03:12:39.781+0000] {processor.py:840} INFO - DAG(s) 'dashboard_investasi-desk_material_group' retrieved from /opt/airflow/dags/kai_logistik-silver-dashboard_investasi-desk_material_group.py
[2024-11-10T03:12:39.812+0000] {logging_mixin.py:188} INFO - [2024-11-10T03:12:39.812+0000] {dag.py:3089} INFO - Sync 1 DAGs
[2024-11-10T03:12:39.840+0000] {logging_mixin.py:188} INFO - [2024-11-10T03:12:39.840+0000] {dag.py:3947} INFO - Setting next_dagrun for dashboard_investasi-desk_material_group to 2024-11-09 18:58:00+00:00, run_after=2024-11-09 18:59:00+00:00
[2024-11-10T03:12:39.898+0000] {processor.py:183} INFO - Processing /opt/airflow/dags/kai_logistik-silver-dashboard_investasi-desk_material_group.py took 0.165 seconds
[2024-11-10T03:13:10.506+0000] {processor.py:161} INFO - Started process (PID=3398) to work on /opt/airflow/dags/kai_logistik-silver-dashboard_investasi-desk_material_group.py
[2024-11-10T03:13:10.507+0000] {processor.py:830} INFO - Processing file /opt/airflow/dags/kai_logistik-silver-dashboard_investasi-desk_material_group.py for tasks to queue
[2024-11-10T03:13:10.509+0000] {logging_mixin.py:188} INFO - [2024-11-10T03:13:10.509+0000] {dagbag.py:545} INFO - Filling up the DagBag from /opt/airflow/dags/kai_logistik-silver-dashboard_investasi-desk_material_group.py
[2024-11-10T03:13:10.536+0000] {processor.py:840} INFO - DAG(s) 'dashboard_investasi-desk_material_group' retrieved from /opt/airflow/dags/kai_logistik-silver-dashboard_investasi-desk_material_group.py
[2024-11-10T03:13:10.557+0000] {logging_mixin.py:188} INFO - [2024-11-10T03:13:10.557+0000] {dag.py:3089} INFO - Sync 1 DAGs
[2024-11-10T03:13:10.574+0000] {logging_mixin.py:188} INFO - [2024-11-10T03:13:10.574+0000] {dag.py:3947} INFO - Setting next_dagrun for dashboard_investasi-desk_material_group to 2024-11-09 18:58:00+00:00, run_after=2024-11-09 18:59:00+00:00
[2024-11-10T03:13:10.600+0000] {processor.py:183} INFO - Processing /opt/airflow/dags/kai_logistik-silver-dashboard_investasi-desk_material_group.py took 0.099 seconds
[2024-11-10T03:13:41.144+0000] {processor.py:161} INFO - Started process (PID=3809) to work on /opt/airflow/dags/kai_logistik-silver-dashboard_investasi-desk_material_group.py
[2024-11-10T03:13:41.145+0000] {processor.py:830} INFO - Processing file /opt/airflow/dags/kai_logistik-silver-dashboard_investasi-desk_material_group.py for tasks to queue
[2024-11-10T03:13:41.146+0000] {logging_mixin.py:188} INFO - [2024-11-10T03:13:41.146+0000] {dagbag.py:545} INFO - Filling up the DagBag from /opt/airflow/dags/kai_logistik-silver-dashboard_investasi-desk_material_group.py
[2024-11-10T03:13:41.165+0000] {processor.py:840} INFO - DAG(s) 'dashboard_investasi-desk_material_group' retrieved from /opt/airflow/dags/kai_logistik-silver-dashboard_investasi-desk_material_group.py
[2024-11-10T03:13:41.187+0000] {logging_mixin.py:188} INFO - [2024-11-10T03:13:41.187+0000] {dag.py:3089} INFO - Sync 1 DAGs
[2024-11-10T03:13:41.205+0000] {logging_mixin.py:188} INFO - [2024-11-10T03:13:41.205+0000] {dag.py:3947} INFO - Setting next_dagrun for dashboard_investasi-desk_material_group to 2024-11-09 18:58:00+00:00, run_after=2024-11-09 18:59:00+00:00
[2024-11-10T03:13:41.224+0000] {processor.py:183} INFO - Processing /opt/airflow/dags/kai_logistik-silver-dashboard_investasi-desk_material_group.py took 0.085 seconds
[2024-11-10T03:14:12.012+0000] {processor.py:161} INFO - Started process (PID=4220) to work on /opt/airflow/dags/kai_logistik-silver-dashboard_investasi-desk_material_group.py
[2024-11-10T03:14:12.013+0000] {processor.py:830} INFO - Processing file /opt/airflow/dags/kai_logistik-silver-dashboard_investasi-desk_material_group.py for tasks to queue
[2024-11-10T03:14:12.015+0000] {logging_mixin.py:188} INFO - [2024-11-10T03:14:12.015+0000] {dagbag.py:545} INFO - Filling up the DagBag from /opt/airflow/dags/kai_logistik-silver-dashboard_investasi-desk_material_group.py
[2024-11-10T03:14:12.040+0000] {processor.py:840} INFO - DAG(s) 'dashboard_investasi-desk_material_group' retrieved from /opt/airflow/dags/kai_logistik-silver-dashboard_investasi-desk_material_group.py
[2024-11-10T03:14:12.064+0000] {logging_mixin.py:188} INFO - [2024-11-10T03:14:12.064+0000] {dag.py:3089} INFO - Sync 1 DAGs
[2024-11-10T03:14:12.083+0000] {logging_mixin.py:188} INFO - [2024-11-10T03:14:12.083+0000] {dag.py:3947} INFO - Setting next_dagrun for dashboard_investasi-desk_material_group to 2024-11-09 18:58:00+00:00, run_after=2024-11-09 18:59:00+00:00
[2024-11-10T03:14:12.101+0000] {processor.py:183} INFO - Processing /opt/airflow/dags/kai_logistik-silver-dashboard_investasi-desk_material_group.py took 0.093 seconds
