[2024-11-10T03:09:38.349+0000] {processor.py:161} INFO - Started process (PID=596) to work on /opt/airflow/dags/kai_logistik-silver-dashboard_investasi-cskt.py
[2024-11-10T03:09:38.350+0000] {processor.py:830} INFO - Processing file /opt/airflow/dags/kai_logistik-silver-dashboard_investasi-cskt.py for tasks to queue
[2024-11-10T03:09:38.352+0000] {logging_mixin.py:188} INFO - [2024-11-10T03:09:38.352+0000] {dagbag.py:545} INFO - Filling up the DagBag from /opt/airflow/dags/kai_logistik-silver-dashboard_investasi-cskt.py
[2024-11-10T03:09:38.433+0000] {processor.py:840} INFO - DAG(s) 'dashboard_investasi-cskt' retrieved from /opt/airflow/dags/kai_logistik-silver-dashboard_investasi-cskt.py
[2024-11-10T03:09:38.525+0000] {logging_mixin.py:188} INFO - [2024-11-10T03:09:38.525+0000] {override.py:1858} INFO - Created Permission View: can read on DAG:dashboard_investasi-cskt
[2024-11-10T03:09:38.534+0000] {logging_mixin.py:188} INFO - [2024-11-10T03:09:38.534+0000] {override.py:1858} INFO - Created Permission View: can delete on DAG:dashboard_investasi-cskt
[2024-11-10T03:09:38.540+0000] {logging_mixin.py:188} INFO - [2024-11-10T03:09:38.540+0000] {override.py:1858} INFO - Created Permission View: can edit on DAG:dashboard_investasi-cskt
[2024-11-10T03:09:38.541+0000] {logging_mixin.py:188} INFO - [2024-11-10T03:09:38.541+0000] {dag.py:3089} INFO - Sync 1 DAGs
[2024-11-10T03:09:38.548+0000] {logging_mixin.py:188} INFO - [2024-11-10T03:09:38.548+0000] {dag.py:3111} INFO - Creating ORM DAG for dashboard_investasi-cskt
[2024-11-10T03:09:38.556+0000] {logging_mixin.py:188} INFO - [2024-11-10T03:09:38.556+0000] {dag.py:3947} INFO - Setting next_dagrun for dashboard_investasi-cskt to 2024-11-09 18:58:00+00:00, run_after=2024-11-09 18:59:00+00:00
[2024-11-10T03:09:38.578+0000] {processor.py:183} INFO - Processing /opt/airflow/dags/kai_logistik-silver-dashboard_investasi-cskt.py took 0.233 seconds
[2024-11-10T03:10:08.839+0000] {processor.py:161} INFO - Started process (PID=1009) to work on /opt/airflow/dags/kai_logistik-silver-dashboard_investasi-cskt.py
[2024-11-10T03:10:08.841+0000] {processor.py:830} INFO - Processing file /opt/airflow/dags/kai_logistik-silver-dashboard_investasi-cskt.py for tasks to queue
[2024-11-10T03:10:08.843+0000] {logging_mixin.py:188} INFO - [2024-11-10T03:10:08.843+0000] {dagbag.py:545} INFO - Filling up the DagBag from /opt/airflow/dags/kai_logistik-silver-dashboard_investasi-cskt.py
[2024-11-10T03:10:08.871+0000] {processor.py:840} INFO - DAG(s) 'dashboard_investasi-cskt' retrieved from /opt/airflow/dags/kai_logistik-silver-dashboard_investasi-cskt.py
[2024-11-10T03:10:08.895+0000] {logging_mixin.py:188} INFO - [2024-11-10T03:10:08.894+0000] {dag.py:3089} INFO - Sync 1 DAGs
[2024-11-10T03:10:08.925+0000] {logging_mixin.py:188} INFO - [2024-11-10T03:10:08.925+0000] {dag.py:3947} INFO - Setting next_dagrun for dashboard_investasi-cskt to 2024-11-09 18:58:00+00:00, run_after=2024-11-09 18:59:00+00:00
[2024-11-10T03:10:08.953+0000] {processor.py:183} INFO - Processing /opt/airflow/dags/kai_logistik-silver-dashboard_investasi-cskt.py took 0.119 seconds
[2024-11-10T03:10:40.148+0000] {processor.py:161} INFO - Started process (PID=1418) to work on /opt/airflow/dags/kai_logistik-silver-dashboard_investasi-cskt.py
[2024-11-10T03:10:40.149+0000] {processor.py:830} INFO - Processing file /opt/airflow/dags/kai_logistik-silver-dashboard_investasi-cskt.py for tasks to queue
[2024-11-10T03:10:40.151+0000] {logging_mixin.py:188} INFO - [2024-11-10T03:10:40.151+0000] {dagbag.py:545} INFO - Filling up the DagBag from /opt/airflow/dags/kai_logistik-silver-dashboard_investasi-cskt.py
[2024-11-10T03:10:40.190+0000] {processor.py:840} INFO - DAG(s) 'dashboard_investasi-cskt' retrieved from /opt/airflow/dags/kai_logistik-silver-dashboard_investasi-cskt.py
[2024-11-10T03:10:40.211+0000] {logging_mixin.py:188} INFO - [2024-11-10T03:10:40.210+0000] {dag.py:3089} INFO - Sync 1 DAGs
[2024-11-10T03:10:40.228+0000] {logging_mixin.py:188} INFO - [2024-11-10T03:10:40.228+0000] {dag.py:3947} INFO - Setting next_dagrun for dashboard_investasi-cskt to 2024-11-09 18:58:00+00:00, run_after=2024-11-09 18:59:00+00:00
[2024-11-10T03:10:40.252+0000] {processor.py:183} INFO - Processing /opt/airflow/dags/kai_logistik-silver-dashboard_investasi-cskt.py took 0.109 seconds
[2024-11-10T03:11:10.675+0000] {processor.py:161} INFO - Started process (PID=1831) to work on /opt/airflow/dags/kai_logistik-silver-dashboard_investasi-cskt.py
[2024-11-10T03:11:10.676+0000] {processor.py:830} INFO - Processing file /opt/airflow/dags/kai_logistik-silver-dashboard_investasi-cskt.py for tasks to queue
[2024-11-10T03:11:10.678+0000] {logging_mixin.py:188} INFO - [2024-11-10T03:11:10.678+0000] {dagbag.py:545} INFO - Filling up the DagBag from /opt/airflow/dags/kai_logistik-silver-dashboard_investasi-cskt.py
[2024-11-10T03:11:10.705+0000] {processor.py:840} INFO - DAG(s) 'dashboard_investasi-cskt' retrieved from /opt/airflow/dags/kai_logistik-silver-dashboard_investasi-cskt.py
[2024-11-10T03:11:10.728+0000] {logging_mixin.py:188} INFO - [2024-11-10T03:11:10.728+0000] {dag.py:3089} INFO - Sync 1 DAGs
[2024-11-10T03:11:10.749+0000] {logging_mixin.py:188} INFO - [2024-11-10T03:11:10.749+0000] {dag.py:3947} INFO - Setting next_dagrun for dashboard_investasi-cskt to 2024-11-09 18:58:00+00:00, run_after=2024-11-09 18:59:00+00:00
[2024-11-10T03:11:10.769+0000] {processor.py:183} INFO - Processing /opt/airflow/dags/kai_logistik-silver-dashboard_investasi-cskt.py took 0.099 seconds
[2024-11-10T03:11:41.140+0000] {processor.py:161} INFO - Started process (PID=2240) to work on /opt/airflow/dags/kai_logistik-silver-dashboard_investasi-cskt.py
[2024-11-10T03:11:41.141+0000] {processor.py:830} INFO - Processing file /opt/airflow/dags/kai_logistik-silver-dashboard_investasi-cskt.py for tasks to queue
[2024-11-10T03:11:41.143+0000] {logging_mixin.py:188} INFO - [2024-11-10T03:11:41.142+0000] {dagbag.py:545} INFO - Filling up the DagBag from /opt/airflow/dags/kai_logistik-silver-dashboard_investasi-cskt.py
[2024-11-10T03:11:41.160+0000] {processor.py:840} INFO - DAG(s) 'dashboard_investasi-cskt' retrieved from /opt/airflow/dags/kai_logistik-silver-dashboard_investasi-cskt.py
[2024-11-10T03:11:41.180+0000] {logging_mixin.py:188} INFO - [2024-11-10T03:11:41.180+0000] {dag.py:3089} INFO - Sync 1 DAGs
[2024-11-10T03:11:41.198+0000] {logging_mixin.py:188} INFO - [2024-11-10T03:11:41.198+0000] {dag.py:3947} INFO - Setting next_dagrun for dashboard_investasi-cskt to 2024-11-09 18:58:00+00:00, run_after=2024-11-09 18:59:00+00:00
[2024-11-10T03:11:41.216+0000] {processor.py:183} INFO - Processing /opt/airflow/dags/kai_logistik-silver-dashboard_investasi-cskt.py took 0.080 seconds
[2024-11-10T03:12:11.871+0000] {processor.py:161} INFO - Started process (PID=2651) to work on /opt/airflow/dags/kai_logistik-silver-dashboard_investasi-cskt.py
[2024-11-10T03:12:11.872+0000] {processor.py:830} INFO - Processing file /opt/airflow/dags/kai_logistik-silver-dashboard_investasi-cskt.py for tasks to queue
[2024-11-10T03:12:11.874+0000] {logging_mixin.py:188} INFO - [2024-11-10T03:12:11.873+0000] {dagbag.py:545} INFO - Filling up the DagBag from /opt/airflow/dags/kai_logistik-silver-dashboard_investasi-cskt.py
[2024-11-10T03:12:11.906+0000] {processor.py:840} INFO - DAG(s) 'dashboard_investasi-cskt' retrieved from /opt/airflow/dags/kai_logistik-silver-dashboard_investasi-cskt.py
[2024-11-10T03:12:11.925+0000] {logging_mixin.py:188} INFO - [2024-11-10T03:12:11.924+0000] {dag.py:3089} INFO - Sync 1 DAGs
[2024-11-10T03:12:11.942+0000] {logging_mixin.py:188} INFO - [2024-11-10T03:12:11.942+0000] {dag.py:3947} INFO - Setting next_dagrun for dashboard_investasi-cskt to 2024-11-09 18:58:00+00:00, run_after=2024-11-09 18:59:00+00:00
[2024-11-10T03:12:11.958+0000] {processor.py:183} INFO - Processing /opt/airflow/dags/kai_logistik-silver-dashboard_investasi-cskt.py took 0.092 seconds
[2024-11-10T03:12:42.609+0000] {processor.py:161} INFO - Started process (PID=3064) to work on /opt/airflow/dags/kai_logistik-silver-dashboard_investasi-cskt.py
[2024-11-10T03:12:42.610+0000] {processor.py:830} INFO - Processing file /opt/airflow/dags/kai_logistik-silver-dashboard_investasi-cskt.py for tasks to queue
[2024-11-10T03:12:42.611+0000] {logging_mixin.py:188} INFO - [2024-11-10T03:12:42.611+0000] {dagbag.py:545} INFO - Filling up the DagBag from /opt/airflow/dags/kai_logistik-silver-dashboard_investasi-cskt.py
[2024-11-10T03:12:42.634+0000] {processor.py:840} INFO - DAG(s) 'dashboard_investasi-cskt' retrieved from /opt/airflow/dags/kai_logistik-silver-dashboard_investasi-cskt.py
[2024-11-10T03:12:42.656+0000] {logging_mixin.py:188} INFO - [2024-11-10T03:12:42.656+0000] {dag.py:3089} INFO - Sync 1 DAGs
[2024-11-10T03:12:42.673+0000] {logging_mixin.py:188} INFO - [2024-11-10T03:12:42.673+0000] {dag.py:3947} INFO - Setting next_dagrun for dashboard_investasi-cskt to 2024-11-09 18:58:00+00:00, run_after=2024-11-09 18:59:00+00:00
[2024-11-10T03:12:42.701+0000] {processor.py:183} INFO - Processing /opt/airflow/dags/kai_logistik-silver-dashboard_investasi-cskt.py took 0.097 seconds
[2024-11-10T03:13:13.075+0000] {processor.py:161} INFO - Started process (PID=3475) to work on /opt/airflow/dags/kai_logistik-silver-dashboard_investasi-cskt.py
[2024-11-10T03:13:13.076+0000] {processor.py:830} INFO - Processing file /opt/airflow/dags/kai_logistik-silver-dashboard_investasi-cskt.py for tasks to queue
[2024-11-10T03:13:13.078+0000] {logging_mixin.py:188} INFO - [2024-11-10T03:13:13.078+0000] {dagbag.py:545} INFO - Filling up the DagBag from /opt/airflow/dags/kai_logistik-silver-dashboard_investasi-cskt.py
[2024-11-10T03:13:13.102+0000] {processor.py:840} INFO - DAG(s) 'dashboard_investasi-cskt' retrieved from /opt/airflow/dags/kai_logistik-silver-dashboard_investasi-cskt.py
[2024-11-10T03:13:13.127+0000] {logging_mixin.py:188} INFO - [2024-11-10T03:13:13.126+0000] {dag.py:3089} INFO - Sync 1 DAGs
[2024-11-10T03:13:13.149+0000] {logging_mixin.py:188} INFO - [2024-11-10T03:13:13.149+0000] {dag.py:3947} INFO - Setting next_dagrun for dashboard_investasi-cskt to 2024-11-09 18:58:00+00:00, run_after=2024-11-09 18:59:00+00:00
[2024-11-10T03:13:13.177+0000] {processor.py:183} INFO - Processing /opt/airflow/dags/kai_logistik-silver-dashboard_investasi-cskt.py took 0.107 seconds
[2024-11-10T03:13:43.736+0000] {processor.py:161} INFO - Started process (PID=3886) to work on /opt/airflow/dags/kai_logistik-silver-dashboard_investasi-cskt.py
[2024-11-10T03:13:43.738+0000] {processor.py:830} INFO - Processing file /opt/airflow/dags/kai_logistik-silver-dashboard_investasi-cskt.py for tasks to queue
[2024-11-10T03:13:43.739+0000] {logging_mixin.py:188} INFO - [2024-11-10T03:13:43.739+0000] {dagbag.py:545} INFO - Filling up the DagBag from /opt/airflow/dags/kai_logistik-silver-dashboard_investasi-cskt.py
[2024-11-10T03:13:43.761+0000] {processor.py:840} INFO - DAG(s) 'dashboard_investasi-cskt' retrieved from /opt/airflow/dags/kai_logistik-silver-dashboard_investasi-cskt.py
[2024-11-10T03:13:43.781+0000] {logging_mixin.py:188} INFO - [2024-11-10T03:13:43.781+0000] {dag.py:3089} INFO - Sync 1 DAGs
[2024-11-10T03:13:43.798+0000] {logging_mixin.py:188} INFO - [2024-11-10T03:13:43.797+0000] {dag.py:3947} INFO - Setting next_dagrun for dashboard_investasi-cskt to 2024-11-09 18:58:00+00:00, run_after=2024-11-09 18:59:00+00:00
[2024-11-10T03:13:43.816+0000] {processor.py:183} INFO - Processing /opt/airflow/dags/kai_logistik-silver-dashboard_investasi-cskt.py took 0.084 seconds
[2024-11-10T03:14:14.712+0000] {processor.py:161} INFO - Started process (PID=4297) to work on /opt/airflow/dags/kai_logistik-silver-dashboard_investasi-cskt.py
[2024-11-10T03:14:14.713+0000] {processor.py:830} INFO - Processing file /opt/airflow/dags/kai_logistik-silver-dashboard_investasi-cskt.py for tasks to queue
[2024-11-10T03:14:14.715+0000] {logging_mixin.py:188} INFO - [2024-11-10T03:14:14.715+0000] {dagbag.py:545} INFO - Filling up the DagBag from /opt/airflow/dags/kai_logistik-silver-dashboard_investasi-cskt.py
[2024-11-10T03:14:14.745+0000] {processor.py:840} INFO - DAG(s) 'dashboard_investasi-cskt' retrieved from /opt/airflow/dags/kai_logistik-silver-dashboard_investasi-cskt.py
[2024-11-10T03:14:14.769+0000] {logging_mixin.py:188} INFO - [2024-11-10T03:14:14.768+0000] {dag.py:3089} INFO - Sync 1 DAGs
[2024-11-10T03:14:14.790+0000] {logging_mixin.py:188} INFO - [2024-11-10T03:14:14.790+0000] {dag.py:3947} INFO - Setting next_dagrun for dashboard_investasi-cskt to 2024-11-09 18:58:00+00:00, run_after=2024-11-09 18:59:00+00:00
[2024-11-10T03:14:14.807+0000] {processor.py:183} INFO - Processing /opt/airflow/dags/kai_logistik-silver-dashboard_investasi-cskt.py took 0.100 seconds
