[2024-11-10T03:09:26.897+0000] {processor.py:161} INFO - Started process (PID=353) to work on /opt/airflow/dags/kai_logistik-silver-dashboard_investasi-ztb_dashb_ps0004.py
[2024-11-10T03:09:26.904+0000] {processor.py:830} INFO - Processing file /opt/airflow/dags/kai_logistik-silver-dashboard_investasi-ztb_dashb_ps0004.py for tasks to queue
[2024-11-10T03:09:26.907+0000] {logging_mixin.py:188} INFO - [2024-11-10T03:09:26.907+0000] {dagbag.py:545} INFO - Filling up the DagBag from /opt/airflow/dags/kai_logistik-silver-dashboard_investasi-ztb_dashb_ps0004.py
[2024-11-10T03:09:26.956+0000] {processor.py:840} INFO - DAG(s) 'dashboard_investasi-ztb_dashb_ps0004' retrieved from /opt/airflow/dags/kai_logistik-silver-dashboard_investasi-ztb_dashb_ps0004.py
[2024-11-10T03:09:27.105+0000] {logging_mixin.py:188} INFO - [2024-11-10T03:09:27.103+0000] {override.py:1858} INFO - Created Permission View: can read on DAG:dashboard_investasi-ztb_dashb_ps0004
[2024-11-10T03:09:27.123+0000] {logging_mixin.py:188} INFO - [2024-11-10T03:09:27.122+0000] {override.py:1858} INFO - Created Permission View: can delete on DAG:dashboard_investasi-ztb_dashb_ps0004
[2024-11-10T03:09:27.138+0000] {logging_mixin.py:188} INFO - [2024-11-10T03:09:27.137+0000] {override.py:1858} INFO - Created Permission View: can edit on DAG:dashboard_investasi-ztb_dashb_ps0004
[2024-11-10T03:09:27.138+0000] {logging_mixin.py:188} INFO - [2024-11-10T03:09:27.138+0000] {dag.py:3089} INFO - Sync 1 DAGs
[2024-11-10T03:09:27.155+0000] {logging_mixin.py:188} INFO - [2024-11-10T03:09:27.154+0000] {dag.py:3111} INFO - Creating ORM DAG for dashboard_investasi-ztb_dashb_ps0004
[2024-11-10T03:09:27.173+0000] {logging_mixin.py:188} INFO - [2024-11-10T03:09:27.173+0000] {dag.py:3947} INFO - Setting next_dagrun for dashboard_investasi-ztb_dashb_ps0004 to 2024-11-09 18:58:00+00:00, run_after=2024-11-09 18:59:00+00:00
[2024-11-10T03:09:27.208+0000] {processor.py:183} INFO - Processing /opt/airflow/dags/kai_logistik-silver-dashboard_investasi-ztb_dashb_ps0004.py took 0.318 seconds
[2024-11-10T03:09:57.509+0000] {processor.py:161} INFO - Started process (PID=764) to work on /opt/airflow/dags/kai_logistik-silver-dashboard_investasi-ztb_dashb_ps0004.py
[2024-11-10T03:09:57.510+0000] {processor.py:830} INFO - Processing file /opt/airflow/dags/kai_logistik-silver-dashboard_investasi-ztb_dashb_ps0004.py for tasks to queue
[2024-11-10T03:09:57.512+0000] {logging_mixin.py:188} INFO - [2024-11-10T03:09:57.511+0000] {dagbag.py:545} INFO - Filling up the DagBag from /opt/airflow/dags/kai_logistik-silver-dashboard_investasi-ztb_dashb_ps0004.py
[2024-11-10T03:09:57.539+0000] {processor.py:840} INFO - DAG(s) 'dashboard_investasi-ztb_dashb_ps0004' retrieved from /opt/airflow/dags/kai_logistik-silver-dashboard_investasi-ztb_dashb_ps0004.py
[2024-11-10T03:09:57.564+0000] {logging_mixin.py:188} INFO - [2024-11-10T03:09:57.564+0000] {dag.py:3089} INFO - Sync 1 DAGs
[2024-11-10T03:09:57.581+0000] {logging_mixin.py:188} INFO - [2024-11-10T03:09:57.581+0000] {dag.py:3947} INFO - Setting next_dagrun for dashboard_investasi-ztb_dashb_ps0004 to 2024-11-09 18:58:00+00:00, run_after=2024-11-09 18:59:00+00:00
[2024-11-10T03:09:57.596+0000] {processor.py:183} INFO - Processing /opt/airflow/dags/kai_logistik-silver-dashboard_investasi-ztb_dashb_ps0004.py took 0.092 seconds
[2024-11-10T03:10:28.150+0000] {processor.py:161} INFO - Started process (PID=1175) to work on /opt/airflow/dags/kai_logistik-silver-dashboard_investasi-ztb_dashb_ps0004.py
[2024-11-10T03:10:28.152+0000] {processor.py:830} INFO - Processing file /opt/airflow/dags/kai_logistik-silver-dashboard_investasi-ztb_dashb_ps0004.py for tasks to queue
[2024-11-10T03:10:28.154+0000] {logging_mixin.py:188} INFO - [2024-11-10T03:10:28.154+0000] {dagbag.py:545} INFO - Filling up the DagBag from /opt/airflow/dags/kai_logistik-silver-dashboard_investasi-ztb_dashb_ps0004.py
[2024-11-10T03:10:28.193+0000] {processor.py:840} INFO - DAG(s) 'dashboard_investasi-ztb_dashb_ps0004' retrieved from /opt/airflow/dags/kai_logistik-silver-dashboard_investasi-ztb_dashb_ps0004.py
[2024-11-10T03:10:28.224+0000] {logging_mixin.py:188} INFO - [2024-11-10T03:10:28.224+0000] {dag.py:3089} INFO - Sync 1 DAGs
[2024-11-10T03:10:28.244+0000] {logging_mixin.py:188} INFO - [2024-11-10T03:10:28.243+0000] {dag.py:3947} INFO - Setting next_dagrun for dashboard_investasi-ztb_dashb_ps0004 to 2024-11-09 18:58:00+00:00, run_after=2024-11-09 18:59:00+00:00
[2024-11-10T03:10:28.301+0000] {processor.py:183} INFO - Processing /opt/airflow/dags/kai_logistik-silver-dashboard_investasi-ztb_dashb_ps0004.py took 0.157 seconds
[2024-11-10T03:10:58.743+0000] {processor.py:161} INFO - Started process (PID=1586) to work on /opt/airflow/dags/kai_logistik-silver-dashboard_investasi-ztb_dashb_ps0004.py
[2024-11-10T03:10:58.744+0000] {processor.py:830} INFO - Processing file /opt/airflow/dags/kai_logistik-silver-dashboard_investasi-ztb_dashb_ps0004.py for tasks to queue
[2024-11-10T03:10:58.746+0000] {logging_mixin.py:188} INFO - [2024-11-10T03:10:58.745+0000] {dagbag.py:545} INFO - Filling up the DagBag from /opt/airflow/dags/kai_logistik-silver-dashboard_investasi-ztb_dashb_ps0004.py
[2024-11-10T03:10:58.776+0000] {processor.py:840} INFO - DAG(s) 'dashboard_investasi-ztb_dashb_ps0004' retrieved from /opt/airflow/dags/kai_logistik-silver-dashboard_investasi-ztb_dashb_ps0004.py
[2024-11-10T03:10:58.799+0000] {logging_mixin.py:188} INFO - [2024-11-10T03:10:58.799+0000] {dag.py:3089} INFO - Sync 1 DAGs
[2024-11-10T03:10:58.817+0000] {logging_mixin.py:188} INFO - [2024-11-10T03:10:58.817+0000] {dag.py:3947} INFO - Setting next_dagrun for dashboard_investasi-ztb_dashb_ps0004 to 2024-11-09 18:58:00+00:00, run_after=2024-11-09 18:59:00+00:00
[2024-11-10T03:10:58.841+0000] {processor.py:183} INFO - Processing /opt/airflow/dags/kai_logistik-silver-dashboard_investasi-ztb_dashb_ps0004.py took 0.104 seconds
[2024-11-10T03:11:29.721+0000] {processor.py:161} INFO - Started process (PID=1997) to work on /opt/airflow/dags/kai_logistik-silver-dashboard_investasi-ztb_dashb_ps0004.py
[2024-11-10T03:11:29.721+0000] {processor.py:830} INFO - Processing file /opt/airflow/dags/kai_logistik-silver-dashboard_investasi-ztb_dashb_ps0004.py for tasks to queue
[2024-11-10T03:11:29.723+0000] {logging_mixin.py:188} INFO - [2024-11-10T03:11:29.723+0000] {dagbag.py:545} INFO - Filling up the DagBag from /opt/airflow/dags/kai_logistik-silver-dashboard_investasi-ztb_dashb_ps0004.py
[2024-11-10T03:11:29.742+0000] {processor.py:840} INFO - DAG(s) 'dashboard_investasi-ztb_dashb_ps0004' retrieved from /opt/airflow/dags/kai_logistik-silver-dashboard_investasi-ztb_dashb_ps0004.py
[2024-11-10T03:11:29.763+0000] {logging_mixin.py:188} INFO - [2024-11-10T03:11:29.763+0000] {dag.py:3089} INFO - Sync 1 DAGs
[2024-11-10T03:11:29.782+0000] {logging_mixin.py:188} INFO - [2024-11-10T03:11:29.782+0000] {dag.py:3947} INFO - Setting next_dagrun for dashboard_investasi-ztb_dashb_ps0004 to 2024-11-09 18:58:00+00:00, run_after=2024-11-09 18:59:00+00:00
[2024-11-10T03:11:29.801+0000] {processor.py:183} INFO - Processing /opt/airflow/dags/kai_logistik-silver-dashboard_investasi-ztb_dashb_ps0004.py took 0.085 seconds
[2024-11-10T03:12:00.264+0000] {processor.py:161} INFO - Started process (PID=2408) to work on /opt/airflow/dags/kai_logistik-silver-dashboard_investasi-ztb_dashb_ps0004.py
[2024-11-10T03:12:00.265+0000] {processor.py:830} INFO - Processing file /opt/airflow/dags/kai_logistik-silver-dashboard_investasi-ztb_dashb_ps0004.py for tasks to queue
[2024-11-10T03:12:00.267+0000] {logging_mixin.py:188} INFO - [2024-11-10T03:12:00.267+0000] {dagbag.py:545} INFO - Filling up the DagBag from /opt/airflow/dags/kai_logistik-silver-dashboard_investasi-ztb_dashb_ps0004.py
[2024-11-10T03:12:00.292+0000] {processor.py:840} INFO - DAG(s) 'dashboard_investasi-ztb_dashb_ps0004' retrieved from /opt/airflow/dags/kai_logistik-silver-dashboard_investasi-ztb_dashb_ps0004.py
[2024-11-10T03:12:00.312+0000] {logging_mixin.py:188} INFO - [2024-11-10T03:12:00.312+0000] {dag.py:3089} INFO - Sync 1 DAGs
[2024-11-10T03:12:00.330+0000] {logging_mixin.py:188} INFO - [2024-11-10T03:12:00.330+0000] {dag.py:3947} INFO - Setting next_dagrun for dashboard_investasi-ztb_dashb_ps0004 to 2024-11-09 18:58:00+00:00, run_after=2024-11-09 18:59:00+00:00
[2024-11-10T03:12:00.346+0000] {processor.py:183} INFO - Processing /opt/airflow/dags/kai_logistik-silver-dashboard_investasi-ztb_dashb_ps0004.py took 0.086 seconds
[2024-11-10T03:12:31.225+0000] {processor.py:161} INFO - Started process (PID=2817) to work on /opt/airflow/dags/kai_logistik-silver-dashboard_investasi-ztb_dashb_ps0004.py
[2024-11-10T03:12:31.227+0000] {processor.py:830} INFO - Processing file /opt/airflow/dags/kai_logistik-silver-dashboard_investasi-ztb_dashb_ps0004.py for tasks to queue
[2024-11-10T03:12:31.229+0000] {logging_mixin.py:188} INFO - [2024-11-10T03:12:31.229+0000] {dagbag.py:545} INFO - Filling up the DagBag from /opt/airflow/dags/kai_logistik-silver-dashboard_investasi-ztb_dashb_ps0004.py
[2024-11-10T03:12:31.261+0000] {processor.py:840} INFO - DAG(s) 'dashboard_investasi-ztb_dashb_ps0004' retrieved from /opt/airflow/dags/kai_logistik-silver-dashboard_investasi-ztb_dashb_ps0004.py
[2024-11-10T03:12:31.280+0000] {logging_mixin.py:188} INFO - [2024-11-10T03:12:31.280+0000] {dag.py:3089} INFO - Sync 1 DAGs
[2024-11-10T03:12:31.297+0000] {logging_mixin.py:188} INFO - [2024-11-10T03:12:31.297+0000] {dag.py:3947} INFO - Setting next_dagrun for dashboard_investasi-ztb_dashb_ps0004 to 2024-11-09 18:58:00+00:00, run_after=2024-11-09 18:59:00+00:00
[2024-11-10T03:12:31.316+0000] {processor.py:183} INFO - Processing /opt/airflow/dags/kai_logistik-silver-dashboard_investasi-ztb_dashb_ps0004.py took 0.096 seconds
[2024-11-10T03:13:01.945+0000] {processor.py:161} INFO - Started process (PID=3230) to work on /opt/airflow/dags/kai_logistik-silver-dashboard_investasi-ztb_dashb_ps0004.py
[2024-11-10T03:13:01.946+0000] {processor.py:830} INFO - Processing file /opt/airflow/dags/kai_logistik-silver-dashboard_investasi-ztb_dashb_ps0004.py for tasks to queue
[2024-11-10T03:13:01.948+0000] {logging_mixin.py:188} INFO - [2024-11-10T03:13:01.948+0000] {dagbag.py:545} INFO - Filling up the DagBag from /opt/airflow/dags/kai_logistik-silver-dashboard_investasi-ztb_dashb_ps0004.py
[2024-11-10T03:13:01.968+0000] {processor.py:840} INFO - DAG(s) 'dashboard_investasi-ztb_dashb_ps0004' retrieved from /opt/airflow/dags/kai_logistik-silver-dashboard_investasi-ztb_dashb_ps0004.py
[2024-11-10T03:13:01.986+0000] {logging_mixin.py:188} INFO - [2024-11-10T03:13:01.986+0000] {dag.py:3089} INFO - Sync 1 DAGs
[2024-11-10T03:13:02.003+0000] {logging_mixin.py:188} INFO - [2024-11-10T03:13:02.003+0000] {dag.py:3947} INFO - Setting next_dagrun for dashboard_investasi-ztb_dashb_ps0004 to 2024-11-09 18:58:00+00:00, run_after=2024-11-09 18:59:00+00:00
[2024-11-10T03:13:02.018+0000] {processor.py:183} INFO - Processing /opt/airflow/dags/kai_logistik-silver-dashboard_investasi-ztb_dashb_ps0004.py took 0.077 seconds
[2024-11-10T03:13:32.475+0000] {processor.py:161} INFO - Started process (PID=3641) to work on /opt/airflow/dags/kai_logistik-silver-dashboard_investasi-ztb_dashb_ps0004.py
[2024-11-10T03:13:32.476+0000] {processor.py:830} INFO - Processing file /opt/airflow/dags/kai_logistik-silver-dashboard_investasi-ztb_dashb_ps0004.py for tasks to queue
[2024-11-10T03:13:32.479+0000] {logging_mixin.py:188} INFO - [2024-11-10T03:13:32.479+0000] {dagbag.py:545} INFO - Filling up the DagBag from /opt/airflow/dags/kai_logistik-silver-dashboard_investasi-ztb_dashb_ps0004.py
[2024-11-10T03:13:32.506+0000] {processor.py:840} INFO - DAG(s) 'dashboard_investasi-ztb_dashb_ps0004' retrieved from /opt/airflow/dags/kai_logistik-silver-dashboard_investasi-ztb_dashb_ps0004.py
[2024-11-10T03:13:32.528+0000] {logging_mixin.py:188} INFO - [2024-11-10T03:13:32.528+0000] {dag.py:3089} INFO - Sync 1 DAGs
[2024-11-10T03:13:32.547+0000] {logging_mixin.py:188} INFO - [2024-11-10T03:13:32.546+0000] {dag.py:3947} INFO - Setting next_dagrun for dashboard_investasi-ztb_dashb_ps0004 to 2024-11-09 18:58:00+00:00, run_after=2024-11-09 18:59:00+00:00
[2024-11-10T03:13:32.561+0000] {processor.py:183} INFO - Processing /opt/airflow/dags/kai_logistik-silver-dashboard_investasi-ztb_dashb_ps0004.py took 0.092 seconds
[2024-11-10T03:14:03.267+0000] {processor.py:161} INFO - Started process (PID=4052) to work on /opt/airflow/dags/kai_logistik-silver-dashboard_investasi-ztb_dashb_ps0004.py
[2024-11-10T03:14:03.269+0000] {processor.py:830} INFO - Processing file /opt/airflow/dags/kai_logistik-silver-dashboard_investasi-ztb_dashb_ps0004.py for tasks to queue
[2024-11-10T03:14:03.271+0000] {logging_mixin.py:188} INFO - [2024-11-10T03:14:03.271+0000] {dagbag.py:545} INFO - Filling up the DagBag from /opt/airflow/dags/kai_logistik-silver-dashboard_investasi-ztb_dashb_ps0004.py
[2024-11-10T03:14:03.307+0000] {processor.py:840} INFO - DAG(s) 'dashboard_investasi-ztb_dashb_ps0004' retrieved from /opt/airflow/dags/kai_logistik-silver-dashboard_investasi-ztb_dashb_ps0004.py
[2024-11-10T03:14:03.336+0000] {logging_mixin.py:188} INFO - [2024-11-10T03:14:03.335+0000] {dag.py:3089} INFO - Sync 1 DAGs
[2024-11-10T03:14:03.366+0000] {logging_mixin.py:188} INFO - [2024-11-10T03:14:03.366+0000] {dag.py:3947} INFO - Setting next_dagrun for dashboard_investasi-ztb_dashb_ps0004 to 2024-11-09 18:58:00+00:00, run_after=2024-11-09 18:59:00+00:00
[2024-11-10T03:14:03.399+0000] {processor.py:183} INFO - Processing /opt/airflow/dags/kai_logistik-silver-dashboard_investasi-ztb_dashb_ps0004.py took 0.141 seconds
